   1              		.cpu cortex-m4
   2              		.arch armv7e-m
   3              		.fpu fpv4-sp-d16
   4              		.eabi_attribute 27, 1
   5              		.eabi_attribute 28, 1
   6              		.eabi_attribute 20, 1
   7              		.eabi_attribute 21, 1
   8              		.eabi_attribute 23, 3
   9              		.eabi_attribute 24, 1
  10              		.eabi_attribute 25, 1
  11              		.eabi_attribute 26, 1
  12              		.eabi_attribute 30, 4
  13              		.eabi_attribute 34, 1
  14              		.eabi_attribute 18, 4
  15              		.file	"LEDManager.cpp"
  16              		.section	.gnu.lto_.odr_types.551a7dba,"e",%progbits
  17 0000 789C9591 		.ascii	"x\234\225\221_H\024Q\024\306\357\335]m\322uw\375SX\017"
  17      5F481451 
  17      14C6EFDD 
  17      5D6DD275 
  17      77FD5358 
  18 0015 1151D14B 		.ascii	"\021Q\321K\345N\177\\\003\203q\346\316\356\340\356\314"
  18      E54E7F5C 
  18      038371E6 
  18      CEEEE0EE 
  18      CC
  19 0026 34B3BB15 		.ascii	"4\263\273\025,\014S\214\355\302\266\205\256EoQT/\366"
  19      2C0C538C 
  19      EDC2B685 
  19      AE456F51 
  19      542FF6
  20 0039 623D6842 		.ascii	"b=hB\220\250\021$\226\202\201PIaP\226/&d\364\"*R,\210"
  20      90A81124 
  20      96828150 
  20      49615096 
  20      2F2664F4 
  21 0052 1812BDD8 		.ascii	"\030\022\275\330\231\275\273a\2759\017\277\217\357\273"
  21      99BDBB61 
  21      BD390FBF 
  21      8FEFBB
  22 0061 E7CE3D87 		.ascii	"\347\316=\207S\213\021\352s\240\374\347\304%^\006\243"
  22      538B11EA 
  22      73A0FCE7 
  22      C4255E06 
  22      A3
  23 0072 030CDED5 		.ascii	"\003\014\336\325\310\340=\247\030\274\267\205\301\373"
  23      C8E03DA7 
  23      18BCB785 
  23      C1FB
  24 0080 867AE7BE 		.ascii	"\206z\347\276\177\351\033x\177p\241kv\3778\336>\205"
  24      7FE91B78 
  24      7F70A16B 
  24      76FF38DE 
  24      3E85
  25 0092 A1680680 		.ascii	"\241h\006\200\277\001\034\363\000\347\017\200k\005P"
  25      BF011CF3 
  25      00E70F80 
  25      6B0550
  26 00a1 F20B50BA 		.ascii	"\362\013P\272\016\330r\333\301`\346.`\353}@Y\017\240"
  26      0ED872DB 
  26      C160E62E 
  26      60EB7D40 
  26      590FA0
  27 00b4 BC17E07E 		.ascii	"\274\027\340~\002\250x\006\360\274\000x_\001|\023\200"
  27      02A87806 
  27      F0BC0078 
  27      5F017C13 
  27      80
  28 00c5 CA8F80AA 		.ascii	"\312\217\200\252i@\365W@\315\034`\333\235\265\033\317"
  28      6940F557 
  28      40CD1C60 
  28      DB9DB51B 
  28      CF
  29 00d6 BB064727 		.ascii	"\273\006G'\375\213c\335Ck\223\217FR\003\237\006GrO{"
  29      FD8B63DD 
  29      436B938F 
  29      4652039F 
  29      0647724F 
  30 00eb 565B963B 		.ascii	"V[\226;\036N.\375\234}\371\016/\375\356~\275\346}\354"
  30      1E4E2EFD 
  30      9C7DF90E 
  30      2FFDEE7E 
  30      BDE67DEC 
  31 00ff 2C1F71FA 		.ascii	",\037q\3720z\003\3003\000\307\002\300\265\002`n\272"
  31      307A03C0 
  31      3300C702 
  31      C0B50260 
  31      6EBA
  32 0111 7CD8D705 		.ascii	"|\330\327\005\330\335\017\030Gc\300\353x\302\246\343"
  32      D8DD0F18 
  32      4763C0EB 
  32      78C2A6E3 
  33 0121 B34DD7F2 		.ascii	"\263M\327\362j\307\350\255\365\351\216N\334?\374!\327"
  33      6AC7E8AD 
  33      F5E98E4E 
  33      DC3FFC21 
  33      D7
  34 0132 39BFF060 		.ascii	"9\277\360`\307T\356\336\333\305a\\\341\257\213[mmV:"
  34      C754EEDE 
  34      DBC5615C 
  34      E1AF8B5B 
  34      6D6D563A 
  35 0146 7AEDB285 		.ascii	"z\355\262\205j\343D\327I\330\210\236U\211\021\223u\225"
  35      6AE344D7 
  35      49D8889E 
  35      55891193 
  35      7595
  36 0158 F0922811 		.ascii	"\360\222(\021\001\325l<\020%=$\311AT\2751\024\244\270"
  36      01D56C3C 
  36      10253D24 
  36      C94154BD 
  36      3114A4B8 
  37 016c 9DFD53A8 		.ascii	"\235\375S\250sR\330\016wn\014\3250\341\364\230Fx\215"
  37      7352D80E 
  37      776E0CD5 
  37      30E1F498 
  37      46788D
  38 017f 13A3E8A4 		.ascii	"\023\243\350\244p\"a\250V&\333\332n\\He\223\355\347"
  38      702261A8 
  38      5626DBDA 
  38      6E5C4865 
  38      93EDE7
  39 0192 8C44C44C 		.ascii	"\214D\304L\231\031\323hJ\267[\006'\351\206\230j\275"
  39      9919D368 
  39      4AB75B06 
  39      27E98698 
  39      6ABD
  40 01a4 78D56CB5 		.ascii	"x\325l\265\022R\346\374a=kfS\2272\202\2315\017%\221"
  40      1252E6FC 
  40      613D6B66 
  40      53973282 
  40      99350F25 
  41 01b9 DD7E48E4 		.ascii	"\335~H\344\223f&c\245Q)\0372\374\201\274\324S\3617P"
  41      93662663 
  41      A551291F 
  41      32FC81BC 
  41      D453F137 
  42 01ce 4785ADCB 		.ascii	"G\205\255\313K\200\012\353\247\216\012\313RG\205=B\035"
  42      4B800AEB 
  42      A78E0ACB 
  42      5247853D 
  42      421D
  43 01e0 15F62875 		.ascii	"\025\366(uT\330c\324Qa\217SG\205\255\247\216\012K\233"
  43      54D863D4 
  43      51618F53 
  43      4785ADA7 
  43      8E0A4B9B 
  44 01f4 0804363F 		.ascii	"\010\0046?&\004\205\251\332`\314\362\006r\005.\347w"
  44      260485A9 
  44      DA60CCF2 
  44      0672052E 
  44      E777
  45 0206 E489C9CD 		.ascii	"\344\211\311\315\262rZ6H\234\310QT\025TuC\216\020\316"
  45      B2725A36 
  45      489CC851 
  45      54155475 
  45      438E10CE 
  46 021a D0C11299 		.ascii	"\320\301\022\231'\310cG\242t\246P\341\346\303\012\337"
  46      27C86347 
  46      A274A650 
  46      E1E6C30A 
  46      DF
  47 022b 5C3095F6 		.ascii	"\\0\225\366K*\3077\223h!\251\221\340\232\246)A.*)\305"
  47      4B2AC737 
  47      936821A9 
  47      91E09AA6 
  47      29412E2A 
  48 0241 BFBA05D2 		.ascii	"\277\272\005\322\024\013\026+TMQ\265\377\036)\023\304"
  48      140B162B 
  48      544D51B5 
  48      FF1E2913 
  48      C4
  49 0252 58E1DCC3 		.ascii	"X\341\334\303+\221\010'\013\305\2164]\227`\367\021\330"
  49      2B910827 
  49      0BC58E34 
  49      5D9760F7 
  49      11D8
  50 0264 74216ADC 		.ascii	"t!j\334\354\370\177\307\265\247\377\003B\200\032\272"
  50      ECF87FC7 
  50      B5A7FF03 
  50      42801ABA 
  51              		.text
  52              		.section	.gnu.lto_.profile.551a7dba,"e",%progbits
  53 0000 789C6362 		.ascii	"x\234cb\000\001\000\000\022\000\003"
  53      00010000 
  53      120003
  54              		.text
  55              		.section	.gnu.lto_.icf.551a7dba,"e",%progbits
  56 0000 789CB363 		.ascii	"x\234\263c@\000.\206\357\273>\037\347e\\th\363!n\246"
  56      40002E86 
  56      EFBB3E1F 
  56      E7655C74 
  56      68F3216E 
  57 0015 9F932E3E 		.ascii	"\237\223.>\345c\371\324\264\360\024\033\353\202Gs\272"
  57      E563F9D4 
  57      B4F0141B 
  57      EB824773 
  57      BA
  58 0026 B8D8C024 		.ascii	"\270\330\300$\373\221C\377\366rqlh\2713\233\203\263"
  58      FB9143FF 
  58      F672716C 
  58      68B9339B 
  58      83B3
  59 0038 F37BEF26 		.ascii	"\363{\357&v.\260z\006\000\325F\036\031"
  59      762EB07A 
  59      0600D546 
  59      1E19
  60              		.text
  61              		.section	.gnu.lto_.ipa_sra.551a7dba,"e",%progbits
  62 0000 789CB362 		.ascii	"x\234\263b@\0006\006\006F0\203\221\201\221\011\314b"
  62      40003606 
  62      06463083 
  62      91819109 
  62      CC62
  63 0012 66616066 		.ascii	"fa`fgd`a\000\022\020\010\004\034\020\006'\2228\000\030"
  63      67646061 
  63      00121008 
  63      041C1006 
  63      27923800 
  64 0027 99008A   		.ascii	"\231\000\212"
  65              		.text
  66              		.section	.gnu.lto_.inline.551a7dba,"e",%progbits
  67 0000 789C5366 		.ascii	"x\234Sfd\200\0036\006\006\336\206\206\206\015L\031\214"
  67      64800336 
  67      0606DE86 
  67      86860D4C 
  67      198C
  68 0012 0C4C6C40 		.ascii	"\014Ll@V\003s\012P\024\304`Jab`\002*a\342\006)d\346"
  68      5603730A 
  68      5014C460 
  68      4A616260 
  68      022A61E2 
  69 002a 01128C13 		.ascii	"\001\022\214\023\374\030\271@<\010\311\304\300\014Q"
  69      FC18B940 
  69      3C08C9C4 
  69      C00C51
  70 0039 C80852D8 		.ascii	"\310\010R\330\010d\326\241\351ea\340\000\362\0260\247"
  70      0864D6A1 
  70      E96561E0 
  70      00F21630 
  70      A7
  71 004a 02557081 		.ascii	"\002Up\201XL\251h*\330\031\370@\032\231A\366\263@$\260"
  71      584CA968 
  71      2AD819F8 
  71      401A9941 
  71      F6B34024 
  72 005f D9CFC880 		.ascii	"\331\317\310\200l1\3141\020\247q0\260\203\035\236\216"
  72      6C31CC31 
  72      10A77130 
  72      B0831D9E 
  72      8E
  73 0070 D3191023 		.ascii	"\323\031\020#`\3529\031\004\247m\332\275\212\011\244"
  73      60EA3919 
  73      04A76DDA 
  73      BD8A09A4 
  74 0080 5EA2F5FA 		.ascii	"^\242\365\372\361WLih\352\221\355b\000\000N\2571\337"
  74      F1574C69 
  74      68EA91ED 
  74      6200004E 
  74      AF31DF
  75              		.text
  76              		.section	.gnu.lto_.jmpfuncs.551a7dba,"e",%progbits
  77 0000 789C758C 		.ascii	"x\234u\214\311\011\3000\020\003\245\225\311\361J\311"
  77      C909C030 
  77      1003A595 
  77      C9F14AC9 
  78 0010 E9C105F8 		.ascii	"\351\301\005\370\265\205\244\263D\306\201\200!\202="
  78      B585A4B3 
  78      44C68180 
  78      21823D
  79 001f 60C4547C 		.ascii	"`\304T|Y\372\022\300\253\020\236\3339\320\230\352 H"
  79      59FA12C0 
  79      AB109EDB 
  79      39D098EA 
  79      2048
  80 0031 9E291660 		.ascii	"\236)\026`%\001\277\2416\327\031U)w\307\031\212_\351"
  80      2501BFA1 
  80      36D71955 
  80      2977C719 
  80      8A5FE9
  81 0044 66ED8CB0 		.ascii	"f\355\214\260\277v\363\007\361\357#T"
  81      BF76F307 
  81      F1EF2354 
  82              		.text
  83              		.section	.gnu.lto_.pureconst.551a7dba,"e",%progbits
  84 0000 789C1365 		.ascii	"x\234\023e```g\230\301\302\324\300\302\314\3002\203"
  84      60606067 
  84      98C1C2D4 
  84      C0C2CCC0 
  84      3283
  85 0012 857D060B 		.ascii	"\205}\006\013\307\014\026\316\031,\000'S\003\316"
  85      C70C16CE 
  85      192C0027 
  85      5303CE
  86              		.text
  87              		.section	.gnu.lto_.lto.551a7dba,"e",%progbits
  88 0000 09000400 		.ascii	"\011\000\004\000\001\000\000\000"
  88      01000000 
  89              		.text
  90              		.section	.gnu.lto__ZN10LEDManagerC2Ev.301.551a7dba,"e",%progbits
  91 0000 789C454F 		.ascii	"x\234EO\275K\303P\020\277\313\213\212\223\233s\301\241"
  91      BD4BC350 
  91      10BFCB8B 
  91      8A939B73 
  91      C1A1
  92 0012 38B40575 		.ascii	"8\264\005ur\322R\305B+B\327B\210\365\321\006kS^\023"
  92      72D252C5 
  92      422B42D7 
  92      4288F5D1 
  92      066B535E 
  93 0027 3AF62AB8 		.ascii	":\366*\270t\351\327\032\212H\0067\027E\255\016\031\374"
  93      74E9D71A 
  93      8A480637 
  93      1745AD0E 
  93      19FC
  94 0039 03C4FFC0 		.ascii	"\003\304\377\300\311589\010zI+\016\367\336\375\356\367"
  94      C9353839 
  94      087A492B 
  94      0EF7DEFD 
  94      EEF7
  95 004b 71EFBD03 		.ascii	"q\357\275\003@\225k\215\013\005\340h\330\323\200\210"
  95      40956B8D 
  95      0B05E068 
  95      D8D38088 
  96 005b 769634EC 		.ascii	"v\2264\354\016{\313\370\2041B\350h\330\301\261\360\004"
  96      0E7BCBF8 
  96      843142E8 
  96      68D8C1B1 
  96      F004
  97 006d 8E84CF4A 		.ascii	"\216\204\317J}\336!&\326\003\242\257\213\217\327\244"
  97      7DDE2126 
  97      D603A2AF 
  97      8B8FD7A4 
  98 007d 771DE8BE 		.ascii	"w\035\350\276\320`\302\374\035\342-r*\260NT\2423\371"
  98      D060C2FC 
  98      1DE22D72 
  98      2AB04E54 
  98      A233F9
  99 0090 42144EC3 		.ascii	"B\024N\303\220\360\300\027\002\357q\302\346\271\214"
  99      90F0C017 
  99      02EF71C2 
  99      E6B98C
 100 009f 0710F103 		.ascii	"\007\020\361\003\3572\212\230\261\177!\370\200\021\037"
 100      EF328A98 
 100      B17F21F8 
 100      80111F
 101 00ae 472D02A7 		.ascii	"G-\002\247\263!\276\001\247\334F[n\336\026\002\372\376"
 101      B321BE01 
 101      A7DC465B 
 101      6EDE1602 
 101      FAFE
 102 00c0 E9133DAF 		.ascii	"\351\023=\257 \307\342#O\373\"\372\012\351H\001\300"
 102      20C7E223 
 102      4FFB22FA 
 102      0AE94801 
 102      C0
 103 00d1 406833D0 		.ascii	"@h3\320e\360\211\347\211+\021?\257/\360_\004\220\317"
 103      65F089E7 
 103      892B113F 
 103      AF2FF05F 
 103      0490CF
 104 00e4 6D978D23 		.ascii	"m\227\215#\331p\224kT-\247\346\036\033\345\242i\231"
 104      D970946B 
 104      542DA7E6 
 104      1E1BE5A2 
 104      6999
 105 00f6 0DD3C8D6 		.ascii	"\015\323\310\326]i\354\346K\306\276\245\316\332\246"
 105      5D69ECE6 
 105      4BC6BEA5 
 105      CEDAA6
 106 0105 92E5C2D6 		.ascii	"\222\345\302\326\346F\352P\266\263J\232\247\266\353"
 106      E646EA50 
 106      B6B34A9A 
 106      A7B6EB
 107 0114 B45259DB 		.ascii	"\264RY\333v\352\266y\"\025\254\246\323\231\222\252d"
 107      76EAB679 
 107      2215ACA6 
 107      D39992AA 
 107      64
 108 0125 0A7BB922 		.ascii	"\012{\271\"\333\253R\245+\315&\350N\315j\375\002\332"
 108      DBAB52A5 
 108      2BCD26E8 
 108      4ECD6AFD 
 108      02DA
 109 0137 926A03   		.ascii	"\222j\003"
 110              		.text
 111              		.section	.gnu.lto__ZN10LEDManager8instanceEv.305.551a7dba,"e",%progbits
 112 0000 789C6D90 		.ascii	"x\234m\220;H\003A\024E\337\235\267\211\237\302B\304"
 112      3B480341 
 112      1445DF9D 
 112      B7899FC2 
 112      42C4
 113 0012 DA562511 		.ascii	"\332V%\021\324\312Jc\024\004\025\3016\260\254\272h\360"
 113      D4CA4A63 
 113      140415C1 
 113      36B0ACBA 
 113      68F0
 114 0024 1359132C 		.ascii	"\023Y\023,\035\223\210\240E\\\177\225X\310\"\351l\374"
 114      1D9388A0 
 114      455C7F95 
 114      58C822E9 
 114      6CFC
 115 0036 A0886E21 		.ascii	"\240\210n!\330\333\330\332\251\215\210\225\202\240o"
 115      D8DBD8DA 
 115      A98D8895 
 115      82A06F
 116 0045 37011B17 		.ascii	"7\001\033\027f\346\335ys\317\334Y\023D\023D\224\224"
 116      66E6DD79 
 116      73CFDC59 
 116      13441344 
 116      9494
 117 0057 810861DB 		.ascii	"\201\010a\333\335P\244\265\356\255Q\252\340n*\\@T\213"
 117      DD50A4B5 
 117      EEAD51AA 
 117      E06E2A5C 
 117      40548B
 118 006a 51741BC2 		.ascii	"Qt\033\302\225\261\353\326\207}\003\253\356\306\243"
 118      95B1EBD6 
 118      877D03AB 
 118      EEC6A3
 119 0079 C7A100AD 		.ascii	"\307\241\000\255(6\260\202\035>`l\263\307\004\243Z\001"
 119      2836B082 
 119      1D3E606C 
 119      B3C704A3 
 119      5A01
 120 008b 2DAD775A 		.ascii	"-\255wZ\177\256=\277\3377\036\224}\303cE\207r\340\014"
 120      7FAE3DBF 
 120      DF371E94 
 120      7DC36345 
 120      8772E00C 
 121 009f 3895EB83 		.ascii	"8\225\353\203/J\301\216D\210\012\356\323\213\221\334"
 121      2F4AC18E 
 121      44880AEE 
 121      D38B91DC 
 122 00af 7BC82069 		.ascii	"{\310 i\243\314t\362\020\361\365\367OI\353\373\246\363"
 122      A3CC74F2 
 122      10F1F5F7 
 122      4F49EBFB 
 122      A6F3
 123 00c1 BA28C863 		.ascii	"\272(\310ca\310DT\342 \2566\240}\242-V\025Q\020\361"
 123      61C84454 
 123      E220AE36 
 123      A07DA22D 
 123      56155110 
 124 00d6 86FCFE97 		.ascii	"\206\374\376\227\027;bT\203\030 \251\212PR\226\005~"
 124      173B6254 
 124      831820A9 
 124      8A505296 
 124      057E
 125 00e8 1C727005 		.ascii	"\034rp\005\\\"8^\330_\307\021+1\240\235^Q|\351\027\205"
 125      5C22385E 
 125      D85FC711 
 125      2B31A09D 
 125      5E517CE9 
 126 00fe B630E016 		.ascii	"\2660\340\026\363\252\220U@\206\220?j\377C]\207(q\007"
 126      F3AA9055 
 126      4086903F 
 126      6AFF435D 
 126      87287107 
 127 0112 06E32FCA 		.ascii	"\006\343/\312\007\362O{\351j\214\310_\214\210\274-\020"
 127      07F24F7B 
 127      E96A8CC8 
 127      5F8C88BC 
 127      2D10
 128 0124 A13D8A5B 		.ascii	"\241=\212[\340\006T\351\300\257\374\232\022\243\302"
 128      E00654E9 
 128      C0AFFC9A 
 128      12A3C2
 129 0133 C9FB811C 		.ascii	"\311\373\201\034J\366\244\3141{!\353\344\314\351tv&"
 129      4AF6A4CC 
 129      317B21EB 
 129      E4CCE974 
 129      7626
 130 0145 3761A646 		.ascii	"7a\246F\254\264\265`\231\211\271\234m\366\015\215\233"
 130      ACB4B560 
 130      9989B99C 
 130      6DF60D8D 
 130      9B
 131 0156 8369677E 		.ascii	"\203ig~\331r\354\324pwWgl\324^N8\2665\233\311e\227b"
 131      D972ECD4 
 131      70775767 
 131      6CD45E4E 
 131      38B6359B 
 132 016e 894C263B 		.ascii	"\211L&;\227\261\246l\207\232\343\361\216qg\262cx 9\""
 132      97B1A66C 
 132      879AE3F1 
 132      8E7167B2 
 132      63782039 
 133 0183 F669DB89 		.ascii	"\366i\333\211O..\322/UV\220@"
 133      4F2E2ED2 
 133      2F555690 
 133      40
 134              		.text
 135              		.section	.gnu.lto__Z6tickCBv.306.551a7dba,"e",%progbits
 136 0000 789C5BCE 		.ascii	"x\234[\316\300\300\220\004\304\312@\314\310\314\300"
 136      C0C09004 
 136      C4CA40CC 
 136      C8CCC0
 137 000f 38696217 		.ascii	"8ib\027\023CCC\203\003;\023c\343\304.N\306\255\214`"
 137      13434343 
 137      83033B13 
 137      63E3C42E 
 137      4EC6AD8C 
 138 0024 1E23433D 		.ascii	"\036#C=\023c=\343dfM \367G\353\363\013+\331\033V\034"
 138      13633DE3 
 138      64664D20 
 138      F747EBF3 
 138      0B2BD91B 
 139 003a 605CC2CC 		.ascii	"`\\\302\314\3000\017\210\241\200\015\306c\004\342\365"
 139      C0300F88 
 139      A1800DC6 
 139      6304E2F5 
 140 004a 97580F34 		.ascii	"\227X\0174\374\371\337\337\320\360]\244\215\233\225"
 140      FCF9DFDF 
 140      D0F05DA4 
 140      8D9B95
 141 0059 91610933 		.ascii	"\221a\0113P\270\237\031d|\003\013c\303\001\006\206\011"
 141      50B89F19 
 141      647C030B 
 141      63C30106 
 141      8609
 142 006b CC4C104E 		.ascii	"\314L\020N#\220\363\201\261y\305\237\3112\213\230\031"
 142      2390F381 
 142      B179C59F 
 142      C9328B98 
 142      19
 143 007c 5B189996 		.ascii	"[\030\231\22603\315\003)_\302\314\014\224hY0\221\221"
 143      3033CD03 
 143      295FC2CC 
 143      0C946859 
 143      309191
 144 008f 012CCA32 		.ascii	"\001,\3122\217\231\211\201\001\250f\0113+\303'\306\246"
 144      8F998981 
 144      01A86609 
 144      332BC327 
 144      C6A6
 145 00a1 071B59C1 		.ascii	"\007\033Y\3016\36733\"\214e`\360t\261\212\211\017H\315"
 145      36F73333 
 145      228C6560 
 145      F074B18A 
 145      890F48CD 
 146 00b5 2B292A8D 		.ascii	"+)*\215O\317,\311(M\212\217\361M\314L\314K\214w\312"
 146      4FCF2CC9 
 146      284D8A8F 
 146      F14DCC4C 
 146      CC4B8C77 
 147 00ca 294D8D77 		.ascii	")M\215w\364\014\216w\313,\312-O,J\215\361116\322\365"
 147      F40C8E77 
 147      CB2CCA2D 
 147      4F2C4A8D 
 147      F1313136 
 148 00e0 4B2D772A 		.ascii	"K-w*JM\314\316/-)\326u\312\317/\311\311OLI-b\020\323"
 148      4A4DCCCE 
 148      2F2D29D6 
 148      75CACF2F 
 148      C9C94F4C 
 149 00f9 D3D30F2E 		.ascii	"\323\323\017.J\326\367qu\361\005jOO-\322K.(`\000\000"
 149      4AD6F771 
 149      75F1056A 
 149      4F4F2DD2 
 149      4B2E2860 
 150 010f 220159CF 		.ascii	"\"\001Y\317"
 151              		.text
 152              		.section	.gnu.lto__ZN10LEDManager4initEv.307.551a7dba,"e",%progbits
 153 0000 789C5550 		.ascii	"x\234UP\277K#Q\020\236y\363v\243\361G\247\265\235\\"
 153      BF4B2351 
 153      109E79F3 
 153      76A3F147 
 153      A7B59D5C 
 154 0014 6104CFCA 		.ascii	"a\004\317\312J\203\012\202\212h\033X\326\270\304pjd"
 154      4A830A82 
 154      8A681B58 
 154      D6B8C470 
 154      6A64
 155 0026 DD20D8F8 		.ascii	"\335 \330\370\242{\215W$\253\330\311\022d9\2648\256"
 155      A27B8D57 
 155      24ABD8C9 
 155      126439B4 
 155      38AE
 156 0038 52110B03 		.ascii	"R\021\013\003\372\027(\326\306\352\220k\304\352\016"
 156      FA1728D6 
 156      C6EA906B 
 156      C4EA0E
 157 0047 049DBCA8 		.ascii	"\004\235\274\250\321\007\363\336\3147\3377|\363\326"
 157      D107F3DE 
 157      CC37DF37 
 157      7CF3D6
 158 0056 10200300 		.ascii	"\020 \003\000\323\034h\002n\007[\002\224R\2031!6\203"
 158      D31C6802 
 158      6E075B02 
 158      94528331 
 158      213683
 159 0069 1F024F91 		.ascii	"\037\002O\221\253.\351\007\355\372%\334\015\342\272"
 159      AB2EE907 
 159      EDFA25DC 
 159      0DE2BA
 160 0078 2F397BE3 		.ascii	"/9{\343\032X\010\266\232\353\334\301\030\302\272 i\340"
 160      1A5808B6 
 160      9AEBDCC1 
 160      18C2BA20 
 160      69E0
 161 008a 3AEED017 		.ascii	":\356\320\027F\376}\377S\376\333\242\016*\030\021@\310"
 161      46FE7DFF 
 161      53FEDBA2 
 161      0E2A1811 
 161      40C8
 162 009c A1CF1EE1 		.ascii	"\241\317\036\3416E\204(_3\201]\234Q\032\272/\225*\355"
 162      36458428 
 162      5F33815D 
 162      9C511ABA 
 162      2F952AED 
 163 00b0 952B3222 		.ascii	"\225+2\"\302\023d\005\036#\036\261U\006Xi\276Ma\004"
 163      C2136405 
 163      1E231EB1 
 163      55065869 
 163      BE4D6104 
 164 00c4 7E5F1915 		.ascii	"~_\031\025\365\364\\T\352\266\343g[\034\231#M\276\014"
 164      F5F45C54 
 164      EAB6E367 
 164      5B1C9923 
 164      4DBE0C
 165 00d7 8022D5EC 		.ascii	"\200\"\325\354)\211\252\002P\"Q/\012\\<\340f\365\364"
 165      2989AA02 
 165      5022512F 
 165      0A5C3CE0 
 165      66F5F4
 166 00ea 3FEE13FA 		.ascii	"?\356\023\372(\"2C\322\303c\334\360\313'\214\233\032"
 166      28223243 
 166      D2C363DC 
 166      F0CB278C 
 166      9B1A
 167 00fc 6F0A4900 		.ascii	"o\012I\0000+\242f\270G\377\376\242\235[5\257\006\326"
 167      302BA266 
 167      B847FFFE 
 167      A29D5B35 
 167      AF06D6
 168 010f 97281115 		.ascii	"\227(\021\025x\252x\237zv\210\240\265\361\260\3465\242"
 168      78AA789F 
 168      7A7688A0 
 168      B5F1B0E6 
 168      35A2
 169 0121 16CD929F 		.ascii	"\026\315\222\237Y\347\277\032,\331`\031\037\035\372"
 169      59E7BF1A 
 169      2CD96019 
 169      1F1DFA
 170 0130 D5EBBB57 		.ascii	"\325\353\273WVkX[\307\307\015\245\232\264\306\344\277"
 170      566B585B 
 170      C7C70DA5 
 170      9AB4C6E4 
 170      BF
 171 0141 8EA80D1E 		.ascii	"\216\250\015\036q\243zch'E\302\306\262\000c\303\003"
 171      71A37A63 
 171      682745C2 
 171      C6B20063 
 171      C303
 172 0153 296BCA59 		.ascii	")k\312Y\362\334\274\225\311z\363\371Y+5ag\355%\333J"
 172      F2DCBC95 
 172      C97AF3F9 
 172      592B3561 
 172      67ED25DB 
 173 0168 2EE41D6B 		.ascii	".\344\035khl\306\032\315\272\213\253\266\353\244\306"
 173      686CC61A 
 173      CDBA8BAB 
 173      B6EBA4C6 
 174 0178 FBBFF6F5 		.ascii	"\373\277\366\365L:\253I\327\261\277\345\362\336JO2\227"
 174      4C3AAB49 
 174      D7B1BFE5 
 174      F2DE4A4F 
 174      3297
 175 018a F31672F6 		.ascii	"\363\026r\366\234\343Bg\"\321;\343\246{\307G\206'X\236"
 175      9CE34267 
 175      22D13BE3 
 175      A67BC747 
 175      8627589E 
 176 019e 71DC447A 		.ascii	"q\334Dzy\031\2447\237]y\001\260\312\240\215"
 176      7919A437 
 176      9F5D7901 
 176      B0CAA08D 
 177              		.text
 178              		.section	.gnu.lto__ZN10LEDManager6onTickEv.310.551a7dba,"e",%progbits
 179 0000 789C6D51 		.ascii	"x\234mQ\317k\023A\030\2357\337\354\246UY/\332c\361&"
 179      CF6B1341 
 179      189D37DF 
 179      ECA65559 
 179      2FDA63F1 
 180 0015 569AA2F5 		.ascii	"V\232\242\365\344IC\255\024Z\021z\015,k\\\322`m\312"
 180      E44943AD 
 180      145A117A 
 180      0D2C6B5C 
 180      D2606DCA 
 181 0029 36A1C76E 		.ascii	"6\241\307n\233\037B<$[\245\247\020K\010\222\213zR[\265"
 181      9B1F423C 
 181      245BA5A7 
 181      104B0892 
 181      8B7A525B 
 182 003e BA50052F 		.ascii	"\272P\005/B\364/\350A\250^4\364Pk\021tv\222\264\026"
 182      42F42FE8 
 182      41A85E34 
 182      F4506B11 
 182      747692B4 
 183 0053 B2301F33 		.ascii	"\2620\0373\337\276\367\276\367f\256s\306\342\214\261"
 183      DFBEF7BE 
 183      F766AE73 
 183      C6E28CB1 
 184 0063 985C0831 		.ascii	"\230\\\0101,{\005\316\\\327\275\022\342<\343\335\347"
 184      2C7B05CE 
 184      5CD7BD12 
 184      E23CE3DD 
 184      E7
 185 0074 5847E169 		.ascii	"XG\341i\361\264\310z\306\356\347\346\200 <\364\216\251"
 185      F1B4C87A 
 185      C6EEE7E6 
 185      80203CF4 
 185      8EA9
 186 0086 FF82E7BC 		.ascii	"\377\202\347\274\343_\357\355\237\020y\317(\357\345"
 186      E35FEFED 
 186      9F1079CF 
 186      28EFE5
 187 0095 86858695 		.ascii	"\206\205\206\225\236\026W\307\242W\350\225\\u\002[\340"
 187      9E1657C7 
 187      A257E895 
 187      5C75025B 
 187      E0
 188 00a6 24341D0B 		.ascii	"$4\035\013x@\347dk/\267\355?1\334\272\217\0321V\221"
 188      7840E764 
 188      6B2FB7ED 
 188      3F31DCBA 
 188      8F1A3156 
 189 00bb 4B7D65C2 		.ascii	"K}e\3022\325\010\020\355\035\307\031\271\243\030;\373"
 189      32D50810 
 189      ED1DC719 
 189      B9A3183B 
 189      FB
 190 00cc DE754BE5 		.ascii	"\336uK\345U_\324\210\360\022\222\201\027\300s0&\033"
 190      555FD488 
 190      F0129281 
 190      17C07330 
 190      261B
 191 00de 92A97754 		.ascii	"\222\251wTd\207\327\211\325\011\317\276h\276\373\347"
 191      6487D789 
 191      D509CFBE 
 191      68BEFBE7 
 192 00ee 6FD1757F 		.ascii	"o\321u\177\366\355^8\011\211\024\024\024\021\024-(z"
 192      F6ED5E38 
 192      09891414 
 192      1411142D 
 192      287A
 193 0100 500C604D 		.ascii	"P\014`M\262\212\0248w\005\\\237\261\022\361\326aQ\036"
 193      B28A1438 
 193      77055C9F 
 193      B112F1D6 
 193      61511E
 194 0113 7E606965 		.ascii	"~`ie\375M\177\225\320v\245!p\232\005\227[9\213=V\332"
 194      FD4D7F95 
 194      D076A521 
 194      709A0597 
 194      5B398B3D 
 195 0129 780DBC42 		.ascii	"x\015\274B\000\317\224\363\250\022I\002\316\007\354"
 195      00CF94F3 
 195      A8124902 
 195      CE07EC
 196 0138 6601DDF0 		.ascii	"f\001\335\360\033\012/\201\001\245\221\377\304\253$"
 196      1B0A2F81 
 196      01A591FF 
 196      C4AB24
 197 0147 AAAD0902 		.ascii	"\252\255\011\002\247\330wd\277m\032\262\207\001u9%\242"
 197      A7D87764 
 197      BF6D1AB2 
 197      87017539 
 197      25A2
 198 0159 4673BF8E 		.ascii	"Fs\277\216\216\247\235\265\215\376n\262\276\222\225"
 198      8EA79DB5 
 198      8DFE6EB2 
 198      BE9295
 199 0168 939BC86C 		.ascii	"\223\233\310l\375\222W\244\020z\205\324e\205\224\222"
 199      FD9257A4 
 199      107A85D4 
 199      65859492 
 200 0178 389AEEF7 		.ascii	"8\232\356\367;\231N\373O\014\035\261\315\243\231t\011"
 200      3B994EFB 
 200      4F0C1DB1 
 200      CDA39974 
 200      09
 201 0189 EB96E900 		.ascii	"\353\226\351\000\377\241\235I?\260\257\265\362|D;\204"
 201      FFA19D49 
 201      3FB0AFB5 
 201      F27C443B 
 201      84
 202 019a B6FAB6B1 		.ascii	"\266\372\266\261\315\324\350&\250e\256\247B<0\327\253"
 202      CDD4E826 
 202      A865AEA7 
 202      423C30D7 
 202      AB
 203 01ab 10FAA1B9 		.ascii	"\020\372\241\271\035,m=\032U\314\"\341\360}\030\033"
 203      1D2C6D3D 
 203      1A55CC22 
 203      E1F07D18 
 203      1B
 204 01bc 1BB91C35 		.ascii	"\033\271\0345o\3323)'m\306\023\251\251\364-3:a%\254"
 204      6FDA3329 
 204      276DC613 
 204      A9A9F42D 
 204      333A6125 
 205 01d1 19CB8C4C 		.ascii	"\031\313\214L\247m\363\352\330\2449\232p\356\316[\216"
 205      A76DF3EA 
 205      D8A4399A 
 205      70EECE5B 
 205      8E
 206 01e2 1D1DBF34 		.ascii	"\035\035\2774|q\360\206=\037ql\353N2\235\232\033\214"
 206      7C71F086 
 206      3D1F716C 
 206      EB4E329D 
 206      9A1B8C
 207 01f5 2493A9E9 		.ascii	"$\223\251\351\244u\333vX_8<4\351\304\206\306\257\215"
 207      A475DB76 
 207      585F383C 
 207      34E9C486 
 207      C6AF8D
 208 0208 4C487ADC 		.ascii	"LHz\334v\302\261\331Y&RS\211\271\177\307 \333Y"
 208      76C2B1D9 
 208      59265253 
 208      89B97FC7 
 208      20DB59
 209              		.text
 210              		.section	.gnu.lto__ZN10LEDManager6onTickEv.part.0.661.551a7dba,"e",%progbits
 211 0000 789C4D50 		.ascii	"x\234MPMh\023A\024~\337\274\331M\033\265\240\007\275"
 211      4D681341 
 211      147EDFBC 
 211      D94D1BB5 
 211      A007BD
 212 0013 49418A88 		.ascii	"IA\212\2104\005\365\344\251\206Z,\264\"\364$\004\226"
 212      3405F5E4 
 212      A9865A2C 
 212      B422F424 
 212      0496
 213 0025 352E69B0 		.ascii	"5.i\2606e\273\241\307n\233\265\207zH\242T\017\226XJ"
 213      3665BBA1 
 213      C76E9BB5 
 213      877A48A2 
 213      540F9658 
 214 003a 905EC48B 		.ascii	"\220^\304\213\370\377\023\260\364,\202\367z\222^Dz\352"
 214      F8FF13B0 
 214      F42C82F7 
 214      7A925E44 
 214      7AEA
 215 004c 41D037BB 		.ascii	"A\3207\273\033\342\2623\363\315{\337\373\336\367\346"
 215      1BE2B233 
 215      F3CD7BDF 
 215      FBDEF7E6 
 216 005c 3B884A44 		.ascii	";\210JDtS\0262\204G}\024\206\341h\306\306\211\370T\252"
 216      74531632 
 216      84477D14 
 216      86E168C6 
 216      C689F854 
 217 0071 D6BCAFF0 		.ascii	"\326\274\257\360\001r\033\324Qs >\031\353\315l\234\327"
 217      01721BD4 
 217      5173203E 
 217      19EBCD6C 
 217      9CD7
 218 0083 82D65452 		.ascii	"\202\326TRca\271\271\326\237pG3\240%[\261\266\260\204"
 218      6361B9B9 
 218      D69F7047 
 218      33A0255B 
 218      B1B6B084 
 219 0097 87BCC138 		.ascii	"\207\274\3018'\321\303{?;\317\007\302\355\016\332L\324"
 219      27D1C37B 
 219      3F3BCF07 
 219      C2ED0EDA 
 219      4CD4
 220 00a9 92157F26 		.ascii	"\222\025\177&\325\350Ea\274\2744;I\235\235\022\005>"
 220      D5E84561 
 220      BCBC343B 
 220      499D9D12 
 220      053E
 221 00bb E036033A 		.ascii	"\3406\003:E\012\203\202\270h2gwDac\263\243\333\314x"
 221      450A8382 
 221      B8683267 
 221      77446163 
 221      B3A3DBCC 
 222 00d0 0B29C01B 		.ascii	"\013)\300\033\340\265hH\300\020\206\204\360u\267\026"
 222      E0B56848 
 222      C0108684 
 222      F075B716 
 223 00e0 5D535D06 		.ascii	"]S]\006R\006\336\231N6\341=Lo\274\222\253\371\345\376"
 223      5206DE99 
 223      4E36E13D 
 223      4C6FBC92 
 223      ABF9E5FE 
 224 00f4 E29B1586 		.ascii	"\342\233\025\206\177\376\326e;s<\013\321\322J6\213\250"
 224      7FFED665 
 224      3B733C0B 
 224      D1D24A36 
 224      8BA8
 225 0106 CE66E450 		.ascii	"\316f\344P\303@;\201L\015V]\370\013+\007\207;?8\365"
 225      C3403B81 
 225      4C0D565D 
 225      F80B2B07 
 225      873B3F38 
 226 011b 6AC39888 		.ascii	"j\303\230\210 \335\355m\231\346\231\021\313\340\023"
 226      20DDED6D 
 226      99E69911 
 226      CBE013
 227 012a F0511C9C 		.ascii	"\360Q\034\234\247\337\250\355\255\257\016m\245\234\276"
 227      A7DFA8ED 
 227      ADAF0E6D 
 227      A59CBE
 228 0139 162B63BD 		.ascii	"\026+c\275_\022\321\346gl\261\212\343\331\226LC\302"
 228      5F12D1E6 
 228      676CB18A 
 228      E3D9964C 
 228      43C2
 229 014b 6AF311DA 		.ascii	"j\363\021\332G\264\377\345\264\244L\003\013\311S6\230"
 229      47B4FFE5 
 229      B4A44C03 
 229      0BC95336 
 229      98
 230 015c 97C58212 		.ascii	"\227\305\202\022\013F\363\361\352)\212+\217\266X\033"
 230      0B46F3F1 
 230      EA298A2B 
 230      8FB6581B 
 231 016c C5633147 		.ascii	"\305c1G\377\317y\262\333\343X=\216\325\035\345\000+"
 231      FFCF79B2 
 231      DBE3583D 
 231      8ED51DE5 
 231      002B
 232 017e 7B4FC763 		.ascii	"{O\307c\365:#\211\212;\232\030\273\\pnxs\201_uJ\345"
 232      F53A2389 
 232      8A3B9A18 
 232      BB5C706E 
 232      7873815F 
 233 0195 60A67ACB 		.ascii	"`\246z\313)L\271ew\316u\362\263U\317\27121\355\214\227"
 233      294CB965 
 233      77CE75F2 
 233      B355CFB9 
 233      3231ED8C 
 234 01aa FDBB8BAE 		.ascii	"\375\273\213\256\357\025&/]\2740|\335[\314\373\236{"
 234      EF15262F 
 234      5DBC307C 
 234      DD5BCCFB 
 234      9E7B
 235 01bc A7520D16 		.ascii	"\247R\015\026\206\363\225J0[qo{>\235\314\345F\246\375"
 235      86F3954A 
 235      305B716F 
 235      7B3E9DCC 
 235      E546A6FD 
 236 01d0 E2C8E4D5 		.ascii	"\342\310\344\325\261))/y~\2568?O:\230)/\374\003\340"
 236      B129292F 
 236      797EAE38 
 236      3F4F3A98 
 236      292FFC03 
 237 01e5 3AB1E2   		.ascii	":\261\342"
 238              		.text
 239              		.section	.gnu.lto_.symbol_nodes.551a7dba,"e",%progbits
 240 0000 789C7591 		.ascii	"x\234u\2211N\0031\020E\377\314d\360n\262\004n\200\204"
 240      314E0331 
 240      1045FFCC 
 240      64F06EB2 
 240      046E8084 
 241 0014 28384794 		.ascii	"(8G\224\243p\217\361\242\255!\200h\250RP\320\220\000"
 241      A3708FF1 
 241      A2AD2180 
 241      68A85250 
 241      D09000
 242 0027 09485050 		.ascii	"\011HPPQ\243\034\002\211\226:M\330\215\315\242-<\325"
 242      51A31C02 
 242      89963A4D 
 242      D88DCDA2 
 242      2D3CD5
 243 003a 97DFFFF3 		.ascii	"\227\337\377\363m\371\230\001\360\265\032\371zz4\371"
 243      6DF99801 
 243      F0B51AF9 
 243      7A7A34F9 
 244 004a 040C78AD 		.ascii	"\004\014x\255\312\3223\010\315\3503\303\217\000\341"
 244      CAD23308 
 244      CDE833C3 
 244      8F00E1
 245 0059 7B36EEF8 		.ascii	"{6\356\370\336|I\321\30536\331\3049\3703\334\370\252"
 245      DE7C49D1 
 245      C53336D9 
 245      C439F833 
 245      DCF8AA
 246 006c 353CB2F5 		.ascii	"5<\262\365Ri}`\332v\350\2349\224-\3304Y\366\304\206"
 246      52697D60 
 246      DA76E89C 
 246      39942DD8 
 246      3459F6C4 
 247 0081 2E9CFEC3 		.ascii	".\234\376\303\027\266\235d\321\222e\273\237\316\324"
 247      17B69D64 
 247      D19265BB 
 247      9FCED4
 248 0090 5CF7BE68 		.ascii	"\\\367\276hV66:W\313Rl\242\226\247\330\205Z?\305.\325"
 248      5636363A 
 248      57CB526C 
 248      A296A7D8 
 248      855A3FC5 
 249 00a6 062976A5 		.ascii	"\006)v\245V$\230`X\326\222\351\203\004\273A\336\326"
 249      56249860 
 249      58D692E9 
 249      8304BB41 
 249      DED6
 250 00b8 B2082F3C 		.ascii	"\262\010/<\021\014\202\032\213\213\352H\\\321\236\305"
 250      110C821A 
 250      8B8BEA48 
 250      5CD19EC5 
 251 00c8 4845E286 		.ascii	"HE\342\206m\332\355\005^\357\314\342\237\034J\226\007"
 251      6DDAED05 
 251      5EEFCCE2 
 251      9F1C4A96 
 251      07
 252 00d9 35927C7F 		.ascii	"5\222|\177\365\263\276#\372\"\3111}_}\203N\035~\001"
 252      F5B3BE23 
 252      FA22C931 
 252      7D5F7D83 
 252      4E1D7E01 
 253 00ed 55F7A96E 		.ascii	"U\367\251n"
 254              		.text
 255              		.section	.gnu.lto_.refs.551a7dba,"e",%progbits
 256 0000 789C0D8A 		.ascii	"x\234\015\212\331\015\000 \014\205\350i\355B\356\277"
 256      D90D0020 
 256      0C85E869 
 256      ED42EEBF 
 257 0010 99EF8384 		.ascii	"\231\357\203\204\020\036`\230\211\010\207HJ^\211wa\307"
 257      101E6098 
 257      89088748 
 257      4A5E8977 
 257      61C7
 258 0022 A7A9CBAA 		.ascii	"\247\251\313\252m\210\326>\372\027>\033\034\000\316"
 258      6D88D63E 
 258      FA173E1B 
 258      1C00CE
 259              		.text
 260              		.section	.gnu.lto_.decls.551a7dba,"e",%progbits
 261 0000 789C9557 		.ascii	"x\234\225W\013pS\307\271\336\177W\226\344c\031\273`"
 261      0B7053C7 
 261      B9DE7F57 
 261      96E46319 
 261      BB60
 262 0012 5226ED50 		.ascii	"R&\355P7\343L4\315\015 \303P\246\355\334KBL\222BRZh"
 262      37E34C34 
 262      CD0D20C3 
 262      50A6EDDC 
 262      4B424C92 
 263 002a A6F56546 		.ascii	"\246\365eF\025\222\300.\226\344\312\262\223;s\333\036"
 263      1592C02E 
 263      96E4CAB2 
 263      933B73DB 
 263      1E
 264 003b 63838D0D 		.ascii	"c\203\215\015\216\201\2048\266\001\303MnHH\210\0036"
 264      8E818438 
 264      B601C34D 
 264      6E484888 
 264      0336
 265 004d E18D621E 		.ascii	"\341\215b\0366o\034\036\341\215\223\020\020\230\200"
 265      366F1C1E 
 265      E18D9310 
 265      109880
 266 005c 7824383C 		.ascii	"x$8<J\377\335=:G\026\246\035\316\350\327\331\307\367"
 266      4AFFDD3D 
 266      3A4716A6 
 266      1DCEE8D7 
 266      D9C7F7
 267 006f 3FF7FF77 		.ascii	"?\367\377w\367\334\032@\210\337L\210J\011\271\207\217"
 267      F7DC1A40 
 267      88DF4C88 
 267      4A09B987 
 267      8F
 268 0080 8510D289 		.ascii	"\205\020\322\211\304\220\306\000!\277F\032\217\304\237"
 268      C490C600 
 268      21BF461A 
 268      8FC49F
 269 008f 54A4DF62 		.ascii	"T\244\337b{2\222\033i*\322t$?R.R\010\351oH\245H\345"
 269      7B32921B 
 269      692AD274 
 269      243F522E 
 269      5208E96F 
 270 00a7 48D54835 		.ascii	"H\325H5H&\344\233\207\357\005H\013\221\336\322\344\305"
 270      4826E49B 
 270      87EF0548 
 270      0B91DED2 
 270      E4C5
 271 00b9 9E762A31 		.ascii	"\236v*1\375\2212\220^\320\364\362\007\247\204.W\002"
 271      FD913290 
 271      5ED0F4F2 
 271      07A7842E 
 271      5702
 272 00cb 0F7F3EC7 		.ascii	"\017\177>\307IK\034_=\267\003\337\277\323d<\027'c\272"
 272      494B1C5F 
 272      3DB703DF 
 272      BFD3643C 
 272      172763BA 
 273 00df 2683B717 		.ascii	"&\203\267\027j\266\304?\377\207\023\030\006\222\247"
 273      6AB6C43F 
 273      FF871318 
 273      0692A7
 274 00ee C96940FA 		.ascii	"\311i@\3723R#\322\0375,\323\374\237\256\371\233\370"
 274      335223D2 
 274      1F352CD3 
 274      FC9FAEF9 
 274      9BF8
 275 0100 9C4219FD 		.ascii	"\234B\031\3754\0311\233\270\037\213\220\376\027i1R\021"
 275      3419319B 
 275      B81F8B90 
 275      FE176931 
 275      5211
 276 0112 D212A4BF 		.ascii	"\322\022\244\277jq\035\207\324\204T\245\311\343\376"
 276      6A711D87 
 276      D48454A5 
 276      C9E3FE
 277 0121 F81F10CB 		.ascii	"\370\037\020\313\337\366\241\263\025u*}\350\214\305"
 277      DFF6A1B3 
 277      15752A7D 
 277      E88CC5
 278 0130 21A66329 		.ascii	"!\246c)\322\177\307\371\221\253\255\315d-&|M\346%\310"
 278      D27FC7F9 
 278      91ABADCD 
 278      642D267C 
 278      4DE625C8 
 279 0144 5FF76FFC 		.ascii	"_\367o\374\341\362\271\236\007\371\305\037\263\246k"
 279      E1F2B99E 
 279      07F9C51F 
 279      B3A66B
 280 0153 721F3E71 		.ascii	"r\037>qH\242\316\371\014\372\203\225Q\331\310\300\377"
 280      48A2CEF9 
 280      0CFA8395 
 280      51D9C8C0 
 280      FF
 281 0164 0C6802D1 		.ascii	"\014h\002\3211\211Nf\003\243\221\206\316\0356EU\325"
 281      31894E66 
 281      03A39186 
 281      CE1D3645 
 281      55D5
 282 0176 A81A2E4F 		.ascii	"\250\032.O\306\251u\000k\271\300\365@`(6Y\206\344\247"
 282      C6A97500 
 282      6BB9C0F5 
 282      40602836 
 282      5986E4A7 
 283 018a 82251D59 		.ascii	"\202%\035Y\276\\\266\375h\322\017\221\345\222\252f@"
 283      BE5CB6FD 
 283      68D20F91 
 283      E592AA66 
 283      40
 284 019b 2E6C02D8 		.ascii	".l\002\330\31096\013\375\0108\273oM\213\315\026\346"
 284      C839360B 
 284      FD0838BB 
 284      6F4D8BCD 
 284      16E6
 285 01ad 329BDA4C 		.ascii	"2\233\332L8\256\011\205\015\000[@@\272\336jl\261\365"
 285      38AE0985 
 285      0D005B40 
 285      40BADE6A 
 285      6CB1F5
 286 01c0 4719E5AA 		.ascii	"G\031\345\252\332Dq\024>\001X\303\245\204A\350\346\240"
 286      DA447114 
 286      3E0158C3 
 286      A58441E8 
 286      E6A0
 287 01d2 8D0BCAF7 		.ascii	"\215\013\312\367\231\0159[@7\356S\374cY\204\215\"l<"
 287      990D395B 
 287      4037EE53 
 287      FC635984 
 287      8D226C3C 
 288 01e6 19AA8AA7 		.ascii	"\031\252\212\247-H`[lY|\204\375\025E\364\333s=\272K"
 288      2D48605B 
 288      6C597C84 
 288      FD1545F4 
 288      DB733DBA 
 289 01fb 19500E8F 		.ascii	"\031P\016\217\217\263g-\003R\313\025V\206M$f\321\036"
 289      8FB3672D 
 289      0352CB15 
 289      56864D24 
 289      66D11E
 290 020e 800E80ED 		.ascii	"\200\016\200\355\000{\271\330}`F\321\260\013Hc\255\332"
 290      007BB9D8 
 290      7D6046D1 
 290      B00B4863 
 290      ADDA
 291 0220 B3A6EAD4 		.ascii	"\263\246\352\324WPz)\\>\001\215\2026\201\214Y\211=?"
 291      57507A29 
 291      5C3E018D 
 291      8236818C 
 291      59893D3F 
 292 0234 11E09D00 		.ascii	"\021\340\235\000-@P\177:\237o\347\302\270\005\260\003"
 292      2D40507F 
 292      3A9F6FE7 
 292      C2B805B0 
 292      03
 293 0245 085A5EDB 		.ascii	"\010Z^\333\370v\330$p[\005\177\314\201\241H\016\244"
 293      F876D824 
 293      705B057F 
 293      CC81A148 
 293      0EA4
 294 0257 0E11E5DD 		.ascii	"\016\021\345\335\200\336\316\273Z\377\367e\020\033\223"
 294      80DECEBB 
 294      5AFFF765 
 294      101B93
 295 0266 413F205F 		.ascii	"A? _\203D\354\303\300\332A\016\244\263\203@\330\347"
 295      8344ECC3 
 295      C0DA410E 
 295      A4B38340 
 295      D8E7
 296 0278 48A790BE 		.ascii	"H\247\220\276\020\243\010 \354k\321|\024\356\305\036"
 296      10A30820 
 296      EC6BD17C 
 296      14EEC51E 
 297 0288 D95563CF 		.ascii	"\331Uc\317\337\331\005\340\241\275\261\342Jw\012_\366"
 297      DFD905E0 
 297      A1BDB1E2 
 297      4A770A5F 
 297      F6
 298 0299 1B6AB8AE 		.ascii	"\033j\270\256\326L\340\230p\003N\001<J\340$\300\011"
 298      D64CE098 
 298      70034E01 
 298      3C4AE024 
 298      C009
 299 02ab 605114DD 		.ascii	"`Q\024\335\303\321\375\256\256\352\374.-\313\236\225"
 299      C3D1FDAE 
 299      AEEAFC2E 
 299      2DCB9E95 
 300 02bb 35202B8B 		.ascii	"5 +\213\247\312\311U'\223;0&/\302\021\200\257\015\257"
 300      A7CAC955 
 300      27933B30 
 300      262FC211 
 300      80AF0DAF 
 301 02cf 0E81708B 		.ascii	"\016\201p\213CN\243L\234\351\322\343qF\004)z\\g=\332"
 301      434EA34C 
 301      9CE9D2E3 
 301      71460429 
 301      7A5C673D 
 302 02e4 8BB5C560 		.ascii	"\213\265\305`=\326r\303ZY6\010N\003\034\027\030i[,h"
 302      3DD672C3 
 302      5A593608 
 302      4E031C17 
 302      18695B2C 
 303 02f9 AA5CC341 		.ascii	"\252\\\303A\004>\003\350D\233\277\024 \\\303\263\000"
 303      043E03E8 
 303      449BBF14 
 303      205CC3B3 
 303      00
 304 030a 5F019C03 		.ascii	"_\001\234\003\370\002\340<\327\312\245\235\320\025~"
 304      F802E03C 
 304      D7CAA59D 
 304      D0157E
 305 0319 7EBFC275 		.ascii	"~\277\302u\302\250\346S\227\313\325d\033B\016\337\357"
 305      C2A8E653 
 305      97CBD564 
 305      1B420EDF 
 305      EF
 306 032a CE3A2DE4 		.ascii	"\316:-\344\231\342\377?D\240\273(\273\247\015\333\331"
 306      99E2FF3F 
 306      44A0BB28 
 306      BBA70DDB 
 306      D9
 307 033b 1C51603F 		.ascii	"\034Q`?\206{ ^\204\315\243\204-Fz\017i\005\345\321>"
 307      867B205E 
 307      84CDA384 
 307      2D467A0F 
 307      6905E5D1 
 308 0350 F8CEB11D 		.ascii	"\370\316\261\035)v\324dE\300u=$\327xp\315\365\267k\232"
 308      2976D464 
 308      45C0753D 
 308      24D77870 
 308      CDF5B76B 
 309 0365 927F0480 		.ascii	"\222\177\004\200?e\206\252\336\261\300M\240H\230=\021"
 309      3F6586AA 
 309      DEB1C04D 
 309      A048983D 
 309      11
 310 0376 7515BA39 		.ascii	"u\025\2729\034\206\021\270\0018D\340;\200o1YL\352\236"
 310      1C8611B8 
 310      013844E0 
 310      3B806F31 
 310      594CEA9E 
 311 038a D94B52EC 		.ascii	"\331KR\354V\024\331sm\301>\214\365\367\000Wu\301Q\221"
 311      5614D973 
 311      6DC13E8C 
 311      F5F70057 
 311      75C15191 
 312 039e 7B11B52B 		.ascii	"{\021\265+\314\271\244\200\036\340\030\214\322\025\200"
 312      CCB9A480 
 312      1EE0188C 
 312      D21580
 313 03ad CBC07AD0 		.ascii	"\313\300z\320\2702\306\215\333\263cn\007(\002\337V\312"
 313      B832C68D 
 313      DBB3636E 
 313      072802DF 
 313      56CA
 314 03bf 3475B701 		.ascii	"4u\267\001~L$Tx<\212U3\231d\303\330\033Z\313\316\352"
 314      7E4C2454 
 314      783C8A55 
 314      339964C3 
 314      D81B5ACB 
 315 03d5 197ACA64 		.ascii	"\031z\312d ,(j\335\221\271\233R\372\332LfR\236\346\345"
 315      202C286A 
 315      DD91B99B 
 315      52FADA4C 
 315      66529EE6 
 316 03ea 94BD8B1C 		.ascii	"\224\275\213\034\357q\265\326\217\027-X\332\017}\266"
 316      EF71B5D6 
 316      8F172D58 
 316      DA0F7DB6 
 317 03fa 2BF8877E 		.ascii	"+\370\207~7\215\200**BTE\241\202\306\\\231E\371\012"
 317      378D802A 
 317      2A425445 
 317      A182C65C 
 317      9945F90A 
 318 040e C59B369B 		.ascii	"\305\2336\233\"\202@%\205j\312\343\225\206]\324\375"
 318      22824025 
 318      856ACAE3 
 318      95865DD4 
 318      FD
 319 041f C6CA9A2A 		.ascii	"\306\312\232*\253\334Q*\377\304e\304\262\006\327\207"
 319      ABDC512A 
 319      FFC465C4 
 319      B206D787 
 320 042f EB97560E 		.ascii	"\353\227V\016\024\226/\007\266R\370^\275{\356<\350\313"
 320      14962F07 
 320      B652F85E 
 320      BD7BEE3C 
 320      E8CB
 321 0441 E05A61F0 		.ascii	"\340Za\360\032^\227\257\327]=O\343\005\327P\230\213"
 321      1A5E97AF 
 321      D75D3D4F 
 321      E305D750 
 321      988B
 322 0453 F200D799 		.ascii	"\362\000\327\231\343\010[-B\360\204(\2724\321\"l\255"
 322      E3085B2D 
 322      42F08428 
 322      BA34D122 
 322      6CAD
 323 0465 907F69FB 		.ascii	"\220\177i\373\205=\251JX\223\257\357:oPx\202\300\353"
 323      853DA94A 
 323      5893AFEF 
 323      3A6F5078 
 323      82C0EB
 324 0478 141650F6 		.ascii	"\024\026P\366)F\244\035\3510gx\344\315cU\263\222D\235"
 324      2946A41D 
 324      E9306778 
 324      E4CD6355 
 324      B392449D 
 325 048c 61B5E1C3 		.ascii	"a\265\341\303YO\037\211Zy\006/\2440\237B#\355\265\211"
 325      594F1F89 
 325      5A79062F 
 325      A4309F42 
 325      23EDB589 
 326 04a0 AC134BDD 		.ascii	"\254\023K\335|\241\245\\e6\270\203\241\024\020\036)"
 326      7CA1A55C 
 326      6536B883 
 326      A114101E 
 326      29
 327 04b1 02118E2A 		.ascii	"\002\021\216*\245\262d\352\370\266w\021\0007\000X\""
 327      A5B264EA 
 327      F8B67711 
 327      00370058 
 327      22
 328 04c2 40980CCB 		.ascii	"@\230\014\313(\324SXDa1\205\006\012\270\025/\245\360"
 328      28D45358 
 328      44613185 
 328      060AB815 
 328      2FA5F0
 329 04d5 36057E86 		.ascii	"6\005~\206\213\32283C\010\236G\3415\301\023s\336\250"
 329      8BD23833 
 329      43089E47 
 329      E135C113 
 329      73DEA8
 330 04e8 D7E68884 		.ascii	"\327\346\210\204\314\241P& \261\300w\032\332\243\227"
 330      CCA15026 
 330      20B1C077 
 330      1ADAA397 
 331 04f8 314571EA 		.ascii	"1Eq\352-}]\353(\267;z\361H\304Z\207\276\241\341j\242"
 331      2D7D5DEB 
 331      28B73B7A 
 331      F148C45A 
 331      87BEA1E1 
 332 050e E1F7A46B 		.ascii	"\341\367\244k\335\272k\377\200\004\304]\2118\265V\224"
 332      DDBA6BFF 
 332      8004C45D 
 332      8938B556 
 332      94
 333 051f 2FC6E7CD 		.ascii	"/\306\347\315\373\342\343\020\210o\244\014,\200o\342"
 333      FBE2E310 
 333      886FA40C 
 333      2C806FE2 
 334 052f 645CE2A0 		.ascii	"d\\\342\240\341\002pIWr+\021\340\300\015\026\327\247"
 334      E1027049 
 334      57722B11 
 334      E0C00D16 
 334      D7A7
 335 0541 1BE92652 		.ascii	"\033\351&R\231\211\260J\244\006\244\345&^\300\307\377"
 335      9989B04A 
 335      A406A4E5 
 335      265EC0C7 
 335      FF
 336 0552 D1B6C4AC 		.ascii	"\321\266\304\254\310\012\026e\364~\\\321~\200I\362!"
 336      C80A1665 
 336      F47E5CD1 
 336      7E8049F2 
 336      21
 337 0563 85959462 		.ascii	"\205\225\224b\223\247+\037\302\002^[\263\303c\265\353"
 337      93A72B1F 
 337      C2025E5B 
 337      B3C363B5 
 337      EB
 338 0574 55FA8154 		.ascii	"U\372\201T\011\315\024>\242z\225\362\362>\362\225\372"
 338      09CD143E 
 338      A27A95F2 
 338      F23EF295 
 338      FA
 339 0585 B18DF0D1 		.ascii	"\261\215\360\321\025z\360\336\307\342\275\206\372g'"
 339      157AF0DE 
 339      C7E2BD86 
 339      FA6727
 340 0594 11F66692 		.ascii	"\021\366f\222\314\354\210v\006\230\033\330\340\273\233"
 340      CCEC8876 
 340      06981BD8 
 340      E0BB9B
 341 05a3 971F48C6 		.ascii	"\227\037H\306\354)\207\254\254q\370\266/\003x|@\226"
 341      EC2987AC 
 341      AC71F8B6 
 341      2F03787C 
 341      4096
 342 05b5 DAA4F62C 		.ascii	"\332\244\366,\354\256]a\376dF\270\234ow\357P\330j\204"
 342      ECAE5D61 
 342      FE6446B8 
 342      9C6F77EF 
 342      50D86A84 
 343 05c9 2BA22D69 		.ascii	"+\242-i\023\356\322\233\313E\312a$\272\201cd\336h\030"
 343      13EED29B 
 343      CB45CA61 
 343      24BA8163 
 343      64DE6818 
 344 05dd BE6B2268 		.ascii	"\276k\"h\237\261O/\027\202b\013\257\345\2068\366\332"
 344      9FB14F2F 
 344      1782620B 
 344      AFE58638 
 344      F6DA
 345 05ef 709D11BB 		.ascii	"p\235\021\273w\243\\gt\343=\201\225\001\036*3\004\021"
 345      77A35C67 
 345      74E33D81 
 345      95011E2A 
 345      330411
 346 0602 CD7BE40A 		.ascii	"\315{\344\012 \340\343\004\000\252\023\242\326Qq\322"
 346      20E0E304 
 346      00AA13A2 
 346      D65171D2 
 347 0612 A2B4A386 		.ascii	"\242\264\243\206\346\377\357\245\271Sw\241y\377\372"
 347      E6FFEFA5 
 347      B95377A1 
 347      79FFFA
 348 0621 72F507A5 		.ascii	"r\365\007\2456\216y\267\027&\356\220Z\261R\255J\307"
 348      368E79B7 
 348      1726EE90 
 348      5AB152AD 
 348      4AC7
 349 0633 48F01377 		.ascii	"H\360\023wkb\336\210#\035GW\353a_\305\023\037G\366\213"
 349      6B62DE88 
 349      231D4757 
 349      EB615FC5 
 349      131F47F6 
 350 0648 437B23C5 		.ascii	"C{#\305KBm\351\2456\023\277\264@\253\210S\354~\320\312"
 350      4B426DE9 
 350      A53613BF 
 350      B440AB88 
 350      53EC7ED0 
 351 065d EF07B5B2 		.ascii	"\357\007\265\262\3540\033Z\321tL\204\2600\004Ww\013"
 351      EC301B5A 
 351      D1744C84 
 351      B0300457 
 351      770B
 352 066f 850D14D6 		.ascii	"\205\015\024\326SXKa3\205M\024\326 /\205m\\\303\247"
 352      53584B61 
 352      33854D14 
 352      D6202F85 
 352      6D5CC3A7 
 353 0683 94FB78A2 		.ascii	"\224\373x\242\245\\\370\210\347\321A!Z\236v\004\016"
 353      A55CF888 
 353      E7D14121 
 353      5A9E7604 
 353      0E
 354 0694 68497916 		.ascii	"hIy\026\027\377j\022&\240\351\303\232\017w*\003\354"
 354      17FF6A12 
 354      26A0E9C3 
 354      9A0F772A 
 354      03EC
 355 06a6 629FACE4 		.ascii	"b\237\254\344\367'\221J\035\024\3325\323y\036\365\\"
 355      F727914A 
 355      1D14DA35 
 355      D3791EF5 
 355      5C
 356 06b7 89E2E580 		.ascii	"\211\342\345\200\017\355\320\035\332.N\247\355-+\277"
 356      0FEDD01D 
 356      DA2E4EA7 
 356      ED2D2BBF 
 357 06c7 4933AE59 		.ascii	"I3\256Y\355F vRq\017\233\177\276\253\231\011@\270o@"
 357      ED462076 
 357      52710F9B 
 357      7FBEAB99 
 357      0940B86F 
 358 06dc C5869ADD 		.ascii	"\305\206\232\335\212~#\314\323o\204\273\321\347\200"
 358      8A7E23CC 
 358      D36F84BB 
 358      D1E780
 359 06eb 40EC3AD9 		.ascii	"@\354:\331|\333j\350\330m\210\330#E|yvvC*\032Hq\314"
 359      7CDB6AE8 
 359      D86D88D8 
 359      23457C79 
 359      7676432A 
 360 0703 E40180A3 		.ascii	"\344\001\200\243#\361O!\271\214d\250T\245f\017\243\012"
 360      23F14F21 
 360      B98C64A8 
 360      54A5660F 
 360      A30A
 361 0715 539847E9 		.ascii	"S\230G\351\200\301\366\033l\264\225\332\323\024\353"
 361      80C1F61B 
 361      6CB495DA 
 361      D314EB
 362 0724 F2AD90AE 		.ascii	"\362\255\220\256$Y)\215X<\212\375\026\326Q\2239s\264"
 362      2459298D 
 362      583C8AFD 
 362      16D65193 
 362      3973B4
 363 0737 6AF2CC19 		.ascii	"j\362\314\031\030\261\250\264\366\245\214\341\243\361"
 363      18B1A8B4 
 363      F6A58CE1 
 363      A3F1
 364 0745 3F62E900 		.ascii	"?b\351\000\017rM0Y\323\261\025\261(7X\323\\\263g/\255"
 364      0F724D30 
 364      59D3B115 
 364      B1283758 
 364      D35CB367 
 365 075b 7C02575F 		.ascii	"|\002W_\361dg\240\365\243\255\326\301im\254\215\215"
 365      F16467A0 
 365      F5A3ADD6 
 365      C1696DAC 
 365      8D8D
 366 076d 25C46A6D 		.ascii	"%\304jm^9P\211X\322P\204\335\223\231\356\311L\353\200"
 366      5E395089 
 366      58D25084 
 366      DD9399EE 
 366      C94CEB80 
 367 0781 248F47C9 		.ascii	"$\217G\311\260\0234\302\223\235=\232*(\331d\355\200"
 367      B01334C2 
 367      939D3D9A 
 367      2A28D964 
 367      ED80
 368 0793 6C06B66C 		.ascii	"l\006\266l\365\213\356\037*\240$\017\316\264\023\342"
 368      F58BEE1F 
 368      2AA0240F 
 368      CEB413E2 
 369 07a3 216329CA 		.ascii	"!c)\312e\3725\014,\250\323ct\371\271G\263)\033\027\301"
 369      65FA350C 
 369      2CA8D363 
 369      74F9B947 
 369      B3291B17 
 370 07b8 AF144A33 		.ascii	"\257\024J3q\215LV\233\015+\336dMv\216\363L\310VH\304"
 370      718D4C56 
 370      9B0D2BDE 
 370      644D768E 
 370      F34CC856 
 371 07ce 4271     		.ascii	"Bq"
 372 07d0 2AC3C477 		.ascii	"*\303\304wF\203S1\023\375\236/.\376\300\177\362\217"
 372      46835331 
 372      13FD9E2F 
 372      2EFEC07F 
 372      F28F
 373 07e2 F00E89D7 		.ascii	"\360\016\211\327\242\217c\\\265\317\004}\024\3428\345"
 373      A28F635C 
 373      B5CF047D 
 373      14E238E5 
 374 07f2 9B68C2C4 		.ascii	"\233h\302\304g\214P\0001%D\233\215\023n\330 \263)\366"
 374      678C5000 
 374      3125449B 
 374      8D136ED8 
 374      20B329F6 
 375 0806 90989E38 		.ascii	"\220\230\2368\0335I\374\237J\225\250\003\014\036\270"
 375      1B3549FC 
 375      9F4A95A8 
 375      030C1EB8 
 376 0816 CF70427A 		.ascii	"\317pBz\031\011\272\323\232P\371\2511\267\255b\227r"
 376      1909BAD3 
 376      9A50F9A9 
 376      31B7AD62 
 376      9772
 377 0828 8E6F94D1 		.ascii	"\216o\224\321\363\363V[\240_\355h\002\354\220\231\260"
 377      F3F3565B 
 377      A05FED68 
 377      02EC9099 
 377      B0
 378 0839 33663E7F 		.ascii	"3f>\177e\327\311_>VW\247\366,\272\031\276\314\366\316"
 378      65D7C95F 
 378      3E5657A7 
 378      F62CBA19 
 378      BECCF6CE 
 379 084d A9500FF0 		.ascii	"\251P\017\360k0\360\334\204\003z!\354Gc\366Q\330\213"
 379      6B30F0DC 
 379      84037A21 
 379      EC4763F6 
 379      51D88B
 380 0860 FB6ABB85 		.ascii	"\373j\273\205\260\363H\252\225\227\326\222\236\003\215"
 380      B0F348AA 
 380      9597D692 
 380      9E038D
 381 086f A9A2B454 		.ascii	"\251\242\264TQZ\034|\204\302\341\373\013\353\360\375"
 381      515A1C7C 
 381      84C2E1FB 
 381      0BEBF0FD 
 382 087f 85B5A2F2 		.ascii	"\205\265\242\362\356\373\375\214\244?l$\375\3472\351"
 382      EEFBFD8C 
 382      A43F6C24 
 382      FDE732E9 
 383 088f 4F962D7A 		.ascii	"O\226-z\315\314?\327q\000\0028p\350\340\262w,\203\356"
 383      CDCC3FD7 
 383      71000238 
 383      70E8E0B2 
 383      772C83EE 
 384 08a3 2FA46368 		.ascii	"/\244ch\337Q\312\253\227\177\026-\236\271\237\012\247"
 384      DF51CAAB 
 384      977F162D 
 384      9EB99F0A 
 384      A7
 385 08b4 0EDC0EEF 		.ascii	"\016\334\016\357\205F5\214\347J\251\011ApH\267\340\240"
 385      8546358C 
 385      E74AA909 
 385      417048B7 
 385      E0A0
 386 08c6 EED1BFA8 		.ascii	"\356\321\277\250\317\023\262>\037\253\255\303\017\225"
 386      CF13B23E 
 386      1FABADC3 
 386      0F95
 387 08d4 A6305EBF 		.ascii	"\2460^\277\030\216\301g\232\0248\316\333zd*\254x\352"
 387      188EC167 
 387      9A1438CE 
 387      DB7A642A 
 387      AC78EA
 388 08e7 59FBB4FB 		.ascii	"Y\373\264\373\353c\353g\231t\273q0\246\241\013\331\317"
 388      EB63EB67 
 388      9974BB71 
 388      30A6A10B 
 388      D9CF
 389 08f9 C40C9F75 		.ascii	"\304\014\237u\350b\003\032\276\\\215\256\237Q\261-}"
 389      E862031A 
 389      BE5C8DAE 
 389      9F51B12D 
 389      7D
 390 090a 865AAA9A 		.ascii	"\206Z\252\232\020\001\247cV\313o\267\245B\307\326\223"
 390      1001A763 
 390      56CB6FB7 
 390      A542C7D6 
 390      93
 391 091b D59F591E 		.ascii	"\325\237Y\036k\\\213\226q\007\361d\245\034\373e\314"
 391      6B5C8B96 
 391      7107F164 
 391      A51CFB65 
 391      CC
 392 092c B62F289C 		.ascii	"\266/(\2342l\373\000m\013\013\276\035[o\274\016q|\252"
 392      326CFB00 
 392      6D0B0BBE 
 392      1D5B6FBC 
 392      0E717CAA 
 393 0940 E4FB3A8E 		.ascii	"\344\373:\216\357\254Ho\266\033y\316\011\236\367\327"
 393      EFAC486F 
 393      B61B79CE 
 393      099EF7D7 
 394 0950 6C532DA9 		.ascii	"lS-\251}-\324\005\271Pu\337\177\324\225\254\007\360"
 394      7D2DD405 
 394      B95075DF 
 394      7FD495AC 
 394      07F0
 395 0962 82E1DF45 		.ascii	"\202\341\337E}\207+\013\357\277\241\360U\211nY_\270"
 395      7D872B0B 
 395      EFBFA1F0 
 395      55896E59 
 395      5FB8
 396 0974 9CEF2638 		.ascii	"\234\357&8\011\021}A\316\033\306^A\305\263\222\305\316"
 396      09117D41 
 396      CE1BC65E 
 396      41C5B392 
 396      C5CE
 397 0986 5A7D723F 		.ascii	"Z}r?\023L\307151\"X\377|\035\277\321\331.\031l\325\234"
 397      134CC731 
 397      35312258 
 397      FF7C1DBF 
 397      D1D92E19 
 398 099d C534EFDC 		.ascii	"\3054\357\334\276VKBF^\245\020\215\313\310\205\335\315"
 398      BE564B42 
 398      465EA510 
 398      8DCBC885 
 398      DDCD
 399 09af 3C23A309 		.ascii	"<#\243\011g\027/\207\235]\253\223\015G\243\206\243\327"
 399      67172F87 
 399      9D5DAB93 
 399      0D47A386 
 399      A3D7
 400 09c1 A4A333BA 		.ascii	"\244\2433\272*\266\233uG\257\031\216^\327\035m\250\336"
 400      2AB69B75 
 400      47AF198E 
 400      5ED71D6D 
 400      A8DE
 401 09d3 B63FF5B1 		.ascii	"\266?\365\261:\224\261\362tT\265\332q*\316\315+2\266"
 401      3A94B1F2 
 401      7454B5DA 
 401      712ACECD 
 401      2B32B6
 402 09e6 EF266325 		.ascii	"\357&c%\011\027o\265nhM\265\365\245\362\246T9kI\303"
 402      09176FB5 
 402      6E684DB5 
 402      F5A5F2A6 
 402      54396B49 
 403 09fb F322976E 		.ascii	"\363\"\227nb.\261\203\234\311\274\375tU=\2257\252d\012"
 403      622EB183 
 403      9CC9BCFD 
 403      74553D95 
 403      37AA640A 
 404 0a0f 77F8C5C9 		.ascii	"w\370\305\311\204/q]*\267i\007\334\367|\206\300-\012"
 404      842F715D 
 404      2AB76907 
 404      DCF77C86 
 404      C02D0A
 405 0a22 B7797675 		.ascii	"\267yvu\326\177x)U\317\301;\206\351w\021\204\237;x\206"
 405      D67F7829 
 405      55CFC13B 
 405      86E97711 
 405      849F3B78 
 406 0a37 22EADA5B 		.ascii	"\"\352\332[\313:AX\277\251YX\177\227\302w\272\365\337"
 406      CB3A4158 
 406      BFA95958 
 406      7F97C277 
 406      BAF5DF
 407 0a4a 4AEB8FA2 		.ascii	"J\353\217\242\365\335\302\372\352\366\267\273\373qx"
 407      F5DDC2FA 
 407      EAF6B7BB 
 407      FB7178
 408 0a59 CFB58F4A 		.ascii	"\317\265\217J\367c\255\265Q\276s`\235h\034\367$\307"
 408      F763ADB5 
 408      51BE7360 
 408      9D681CF7 
 408      24C7
 409 0a6b 1A85B05D 		.ascii	"\032\205\260]\212\310\277{\035\225\012\347h\376~\255"
 409      8AC8BF7B 
 409      1D950AE7 
 409      68FE7EAD 
 410 0a7b 5A9E2436 		.ascii	"Z\236$6\2322\035>\203\011\3701\204\367 \325\244p\226"
 410      9A321D3E 
 410      8309F831 
 410      84F720D5 
 410      A47096
 411 0a8e 998B5AD5 		.ascii	"\231\213Z\325\276\016G\250`\261\343\261S\255\331d\022"
 411      BE0E47A8 
 411      60B1E3B1 
 411      53ADD964 
 411      12
 412 0a9f 51AA6472 		.ascii	"Q\252dr\247\2703\363\247}Tt\025~%\315f\202\345\343w"
 412      A7B833F3 
 412      A77D5474 
 412      157E25CD 
 412      6682E5E3 
 413 0ab4 177F6511 		.ascii	"\027\177e\021\206l)\253\010\247\343W\023\203Y\272!3"
 413      866C29AB 
 413      08A7E357 
 413      138359BA 
 413      2133
 414 0ac6 A5210D29 		.ascii	"\245!\015)\204}$\214\330s\346\372|\011\277\242\333="
 414      847D248C 
 414      D873E6FA 
 414      7C09BFA2 
 414      DB3D
 415 0ad8 5787CF91 		.ascii	"W\207\317\221\360\315\010\357J!\217\253\265\352\321"
 415      F0CD08EF 
 415      4A218FAB 
 415      B5EAD1
 416 0ae7 03B7BBCA 		.ascii	"\003\267\273\312,j\007.L.\3242\276W\304\026\3665\006"
 416      2C6A072E 
 416      4C2ED432 
 416      BE57C416 
 416      F63506
 417 0afa 4FE2262A 		.ascii	"O\342&*q\321\235\307\243M\360<\202\346si:h>Jd\363m\204"
 417      71D19DC7 
 417      A34DF03C 
 417      82E67369 
 417      3A683E4A 
 418 0b12 6DB091C7 		.ascii	"m\260\221\307k\361&U\257\206K3\305\005\345\015\006\335"
 418      6BF12655 
 418      AF864B33 
 418      C505E50D 
 418      06DD
 419 0b24 B10BE0EB 		.ascii	"\261\013\340\353\034\266\003a\021\233\024wyc\241\324"
 419      1CB60361 
 419      119B1477 
 419      7963A1D4 
 420 0b34 59D74BE7 		.ascii	"Y\327K\347\233\\'\272\261\272\245\365\\\\\206\307\335"
 420      9B5C27BA 
 420      B1BAA5F5 
 420      5C5C86C7 
 420      DD
 421 0b45 55EA6558 		.ascii	"U\352eX\016\316X\245\306m\312\027\015@\203\004\264/"
 421      0ECE58A5 
 421      C66DCA17 
 421      0D408304 
 421      B42F
 422 0b57 AEDC9864 		.ascii	"\256\334\230d\000\216\031\200F\011\370\366\223\232\213"
 422      008E1980 
 422      4609F8F6 
 422      939A8B
 423 0b66 60A888BB 		.ascii	"`\250\210\2738.\222\200\323K\327o\242\206\204\353\006"
 423      382E9280 
 423      D34BD76F 
 423      A28684EB 
 423      06
 424 0b77 60B1045C 		.ascii	"`\261\004\\\274\276wM\334\202\3375\000K$\340\223s;w"
 424      BCBE774D 
 424      DC82DF35 
 424      004B24E0 
 424      93733B77 
 425 0b8b C65DC970 		.ascii	"\306]\311p\345b\200&\326\327}\352\204!a)_\251\0378s"
 425      E5628026 
 425      D6D77DEA 
 425      84216129 
 425      5FA91F38 
 426 0ba0 27BDEC70 		.ascii	"'\275\354pL\372\303Dw\236\327S\\\340\015\2469\235%\241"
 426      4CFAC344 
 426      779ED753 
 426      5CE00DA6 
 426      399D25A1 
 427 0bb4 2905CEC2 		.ascii	")\005\316\302P\320\031\372\237B\357\000\201\030\236"
 427      50D019FA 
 427      9F42EF00 
 427      81189E
 428 0bc3 53E2F587 		.ascii	"S\342\365\207\306\004\374E\305>op\200\263\004\247\207"
 428      C604FC45 
 428      C53E6F70 
 428      80B304A7 
 428      87
 429 0bd4 F41A1B38 		.ascii	"\364\032\0338d\310\320\211A\367\320\3619\317\276\350"
 429      64C8D089 
 429      41F7D0F1 
 429      39CFBEE8 
 430 0be4 F2BBA679 		.ascii	"\362\273\246y\203C\334\205\205\312s/\375>s\314\223O"
 430      8343DC85 
 430      85CA732F 
 430      FD3E73CC 
 430      934F
 431 0bf6 3A1C242D 		.ascii	":\034$-AHj\257\336/\237\375\305d\347\004\034\010\026"
 431      41486AAF 
 431      DE2F9FFD 
 431      C564E704 
 431      1C0816
 432 0c09 3BA7E587 		.ascii	";\247\345\207\362\212\2478'\277\350\312GI\316g\012\212"
 432      F28AA738 
 432      27BFE8CA 
 432      4749CE67 
 432      0A8A
 433 0c1b BDCEA75F 		.ascii	"\275\316\247_\230\350\034\233\037\364\275\342\012z'"
 433      98E81C9B 
 433      1FF4BDE2 
 433      0A7A27
 434 0c2a BFE0770F 		.ascii	"\277\340w\017\025\334EC\362\012\013I\212o\274\253(\364"
 434      15DC4543 
 434      F20A0B49 
 434      8A6FBCAB 
 434      28F4
 435 0c3c DC848963 		.ascii	"\334\204\211c\363_e\356\300\264\244\242B\257\327\303"
 435      F35F65EE 
 435      C0B4A4A2 
 435      42AFD7C3 
 436 0c4c 0AFCD358 		.ascii	"\012\374\323X\201+\304\212Cns(\337\347u\206,#%\310,"
 436      812BC48A 
 436      436E7328 
 436      DFE77586 
 436      2C2325C8 
 437 0c61 5F36DFC4 		.ascii	"_6\337\304\220+\224\037\360?\353\012\271L\334Y\233c"
 437      902B941F 
 437      F03FEB0A 
 437      B94CDC59 
 437      9B63
 438 0c73 D8CBDEA2 		.ascii	"\330\313\336\242\"o\301$\354(F\023\362R\213\375E\371"
 438      226FC124 
 438      EC284613 
 438      F2528BFD 
 438      45F9
 439 0c85 D3FC5E4F 		.ascii	"\323\374^O\246;\317\025\374\317\207\2656N\321\220<\242"
 439      A63BCF15 
 439      FCCF87B5 
 439      364ED190 
 439      3CA2
 440 0c97 140682A1 		.ascii	"\024\006\202\241\337L\235Z\344\015Y\212\363\375\241"
 440      DF4C9D5A 
 440      E40D598A 
 440      F3FDA1
 441 0ca6 51CE50F2 		.ascii	"Q\316P\362\224\300+r\3044\305\353\362\261\002\257\337"
 441      94C02B72 
 441      C434C5EB 
 441      F2B102AF 
 441      DF
 442 0cb7 EA761514 		.ascii	"\352v\025\024p\245\3406q\245&\277\313\3475\371|E\371"
 442      70A5E036 
 442      71A526BF 
 442      CBE735F9 
 442      7C45F9
 443 0cca 56CE343C 		.ascii	"V\3164<\333\031J\362\271\246\345\273S\035\2168\371)"
 443      DB194AF2 
 443      B9A6E5BB 
 443      531D8E38 
 443      F929
 444 0cdc 71ED64DF 		.ascii	"q\355d\337\323%\323&\362h\310\030e\217\230\204\201\220"
 444      D325D326 
 444      F268C818 
 444      658F9884 
 444      8190
 445 0cee 6DC728DE 		.ascii	"m\307(\3366\371~?iL\177\031\0107g\031\223\347\362\373"
 445      36F97E3F 
 445      694C7F19 
 445      08376719 
 445      93E7F2FB 
 446 0d02 BD053C12 		.ascii	"\275\005<\022\317\217\325:\212\321|h\317q@c\305\305"
 446      CF8FD53A 
 446      8AD17C68 
 446      CF714063 
 446      C5C5
 447 0d14 228FF826 		.ascii	"\"\217\370&\004\212\362\271y\277\363\362 hS\251\275"
 447      048AF2B9 
 447      79BFF3F2 
 447      206853A9 
 447      BD
 448 0d25 523025AE 		.ascii	"R0%\256=\372a\365\305\361\212\344@G\214\224T\214\346"
 448      3DFA61F5 
 448      C5F18AE4 
 448      40478C94 
 448      548CE6
 449 0d38 7F3DACE0 		.ascii	"\177=\254\340\270\304\026r]A_\311\317\275O\371\236\234"
 449      B8C41672 
 449      5D415FC9 
 449      CFBD4FF9 
 449      9E9C
 450 0d4a 5A481437 		.ascii	"ZH\0247\372\342}\365)\337\010\2428sGb(\247\217y\246"
 450      FAE27DF5 
 450      29DF08A2 
 450      38734762 
 450      28A78F79 
 451 0d5f C42CDF2F 		.ascii	"\304,\337/<\214\246\361#\206g?\365\222\367\225g\202"
 451      3C8CA6F1 
 451      2386673F 
 451      F592F795 
 451      6782
 452 0d71 5ED7F440 		.ascii	"^\327\364@q\250\350\251g\002\201PA\300\345\361\006\311"
 452      71A8E8A9 
 452      67028150 
 452      41C0E5F1 
 452      06C9
 453 0d83 237DD618 		.ascii	"#}\326\030\371\2113\367\245x/G\006\374\223PsN\311\220"
 453      F98933F7 
 453      A5782F47 
 453      06FC9350 
 453      734EC990 
 454 0d97 42573034 		.ascii	"BW04d\330\240\007\315\233ec@\302\374\230\354\234\222"
 454      64D8A007 
 454      CD9B6563 
 454      40C2FC98 
 454      EC9C92
 455 0daa 24A7D31D 		.ascii	"$\247\323\035\312T\370\277s\212\253\310\233y\037\310"
 455      CA54F8BF 
 455      738AABC8 
 455      9B791FC8 
 456 0dba 915322A7 		.ascii	"\221S\"\247\335\001_a\346\243\011\323\243\362\375E!"
 456      DD015F61 
 456      E6A309D3 
 456      A3F2FD45 
 456      21
 457 0dcb 97DFEDCD 		.ascii	"\227\337\355\315)\261\306\232\217$`F\344\373\363C9%"
 457      29B1C69A 
 457      8F246046 
 457      E4FBF343 
 457      3925
 458 0ddd 26FEFA11 		.ascii	"&\376\372\021\237\213O\2028\001?I\234s8\362\213&\375"
 458      9F8B4F82 
 458      38013F49 
 458      9C7338F2 
 458      8B26FD
 459 0df0 E1E98282 		.ascii	"\341\351\202\202\300+^ONIJ\\\3174%\020(\350\357\314"
 459      C02B5E4F 
 459      4E494A5C 
 459      CF342510 
 459      28E8EFCC 
 460 0e04 750C9F52 		.ascii	"u\014\237RT\350\014\275\352,\360z\234\001\177Ij\257"
 460      54E80CBD 
 460      EA2CF07A 
 460      9C017F49 
 460      6AAF
 461 0e16 EEAF1E72 		.ascii	"\356\257\036r\361'#\367P$\261\362\030\011\307\210xq"
 461      F12723F7 
 461      5024B1F2 
 461      1809C788 
 461      7871
 462 0e28 53A796F4 		.ascii	"S\247\226\364\353\335\037\354\314\315v\360!\254g'\317"
 462      EBDD1FEC 
 462      CCCD76F0 
 462      21AC6727 
 462      CF
 463 0e39 0227AFE5 		.ascii	"\002'\257\345).\367\364\011cKJr\006\3669e\313\017\376"
 463      292EF7F4 
 463      09634B4A 
 463      7206F639 
 463      65CB0FFE 
 464 0e4d 45EFE84A 		.ascii	"E\357\350J\202\011J\214\376O\235\271\017X\327\234\221"
 464      82094A8C 
 464      FE4F9DB9 
 464      0F58D79C 
 464      91
 465 0e5e EE40B13F 		.ascii	"\356@\261?\224m\226\257\2379s\237{\371\201\313\223\343"
 465      946D96AF 
 465      9F39739F 
 465      7BF981CB 
 465      93E3
 466 0e70 18E674C6 		.ascii	"\030\346t\306\272\366D\231\017\002*F\363\337\332\341"
 466      BAF64499 
 466      0F022A46 
 466      F3DFDAE1 
 467 0e80 907638FE 		.ascii	"\220v8\376\011\270\266&\214"
 467      09B8B626 
 467      8C
 468              		.text
 469              		.section	.gnu.lto_.symtab.551a7dba,"e",%progbits
 470 0000 5F5A4E31 		.ascii	"_ZN10LEDManagerC2Ev\000"
 470      304C4544 
 470      4D616E61 
 470      67657243 
 470      32457600 
 471 0014 00       		.ascii	"\000"
 472 0015 00       		.ascii	"\000"
 473 0016 00       		.ascii	"\000"
 474 0017 00000000 		.ascii	"\000\000\000\000\000\000\000\000"
 474      00000000 
 475 001f 63010000 		.ascii	"c\001\000\000"
 476 0023 5F5A4E31 		.ascii	"_ZN10LEDManagerC1Ev\000"
 476      304C4544 
 476      4D616E61 
 476      67657243 
 476      31457600 
 477 0037 00       		.ascii	"\000"
 478 0038 00       		.ascii	"\000"
 479 0039 00       		.ascii	"\000"
 480 003a 00000000 		.ascii	"\000\000\000\000\000\000\000\000"
 480      00000000 
 481 0042 66010000 		.ascii	"f\001\000\000"
 482 0046 5F5A4E31 		.ascii	"_ZN10LEDManager8instanceEv\000"
 482      304C4544 
 482      4D616E61 
 482      67657238 
 482      696E7374 
 483 0061 00       		.ascii	"\000"
 484 0062 00       		.ascii	"\000"
 485 0063 00       		.ascii	"\000"
 486 0064 00000000 		.ascii	"\000\000\000\000\000\000\000\000"
 486      00000000 
 487 006c 6B010000 		.ascii	"k\001\000\000"
 488 0070 5F5A4E31 		.ascii	"_ZN10LEDManager4initEv\000"
 488      304C4544 
 488      4D616E61 
 488      67657234 
 488      696E6974 
 489 0087 00       		.ascii	"\000"
 490 0088 00       		.ascii	"\000"
 491 0089 00       		.ascii	"\000"
 492 008a 00000000 		.ascii	"\000\000\000\000\000\000\000\000"
 492      00000000 
 493 0092 6E010000 		.ascii	"n\001\000\000"
 494 0096 5F5A3674 		.ascii	"_Z6tickCBv\000"
 494      69636B43 
 494      427600
 495 00a1 00       		.ascii	"\000"
 496 00a2 00       		.ascii	"\000"
 497 00a3 00       		.ascii	"\000"
 498 00a4 00000000 		.ascii	"\000\000\000\000\000\000\000\000"
 498      00000000 
 499 00ac 51010000 		.ascii	"Q\001\000\000"
 500 00b0 5F5A4E31 		.ascii	"_ZN10LEDManager6onTickEv\000"
 500      304C4544 
 500      4D616E61 
 500      67657236 
 500      6F6E5469 
 501 00c9 00       		.ascii	"\000"
 502 00ca 00       		.ascii	"\000"
 503 00cb 00       		.ascii	"\000"
 504 00cc 00000000 		.ascii	"\000\000\000\000\000\000\000\000"
 504      00000000 
 505 00d4 5A010000 		.ascii	"Z\001\000\000"
 506 00d8 5F5A4E31 		.ascii	"_ZN11TXScheduler8instanceEv\000"
 506      31545853 
 506      63686564 
 506      756C6572 
 506      38696E73 
 507 00f4 00       		.ascii	"\000"
 508 00f5 02       		.ascii	"\002"
 509 00f6 00       		.ascii	"\000"
 510 00f7 00000000 		.ascii	"\000\000\000\000\000\000\000\000"
 510      00000000 
 511 00ff 74010000 		.ascii	"t\001\000\000"
 512 0103 5F5A4E31 		.ascii	"_ZN11TXScheduler11isTXAllowedEv\000"
 512      31545853 
 512      63686564 
 512      756C6572 
 512      31316973 
 513 0123 00       		.ascii	"\000"
 514 0124 02       		.ascii	"\002"
 515 0125 00       		.ascii	"\000"
 516 0126 00000000 		.ascii	"\000\000\000\000\000\000\000\000"
 516      00000000 
 517 012e 7E010000 		.ascii	"~\001\000\000"
 518 0132 5F5A3133 		.ascii	"_Z13bsp_tx_led_onv\000"
 518      6273705F 
 518      74785F6C 
 518      65645F6F 
 518      6E7600
 519 0145 00       		.ascii	"\000"
 520 0146 02       		.ascii	"\002"
 521 0147 00       		.ascii	"\000"
 522 0148 00000000 		.ascii	"\000\000\000\000\000\000\000\000"
 522      00000000 
 523 0150 81010000 		.ascii	"\201\001\000\000"
 524 0154 5F5A3134 		.ascii	"_Z14bsp_tx_led_offv\000"
 524      6273705F 
 524      74785F6C 
 524      65645F6F 
 524      66667600 
 525 0168 00       		.ascii	"\000"
 526 0169 02       		.ascii	"\002"
 527 016a 00       		.ascii	"\000"
 528 016b 00000000 		.ascii	"\000\000\000\000\000\000\000\000"
 528      00000000 
 529 0173 84010000 		.ascii	"\204\001\000\000"
 530 0177 5F5A3231 		.ascii	"_Z21bsp_set_tick_callbackPFvvE\000"
 530      6273705F 
 530      7365745F 
 530      7469636B 
 530      5F63616C 
 531 0196 00       		.ascii	"\000"
 532 0197 02       		.ascii	"\002"
 533 0198 00       		.ascii	"\000"
 534 0199 00000000 		.ascii	"\000\000\000\000\000\000\000\000"
 534      00000000 
 535 01a1 8B010000 		.ascii	"\213\001\000\000"
 536 01a5 5F5A3134 		.ascii	"_Z14bsp_rx_led_offv\000"
 536      6273705F 
 536      72785F6C 
 536      65645F6F 
 536      66667600 
 537 01b9 00       		.ascii	"\000"
 538 01ba 02       		.ascii	"\002"
 539 01bb 00       		.ascii	"\000"
 540 01bc 00000000 		.ascii	"\000\000\000\000\000\000\000\000"
 540      00000000 
 541 01c4 8E010000 		.ascii	"\216\001\000\000"
 542              		.text
 543              		.section	.gnu.lto_.ext_symtab.551a7dba,"e",%progbits
 544 0000 01       		.ascii	"\001"
 545 0001 01       		.ascii	"\001"
 546 0002 00       		.ascii	"\000"
 547 0003 01       		.ascii	"\001"
 548 0004 00       		.ascii	"\000"
 549 0005 01       		.ascii	"\001"
 550 0006 00       		.ascii	"\000"
 551 0007 01       		.ascii	"\001"
 552 0008 00       		.ascii	"\000"
 553 0009 01       		.ascii	"\001"
 554 000a 00       		.ascii	"\000"
 555 000b 01       		.ascii	"\001"
 556 000c 00       		.ascii	"\000"
 557 000d 01       		.ascii	"\001"
 558 000e 00       		.ascii	"\000"
 559 000f 01       		.ascii	"\001"
 560 0010 00       		.ascii	"\000"
 561 0011 01       		.ascii	"\001"
 562 0012 00       		.ascii	"\000"
 563 0013 01       		.ascii	"\001"
 564 0014 00       		.ascii	"\000"
 565 0015 01       		.ascii	"\001"
 566 0016 00       		.ascii	"\000"
 567 0017 01       		.ascii	"\001"
 568 0018 00       		.ascii	"\000"
 569              		.text
 570              		.section	.gnu.lto_.opts,"e",%progbits
 571 0000 272D666E 		.ascii	"'-fno-openmp' '-fno-openacc' '-fno-pie' '-fcf-prote"
 571      6F2D6F70 
 571      656E6D70 
 571      2720272D 
 571      666E6F2D 
 572 0033 6374696F 		.ascii	"ction=none' '-mcpu=cortex-m4' '-mthumb' '-mfloat-ab"
 572      6E3D6E6F 
 572      6E652720 
 572      272D6D63 
 572      70753D63 
 573 0066 693D6861 		.ascii	"i=hard' '-mfpu=fpv4-sp-d16' '-mlibarch=armv7e-m+fp'"
 573      72642720 
 573      272D6D66 
 573      70753D66 
 573      7076342D 
 574 0099 20272D6D 		.ascii	" '-march=armv7e-m+fp' '-Os' '-fmessage-length=0' '-"
 574      61726368 
 574      3D61726D 
 574      7637652D 
 574      6D2B6670 
 575 00cc 66736967 		.ascii	"fsigned-char' '-ffunction-sections' '-fdata-section"
 575      6E65642D 
 575      63686172 
 575      2720272D 
 575      6666756E 
 576 00ff 73272027 		.ascii	"s' '-fsingle-precision-constant' '-flto' '-fabi-ver"
 576      2D667369 
 576      6E676C65 
 576      2D707265 
 576      63697369 
 577 0132 73696F6E 		.ascii	"sion=0' '-fno-exceptions' '-Xassembler' '-adhlns=Sr"
 577      3D302720 
 577      272D666E 
 577      6F2D6578 
 577      63657074 
 578 0165 632F4C45 		.ascii	"c/LEDManager.o.lst'\000"
 578      444D616E 
 578      61676572 
 578      2E6F2E6C 
 578      73742700 
 579              		.text
 580              		.comm	__gnu_lto_slim,1,1
 581              		.ident	"GCC: (GNU Arm Embedded Toolchain 10.3-2021.10) 10.3.1 20210824 (release)"
DEFINED SYMBOLS
                            *ABS*:00000000 LEDManager.cpp
                            *COM*:00000001 __gnu_lto_slim

NO UNDEFINED SYMBOLS
