   1              		.cpu cortex-m4
   2              		.arch armv7e-m
   3              		.fpu fpv4-sp-d16
   4              		.eabi_attribute 27, 1
   5              		.eabi_attribute 28, 1
   6              		.eabi_attribute 20, 1
   7              		.eabi_attribute 21, 1
   8              		.eabi_attribute 23, 3
   9              		.eabi_attribute 24, 1
  10              		.eabi_attribute 25, 1
  11              		.eabi_attribute 26, 1
  12              		.eabi_attribute 30, 4
  13              		.eabi_attribute 34, 1
  14              		.eabi_attribute 18, 4
  15              		.file	"printf_serial.cpp"
  16              		.section	.gnu.lto_.odr_types.551a4cc6,"e",%progbits
  17 0000 789C95CF 		.ascii	"x\234\225\317_HSQ\034\007\360s\346\322\371o\315\177"
  17      5F485351 
  17      1C07F073 
  17      E6D2F96F 
  17      CD7F
  18 0012 810FC11E 		.ascii	"\201\017\301\036\013q\355^M\247P0\267;\035\272?\354"
  18      0B71ED5E 
  18      4DA75030 
  18      B73B1DBA 
  18      3FEC
  19 0024 4EEBE1C2 		.ascii	"N\353\341\302\341n;m\227\356\356\344n\353\337S\024\011"
  19      E16E3B6D 
  19      97EEEEE4 
  19      6EEBDF53 
  19      1409
  20 0036 814158D8 		.ascii	"\201AX\330\037\241\240?\017\245Pi\032\365\220B\220P"
  20      1FA1A03F 
  20      0FA55069 
  20      1AF59042 
  20      9050
  21 0048 CD1EAC07 		.ascii	"\315\036\254\007\311\2270\013B\212\020\242\350\217\375"
  21      C997300B 
  21      428A10A2 
  21      E88FFD
  22 0057 B6337BE8 		.ascii	"\2663{\350\255=|\276|\177;\367\336\363+\307\010\035"
  22      AD3D7CBE 
  22      7C7F3BF7 
  22      DEF32BC7 
  22      081D
  23 0069 33A0C2AF 		.ascii	"3\240\302\257\004\033\032L\030m7a\374y\361\371\311\241"
  23      041B1A4C 
  23      186D3761 
  23      FC79F1F9 
  23      C9A1
  24 007b DCF5293C 		.ascii	"\334\365)<\212\267\335\3000\034\007\360$`x\010\224\314"
  24      8AB7DDC0 
  24      301C07F0 
  24      24607808 
  24      94CC
  25 008d 01C67960 		.ascii	"\001\306y`\313\002P\372\032([\006L+@\371G\240\342\013"
  25      CB0250FA 
  25      1A285B06 
  25      4C2B40F9 
  25      47A0E20B 
  26 00a1 50F90DA8 		.ascii	"P\371\015\250\332\000\252\207\014&l>\003l=\017X\306"
  26      DA00AA87 
  26      0C266C3E 
  26      036C3D0F 
  26      58C6
  27 00b3 809A6B40 		.ascii	"\200\232k@\355-\240\356.P\377\000hx9{\342\336\360\342"
  27      ED2DA0EE 
  27      2E50FF00 
  27      6878397B 
  27      E2DEF0E2 
  28 00c7 EA4CE3F2 		.ascii	"\352L\343\362\304\205\365\325\307\227\356\217\342\367"
  28      C485F5D5 
  28      C797EE8F 
  28      E2F7
  29 00d5 AF96A69F 		.ascii	"\257\226\246\237\346\246\247\264\257\271\267S\337_\\"
  29      E6A6A7B4 
  29      AFB9B753 
  29      DF5F5C
  30 00e4 7913FF39 		.ascii	"y\023\3779qu\375\303o\374\313Py\272\304\202\321E\000"
  30      7175FDC3 
  30      6FFCCB50 
  30      79BAC482 
  30      D14500
  31 00f7 8F038647 		.ascii	"\217\003\206G\200q\0360-\001\226O\200\365\0070\207\316"
  31      80711E30 
  31      2D01964F 
  31      80F50730 
  31      87CE
  32 0109 1A2DF838 		.ascii	"\032-\3708\036\313k\270\235\327xgvx\346\324\306\342"
  32      1ECB6BB8 
  32      9DD77867 
  32      7678E6D4 
  32      C6E2
  33 011b F008BE39 		.ascii	"\360\010\2769\371lmd\345\335\345\306\205\265sOV'q\235"
  33      F96C6D64 
  33      E5DDE5C6 
  33      85B5734F 
  33      5627719D 
  34 012f 98E15A49 		.ascii	"\230\341ZI(B2:\245$\232RS:*#\"\321i\014\225CFT9z\020"
  34      2842323A 
  34      A5249A52 
  34      533A2A23 
  34      22D1690C 
  35 014a 69D14E69 		.ascii	"i\321NiPO\305u9i=\240\2504m\335q\304\321\266S\212kY"
  35      504FC575 
  35      39693DA0 
  35      A8346DDD 
  35      71C4D1B6 
  36 0162 ABAC27AD 		.ascii	"\253\254'\2554\031\241\261\030\215Y3\251\224\032M\310"
  36      3419A1B1 
  36      188D5933 
  36      A9941A4D 
  36      C8
  37 0173 8A267176 		.ascii	"\212&qv+o\3479\033g\227\340D\263\226\322h3\225#\212"
  37      2B6FE739 
  37      1B6797E0 
  37      44B396D2 
  37      68339523 
  38 0188 A4685135 		.ascii	"\244hQ5\033\243R\264\251\011\016\331Zl\234\024Q2i)\235"
  38      1BA352B4 
  38      A9090ED9 
  38      5A6C9C14 
  38      51326929 
  39 019d 510B97B0 		.ascii	"Q\013\227\260%P5g\037\350\361\270\022\262\246Q\025\225"
  39      25503567 
  39      1FE8F1B8 
  39      12B2A651 
  39      1595
  40 01af BA7A08E7 		.ascii	"\272z\010\347(D;\013\256\2035\026\274\275\020\016\026"
  40      28443B0B 
  40      AE833516 
  40      BCBD100E 
  40      16
  41 01c0 3CC71A0B 		.ascii	"<\307\032\013\236g\215\005\337\302\032\013\276\2255"
  41      9E678D05 
  41      DFC21A0B 
  41      BE9535
  42 01cf 16FC6ED6 		.ascii	"\026\374n\326X\360m\254\261\340\333Yc\301\263K8\034"
  42      58F06DAC 
  42      B1E0DB59 
  42      63C1B34B 
  42      381C
  43 01e1 68AFBB53 		.ascii	"h\257\273S\"A\252e\364,\211+\231D6B$\237\254\310\232"
  43      2241AA65 
  43      F42C892B 
  43      99443642 
  43      249FACC8 
  44 01f6 4CBAD42C 		.ascii	"L\272\324,%N\257H<\212\236<,\353T\362j\321]0(n\225\206"
  44      254EAF48 
  44      3C8A9E3C 
  44      2CEB54F2 
  44      6AD15D30 
  45 020e 352B3B84 		.ascii	"5+;\204C\360p\370\350 E\346~\177\257?\260\317O\204\001"
  45      43F070F8 
  45      E82045E6 
  45      7E7FAF3F 
  45      B0CF4F84 
  46 0223 C11F46B5 		.ascii	"\301\037F\265\335A\221\370}\202\223\210P\005\277K@\346"
  46      DD4191F8 
  46      7D829388 
  46      5005BF4B 
  46      40E6
  47 0235 FCC8E3DD 		.ascii	"\374\310\343\335_<Q\345\352\013\270z\213\245&\377\245"
  47      5F3C51E5 
  47      EA0BB87A 
  47      8BA526FF 
  47      A5
  48 0246 A0D3D52B 		.ascii	"\240\323\325+\204\213\223z/<\026\012\005\272\235ao`"
  48      848B937A 
  48      2F3C160A 
  48      05BA9D61 
  48      6F60
  49 0258 F3AD556E 		.ascii	"\363\255Un\241\253\277{\363D0\024\010\206\376\371H\205"
  49      A1ABBF7B 
  49      F3443014 
  49      0886FEF9 
  49      4885
  50 026a DBD35FFC 		.ascii	"\333\323_\374\337\354\012\370|N\277{\363F!Q\364\022"
  50      DFEC0AF8 
  50      7C4EBF7B 
  50      F3462151 
  50      F412
  51 027c D1E90BF6 		.ascii	"\321\351\013\366\011\305\321\236\377]\377\357\272\371"
  51      09C5D19E 
  51      FF5DFFEF 
  51      BAF9
  52 028a EDFF0075 		.ascii	"\355\377\000uI\014\036"
  52      490C1E
  53              		.text
  54              		.section	.gnu.lto_.profile.551a4cc6,"e",%progbits
  55 0000 789C6362 		.ascii	"x\234cb\000\001\000\000\022\000\003"
  55      00010000 
  55      120003
  56              		.text
  57              		.section	.gnu.lto_.icf.551a4cc6,"e",%progbits
  58 0000 789C9362 		.ascii	"x\234\223b@\000\026\206\267\007\2374\3621>\375w\360"
  58      40001686 
  58      B7079F34 
  58      F2313EFD 
  58      77F0
  59 0012 2A23D382 		.ascii	"*#\323\202Gs\272\270\230\247M\234\372\230\217\001\000"
  59      4773BAB8 
  59      98A74D9C 
  59      FA988F01 
  59      00
  60 0023 ACFB0C1F 		.ascii	"\254\373\014\037"
  61              		.text
  62              		.section	.gnu.lto_.ipa_sra.551a4cc6,"e",%progbits
  63 0000 789C6362 		.ascii	"x\234cb@\006\000\000*\000\003"
  63      40060000 
  63      2A0003
  64              		.text
  65              		.section	.gnu.lto_.inline.551a4cc6,"e",%progbits
  66 0000 789C7BCB 		.ascii	"x\234{\313\200\000\314@\324\000\004L)\214\014L\014\014"
  66      8000CC40 
  66      D400044C 
  66      298C0C4C 
  66      0C0C
  67 0012 8D40661D 		.ascii	"\215@f\035\003\003\033D\210\011$\304\300\310\302\013"
  67      03031B44 
  67      880924C4 
  67      C0C8C20B 
  68 0022 E4ED60CA 		.ascii	"\344\355`\312`\300\245\202\211\033\244\014b #\003+\037"
  68      60C0A582 
  68      891BA40C 
  68      62202303 
  68      2B1F
  69 0034 90626160 		.ascii	"\220ba`\230\3407\301\217\231\207\001\254\213\231C\355"
  69      98E037C1 
  69      8F998701 
  69      AC8B9943 
  69      ED
  70 0045 C3B16777 		.ascii	"\303\261gw\230Afp\200\214`N!\335\0140\015\022\001\253"
  70      98416670 
  70      808C604E 
  70      21DD0C30 
  70      0D1201AB 
  71 0059 45553AC1 		.ascii	"EU:\301\017E-\013/D-\304X(\311\000\000\250\020\"u"
  71      0F452D0B 
  71      2F442DC4 
  71      5828C900 
  71      00A81022 
  72              		.text
  73              		.section	.gnu.lto_.jmpfuncs.551a4cc6,"e",%progbits
  74 0000 789CB590 		.ascii	"x\234\265\2201\016\2030\014E\377\2673\260q\005\346r"
  74      310E8330 
  74      0C45FFB7 
  74      33B07105 
  74      E672
  75 0012 47C41938 		.ascii	"G\304\0318\003\003\007\240\235{\254\014H\3058\010$J"
  75      030307A0 
  75      9D7BAC0C 
  75      48C53808 
  75      244A
  76 0024 3A20FAA5 		.ascii	": \372\245\310\212\377\267\363\224Z\260IA\002\375RL"
  76      C88AFFB7 
  76      F3945AB0 
  76      494102FD 
  76      524C
  77 0036 56450705 		.ascii	"VE\007\005\370\016\204\235\217\251\244t\332\253\331"
  77      F80E849D 
  77      8FA9A474 
  77      DAABD9
  78 0045 A9784FF6 		.ascii	"\251xO\366\314\2242\034\311'\213\263\361d\371\026aK"
  78      CC94321C 
  78      C9278BB3 
  78      F164F916 
  78      614B
  79 0057 B75BCF20 		.ascii	"\267[\317 48\304\035+d\326\013\037\233a\360\306$9\346"
  79      3438C41D 
  79      2B64D60B 
  79      1F9B61F0 
  79      C62439E6 
  80 006b 75E00227 		.ascii	"u\340\002'_\367!\206\357\321\303=K\370\373\033c\262"
  80      5FF72186 
  80      EFD1C33D 
  80      4BF8FB1B 
  80      63B2
  81 007d 23FEC0E8 		.ascii	"#\376\300\350O(+oW\2361\315\216\237\215\375"
  81      4F282B6F 
  81      579E31CD 
  81      8E9F8DFD 
  82              		.text
  83              		.section	.gnu.lto_.pureconst.551a4cc6,"e",%progbits
  84 0000 789CE362 		.ascii	"x\234\343b```fh`a\234\301\302<\203\005\000\011\037\001"
  84      60606066 
  84      6860619C 
  84      C1C23C83 
  84      0500091F 
  85 0015 CE       		.ascii	"\316"
  86              		.text
  87              		.section	.gnu.lto_.lto.551a4cc6,"e",%progbits
  88 0000 09000400 		.ascii	"\011\000\004\000\001\000\000\000"
  88      01000000 
  89              		.text
  90              		.section	.gnu.lto__Z11printf_nullPKcz.319.551a4cc6,"e",%progbits
  91 0000 789C458E 		.ascii	"x\234E\216\275K\303@\030\306\337\367\256V\262\213\340"
  91      BD4BC340 
  91      18C6DFF7 
  91      AE56B28B 
  91      E0
  92 0011 56701087 		.ascii	"Vp\020\207\246\240NN\032D(h\021\272\006\216\263^4\230"
  92      A6A04E4E 
  92      1A442868 
  92      11BA068E 
  92      B35E3498 
  93 0025 26E17AA1 		.ascii	"&\341z\241c\257\005\227.i\353*N\031\352\344\344\327"
  93      63AF0597 
  93      2E69EB2A 
  93      4E19EAE4 
  93      E4D7
  94 0037 22999CC5 		.ascii	"\"\231\234\305\305?\301\335\311A\320kT|\341\201\347"
  94      C53FC1DD 
  94      C941D06B 
  94      547CE181 
  94      E7
  95 0048 F7F07E4D 		.ascii	"\367\360~M\001 0Z6B\0128\031\017\011h\255\267\346\011"
  95      0120305A 
  95      36420A38 
  95      190F0968 
  95      ADB7E609 
  96 005c F6C7430B 		.ascii	"\366\307C\013\037\260 \204\036\301\036\236\323U\203"
  96      1FB02084 
  96      1EC11E9E 
  96      D35583
  97 006b 1F676FA3 		.ascii	"\037go\243\253E=\3151\243\000\227FE]P\234\320\214\""
  97      AB453DCD 
  97      31A30097 
  97      46455D50 
  97      9CD08C22 
  98 007f 967E1DC1 		.ascii	"\226~\035\301\212q\324\203\225\\\353\347\307{\255-\310"
  98      8A71D483 
  98      955CEBE7 
  98      C77BAD2D 
  98      C8
  99 0090 28C53B34 		.ascii	"(\305;43x\213x\2030\013\314l\371o\217I\340\372e.\037"
  99      33788B78 
  99      83300BCC 
  99      6CF96F8F 
  99      49E0FA65 
 100 00a6 7C7EA55A 		.ascii	"|~\245Z\277.<Y\004 \245\263\237t\011u\0160\242\344\007"
 100      BF2E3C59 
 100      0420A5B3 
 100      9F740975 
 100      0E30A2E4 
 101 00bb FA06DE71 		.ascii	"\372\006\336qP)\216\247\024\377[\000\352;\233.;\020"
 101      50298EA7 
 101      14FF5B00 
 101      EA3B9B2E 
 101      3B10
 102 00cd A192093B 		.ascii	"\241\222\011;\366\325Ir\310\334}\356\363\2203'H\004"
 102      F6D54972 
 102      C8DC7DEE 
 102      F3903327 
 102      4804
 103 00df DBAE37D9 		.ascii	"\333\2567\331\256/\333].\205\273\267\261\276Vm\210\256"
 103      AE2FDB5D 
 103      2E85BBB7 
 103      B1BE566D 
 103      88AE
 104 00f1 23053F8D 		.ascii	"#\005?\215\022\325\251:Q\244\202\210\037\011\011K\266"
 104      12D5A93A 
 104      51A48288 
 104      1F09094B 
 104      B6
 105 0102 5D6BCA56 		.ascii	"]k\312V-\226~\250<\326\021\322\347\201\335\212c({\221"
 105      2D967EA8 
 105      3CD611D2 
 105      E781DD8A 
 105      63287B91 
 106 0116 6C73F50D 		.ascii	"ls\365\015\025\363]\245"
 106      15F35DA5 
 107              		.text
 108              		.section	.gnu.lto__Z17printf_serial_nowPKcz.320.551a4cc6,"e",%progbits
 109 0000 789C7550 		.ascii	"x\234uPMh\023a\020\235\267\263I\023\253\321\203(\336"
 109      4D681361 
 109      109DB7B3 
 109      4913ABD1 
 109      8328DE
 110 0013 44115168 		.ascii	"D\021Qh\012\352EO\032D(\250\010\275\006\226\265nt1\311"
 110      0AEA454F 
 110      1A4428A8 
 110      08BD0696 
 110      B56E7431 
 111 0028 A69B0D3D 		.ascii	"\246\233\015=\366kH\021zI[\301\223\354A\026\331\213"
 111      F66B4811 
 111      7A495BC1 
 111      93EC4116 
 111      D98B
 112 003a 78B2D656 		.ascii	"x\262\326Vq\365b\017=\024\017\242 \222\223?\027)\236"
 112      71F5620F 
 112      3D140FA2 
 112      2092933F 
 112      17299E
 113 004d 3C14EA7C 		.ascii	"<\024\352|\233hE\360\203o\231\231}\363\336\367\336\007"
 113      9B6845F0 
 113      836F9999 
 113      7DF3DEF7 
 113      DE07
 114 005f 104D12D1 		.ascii	"\020M\022\321Q\271`\302\342\302\234AJ\251\363C\006f"
 114      51B960C2 
 114      E2C29C41 
 114      4AA9F343 
 114      0666
 115 0071 16E6F258 		.ascii	"\026\346\362XE\332\201\246\015L\343.\237\220\366\347"
 115      45DA81A6 
 115      0D4CE32E 
 115      9F90F6E7 
 116 0081 EC97DEB7 		.ascii	"\354\227\336\267\203*N\0201Q(7=\367\031\213\0341`\016"
 116      832A4E10 
 116      31512837 
 116      3DF7198B 
 116      1C31600E 
 117 0095 2A0387A5 		.ascii	"*\003\207\245\342\012\035O\224\332X_V*O\0213\236Bv\260"
 117      E20A1D4F 
 117      94DA585F 
 117      562A4F11 
 117      339E4276 
 118 00aa 043C1175 		.ascii	"\004<\021u\031\364w\271\246\277\307\346\225\332|\277"
 118      19F477B9 
 118      A6BFC7E6 
 118      95DA7CBF 
 119 00ba D4585366 		.ascii	"\324XSf\304&\236\375\015\225\223%\254` )\023H\367\370"
 119      C4269EFD 
 119      0D959325 
 119      AC602029 
 119      1348F7F8 
 120 00ce 6D26696F 		.ascii	"m&iomw\225\332\336\377y8'\372\313\362\247\313\332\206"
 120      6D7795DA 
 120      DEFF7938 
 120      27FACBF2 
 120      A7CBDA86 
 121 00e2 32A112A2 		.ascii	"2\241\022\242y6\372\315\2144\233\230\215\237\277\003"
 121      7936FACD 
 121      8C349B98 
 121      8D9FBF03 
 122 00f2 7560449C 		.ascii	"u`D\234\011Y\300\035m2\027qV\350\3041NF<$\270;\361\307"
 122      0959C01D 
 122      6D321771 
 122      56E8C431 
 122      4E463C24 
 123 010a 7B853E2E 		.ascii	"{\205>.\027\262\361\307a\036\272J\347\371\230\323\361"
 123      17B2F1C7 
 123      611EBA4A 
 123      E7F998D3 
 123      F1
 124 011b 4388915D 		.ascii	"C\210\221]H\200\227\232\271\255\324\327\202\006\276"
 124      4880979A 
 124      B9ADD4D7 
 124      8206BE
 125 012a D27C7A67 		.ascii	"\322|zg\030\012\017\304\373\212d\266[\270;\361\326\357"
 125      180A0FC4 
 125      FB8A64B6 
 125      5BB83BF1 
 125      D6EF
 126 013c 37EC0975 		.ascii	"7\354\011u\004\377\274!\342\202F\365V\037\015P{C6\351"
 126      04FFBC21 
 126      E28246F5 
 126      561F0D50 
 126      7B4336E9 
 127 0150 7FBA6F76 		.ascii	"\177\272ovt\343\003Zw\255\317\261\217\276\343\365'\235"
 127      74E3035A 
 127      77ADCFB1 
 127      8FBEE3F5 
 127      279D
 128 0162 D2D92312 		.ascii	"\322\331#\022'\375@\273\367\"\223&\331e\354\004D4v\361"
 128      27FD40BB 
 128      F7229326 
 128      D965EC04 
 128      443476F1 
 129 0176 5CD9BAE6 		.ascii	"\\\331\272\346\324\003\277e\335t\203[\255\353V\371\212"
 129      D403BF65 
 129      DD74835B 
 129      ADEB56F9 
 129      8A
 130 0187 EDDA75DB 		.ascii	"\355\332u\333*U[\216ual\334\272\344\372\265)\333w\312"
 130      2A555B8E 
 130      75616CDC 
 130      BAE4FAB5 
 130      29DB77CA 
 131 019b 97CF9C3E 		.ascii	"\227\317\234>5r\325\231*\371\216}\333k\005\315\221\222"
 131      3572D599 
 131      2AF98E7D 
 131      DB6B05CD 
 131      9192
 132 01ad E70555CF 		.ascii	"\347\005U\317\276\341\370t\250X\034\035\367'F\033\276"
 132      BEE1F874 
 132      A8581C1D 
 132      F727461B 
 132      BE
 133 01be 5B0F2A56 		.ascii	"[\017*V\323\361]\273Z\234h4([\361\374\232\035\230U\267"
 133      D3F15DBB 
 133      5A9C6834 
 133      285BF1FC 
 133      9A1D9855 
 134 01d3 19FC029E 		.ascii	"\031\374\002\236\021\260\266"
 134      11B0B6
 135              		.text
 136              		.section	.gnu.lto__Z13printf_serialPKcz.321.551a4cc6,"e",%progbits
 137 0000 789C7553 		.ascii	"x\234uS]l\014Q\024\276\337=\263\273\235b\325_\353_["
 137      5D6C0C51 
 137      14BEDF3D 
 137      B3BB9D62 
 137      D55FEB5F 
 138 0015 7F215182 		.ascii	"\177!Q\202\007<\321\210D\202H\2746\331,\266l\264\335"
 138      073CD188 
 138      448248BC 
 138      36D92CB6 
 138      6CB4DD
 139 0028 66BA8D47 		.ascii	"f\272\215G\323\332E*\242\213x\252\011\233\211\354\203"
 139      D3DA452A 
 139      A28B78AA 
 139      099B89EC 
 139      83
 140 0039 4444D06A 		.ascii	"DD\320j\261V\322\020\377\036\364\001Mc%x xj\242\011"
 140      B156D210 
 140      FF1EF401 
 140      4D632578 
 140      20786AA2 
 141 004e E7DE196D 		.ascii	"\347\336\031m\203nv\356\334\373\315\371\276s\316w\357"
 141      836E76EE 
 141      DCFBCDF9 
 141      BE73CE77 
 141      EF
 142 005f 3D6008D1 		.ascii	"=`\010\321\"\204\210\363\203\220\300\231L\207\024\266"
 142      228488F3 
 142      8390C099 
 142      4C8714B6 
 143 006f 6D6F0E49 		.ascii	"mo\016Iy4sR\3426xUi\2443a\375&\231R\350]<\276\324Um"
 143      79347352 
 143      E2367855 
 143      69A43361 
 143      FD269952 
 144 008a 1CCB846F 		.ascii	"\034\313\204o\014\026\027\030\006\316gJ5+\300\263?\012"
 144      0C161718 
 144      06CE674A 
 144      352BC0B3 
 144      3F0A
 145 009c 41B4653A 		.ascii	"A\264e:L\364@\257 \216H2\002A\034\301YZ\301\320p\372"
 145      4CF440AF 
 145      208E4832 
 145      02411CC1 
 145      595AC1D0 
 146 00b2 63E79772 		.ascii	"c\347\227r;\227\207KB8\374\350_\027\341\014\271\004"
 146      3B97874B 
 146      4238FCE8 
 146      5F17E10C 
 146      B904
 147 00c4 18FE4CA2 		.ascii	"\030\376L\242\222gT/\226\347m\373\305\303n\3336\205"
 147      9267542F 
 147      96E76DFB 
 147      C5C36EDB 
 147      3685
 148 00d6 4B845B60 		.ascii	"K\204[`\016n\0027 \024\300\334\240\257#\231\300sN\255"
 148      0E6E0237 
 148      2014C0DC 
 148      A0AF2399 
 148      C0734EAD 
 149 00ea F5A8518D 		.ascii	"\365\250Q\215K\231\376\355K_\363C\333p\311@\357x\272"
 149      4B99FEED 
 149      4B5FF343 
 149      DB70C940 
 149      EF78BA
 150 00fd 973728D0 		.ascii	"\2277(\320\007\301-\373+\201;\276@B\013t\262\300\360"
 150      07C12DFB 
 150      2B813BBE 
 150      40420B74 
 150      B2C0F0
 151 0110 6B4F2080 		.ascii	"kO \200{\177\0110;\317\354\273\036E\007w\024\217\207"
 151      7B7F0930 
 151      3BCFECBB 
 151      1E450777 
 151      148F87
 152 0123 3BDB4A26 		.ascii	";\333J&\210.\370\271\370O\234\230\331\014]}\025\310"
 152      882EF8B9 
 152      F84F9C98 
 152      D90C5D7D 
 152      15C8
 153 0135 B78FFC3A 		.ascii	"\267\217\374:m\333\003\345\375\353*\300\235\005%\017"
 153      6DDB03E5 
 153      FDEB2AC0 
 153      9D05250F 
 154 0145 21E2A124 		.ascii	"!\342\241$\304\203i\002\335(\323\265\212\323\244\274"
 154      C4836902 
 154      DD28D3B5 
 154      8AD3A4BC 
 155 0155 B60DD879 		.ascii	"\266\015\330y!:Iz\2136^|\303\321\241\201k&g\310R(\005"
 155      213A497A 
 155      8B365E7C 
 155      C3D1A181 
 155      6B2667C8 
 156 016c E952A943 		.ascii	"\351R\251C\332\251I\3423R\237\037\204\031W\376\232^"
 156      DAA949E2 
 156      33529F1F 
 156      841957FE 
 156      9A5E
 157 017e 41CCA636 		.ascii	"A\314\2466f\313Q\366\233\236R6 K\320\354\311\016I\305"
 157      66CB51F6 
 157      9B9E5236 
 157      204BD0EC 
 157      C90E49C5 
 158 0192 9EC2DFD2 		.ascii	"\236\302\337\322\027_2^\246\361\260\243\254\317z{5\025"
 158      175F325E 
 158      A6F1B0A3 
 158      ACCF7A7B 
 158      3515
 159 01a4 952E9579 		.ascii	"\225.\225y\372\275\275`38L}0F\223\030W\216}?\001?I:"
 159      FABDBD60 
 159      33384C7D 
 159      30469318 
 159      578E7D3F 
 160 01bc D737780A 		.ascii	"\3277x\012\270\017\241\265\2469\304\3471\245\016\014"
 160      B80FA1B5 
 160      A639C4E7 
 160      31A50E0C 
 161 01cc 9B365D39 		.ascii	"\2336]9r\037X\351\322\014\361\025\355\347:\006\006\314"
 161      721F58E9 
 161      D20CF115 
 161      EDE73A06 
 161      06CC
 162 01de 2CA9CDBD 		.ascii	",\251\315\275\354\207\314dy<\2022|\015#\271\371.\315"
 162      EC87CC64 
 162      793C8232 
 162      7C0D23B9 
 162      F92ECD
 163 01f1 C2135C20 		.ascii	"\302\023\\ oC\327xQ\345x\312\020F\241O\313\\\252\300"
 163      6F43D778 
 163      51E578CA 
 163      1046A14F 
 163      CB5CAAC0 
 164 0205 33C6E458 		.ascii	"3\306\344X\266\020\236C\225t<wn\222W\315l\207\002\252"
 164      B6109E43 
 164      95743C77 
 164      6E9257CD 
 164      6C8702AA 
 165 0219 33A91A98 		.ascii	"3\251\032\230\203a\236\232P\247u.\207\245r#\203S\274"
 165      83619E9A 
 165      50A7752E 
 165      87A57223 
 165      8353BC
 166 022c B8790E05 		.ascii	"\270y\016\005\377\251\332\245\371\332\304\237\227d\226"
 166      FFA9DAA5 
 166      F9DAC49F 
 166      976496
 167 023b 48C72D70 		.ascii	"H\307-p(\244\034\\\250\035\274\340\367\274\310\241\022"
 167      28A41C5C 
 167      A81DBCE0 
 167      F7BCC8A1 
 167      12
 168 024c 9585B815 		.ascii	"\225\205\270\025\227*\271\321\302\240:\013\033\253]"
 168      972AB9D1 
 168      C2A03A0B 
 168      1BAB5D
 169 025b 959E1D0B 		.ascii	"\225\236\035\013\214\337\226tn\344}7\360`\002\307\012"
 169      8CDF9674 
 169      6EE47D37 
 169      F06002C7 
 169      0A
 170 026c EA93E798 		.ascii	"\352\223\347\230j\245\253\230\227\343\233\361\257T\225"
 170      6AA5AB98 
 170      97E39BF1 
 170      AF5495
 171 027b 764CE355 		.ascii	"vL\343U9\322\360eu\322\252\361\026x\243\244\333\331"
 171      39D2F065 
 171      75D2AAF1 
 171      1678A3A4 
 171      DBD9
 172 028d A5992AF0 		.ascii	"\245\231*\360\235\022\364\014\260\241\014(\214\032\320"
 172      9D12F40C 
 172      B0A10C28 
 172      8C1AD0
 173 029c 57DCF07F 		.ascii	"W\334\360\177\003t\021\236\001\251\241\353\375\025^"
 173      0374119E 
 173      01A9A1EB 
 173      FD155E
 174 02ab D462874C 		.ascii	"\324b\207L1Q\336\342X^\265\211U\370\340i,\361\375(\214"
 174      3151DEE2 
 174      585EB589 
 174      55F8E069 
 174      2CF1FD28 
 175 02c0 F3233876 		.ascii	"\363#8v\310\177\240}\250\247\277D_t\241n\003\306n\203"
 175      C87FA07D 
 175      A8A7BF44 
 175      5F74A16E 
 175      03C66E83 
 176 02d4 10DBB76E 		.ascii	"\020\333\267n\252\213\354\2165%\255\326\310\201x\362"
 176      AA8BEC8E 
 176      3525ADD6 
 176      C88178F2 
 177 02e4 60EBDE48 		.ascii	"`\353\336H\335\316h<\332\024\215\3246\264\306\"[\266"
 177      DDCE683C 
 177      DA148DD4 
 177      36B4C622 
 177      5BB6
 178 02f6 EF896C8B 		.ascii	"\357\211l\213[\215\207\243V\254n\307\372ukW\355\212"
 178      5B8D87A3 
 178      56AC6EC7 
 178      FA756B57 
 178      ED8A
 179 0308 1DAEB562 		.ascii	"\035\256\265b\321C\211\326d\313\252\332D\"\331\220\210"
 179      D14389D6 
 179      64CBAADA 
 179      4422D990 
 179      88
 180 0319 EE8F5962 		.ascii	"\356\217YbNM\315\352=\326\276\325\315V\274)Y\037i\211"
 180      4E4DCDEA 
 180      3DD6BED5 
 180      CD56BC29 
 180      591F6989 
 181 032d 59F16843 		.ascii	"Y\361hC\315\276\346f\021\254OX\215\321$bFC\274%\371"
 181      CDBEE666 
 181      11AC4F58 
 181      8DD12462 
 181      4643BC25 
 182 0342 1BC30E73 		.ascii	"\033\303\016s\205"
 182      85
 183              		.text
 184              		.section	.gnu.lto_.symbol_nodes.551a4cc6,"e",%progbits
 185 0000 789C75D0 		.ascii	"x\234u\320;\216\302@\014\200a?\342\014I\270\3036\234"
 185      3B8EC240 
 185      0C80613F 
 185      E20C49B8 
 185      C3369C
 186 0013 047194BD 		.ascii	"\004q\224\275\207\203\024!Jj\036\313C\224{\202-\026"
 186      87831421 
 186      4A6A1ECB 
 186      43947B82 
 186      2D16
 187 0025 90A83905 		.ascii	"\220\2509\005\027\340\004\340\340 DaW\237\364{f\244"
 187      17E004E0 
 187      E0204461 
 187      579FF47B 
 187      66A4
 188 0037 290800E8 		.ascii	")\010\000\350@\012\265M\206\263\013\200\002\374\325"
 188      400AB54D 
 188      86B30B80 
 188      02FCD5
 189 0046 63048476 		.ascii	"c\004\204v\350H\212\037q\376\216\362OP\017\001\230N"
 189      E8488A1F 
 189      71FE8EF2 
 189      4F500F01 
 189      984E
 190 0058 A4146DE1 		.ascii	"\244\024m\341J\224\357\335|=\027\240}\257\255\270\024"
 190      4A94EFDD 
 190      7C3D17A0 
 190      7DAFADB8 
 190      14
 191 0069 CDA2B610 		.ascii	"\315\242\266\020\225\250\315E\363\250\355DS\324\266"
 191      95A8CD45 
 191      F3A8ED44 
 191      53D4B6
 192 0078 A2BDA86D 		.ascii	"\242\275\250mD\213\250\255E\313\250\375\210VAcL\376"
 192      448BA8AD 
 192      45CBA8FD 
 192      88564163 
 192      4CFE
 193 008a 2D03C6DC 		.ascii	"-\003\306\3345b\024\3277c\346j\220\271\377Z\344jl\""
 193      356214D7 
 193      3763E66A 
 193      90B9FF5A 
 193      E46A6C22 
 194 009e CB5CBADA 		.ascii	"\313\\\272\332\234~'\267)\342\331\230;\233\234Y\234"
 194      9C7E27B7 
 194      29E2D998 
 194      3B9B9C59 
 194      9C
 195 00af 7B63D12D 		.ascii	"{c\321-\030{\316\2531\371\015\373d\307\234g\2438\257"
 195      187BCEAB 
 195      31F90DFB 
 195      64C79C67 
 195      A338AF
 196 00c2 C6AC7BA2 		.ascii	"\306\254{\242\204\007b\260\260|"
 196      840762B0 
 196      B07C
 197              		.text
 198              		.section	.gnu.lto_.refs.551a4cc6,"e",%progbits
 199 0000 789C1365 		.ascii	"x\234\023e```bdbbb`bba`bfb\342\003\262\004\030\030\000"
 199      60606062 
 199      64626262 
 199      60626261 
 199      60626662 
 200 001b 04380052 		.ascii	"\0048\000R"
 201              		.text
 202              		.section	.gnu.lto_.decls.551a4cc6,"e",%progbits
 203 0000 789CBD59 		.ascii	"x\234\275Y{XTG\226\277\347\326\245\273i\232G\024'&\223"
 203      7B585447 
 203      96BFE7D6 
 203      A5BB699A 
 203      47142726 
 204 0015 2F1F93CF 		.ascii	"/\037\223\317\231a7Qy\230\214\311\274\234d\310,\233"
 204      99613751 
 204      79988CC9 
 204      BC9C64C8 
 204      2C9B
 205 0027 C4754266 		.ascii	"\304uBfw\307\361\373z[\272\225^\351n\276\356&q\362\317"
 205      77C7F1FB 
 205      7A5BBA95 
 205      5EE96EBE 
 205      EE2671F2 
 206 003c 5E040545 		.ascii	"^\004\005E\224\240F\024T\024Q|\023\305\007\342\243E"
 206      94A04614 
 206      5414517C 
 206      13C507E2 
 206      A345
 207 004e 51E20345 		.ascii	"Q\342\003E\215/|\006T|cb\224(\003{\252\352\366\275\335"
 207      8D2F7C06 
 207      547C6362 
 207      9428037B 
 207      AAEAF6BD 
 208 0063 0DEE8EF3 		.ascii	"\015\356\216\363\355N\177]}\357\255\372\3259\277s\352"
 208      ED4E7F5D 
 208      7DEFADFA 
 208      D539BF73 
 208      EA
 209 0074 D4A9AADB 		.ascii	"\324\251\252\333\353~$\010e\021\202 \211\202\320\213"
 209      EB7E2408 
 209      65118220 
 209      8982D08B 
 210 0084 1F491084 		.ascii	"\037I\020\204\026,\364\272\033K\003\226?b9*\360\217"
 210      162CF4BA 
 210      1B4B0396 
 210      3F62392A 
 210      F08F
 211 0096 09CB692C 		.ascii	"\011\313i,\347\260\\\300\3625\226;X\000\004A\217e*\226"
 211      E7B05CC0 
 211      F235963B 
 211      58000441 
 211      8F652A96 
 212 00aa 19581AB1 		.ascii	"\031X\032\261|\211\345\010\026\374\012_\201\020\364"
 212      7C89E508 
 212      16FC0A5F 
 212      8110F4
 213 00b9 D9005C47 		.ascii	"\331\000\\G\006\226\001Xb\025}\364\003\212\216\320\317"
 213      06960158 
 213      62157DF4 
 213      038A8ED0 
 213      CF
 214 00ca 666C78AE 		.ascii	"flx\256\237>{\260\234\002\316U\207\327\323X\316`9\011"
 214      9F3E7BB0 
 214      9C02CE55 
 214      87D7D358 
 214      CE603909 
 215 00de 9C3B1578 		.ascii	"\234;\025x\026\313m\312\033\257W\024ya\212\035\2247"
 215      16CB6DCA 
 215      1BAF5714 
 215      79618A1D 
 215      9437
 216 00f0 E57F47B1 		.ascii	"\345\177G\261\247?\276\365\370\374\343~t\217\024\271"
 216      A73FBEF5 
 216      F8FCE37E 
 216      748F14B9 
 217 0100 FE37F1FA 		.ascii	"\3767\361\372\026\226\237c\311E\354/\360z\030\257\277"
 217      16969F63 
 217      C945EC2F 
 217      F07A18AF 
 217      BF
 218 0111 C46B135E 		.ascii	"\304k\023^\177%r\037\356\203`\256\011X\237\214\245\235"
 218      7F25721F 
 218      EE8360AE 
 218      09589F8C 
 218      A59D
 219 0123 F252B887 		.ascii	"\362R\270\207r\3765\266O\307\373Qx\315\013\260\315o"
 219      72FE35B6 
 219      4FC7FB51 
 219      78CD0BB0 
 219      CD6F
 220 0135 0BC1320C 		.ascii	"\013\3012\014\333\206b\271\212uFel\216(c\320\010\301"
 220      DB8662B9 
 220      8A754665 
 220      6C8E2863 
 220      D008C1
 221 0148 36CE50C6 		.ascii	"6\316P\306\351i\266\226\020\030\000\022\376\306B\034"
 221      E969B696 
 221      10180012 
 221      FEC6421C 
 222 0158 11052209 		.ascii	"\021\005\"\011\303e\366Y\026-\300V\005L\342\2052b\370"
 222      C365F659 
 222      162DC056 
 222      054CE285 
 222      3262F8
 223 016b 62D19CA5 		.ascii	"b\321\234\245Q?\004\2107\342\317\024Y\256\030\001;\000"
 223      513F0488 
 223      37E2CF14 
 223      59AE1801 
 223      3B00
 224 017d 9106BC40 		.ascii	"\221\006\274@\035\3006\206\206- `e\207\334\220C\004"
 224      1DC03686 
 224      862D2060 
 224      6587DC90 
 224      4304
 225 018f 48860401 		.ascii	"H\206\004\001\352\001\021\002l\007\330I\373uG\343c\031"
 225      EA011102 
 225      6C07D849 
 225      FB7547E3 
 225      6319
 226 01a1 11BFDE36 		.ascii	"\021\277\3366uM\224\221b}\032\266.\000\213\230\023\365"
 226      754D9491 
 226      627D1AB6 
 226      2E008B98 
 226      13F5
 227 01b3 D7F7194D 		.ascii	"\327\367\031M>Y\356\224+\032$\330\005\260\031\240\226"
 227      3E59EE94 
 227      2B1A24D8 
 227      05B019A0 
 227      96
 228 01c4 DAB71B7F 		.ascii	"\332\267\033\177\310P\344%\036?t\275\3254P\246\230\002"
 228      C850E425 
 228      1E3F74BD 
 228      D53450A6 
 228      9802
 229 01d6 9F242808 		.ascii	"\237$(\010\360\001\374I\200qH\0111\253nM}\034 g\217"
 229      F001FC49 
 229      80714809 
 229      31AB6E4D 
 229      7D1C2067 
 230 01eb 26A70198 		.ascii	"&\247\001\230\023~\002\275\275\204]\005\362\272@Fq\307"
 230      137E02BD 
 230      BD845D05 
 230      F2BA4046 
 230      71C7
 231 01fd 88CC3131 		.ascii	"\210\31411\344\237\005\362>\025S\3348}et<\263\371'p"
 231      E49F05F2 
 231      3E1553DC 
 231      387D6574 
 231      3CB3F927 
 232 0212 5035191D 		.ascii	"P5\031\035_Ft\035M\353^\247\256\301/*\272-\037\313\011"
 232      5F46741D 
 232      4DEB5EA7 
 232      AEC12F2A 
 232      BA2D1FCB 
 233 0227 13A009E0 		.ascii	"\023\240\011\340\000\2229\004\200\021\002G\000\232A"
 233      00923904 
 233      80110247 
 233      009A41
 234 0236 C45BEA86 		.ascii	"\304[\352\206^ZWF\244\357Wnp\032\342Y\227\212=\264\321"
 234      5E5A5746 
 234      A4EF576E 
 234      701AE259 
 234      978A3DB4 
 235 024b DFE918C0 		.ascii	"\337\351\030\300Q\252\003\366\001\354\245\236\356\352"
 235      51AA03F6 
 235      01ECA59E 
 235      EEEA
 236 0259 99D62A0A 		.ascii	"\231\326*\012\264r\277\252\273\221\352\026\277n\237"
 236      B472BFAA 
 236      BB91EA16 
 236      BF6E9F
 237 0268 5E1689F1 		.ascii	"^\026\211\361 \322\251f\005\2003o\340\217Q\030K\204"
 237      20D2A966 
 237      0580336F 
 237      E08F5118 
 237      4B84
 238 027a 58599445 		.ascii	"XY\224E\235\225\210Fb$Vc\023\274\034\377\200\2142\210"
 238      9D958846 
 238      62245663 
 238      13BC1CFF 
 238      808C3288 
 239 028e F1D14643 		.ascii	"\361\321FC\365^\2101\206\031D\261Co5\306?\206\265b\205"
 239      F55E8831 
 239      861944B1 
 239      436F35C6 
 239      3F86B562 
 240 02a3 2E6E942C 		.ascii	".n\224,Yg\016\352\320\313b\361\350\330\344Q\370\333"
 240      59670EEA 
 240      D0CB62F1 
 240      E8D8E451 
 240      F8DB
 241 02b5 A16F022B 		.ascii	"\241o\002+\366\032#\031b\360\256Co|@*\212t\326#b\301"
 241      F61A2319 
 241      62F0AE43 
 241      6F7C402A 
 241      8A74D623 
 242 02cb 4F91ACD1 		.ascii	"O\221\254\321\232\024\213\354F\031\014/G7\220\006\362"
 242      9A148BEC 
 242      46190C2F 
 242      47379006 
 242      F2
 243 02dc AE20180C 		.ascii	"\256 \030\0145\353\007\031;\364\321(\"\336\032\027c"
 243      35EB0719 
 243      3BF4D128 
 243      22DE1A17 
 243      63
 244 02ed 8D8B6E82 		.ascii	"\215\213n\2020\253\325\030\033/ \011kR\322(\321\210"
 244      30ABD518 
 244      1B2F2009 
 244      6B52D228 
 244      D188
 245 02ff 92254313 		.ascii	"\222%C\023$\0210%\311Wn=o\004c\370\313q\361\202`\025"
 245      24113025 
 245      C9576E3D 
 245      6F0463F8 
 245      CB71F182 
 246 0315 DE15512E 		.ascii	"\336\025Q.\351\365\177@\217:\255\332#\015B1I$\357u\350"
 246      E9F57F40 
 246      8F3AADDA 
 246      230D4231 
 246      4924EF75 
 247 032a 054114E3 		.ascii	"\005A\024\343\004A\226\014&\023\372H2\204\233\337\263"
 247      0441960C 
 247      2613FA48 
 247      32849BDF 
 247      B3
 248 033b 8E49320A 		.ascii	"\216I2\012\035z\021\233b%\220E\320z\032u\202:\003X\272"
 248      1D7A119B 
 248      62259045 
 248      D07A1A75 
 248      823A0358 
 249 0350 02FAE53F 		.ascii	"\002\372\345?|\326\004jQ\353\321\257JrSk!\240'\277\012"
 249      7CD6046A 
 249      51EBD1AF 
 249      4A72536B 
 249      21A027BF 
 250 0365 8A3041F4 		.ascii	"\2120A\364+\000\277\022Ai\015\020\256q\340\003\351\377"
 250      2B00BF12 
 250      41690D10 
 250      AE71E003 
 250      E9FF
 251 0377 087E3D01 		.ascii	"\010~=\001\034\025I\364W\344*Q\007h}\240\017qA\010\""
 251      1C1549F4 
 251      57E42A51 
 251      07687DA0 
 251      0F714108 
 252 038c 09AAD1FE 		.ascii	"\011\252\321\376\244\313\246EQC\376A\3435\032Z\017\346"
 252      A4CBA645 
 252      5143FE41 
 252      E3351A5A 
 252      0FE6
 253 039e 9D0B83A8 		.ascii	"\235\013\203\250\342Q\002\020L\275\204E\264\330[\336"
 253      E2510210 
 253      4CBD8445 
 253      B4D85BDE 
 254 03ae BD8BD0CC 		.ascii	"\275\213\320\314Mg\033>/_\262q\256\370\274L#U\216\205"
 254      4D671B3E 
 254      2F5FB271 
 254      AEF8BC4C 
 254      23558E85 
 255 03c2 0C254E05 		.ascii	"\014%N\005\300$\0074\261 d\301\245\262\273\341\257\224"
 255      C0240734 
 255      B12064C1 
 255      A5B2BBE1 
 255      AF94
 256 03d4 97CA5DAD 		.ascii	"\227\312]\255\315\227\226\017\330\237+W\323\320@\010"
 256      CD97960F 
 256      D89F2B57 
 256      D3D04008 
 257 03e4 9C5463F6 		.ascii	"\234Tc\366\004\342\217\003\264\240\242:\3149'D\332\363"
 257      04E28F03 
 257      B4A0A23A 
 257      CC392744 
 257      DAF3
 258 03f6 DACC7BF9 		.ascii	"\332\314{\371Q\257\224\226\3125\315\333d9L\366\311\022"
 258      51AF9496 
 258      CA35CDDB 
 258      64394CF6 
 258      C912
 259 0408 ED7556ED 		.ascii	"\355uV\355uF\353u\025{=a\275:\347\355K`\235n\004v:\257"
 259      7546EB75 
 259      157B3D61 
 259      BD3AE7ED 
 259      4B609D6E 
 260 0420 766AD53A 		.ascii	"vj\325:M'\002YJh\247\025+\333o\230\024\273\300\205\025"
 260      4D270259 
 260      4A68A715 
 260      2BDB6F98 
 260      14BBC085 
 261 0435 B575CDA7 		.ascii	"\265u\315\247\"\3721\014\2634\\\346\206\355\333\377"
 261      22FA310C 
 261      B3345CE6 
 261      86EDDBFF 
 262 0445 95CFF44A 		.ascii	"\225\317\364J\251,o;Yvvd\203\210mpIUs\221]\310=T!K\024"
 262      A92C6F3B 
 262      59767664 
 262      83886D70 
 262      49557391 
 263 0460 5E5376ED 		.ascii	"^Sv\355\240\036U\000M\366d*\253[V\265\370x8\255\273"
 263      A01E5500 
 263      4DF6642A 
 263      AB5B56B5 
 263      F87838AD 
 264 0475 8662AF02 		.ascii	"\206b\257\002)b\265\363\316\337m4\014d9\267\300\307"
 264      2962B5F3 
 264      CEDF6D34 
 264      0C6439B7 
 264      C0C7
 265 0487 A57500DC 		.ascii	"\245u\000\334\000e\210\252\252\317\367\030#\325\314"
 265      006588AA 
 265      AACFF718 
 265      23D5CC
 266 0496 7543CB5C 		.ascii	"uC\313\\79\261\205\027.N\015g\306\334\344\306,\337v"
 266      3739B185 
 266      172E4E0D 
 266      67C6DCE4 
 266      C62CDF76 
 267 04aa EA4C7FA3 		.ascii	"\352L\177\243t\033\265\336\342}\212\344\2225a\257\224"
 267      741BB5DE 
 267      E27D8AE4 
 267      923561AF 
 267      94
 268 04bb 16C805F9 		.ascii	"\026\310\005\371M\307dC\256,\237\027\261\035\332\270"
 268      4DC76443 
 268      AE2C9F17 
 268      B11DDAB8 
 269 04cb 41701DA1 		.ascii	"Ap\035\241m\334\244\371\022z\215\021m<py\211\256o\236"
 269      6DDCA4F9 
 269      127A8D11 
 269      6D3C7079 
 269      89AE6F9E 
 270 04df BD179867 		.ascii	"\275\027\230g\2675U\227q2\235\234LY\331\206\216H\277"
 270      B7355597 
 270      71329D9C 
 270      4C59D986 
 270      8E48BF
 271 04f2 ABEF03E6 		.ascii	"\253\357\003\346\323?\262\331\030\315\356\004R\303D"
 271      D33FB2D9 
 271      18CDEE04 
 271      52C344
 272 0501 977CFBA8 		.ascii	"\227|\373\250IgdF\372\362\302U\321\337\001\374Q\200"
 272      49676446 
 272      FAF2C255 
 272      D1DF01FC 
 272      5180
 273 0513 0700DFD2 		.ascii	"\007\000\337\322\265`\325\205\231m\300D=\004\370\206"
 273      B560D585 
 273      996DC044 
 273      3D04F886 
 274 0523 D6B4F536 		.ascii	"\326\264\3656\255\224\264\254\276C\363M\227b\347\201"
 274      AD94B4AC 
 274      BE43F34D 
 274      9762E781 
 275 0533 0B5FF300 		.ascii	"\013_\363\000\356\002xD\273\034zrp\221\310j\376\221"
 275      EE027844 
 275      BB1C7A72 
 275      7091C86A 
 275      FE91
 276 0545 02F6D41C 		.ascii	"\002\366\324\034*\010c\217\257\301c [\031\233\325\325"
 276      2A08638F 
 276      AFC16320 
 276      5B199BD5 
 276      D5
 277 0556 C7F745B0 		.ascii	"\307\367E\260\312n\200'@v\261\332\225S\267]\227\350"
 277      CA6E8027 
 277      4076B1DA 
 277      9553B75D 
 277      97E8
 278 0568 E8F500FC 		.ascii	"\350\365\000\374\205M\207y5OV\352UG\217\345\216\206"
 278      854D8779 
 278      354F56EA 
 278      55478FE5 
 278      8E86
 279 057a 5E242EE3 		.ascii	"^$.\343\354\374\236S\370\252\342\336!\221\272\272k\341"
 279      ECFC9E53 
 279      F8AAE2DE 
 279      2191BABA 
 279      6BE1
 280 058c B5A63983 		.ascii	"\265\2469\203\312e\014\035\314Hw\325\320\271\313\375"
 280      CA650C1D 
 280      CC4877D5 
 280      D0B9CBFD 
 281 059c BC34AC4F 		.ascii	"\2744\254O\330\204\206L\256\2105\2276\235\330.)\303"
 281      D884864C 
 281      AE883597 
 281      369DD82E 
 281      29C3
 282 05ae 4D11DDA7 		.ascii	"M\021\335\247\226\3657\330\323\220\301T\221\311Xt\266"
 282      96F537D8 
 282      D390C154 
 282      91C95874 
 282      B6
 283 05bf 7EBE2170 		.ascii	"~\276!p\260}8\330\323D\230\"\362\301\316C\350\024\226"
 283      B07D38D8 
 283      D3449822 
 283      F2C1CE43 
 283      E81496
 284 05d2 B2486D98 		.ascii	"\262Hm\230@Z\302\370\332\027\307~\007\263\025\320\007"
 284      405AC2F8 
 284      DA17C77E 
 284      07B315D0 
 284      07
 285 05e3 E414365D 		.ascii	"\344\0246]\301r\215\361<us\341e\335k\005\030\2622\265"
 285      C1728DF1 
 285      3C7573E1 
 285      65DD6B05 
 285      18B232B5 
 286 05f7 75B6A858 		.ascii	"u\266\250XC\205\334D\324\016\235@\032u\\P,\023Q\001"
 286      4385DC44 
 286      D40E9D40 
 286      1A755C50 
 286      2C135101 
 287 060b EC21861C 		.ascii	"\354!\206\034\321\375u#\316z\311@Z\0251\006r\025\205"
 287      D1FD7523 
 287      CE7AC940 
 287      5A153106 
 287      721585
 288 061e DEC53255 		.ascii	"\336\3052U\217\022\244\365\355\271\327\"\342i<vu>>S"
 288      8F12A4F5 
 288      EDB9D722 
 288      E2693C76 
 288      753E3E53 
 289 0632 170F5021 		.ascii	"\027\017P!\302b\021\212\231)\260H\024\202\346\324\022"
 289      C262118A 
 289      9929B048 
 289      1482E6D4 
 289      12
 290 0643 91B6B346 		.ascii	"\221\266\263FT?eok\232\0268\330\340\017\234\245\010"
 290      543F656F 
 290      6B9A1638 
 290      D8E00F9C 
 290      A508
 291 0655 20F9068A 		.ascii	" \371\006\212\231\273\360\306i}? X&r\330g\006\201,\300"
 291      99BBF0C6 
 291      697D3F20 
 291      582672D8 
 291      6706812C 
 292 066a 5269A00C 		.ascii	"Ri\240\014_\302\221g\027\201\254\305\312\335X\232\261"
 292      5FC29167 
 292      1781ACC5 
 292      CADD589A 
 292      B1
 293 067b 1C63B24E 		.ascii	"\034c\262NT\235\335\037\3017\016/\341*\353\037\3735"
 293      549DDD1F 
 293      C1370E2F 
 293      E12AEB1F 
 293      FB35
 294 068d 3487E9A6 		.ascii	"4\207\351\246}\373\260\007\370\306\301(B\215\210\233"
 294      7DFBB007 
 294      F8C6C128 
 294      428D889B 
 295 069d 03092F3E 		.ascii	"\003\011/>\272\213\2321X\331\030\255\243-\002\254\027"
 295      BA8B9A31 
 295      58D918AD 
 295      A32D02AC 
 295      17
 296 06ae 61038681 		.ascii	"a\003\206\201\324\263\363\260l\2147\320\331x(\027\327"
 296      D4B3F3B0 
 296      6C8C37D0 
 296      D9782817 
 296      D7
 297 06bf B48D22AC 		.ascii	"\264\215\"\254Vm_%\012\254\363e\334\003\325\210\274"
 297      566D5F25 
 297      0AACF365 
 297      DC03D588 
 297      BC
 298 06d0 FF1722C5 		.ascii	"\377\027\"\305\024\213P-\302J\224`\252Z\177x\201\024"
 298      148B502D 
 298      C24A9460 
 298      AA5A7F78 
 298      8114
 299 06e2 3F70087E 		.ascii	"?p\010~\250\224#{QJm_\017\346\361\311\276@\204\317Q"
 299      A894237B 
 299      514A6D5F 
 299      0FE6F1C9 
 299      BE4084CF 
 300 06f7 FD269162 		.ascii	"\375&\221bP\312V\021\266\240\031\350\023\012\246N\272"
 300      50CA5611 
 300      B6A019E8 
 300      130AA64E 
 300      BA
 301 0708 903B6316 		.ascii	"\220;c\026\024\347\020\250\024\241\234\301\374>-C\010"
 301      14E710A8 
 301      14A19CC1 
 301      FC3E2D43 
 301      08
 302 0719 3E50544D 		.ascii	">PTMk\356\0019&\317DAUA\240\341*\246\363\\na\021\324"
 302      6BEE0139 
 302      26CF4441 
 302      5541A0E1 
 302      2AA6F35C 
 303 0731 C884125E 		.ascii	"\310\204\022^\301@\324\002\016Id\210\363\001\272\226"
 303      C140D402 
 303      0E496488 
 303      F301BA96 
 304 0741 F7D59528 		.ascii	"\367\325\225(\220\213\350\372o\250\353\015\035\245M"
 304      908BE8FA 
 304      6FA8EB0D 
 304      1DA54D
 305 0750 ED103F64 		.ascii	"\355\020?d \263\362\014\006%\354\024a\273je\035\263"
 305      20B3F20C 
 305      0625EC14 
 305      61BB6A65 
 305      1DB3
 306 0762 B2F3DCD4 		.ascii	"\262\363\334\324f\231IDY\013E\012\341\026\373\265\026"
 306      66994944 
 306      590B450A 
 306      E116FBB5 
 306      16
 307 0773 AB9E9827 		.ascii	"\253\236\230'\302\\\364D=\003\241'v\210\260\313\357"
 307      C25CF444 
 307      3D03A127 
 307      7688B0CB 
 307      EF
 308 0784 83D6AA7C 		.ascii	"\203\326\252|\316\253T\204\371\014\340\347\365\271\302"
 308      CEAB5484 
 308      F90CE0E7 
 308      F5B9C2
 309 0793 6B4A38C6 		.ascii	"kJ8\306\015\2265\3414\206\317\334/=\02490\236\355\227"
 309      0D9635E1 
 309      3486CFDC 
 309      2F3D1439 
 309      309EED97 
 310 07a7 69A0F2A1 		.ascii	"i\240\362\241\332+B\203\302\217F\367\26157Z\023\201"
 310      DA2B4283 
 310      C28F46F7 
 310      B135375A 
 310      1381
 311 07b9 56ED5159 		.ascii	"V\355QY\373p\001\2544\012\344\264\221\006Po\357\346"
 311      FB7001AC 
 311      340AE4B4 
 311      9106506F 
 311      EFE6
 312 07cb E2E88143 		.ascii	"\342\350\201C\342"
 312      E2
 313 07d0 15927E39 		.ascii	"\025\222~9M\"\354g\024\017\370Eu>.\370j\304\262J\271"
 313      4D22EC67 
 313      140FF845 
 313      753E2EF8 
 313      6AC4B24A 
 314 07e5 D4C7E4ED 		.ascii	"\324\307\344\355f\200@\347RW,\306\371E\353\033Um\373"
 314      668040E7 
 314      52572CC6 
 314      F945EB1B 
 314      556DFB
 315 07f8 50DB6DD4 		.ascii	"P\333m\324v&\002\265E\315\314]p\031\265\015\211\307"
 315      762602B5 
 315      45CDCC5D 
 315      7019B50D 
 315      89C7
 316 080a E0D1DC32 		.ascii	"\340\321\3342S\204BtK\263\010\207\230\316\026Eg\347"
 316      53844274 
 316      4BB30887 
 316      98CE1645 
 316      67E7
 317 081c 91CDED05 		.ascii	"\221\315\355\005\243rJ\022\320\033\270\245\025\025\377"
 317      A3724A12 
 317      D01BB8A5 
 317      1515FF
 318 082b A9038E90 		.ascii	"\251\003\216\220\342\234j\037\350P%k\017\245\323u\007"
 318      E29C6A1F 
 318      E850256B 
 318      0FA5D375 
 318      07
 319 083c 870C6596 		.ascii	"\207\014e\226\250t>\303!\363Q\301V\326\341\240\332\360"
 319      A8743EC3 
 319      21F351C1 
 319      56D6E1A0 
 319      DAF0
 320 084e A528F421 		.ascii	"\245(\364!tT\244\030\354\177\004\267\326\214\023v]\275"
 320      7454A418 
 320      EC7F04B7 
 320      D68C1376 
 320      5DBD
 321 0860 B57B7A8C 		.ascii	"\265{z\214\214\234\260i\016k\345h\277^r\215Z*\326\267"
 321      8C9CB069 
 321      0E6BE568 
 321      BF5E728D 
 321      5A2AD6B7 
 322 0874 34171A07 		.ascii	"4\027\032\007\366\021y<\310F\322\031!\220j\023\035\207"
 322      F611793C 
 322      C846D219 
 322      21906A13 
 322      1D87
 323 0886 8733AEDE 		.ascii	"\2073\256\336\214\212g\221\326\265\255\355\313\272\327"
 323      8C8A6791 
 323      D6B5ADED 
 323      CBBAD7
 324 0895 004E8BF0 		.ascii	"\000N\213\360\225\312\357d?\374N\211\024\203\302\316"
 324      95CAEF64 
 324      3FFC4E89 
 324      1483C2CE 
 325 08a5 30721572 		.ascii	"0r\025rg]\325A\036\212'D\230\305ZC\310-\214\024H\025"
 325      675DD541 
 325      1E8A2744 
 325      98C55A43 
 325      C82D8C14 
 326 08bb 9675586A 		.ascii	"\226uXj#i\034\025W.;\007,\216\264\204wQ\204\013J\242"
 326      23691C15 
 326      572E3B07 
 326      2C8EB484 
 326      7751840B 
 327 08d1 A17C1EDC 		.ascii	"\241|\036\334\312\331\364\222@\253\316\253\351\247\225"
 327      CAD9F492 
 327      40ABCEAB 
 327      E9A795
 328 08e0 6DA1BE6A 		.ascii	"m\241\276j/h5hy\356\202\026\264\227\370\002r\355Q\303"
 328      2F683568 
 328      79EE8216 
 328      B497F802 
 328      72ED51C3 
 329 08f4 0693E9F2 		.ascii	"\006\223\351\362\323\001\273\237\264\344Eh\022.k\200"
 329      D301BB9F 
 329      B4E44568 
 329      122E6B80 
 330 0904 2B344F3E 		.ascii	"+4O>D\236\335\2214G\216ek\277\236\335Q\256\223Ia\024"
 330      449EDD91 
 330      34478E65 
 330      6BBF9EDD 
 330      51AE9349 
 331 091a 157039A7 		.ascii	"\025p9\247\344\264\316X\021\272\032\\\023a,\356\224"
 331      E4B4CE58 
 331      11BA1A5C 
 331      13612CEE 
 331      94
 332 092b 446817C9 		.ascii	"Dh\027\311\354(\201,\302\262\205v0\311-\025\247\242"
 332      EC28812C 
 332      C2B28576 
 332      30C92D15 
 332      A7A2
 333 093d 870CA151 		.ascii	"\207\014\241Q\270\264B\356*}\330\262)\256\241Rn\302"
 333      B8B442EE 
 333      2A7DD8B2 
 333      29AEA152 
 333      6EC2
 334 094f B8BE2E42 		.ascii	"\270\276.B\207\010w\2023\013\246\015\364\354\222\275"
 334      87087782 
 334      330BA60D 
 334      F4EC92BD 
 335 095f D3F8F4C4 		.ascii	"\323\370\364\304\015\304\327A\030%m\364\311w\235\014"
 335      0DC4D741 
 335      18256DF4 
 335      C9779D0C 
 336 096f 8547B05B 		.ascii	"\205G\260[\270d\343\026I\204{t\230Pg\347b\177\016B\205"
 336      B864E316 
 336      49847B74 
 336      985067E7 
 336      627F0E42 
 337 0984 6D7D14D2 		.ascii	"m}\024\322T\206\240\3526%!\\\021\341\\_\215<\376;wL"
 337      5486A0EA 
 337      3625215C 
 337      11E15C5F 
 337      8D3CFE3B 
 338 099a 1668D34D 		.ascii	"\026h\323Mu`n\340\204\313\217\306L\201eq4_\377F\362"
 338      75606EE0 
 338      84CB8FC6 
 338      4C816571 
 338      345FFF46 
 339 09af 95989411 		.ascii	"\225\230\224\021cGQ\235\217\240\351\030ih\374\306'-"
 339      6347519D 
 339      8FA0E918 
 339      6968FCC6 
 339      272D
 340 09c1 4707E44C 		.ascii	"G\007\344L\361aV\305X)\022\341{-bf(v!\225\356o\362\014"
 340      F16156C5 
 340      582912E1 
 340      7B2D6266 
 340      28762195 
 341 09d9 D43FA8E8 		.ascii	"\324?\250\350,\303\370\023\334\347\252\355\235\273\243"
 341      2CC3F813 
 341      DCE7AAED 
 341      9DBBA3
 342 09e8 04DAF2AD 		.ascii	"\004\332\362\255J\344\233\300\210\375N\204\007\350\223"
 342      4AE49BC0 
 342      88FD4E84 
 342      07E893
 343 09f7 2ED61B7D 		.ascii	".\326\033}\362X\204G\"<\364\307\355\023M\301\375 \005"
 343      F2588447 
 343      223CF4C7 
 343      ED134DC1 
 343      FD2005
 344 0a0a 7C007098 		.ascii	"|\000p\230\227t\\8\246g{\227K\"\335\035J\373;\272\242"
 344      97745C38 
 344      A6677B97 
 344      4B22DD1D 
 344      4AFB3BBA 
 345 0a1f 43C2F62F 		.ascii	"C\302\366/\"tka\313\030u\2070\242{\301\025\013:\303"
 345      22746B61 
 345      CB187587 
 345      30A27BC1 
 345      150B3AC3 
 346 0a33 B488EBD6 		.ascii	"\264\210\353\326\374\332\303CrOy\353T#S\325#\302\023"
 346      FCDAC343 
 346      724F79EB 
 346      542353D5 
 346      23C213
 347 0a46 91DC88A6 		.ascii	"\221\334\210\246\023\264\361\342\214\205\"_i\303E\310"
 347      13B4F1E2 
 347      8C85225F 
 347      69C345C8 
 348 0a56 256CA5CD 		.ascii	"%l\245\315%l\261\3143)i\023\027\236\\\"\000\016\332"
 348      256CB1CC 
 348      33296913 
 348      179E5C22 
 348      000EDA
 349 0a69 1442A37F 		.ascii	"\024B\243\177\351\206\251d\260\177\207\225K\324-V\036"
 349      E986A964 
 349      B07F8795 
 349      4BD42D56 
 349      1E
 350 0a7a 827AE946 		.ascii	"\202z\351F\217n\313f\256?:]\244\307\203\316[5\235\262"
 350      8F6ECB66 
 350      AE3F3A5D 
 350      A4C783CE 
 350      5B359DB2 
 351 0a8e 211E5B61 		.ascii	"!\036[a\272J\272\200o\257\356\342pN\217\241\3646\025"
 351      BA4ABA80 
 351      6FAFEEE2 
 351      704E8FA1 
 351      F43615
 352 0aa1 2CBE1A19 		.ascii	",\276\032\031\331\037\377\002\302\247\324\252\234\374"
 352      D91FFF02 
 352      C2A7D4AA 
 352      9CFC
 353 0aaf 70755F57 		.ascii	"pu_W\240i\305S\014\270\030d\335\366\243YL\343\301\363"
 353      A069C553 
 353      0CB81864 
 353      DDF6A359 
 353      4CE3C1F3 
 354 0ac3 4CE37402 		.ascii	"L\343t\002\371\304\257q\032a\032Kb0E\304\360\000z\211"
 354      F9C4AF71 
 354      1A611A4B 
 354      623045C4 
 354      F0007A89 
 355 0ad7 05D06520 		.ascii	"\005\320e ;\261\262\021\313a,\247(\035\251ke\373E1d"
 355      3BB1B211 
 355      CB612CA7 
 355      281DA96B 
 355      65FB4531 
 356 0aec 20E61298 		.ascii	" \346\022\230C\264\374\321\263\242\004\317$\264\252"
 356      43B4FCD1 
 356      B3A204CF 
 356      24B4AA
 357 0afb 4455F219 		.ascii	"DU\362\031;M5\317\332y/`\027\216\010\277-\363\270-\363"
 357      3B4D35CF 
 357      DA792F60 
 357      178E08BF 
 357      2DF3B82D 
 358 0b10 67AFFB26 		.ascii	"g\257\373&R\313\037}\001k\012\253\273u\232\204\3175"
 358      52CB1F7D 
 358      016B0AAB 
 358      BB759A84 
 358      CF35
 359 0b22 C07C0490 		.ascii	"\300|\004\220E\317\321)\277\342\350\2322\335\3774\345"
 359      45CFD129 
 359      BFE2E89A 
 359      32DDFF34 
 359      E5
 360 0b33 CBC8FF3E 		.ascii	"\313\310\377>\345\0030O\233\362\213\011Eax/ PN`!\201"
 360      E503304F 
 360      9BF28B09 
 360      4561782F 
 360      20504E60 
 361 0b49 45A4FF29 		.ascii	"E\244\377)\037\2420t\312\317't\312\207j\014\230\362"
 361      1FA23074 
 361      CACF2774 
 361      CA876A0C 
 361      98F2
 362 0b5b D8A44DF9 		.ascii	"\330\244M\371R<:\326=GG\352\247\352\001\351\247\364"
 362      523C3AD6 
 362      3D4747EA 
 362      A7EA01E9 
 362      A7F4
 363 0b6d 244E8D17 		.ascii	"$N\215\027o7\3368\034\331w\273\274\0141\270g%PA\310"
 363      6F37DE38 
 363      1CD977BB 
 363      BC0C31B8 
 363      67255041 
 364 0b82 F1E70472 		.ascii	"\361\347\004r\011\313#\346\255]\265\3457\242pk\207\033"
 364      09CB23E6 
 364      AD5DB5E5 
 364      37A2706B 
 364      871B
 365 0b94 1F24D535 		.ascii	"\037$\3255w\343\262\315#\024oU\022\352\211\265\375x"
 365      77E3B2CD 
 365      23146F55 
 365      12EA89B5 
 365      FD78
 366 0ba6 AB668D7F 		.ascii	"\253f\215\177wF`9\011\205p\373j\326j\230%A\030\315\241"
 366      77466039 
 366      098570FB 
 366      6AD66A98 
 366      254118CD 
 367 0bbb 9D5FA275 		.ascii	"\235_\242u\330\262B\215\224*\302R\304\272\312C|iC\323"
 367      D8B2428D 
 367      942AC252 
 367      C4BACA43 
 367      7C6943D3 
 368 0bcf 8B59677F 		.ascii	"\213Yg\177\216\010\360\2152\034\263\010\024a\254\257"
 368      8E08F08D 
 368      321CB308 
 368      1461ACAF 
 369 0bdf 66301C8E 		.ascii	"f0\034\216\225\004\252\011\254\"\260\206\016\007i\030"
 369      9504AA09 
 369      AC22B086 
 369      0E076918 
 370 0bef 80FBEB01 		.ascii	"\200\373\353\001\324\324\226\025\325\355\341t\033\033"
 370      D4D49615 
 370      D5EDE174 
 370      1B1B
 371 0bfd 4F4DAD59 		.ascii	"OM\255Y\255\361C3kC\315D\0325\353*}\014\202\231\012"
 371      ADF14333 
 371      6B43CD44 
 371      1A35EB2A 
 371      7D0C8299 
 372 0c12 59D4F665 		.ascii	"Y\324\366e\321\327\027\265\177\205/j\237\352\213\332"
 372      D1D717B5 
 372      7F852F6A 
 372      9FEA8BDA 
 373 0c22 405FAC27 		.ascii	"@_\254'}\255\334\304z\243\225\033\010|\201\033_\002"
 373      7DADDCC4 
 373      7AA3951B 
 373      087C811B 
 373      5F02
 374 0c34 35CCCA36 		.ascii	"5\314\3126\264\3626\226G\003\370\034>)\360\303T\030"
 374      B4F23696 
 374      4703F81C 
 374      3E29F0C3 
 374      5418
 375 0c46 AE0225E5 		.ascii	"\256\002%\345e{%6\037\350*\360\340VK\313\2209\025l\204"
 375      657B2536 
 375      1FE82AF0 
 375      E0564BCB 
 375      9039156C 
 376 0c5b 291102F5 		.ascii	")\021\002\365D\221\036\260\233R\264\326\241.\324\272"
 376      44911EB0 
 376      9B52B4D6 
 376      A12ED4BA 
 377 0c6b 8B8150EB 		.ascii	"\213\201P\353v\002;\010\354$<\223\327\314\252\342\376"
 377      76023B08 
 377      EC243C93 
 377      D7CCAAE2 
 377      FE
 378 0c7c 4139EB82 		.ascii	"A9\353\202\344\024\372G\011A\263\025\020\216\316\354"
 378      E414FA47 
 378      0941B315 
 378      108ECEEC 
 379 0c8c 20D003CD 		.ascii	" \320\003\315\366;m\030\244\330\264U5~\013K\031\233"
 379      F63B6D18 
 379      A4D8B455 
 379      357E0B4B 
 379      199B
 380 0c9e CEAE3AC0 		.ascii	"\316\256:\300O\341G\331k\002\351Q\367\303\306\250\220"
 380      4FE147D9 
 380      6B02E951 
 380      F7C3C6A8 
 380      90
 381 0caf 04B487E0 		.ascii	"\004\264\207\340j\247&\240\030\372\020*g\316\236\212"
 381      6AA726A0 
 381      18FA102A 
 381      67CE9E8A 
 382 0cbf 03915AE2 		.ascii	"\003\221Z\342\360i\003\320\3003\313\227\267j\252\371"
 382      F06903D0 
 382      C033CB97 
 382      B76AAAF9 
 383 0ccf 51BE81C0 		.ascii	"Q\276\201\300n\232\316\3675\367<\211R\323\371%QM\254"
 383      6E9ACEF7 
 383      35F73C89 
 383      52D3F925 
 383      514DAC
 384 0ce2 FBD0217B 		.ascii	"\373\320!{\011\245\213\250\362\252\256\231a,\271>\301"
 384      09A58BA8 
 384      F2AAAE99 
 384      612CB93E 
 384      C1
 385 0cf3 0422C318 		.ascii	"\004\"\303\030l\206\231\252\366B\236]s\006\262\364v"
 385      6C8699AA 
 385      F6429E5D 
 385      7306B2F4 
 385      76
 386 0d04 BB78AB29 		.ascii	"\273x\253)\262?\022\0078\211\345\273o\247\252\251\374"
 386      B23F1207 
 386      3889E5BB 
 386      6FA7AAA9 
 386      FC
 387 0d15 8096CA9B 		.ascii	"\200\226\312\233\324T>\263\367\316U\276ztU\0262uM\201"
 387      D4543EB3 
 387      F7CE55BE 
 387      7A745516 
 387      32754D81 
 388 0d29 C97C3F57 		.ascii	"\311|?W\267p \036-\231\312\272\256\342\265\332\251?"
 388      B770201E 
 388      2D99CABA 
 388      AEE2B5DA 
 388      A93F
 389 0d3b 604D3AAC 		.ascii	"`M:\254\212\\^\270`\221\201\212\354:Y_rG\317\336;\034"
 389      8A5C5EB8 
 389      6091818A 
 389      EC3A595F 
 389      7247CFDE 
 390 0d51 26704815 		.ascii	"&pH\025z\220\013\2753\220G\226\254\034\270\015\344\261"
 390      7A900BBD 
 390      33904796 
 390      AC1CB80D 
 390      E4B1
 391 0d63 52D34BC5 		.ascii	"R\323K\305|;\345\360Y\223QV\022\017\326\372m;\201\232"
 391      7C3BE5F0 
 391      59935156 
 391      120FD6FA 
 391      6D3B819A 
 392 0d77 86C371EA 		.ascii	"\206\303q\352\254\013\227\2126G\016\340\321\365\037"
 392      AC0B978A 
 392      36470EE0 
 392      D1F51F
 393 0d86 F42DCC31 		.ascii	"\364-\3141\002Gi$\234$\014'\374\270\270\030\027\220"
 393      02476924 
 393      9C240C27 
 393      FCB8B818 
 393      1790
 394 0d98 92DD6FE5 		.ascii	"\222\335o\345\310\030\235'\011\264\260\250\363\303\232"
 394      C8189D27 
 394      09B4B0A8 
 394      F3C39A
 395 0da7 B99B0ED7 		.ascii	"\271\233\016\327M;\025\260\246O\323\326\304S\312:\222"
 395      4D3B15B0 
 395      A64FD3D6 
 395      C453CA3A 
 395      92
 396 0db8 BF7B46B4 		.ascii	"\277{F\264\006\2205\300i\016\330\263j\375\237\264\366"
 396      069035C0 
 396      690ED8B3 
 396      6AFD9FB4 
 396      F6
 397 0dc9 93DA409C 		.ascii	"\223\332@\234\341\355\267\017\344\\\011\330\247\336"
 397      E1EDB70F 
 397      E45C09D8 
 397      A7DE
 398 0dd7 D6DE179D 		.ascii	"\326\336\027\235\345\200\005\325\313\316\005P\270\242"
 398      E58005D5 
 398      CBCE0550 
 398      B8A2
 399 0de5 01CE11E5 		.ascii	"\001\316\021\345\277\222.>\003}z\222\033+\220\302X^"
 399      BF922E3E 
 399      037D7A92 
 399      1B2B90C2 
 399      585E
 400 0df7 FB88F6DE 		.ascii	"\373\210\366\336\270\365t\271\261?_]f\276\272D}U={u"
 400      B8F574B9 
 400      B13F5F5D 
 400      66BEBA44 
 400      7D553D7B 
 401 0e0c 8B18E8AB 		.ascii	"\213\030\350\253\363\004Z\251\023\256\020\206\303%\033"
 401      F3045AA9 
 401      13AE1086 
 401      C3251B
 402 0e1b C52E8DA5 		.ascii	"\305.\215\245\273\225\331\227\213w\206\343\261\216\241"
 402      BB95D997 
 402      8B7786E3 
 402      B18EA1
 403 0e2a 4BE9B18E 		.ascii	"K\351\261\216\203\341\032\201v\346\301\253D\335\335"
 403      83E11A81 
 403      76E6C1AB 
 403      44DDDD
 404 0e39 B714E970 		.ascii	"\267\024\351p\017\230cBAp\221\265\373%kG\251\273x\222"
 404      0F986342 
 404      417091B5 
 404      FB256B47 
 404      A9BB7892 
 405 0e4d C2863635 		.ascii	"\302\20665\006\276\306Eg=\352\253\303\262+\226\015\302"
 405      06BEC645 
 405      673DEAAB 
 405      C3B22B96 
 405      0DC2
 406 0e5f FEA22630 		.ascii	"\376\242&0\372\202\377\300\271A\000\217\016\354\305"
 406      FA82FFC0 
 406      B941008F 
 406      0EECC5
 407 0e6e 01D98FD0 		.ascii	"\001\331\217\320f,\255\214\342\271\236\206%:\355O\217"
 407      662CAD8C 
 407      E2B99E86 
 407      253AED4F 
 407      8F
 408 0e7f 0E7975C0 		.ascii	"\016yu\300\373\212\273\330\377\036\201NBo\351?\036\200"
 408      FB8ABBD8 
 408      FF1E814E 
 408      426FE93F 
 408      1E80
 409 0e91 579CECDB 		.ascii	"W\234\354\333f\355\267\262?<\370\033\212\273\204\367"
 409      66EDB7B2 
 409      3F3CF81B 
 409      8ABB84F7 
 410 0ea1 F886C07D 		.ascii	"\370\206\300}f\025S\204|\267\225_\237\222(\320\312;"
 410      66155384 
 410      7CB7955F 
 410      9F9228D0 
 410      CA3B
 411 0eb3 2AE3DBC8 		.ascii	"*\343\333\310\270j\220@6\016\242g\373S\205k\243X\336"
 411      B86A9040 
 411      360EA267 
 411      FB53856B 
 411      A358DE
 412 0ec6 672ED8F3 		.ascii	"g.\330\363\305kK\371\331\366&\201\016\002]$\3400\231"
 412      C56B4BF9 
 412      D9F62681 
 412      0E025D24 
 412      E03099
 413 0ed9 CC0EE885 		.ascii	"\314\016\350\205{\363\371\253\005\024z+\004\301}T\224"
 413      7BF3F9AB 
 413      05147A2B 
 413      04C17D54 
 413      94
 414 0eea 2ED0EA07 		.ascii	".\320\352\007\252\306o\325t\015\352\3379\217XW\244\372"
 414      AAC66FD5 
 414      740DEADF 
 414      398F5857 
 414      A4FA
 415 0efc 90C0772C 		.ascii	"\220\300w,Q\357DN\207\260\234\306r\235q\353\330\261"
 415      51EF444E 
 415      87B09CC6 
 415      729D71EB 
 415      D8B1
 416 0f0e A99128E4 		.ascii	"\251\221(\344:{\267t\030\024b\217\011\340\2463\224X"
 416      3A7BB774 
 416      1814628F 
 416      09E0A633 
 416      9458
 417 0f20 CF0E0EE0 		.ascii	"\317\016\016\340\274\202\000\234W\001\362\302\352n\225"
 417      BC82009C 
 417      5701F2C2 
 417      EA6E95
 418 0f2f D7937E78 		.ascii	"\327\223~x\365\262\256\310\253\207\300_(/\036\253\002"
 418      F5B2AEC8 
 418      AB87C05F 
 418      282F1EAB 
 418      02
 419 0f40 F90E693D 		.ascii	"\371\016i=\031D\037_\324\376\014\341\217\262\377\363"
 419      19441F5F 
 419      D4FE0CE1 
 419      8FB2FFF3 
 420 0f50 5FA49712 		.ascii	"_\244\227\022\027\037\254\271w+\202\206\361\003\331"
 420      171FACB9 
 420      772B8286 
 420      F103D9
 421 0f5f 575A8C21 		.ascii	"WZ\214!\223#\321\365\014\246I\360\242\000S%\310\223"
 421      9323D1F5 
 421      0CA649F0 
 421      A2005325 
 421      C893
 422 0f71 C8B41FE0 		.ascii	"\310\264\037\340\341\344\0074\002\232\366l\357\211\032"
 422      E1E40734 
 422      029AF66C 
 422      EF891A
 423 0f80 C2DEC375 		.ascii	"\302\336\303u\336\250}`(\310\035\014\371\270\251\226"
 423      DEA87D60 
 423      28C81D0C 
 423      F9B8A996 
 424 0f90 60A6A4F4 		.ascii	"`\246\244\364\0144\343&\312\303\206\351\222\2725\226"
 424      0C34E326 
 424      CAC386E9 
 424      92BA3596 
 425 0fa0 04A6AAC0 		.ascii	"\004\246\252\3007X\325T\310:\243\0313h\352&e\250\254"
 425      3758D554 
 425      C83AA319 
 425      3368EA26 
 425      65A8AC
 426 0fb3 1ACB062C 		.ascii	"\032\313\006,\233\260\324a\331\211e\017\226/)\211\250"
 426      9BB0D461 
 426      D989650F 
 426      962F2989 
 426      A8
 427 0fc4 FB1B5B1E 		.ascii	"\373\033[\036F\343^\207\256\206T\313\371\215\347\303"
 427      46E35E87 
 427      AE8654CB 
 427      F98DE7C3 
 428 0fd4 E942F801 		.ascii	"\351B\370\001\024K\260@\012}\013C!\027\221\010\266\314"
 428      144BB040 
 428      0A7D0B43 
 428      21179108 
 428      B6CC
 429 0fe6 5589CC61 		.ascii	"U\211\314aD:\317\251]K\202\272\006\254\350g\203\314"
 429      443ACFA9 
 429      5D4B82BA 
 429      06ACE867 
 429      83CC
 430 0ff8 5CD08F99 		.ascii	"\\\320\217\231y\334\034\345"
 430      79DC1CE5 
 431 1000 88FF3903 		.ascii	"\210\3779\003\2419\245\022\314\227`\241\004\363\260"
 431      A139A512 
 431      CC9760A1 
 431      04F3B0
 432 100f 83A49C70 		.ascii	"\203\244\234pZU\205\237\365U\310wD5\027\356\346\311"
 432      5A55859F 
 432      F555C877 
 432      443517EE 
 432      E6C9
 433 1021 E12684CC 		.ascii	"\341&\204\314\356k\016\375\273\346\030z\242\025K;\226"
 433      EE6B0EFD 
 433      BBE6187A 
 433      A2154B3B 
 433      96
 434 1032 FB6C580A 		.ascii	"\373lX\012\353\356\037\326\365\227;\226IP\301\310,\365"
 434      EBEE1FD6 
 434      F5973B96 
 434      4950C1C8 
 434      2CF5
 435 1044 13385293 		.ascii	"\0238R\223\307B\017\023\307\"\326\3307q4\243\263\260"
 435      C7420F13 
 435      C722D6D8 
 435      377134A3 
 435      B3B0
 436 1056 6189EAAC 		.ascii	"a\211\352\254\305\022\036\351QY\301\363\030\007X\346"
 436      C5121EE9 
 436      5159C1F3 
 436      180758E6 
 437 1066 3FCFF360 		.ascii	"?\317\363`\001_E|\2062\362r\321\306[s\201\356@\207\260"
 437      015F457C 
 437      8632F272 
 437      D1C65B73 
 437      81EE4087 
 438 107b 7189A577 		.ascii	"q\211\245w2{_yPfs\020\247\320u\002\233$u\365\322\024"
 438      327B5F79 
 438      50667310 
 438      A7D07502 
 438      9B2475F5 
 439 1091 1EDEAB60 		.ascii	"\036\336\253`0]]`\230\276\244vV\"\253M\270\233Q8U\362"
 439      305D5D60 
 439      98BEA476 
 439      5622AB4D 
 439      B89B5138 
 440 10a7 01DCE517 		.ascii	"\001\334\345\027\217\204\313\245\376\2736\005\210/z"
 440      8F84CBA5 
 440      FEBB3605 
 440      882F7A
 441 10b6 0A66675B 		.ascii	"\012fg[\036\033e\252\241F\003\004\236\226q\367\007\305"
 441      1E1B65AA 
 441      A1460304 
 441      9E9671F7 
 441      07C5
 442 10c8 D312E890 		.ascii	"\323\022\350\220\314bR\202_\324(\276\307@\250\226`%"
 442      CC625282 
 442      5FD428BE 
 442      C740A896 
 442      6025
 443 10da FDC744A2 		.ascii	"\375\307D\242\222\320\367\265\022l\224`\253\004\353"
 443      92D0F7B5 
 443      126C9460 
 443      AB04EB
 444 10e9 FD8370B0 		.ascii	"\375\203p\260Ma\204\363\367\373~\234BsDy\256r\262\300"
 444      4D6184F3 
 444      F7FB7E9C 
 444      42734479 
 444      AE72B2C0 
 445 10fd ED661513 		.ascii	"\355f\025\023\025\262%\325\024*\203\275\206\261B\340"
 445      15B225D5 
 445      142A83BD 
 445      86B142E0 
 446 110d 5A093648 		.ascii	"Z\0116H\260N\202-\022|!\301*\011VK\312;\313\262\312"
 446      B04E822D 
 446      127C21C1 
 446      2A09564B 
 446      CA3BCBB2 
 447 1122 0345700C 		.ascii	"\003Ep\0145\343Vl\005\003\367\035\216R\272\217\243N"
 447      35E3566C 
 447      0503F71D 
 447      8E52BA8F 
 447      A34E
 448 1134 087C75C4 		.ascii	"\010|u\3046\267m\007f1\027\340|\235\302\224\005\317"
 448      36B76D07 
 448      663117E0 
 448      7C9DC294 
 448      05CF
 449 1146 05AAA0BE 		.ascii	"\005\252\240\276R\241=\017w\322A\264\2259E\377\305\350"
 449      52A13D0F 
 449      77D241B4 
 449      953945FF 
 449      C5E8
 450 1158 2CAF0F38 		.ascii	",\257\0178C\006`\266Ile\276\333\276ke\264\266\311\252"
 450      430660B6 
 450      496C65BE 
 450      DBBE6B65 
 450      B4B6C9AA 
 451 116c D7D6F63A 		.ascii	"\327\326\366:\016\250\334\236s/p\351\326\000\3339\240"
 451      0EA8DC9E 
 451      732F70E9 
 451      D600DB39 
 451      A0
 452 117d E4C2AE99 		.ascii	"\344\302\256\231\001\022\276\327v\017\365\034\220_\266"
 452      0112BED7 
 452      760FF51C 
 452      905FB6
 453 118c AB37E07D 		.ascii	"\2537\340}\377aM\302\016\016(\256_v\332\244\001\232"
 453      FF614DC2 
 453      0E0E28AE 
 453      5F76DAA4 
 453      019A
 454 119e 34C04E0E 		.ascii	"4\300N\016\370|\345\346\307\001o\322\366i\200]\034\260"
 454      F87CE5E6 
 454      C7016FD2 
 454      F669805D 
 454      1CB0
 455 11b0 6577FE91 		.ascii	"ew\376\221\000\222\3235\300n\016\350\374\354\263%\001"
 455      0092D335 
 455      C06E0EE8 
 455      FCECB325 
 455      01
 456 11c1 5B9C3C0D 		.ascii	"[\234<\015\340c\273\330\364\301\303\206\015Os\247\017"
 456      E063BBD8 
 456      F4C1C386 
 456      0D4F73A7 
 456      0F
 457 11d2 CF72DB9D 		.ascii	"\317r\333\235\336\011f\217\315m\267d\016K\317\3122\376"
 457      DE09668F 
 457      CD6DB764 
 457      0E4BCFCA 
 457      32FE
 458 11e4 6EF41FE2 		.ascii	"n\364\037\342\336y\365\325\304DAJ\317\260\270\365\037"
 458      DE79F5D5 
 458      C444414A 
 458      CFB0B8F5 
 458      1F
 459 11f5 5BCC9976 		.ascii	"[\314\231v\217\327\370f\312\3076\247\367\243?g\331\302"
 459      8FD7F866 
 459      CAC736A7 
 459      F7A33F67 
 459      D9C2
 460 1207 D53BF00E 		.ascii	"\325;\360\016\360d\270\334\336\270l\247\307>\321i\263"
 460      F064B8DC 
 460      DEB86CA7 
 460      C73ED169 
 460      B3
 461 1218 C6A1B45F 		.ascii	"\306\241\264_\376\366\255q\3461\210pg\233'\332\275\031"
 461      FEF6AD71 
 461      E6318870 
 461      679B27DA 
 461      BD19
 462 122a D9E3CDE3 		.ascii	"\331\343\315\343>\260\330-N\213\371\355\314l\233\371"
 462      3EB0D82D 
 462      4E8BF9ED 
 462      CC6C9BF9 
 463 123a 37A969E6 		.ascii	"7\251i\346w\355n\307'\026\267m\\\2523}\270*\3163,C0"
 463      77ED6EC7 
 463      2716B76D 
 463      5CAA337D 
 463      B82ACE33 
 464 1251 59DC8E8F 		.ascii	"Y\334\216\217\177f\033\352xuB\226`LG\341\266\311C\035"
 464      7F661BEA 
 464      78754296 
 464      604C47E1 
 464      B6C9431D 
 465 1265 238481E6 		.ascii	"#\204\201\346\261\211\211\012[gvf\346\230\367\322?\215"
 465      B189890A 
 465      5B677666 
 465      E698F7D2 
 465      3F8D
 466 1277 08784E7D 		.ascii	"\010xN}\026\255\357\217HN\032:\332\366\311\333n\233"
 466      16ADEF8F 
 466      484E1A3A 
 466      DAF6C9DB 
 466      6E9B
 467 1289 65922BDB 		.ascii	"e\222+\333\353\031\372\266\313\345\315tY\2546\267\360"
 467      EB19FAB6 
 467      CBE5CD74 
 467      59AC36B7 
 467      F0
 468 129a C2D35C23 		.ascii	"\302\323\\#\274\200\034~\026Tmv\272>\241L\236\353S;"
 468      BC801C7E 
 468      16546D76 
 468      BA3EA14C 
 468      9EEB533B 
 469 12ae 08B1C941 		.ascii	"\010\261\311A\265\024\027\031T\363<b\336\030\357\311"
 469      B5141719 
 469      54F33C62 
 469      DE18EFC9 
 470 12be 327FE2B6 		.ascii	"2\177\342\266{mf\217\027\033'\",&\264\356\027\317\350"
 470      7B6D668F 
 470      171B2722 
 470      2C26B4EE 
 470      17CFE8
 471 12d1 D2712860 		.ascii	"\322q(`8\226a\031\310:\306l\036\237m\317\364\332\235"
 471      38966119 
 471      C83AC66C 
 471      1E9F6DCF 
 471      F4DA9D
 472 12e4 661C4B9B 		.ascii	"f\034K\233\323*e\332,\023\364N\2277\303\355\372$\334"
 472      D32A65DA 
 472      2C13F44E 
 472      9737C3ED 
 472      FA24DC
 473 12f7 6C564638 		.ascii	"lVF8\374c\217\223\323\2132\233':\263\323\375\015:\217"
 473      FC638F93 
 473      D38B329B 
 473      273AB3D3 
 473      FD0D3A8F 
 474 130b FD539BD9 		.ascii	"\375S\233\331\253\343\215\272\011.\267\303\342\375S"
 474      ABE38DBA 
 474      092EB7C3 
 474      E2FD53
 475 131a FA5BE3B2 		.ascii	"\372[\343\262\334\256\211n\213#n\202=\323\346\211\213"
 475      DCAE896E 
 475      8B236E82 
 475      3DD3E689 
 475      8B
 476 132b 9F3CF28D 		.ascii	"\237<\362\215\177\030\207\035\343p\010\343l\216\361"
 476      7F18871D 
 476      E37008E3 
 476      6C8EF1
 477 133a 36AB1523 		.ascii	"6\253\025#\302\353reb \331\235\343\022\023\342\222\022"
 477      C2EB7265 
 477      6220D99D 
 477      E31213E2 
 477      9212
 478 134c 92128725 		.ascii	"\222\022\207%&\214C\304P\247\313i\033j\263\214\267\217"
 478      268C43C4 
 478      50A7CB69 
 478      1B6AB38C 
 478      B78F
 479 135e B33BD333 		.ascii	"\263;\3233\263\255\266q\036\257\325\356\302\030\030"
 479      B3ADB671 
 479      1EAFD5EE 
 479      C21818
 480 136d 10C4D8E3 		.ascii	"\020\304\330\343\265\270\275/\231\307\216NL`\221\362"
 480      B5B8BD2F 
 480      99C78E4E 
 480      4C6091F2 
 481 137d FB6C5BB6 		.ascii	"\373l[\266mDV\266'#e\314\353\254F\242\017F\307;.\247"
 481      6D4456B6 
 481      272365CC 
 481      EBAC46A2 
 481      0F46C73B 
 482 1393 27DB6173 		.ascii	"'\333as{$\363\007f/Ai\277O\363\2164\1778\336\354u\333"
 482      7B24F307 
 482      662F4169 
 482      BF4FF38E 
 482      347F38DE 
 483 13aa 6CA96312 		.ascii	"l\251c\022\223\031\332\017K\363\216\310\262\330\335"
 483      9319DA0F 
 483      4BF38EC8 
 483      B2D8DD
 484 13b9 A9EFA525 		.ascii	"\251\357\245%\232\035)i\336\304\004s\232-\323\226\356"
 484      9A1D2969 
 484      DEC40473 
 484      9A2DD396 
 484      EE
 485 13ca 4DF47853 		.ascii	"M\364xS\323F\230\261j\004\332\345I\305\366\2244\013"
 485      D34698B1 
 485      6A04DAE5 
 485      49C5F694 
 485      340B
 486 13dc AB4A31F8 		.ascii	"\253J1\370\305\351Q\207\335\221\225\031\211W\247\313"
 486      C5E95187 
 486      DD919519 
 486      8957A7CB 
 487 13ec 6A33A7BB 		.ascii	"j3\247\273\262\235\336p|\312\260\32102\340\235\333>"
 487      B29DDE70 
 487      7CCAB0D1 
 487      3032E09D 
 487      DB3E
 488 13fe 31C3FB03 		.ascii	"1\303\373\003\224\254\222\340\320\361\026\217m@\337"
 488      94AC92E0 
 488      D0F1168F 
 488      6D40DF
 489 140d 2AE7FF83 		.ascii	"*\347\377\203K\323_}\025A\303\222\207%\216\033o\367"
 489      4BD35F7D 
 489      1541C392 
 489      87258E1B 
 489      6FF7
 490 141f 7AD0C599 		.ascii	"z\320\305\231L+z9\334\3746*5gy\335\324\226L\333\004"
 490      4C2B7A39 
 490      DCFC362A 
 490      356779DD 
 490      D4964CDB 
 491 1434 C63E0B43 		.ascii	"\306>\013C\310\351\245\354\323]\231.\367\000d?B\245"
 491      C8E9A5EC 
 491      D35D992E 
 491      F700643F 
 491      42A5
 492 1446 CAAAA282 		.ascii	"\312\252\242\202\037!#R\235\3754a\014\304\036\257\253"
 492      1F212352 
 492      9DFD3461 
 492      0CC41EAF 
 492      AB
 493 1457 10EE8CE8 		.ascii	"\020\356\214\350\220\347(\024?\311\366g\024\340\240"
 493      90E72814 
 493      3FC9F667 
 493      14E0A0
 494 1466 FA5EF07B 		.ascii	"\372^\360{:t\210R$Z\355\376;\371eB\2663\335kw9\3217"
 494      3A748852 
 494      245AEDFE 
 494      3BF96542 
 494      B633DD6B 
 495 147e C969DEA4 		.ascii	"\311i\336\244\004\225t\000\325\324\247RM\211\355\017"
 495      04957400 
 495      D5D4A752 
 495      4D89ED0F 
 496 148e 3F69F4FF 		.ascii	"?i\364\377y\010&&\253\212h\000\246\246\2154\277?>1%"
 496      79082626 
 496      AB8A6800 
 496      A6A68D34 
 496      BF3F3E31 
 497 14a3 252532A8 		.ascii	"%%2\250>\334\374\241-\313\354\305\264\372\2634o\262"
 497      3EDCFCA1 
 497      2DCBECC5 
 497      B4FAB334 
 497      6FB2
 498 14b5 C392D547 		.ascii	"\303\222\325G\273#Tz\020\233\224\024\202\235\034\177"
 498      BB23547A 
 498      109B9414 
 498      829D1C7F 
 499 14c5 27DFA32A 		.ascii	"'\337\243*t\273\321\361\221\3053\211Mp\275\343\355\354"
 499      74BBD1F1 
 499      91C53389 
 499      4D70BDE3 
 499      EDEC
 500 14d7 09136C6E 		.ascii	"\011\023ln\035\237\342a\354\367\347\177\323\322\342"
 500      1D9FE261 
 500      ECF7E77F 
 500      D3D2E2
 501 14e6 616930CC 		.ascii	"ai0\314\221\206i,\312\361o4\257\216qy\354t\250\011f"
 501      9186692C 
 501      CAF16F34 
 501      AF8E7179 
 501      EC74A809 
 502 14fb B448C787 		.ascii	"\264H\307\207\030\224\376\232\301\211\311\357\330\335"
 502      1894FE9A 
 502      C189C9EF 
 502      D8DD
 503 1509 E9D99916 		.ascii	"\351\331\231\0267\343\221\252\344\230\224\310\240\352"
 503      37E391AA 
 503      E49894C8 
 503      A0EA
 504 1517 B79F9549 		.ascii	"\267\237\225IPoF(\334\221\232\366!{4\005f6\243v\373"
 504      506F4628 
 504      DC919AF6 
 504      217B3405 
 504      6636A376 
 505 152c EBBFC95C 		.ascii	"\353\277\311\\M\2034\036\007\345\305\220\3149\322\356"
 505      4D83341E 
 505      07E5C590 
 505      CC39D2EE 
 506 153c C48CEA4C 		.ascii	"\304\214\352L\267\245|l\360\337\376\0101|}\037\203="
 506      B7A57C6C 
 506      F0DFFE08 
 506      317C7D1F 
 506      833D
 507 154e 463A6D9F 		.ascii	"F:m\237p\233\2655\337\340\257\323;>\374w\012\3229\230"
 507      709BB535 
 507      DFE0AFD3 
 507      3B3EFC77 
 507      0AD23998 
 508 1562 B4F091F8 		.ascii	"\264\360\221\370hI\237d\363\032\3747\317\274\376\373"
 508      68499F64 
 508      F31AFC37 
 508      CFBCFEFB 
 509 1572 3B32CE3F 		.ascii	";2\316?\354\343\177UCJ\264\343\003\313\344?x\355\231"
 509      ECE37F55 
 509      434AB4E3 
 509      03CBE43F 
 509      78ED99
 510 1585 F64F2D74 		.ascii	"\366O-t\254\014\3318|\311If\257\311\021P\373|b\302\277"
 510      AC0CD938 
 510      7CC94966 
 510      AFC91150 
 510      FB7C62C2 
 511 159a 8CFF4F9C 		.ascii	"\214\377O\234D\224f\252\326\333\250\325>\263c\265\256"
 511      449466AA 
 511      D6DBA8D5 
 511      3EB363B5 
 511      AE
 512 15ab 8C6484E3 		.ascii	"\214d\204\343\243\0147\013\032Wfl\220:%X\014tli\205"
 512      A30C370B 
 512      1A57666C 
 512      903A2558 
 512      0C746C69 
 513 15c0 51736BB8 		.ascii	"Qsk\270z78\330\335\332\200<\207\015\257SS<\257\333\235"
 513      7A3738D8 
 513      DDDA803C 
 513      870DAF53 
 513      533CAFDB 
 514 15d5 2821E5E3 		.ascii	"(!\345\3430v}\353Y\3712\031\214\252\311<\366\375\221"
 514      30767DEB 
 514      59F93219 
 514      8CAAC93C 
 514      F6FD91
 515 15e8 743DA593 		.ascii	"t=\245\223\311\340\277\321czrX\234V\035\177\214JL\372"
 515      C9E0BFD1 
 515      637A7258 
 515      9C561D7F 
 515      8C4A4CFA 
 516 15fc AD6D7CF6 		.ascii	"\255m|\366\304\0170\033X&\332L\201\017F\267\307cO\263"
 516      C40F301B 
 516      5826DA4C 
 516      810F46B7 
 516      C7634FB3 
 517 1610 6046B149 		.ascii	"`F\261I\364VO\235>\322\354\325\343lw:m\231\030\274\377"
 517      F4564F9D 
 517      3ED2ECD5 
 517      E36C773A 
 517      6D9918BC 
 518 1625 FA4FEFBE 		.ascii	"\372O\357\276\303\037\214\332\355\257\236\2253V(]\331"
 518      C31F8CDA 
 518      EDAF9E95 
 518      3356285D 
 518      D9
 519 1636 3E3031E1 		.ascii	">01\341\303\264\264T\256\330\250\335F\242v\233\0333"
 519      C3B4B454 
 519      AED8A8DD 
 519      46A2769B 
 519      1B33
 520 1648 121BEB08 		.ascii	"\022\033\353\010\007'IC4:195\260-2\350),=\323\225>\211"
 520      07274943 
 520      343A3139 
 520      35B02D32 
 520      E8292C3D 
 521 1660 647BD375 		.ascii	"d{\323u^\273\003\2673\3067\337\2415\037\331\323'\205"
 521      5EBB03B7 
 521      33C637DF 
 521      A1351FD9 
 521      D32785
 522 1673 AB77266B 		.ascii	"\253w&k\200\345\272\211Y\236w\355\223I\272kb\230'\313"
 522      80E5BA89 
 522      599E77ED 
 522      9349BA6B 
 522      629827CB 
 523 1687 66B3924C 		.ascii	"f\263\222L\347D\222i\361\352\337\370\335\2304l\321\361"
 523      E7449269 
 523      F1EADFF8 
 523      DD98346C 
 523      D1F1
 524 1699 8BD1E9B0 		.ascii	"\213\321\351\260Yx\2662\340*\356\305\205\234N\351\321"
 524      5978B632 
 524      E02AEEC5 
 524      859C4EE9 
 524      D1
 525 16aa 1FA4FC86 		.ascii	"\037\244\374\206\327\032\265\333\210\321<B\376\3405"
 525      D71AB5DB 
 525      88D13C42 
 525      FEE035
 526 16b9 A718DC93 		.ascii	"\247\030\334\223yh\206M\310\264L\364H4W\3777\324\364"
 526      7968864D 
 526      C8B44CF4 
 526      483457FF 
 526      37D4F4
 527 16cc 0FF4     		.ascii	"\017\364"
 528              		.text
 529              		.section	.gnu.lto_.symtab.551a4cc6,"e",%progbits
 530 0000 5F5A3131 		.ascii	"_Z11printf_nullPKcz\000"
 530      7072696E 
 530      74665F6E 
 530      756C6C50 
 530      4B637A00 
 531 0014 00       		.ascii	"\000"
 532 0015 00       		.ascii	"\000"
 533 0016 00       		.ascii	"\000"
 534 0017 00000000 		.ascii	"\000\000\000\000\000\000\000\000"
 534      00000000 
 535 001f D7000000 		.ascii	"\327\000\000\000"
 536 0023 5F5A3137 		.ascii	"_Z17printf_serial_nowPKcz\000"
 536      7072696E 
 536      74665F73 
 536      65726961 
 536      6C5F6E6F 
 537 003d 00       		.ascii	"\000"
 538 003e 00       		.ascii	"\000"
 539 003f 00       		.ascii	"\000"
 540 0040 00000000 		.ascii	"\000\000\000\000\000\000\000\000"
 540      00000000 
 541 0048 DA000000 		.ascii	"\332\000\000\000"
 542 004c 5F5A3133 		.ascii	"_Z13printf_serialPKcz\000"
 542      7072696E 
 542      74665F73 
 542      65726961 
 542      6C504B63 
 543 0062 00       		.ascii	"\000"
 544 0063 00       		.ascii	"\000"
 545 0064 00       		.ascii	"\000"
 546 0065 00000000 		.ascii	"\000\000\000\000\000\000\000\000"
 546      00000000 
 547 006d DD000000 		.ascii	"\335\000\000\000"
 548 0071 5F5A3136 		.ascii	"_Z16bsp_write_stringPKc\000"
 548      6273705F 
 548      77726974 
 548      655F7374 
 548      72696E67 
 549 0089 00       		.ascii	"\000"
 550 008a 02       		.ascii	"\002"
 551 008b 00       		.ascii	"\000"
 552 008c 00000000 		.ascii	"\000\000\000\000\000\000\000\000"
 552      00000000 
 553 0094 E2000000 		.ascii	"\342\000\000\000"
 554 0098 76736E70 		.ascii	"vsnprintf\000"
 554      72696E74 
 554      6600
 555 00a2 00       		.ascii	"\000"
 556 00a3 02       		.ascii	"\002"
 557 00a4 00       		.ascii	"\000"
 558 00a5 00000000 		.ascii	"\000\000\000\000\000\000\000\000"
 558      00000000 
 559 00ad 01010000 		.ascii	"\001\001\000\000"
 560 00b1 5F5A4E31 		.ascii	"_ZN10EventQueue4pushEP5Event\000"
 560      30457665 
 560      6E745175 
 560      65756534 
 560      70757368 
 561 00ce 00       		.ascii	"\000"
 562 00cf 02       		.ascii	"\002"
 563 00d0 00       		.ascii	"\000"
 564 00d1 00000000 		.ascii	"\000\000\000\000\000\000\000\000"
 564      00000000 
 565 00d9 85010000 		.ascii	"\205\001\000\000"
 566 00dd 5F5A4E31 		.ascii	"_ZN10EventQueue8instanceEv\000"
 566      30457665 
 566      6E745175 
 566      65756538 
 566      696E7374 
 567 00f8 00       		.ascii	"\000"
 568 00f9 02       		.ascii	"\002"
 569 00fa 00       		.ascii	"\000"
 570 00fb 00000000 		.ascii	"\000\000\000\000\000\000\000\000"
 570      00000000 
 571 0103 8A010000 		.ascii	"\212\001\000\000"
 572 0107 5F5A4E39 		.ascii	"_ZN9EventPool8newEventE9EventType\000"
 572      4576656E 
 572      74506F6F 
 572      6C386E65 
 572      77457665 
 573 0129 00       		.ascii	"\000"
 574 012a 02       		.ascii	"\002"
 575 012b 00       		.ascii	"\000"
 576 012c 00000000 		.ascii	"\000\000\000\000\000\000\000\000"
 576      00000000 
 577 0134 C5010000 		.ascii	"\305\001\000\000"
 578 0138 5F5A4E39 		.ascii	"_ZN9EventPool8instanceEv\000"
 578      4576656E 
 578      74506F6F 
 578      6C38696E 
 578      7374616E 
 579 0151 00       		.ascii	"\000"
 580 0152 02       		.ascii	"\002"
 581 0153 00       		.ascii	"\000"
 582 0154 00000000 		.ascii	"\000\000\000\000\000\000\000\000"
 582      00000000 
 583 015c C9010000 		.ascii	"\311\001\000\000"
 584 0160 5F5A4E35 		.ascii	"_ZN5Utils5inISREv\000"
 584      5574696C 
 584      7335696E 
 584      49535245 
 584      7600
 585 0172 00       		.ascii	"\000"
 586 0173 02       		.ascii	"\002"
 587 0174 00       		.ascii	"\000"
 588 0175 00000000 		.ascii	"\000\000\000\000\000\000\000\000"
 588      00000000 
 589 017d CD010000 		.ascii	"\315\001\000\000"
 590              		.text
 591              		.section	.gnu.lto_.ext_symtab.551a4cc6,"e",%progbits
 592 0000 01       		.ascii	"\001"
 593 0001 01       		.ascii	"\001"
 594 0002 00       		.ascii	"\000"
 595 0003 01       		.ascii	"\001"
 596 0004 00       		.ascii	"\000"
 597 0005 01       		.ascii	"\001"
 598 0006 00       		.ascii	"\000"
 599 0007 01       		.ascii	"\001"
 600 0008 00       		.ascii	"\000"
 601 0009 01       		.ascii	"\001"
 602 000a 00       		.ascii	"\000"
 603 000b 01       		.ascii	"\001"
 604 000c 00       		.ascii	"\000"
 605 000d 01       		.ascii	"\001"
 606 000e 00       		.ascii	"\000"
 607 000f 01       		.ascii	"\001"
 608 0010 00       		.ascii	"\000"
 609 0011 01       		.ascii	"\001"
 610 0012 00       		.ascii	"\000"
 611 0013 01       		.ascii	"\001"
 612 0014 00       		.ascii	"\000"
 613              		.text
 614              		.section	.gnu.lto_.opts,"e",%progbits
 615 0000 272D666E 		.ascii	"'-fno-openmp' '-fno-openacc' '-fno-pie' '-fcf-prote"
 615      6F2D6F70 
 615      656E6D70 
 615      2720272D 
 615      666E6F2D 
 616 0033 6374696F 		.ascii	"ction=none' '-mcpu=cortex-m4' '-mthumb' '-mfloat-ab"
 616      6E3D6E6F 
 616      6E652720 
 616      272D6D63 
 616      70753D63 
 617 0066 693D6861 		.ascii	"i=hard' '-mfpu=fpv4-sp-d16' '-mlibarch=armv7e-m+fp'"
 617      72642720 
 617      272D6D66 
 617      70753D66 
 617      7076342D 
 618 0099 20272D6D 		.ascii	" '-march=armv7e-m+fp' '-Os' '-fmessage-length=0' '-"
 618      61726368 
 618      3D61726D 
 618      7637652D 
 618      6D2B6670 
 619 00cc 66736967 		.ascii	"fsigned-char' '-ffunction-sections' '-fdata-section"
 619      6E65642D 
 619      63686172 
 619      2720272D 
 619      6666756E 
 620 00ff 73272027 		.ascii	"s' '-fsingle-precision-constant' '-flto' '-fabi-ver"
 620      2D667369 
 620      6E676C65 
 620      2D707265 
 620      63697369 
 621 0132 73696F6E 		.ascii	"sion=0' '-fno-exceptions' '-Xassembler' '-adhlns=Sr"
 621      3D302720 
 621      272D666E 
 621      6F2D6578 
 621      63657074 
 622 0165 632F7072 		.ascii	"c/printf_serial.o.lst'\000"
 622      696E7466 
 622      5F736572 
 622      69616C2E 
 622      6F2E6C73 
 623              		.text
 624              		.comm	__gnu_lto_slim,1,1
 625              		.ident	"GCC: (GNU Arm Embedded Toolchain 10.3-2021.10) 10.3.1 20210824 (release)"
DEFINED SYMBOLS
                            *ABS*:00000000 printf_serial.cpp
                            *COM*:00000001 __gnu_lto_slim

NO UNDEFINED SYMBOLS
