   1              		.cpu cortex-m4
   2              		.arch armv7e-m
   3              		.fpu fpv4-sp-d16
   4              		.eabi_attribute 27, 1
   5              		.eabi_attribute 28, 1
   6              		.eabi_attribute 20, 1
   7              		.eabi_attribute 21, 1
   8              		.eabi_attribute 23, 3
   9              		.eabi_attribute 24, 1
  10              		.eabi_attribute 25, 1
  11              		.eabi_attribute 26, 1
  12              		.eabi_attribute 30, 4
  13              		.eabi_attribute 34, 1
  14              		.eabi_attribute 18, 4
  15              		.file	"si4467.cpp"
  16              		.section	.gnu.lto_.profile.551a4adb,"e",%progbits
  17 0000 789C6362 		.ascii	"x\234cb\000\001\000\000\022\000\003"
  17      00010000 
  17      120003
  18              		.text
  19              		.section	.gnu.lto_.icf.551a4adb,"e",%progbits
  20 0000 789CE363 		.ascii	"x\234\343c@\000&\206+;7,fb\\\275\377\352+~\006\000."
  20      40002686 
  20      2B3B372C 
  20      66625CBD 
  20      FFEA2B7E 
  21 0017 24062C   		.ascii	"$\006,"
  22              		.text
  23              		.section	.gnu.lto_.ipa_sra.551a4adb,"e",%progbits
  24 0000 789C6365 		.ascii	"x\234ce@\000F\006\006f\006\000\000q\000\012"
  24      40004606 
  24      06660600 
  24      0071000A 
  25              		.text
  26              		.section	.gnu.lto_.inline.551a4adb,"e",%progbits
  27 0000 789C5361 		.ascii	"x\234Sa@\000F\006\006\346\006 `Jad`b`h\0042\353\030"
  27      40004606 
  27      06E60620 
  27      604A6164 
  27      60626068 
  28 0018 18D82042 		.ascii	"\030\330 BL !\006\006\000\231\226\007\201"
  28      4C202106 
  28      06009996 
  28      0781
  29              		.text
  30              		.section	.gnu.lto_.jmpfuncs.551a4adb,"e",%progbits
  31 0000 789C6365 		.ascii	"x\234ce@\000F\020\001\000\000k\000\007"
  31      40004610 
  31      0100006B 
  31      0007
  32              		.text
  33              		.section	.gnu.lto_.pureconst.551a4adb,"e",%progbits
  34 0000 789C6361 		.ascii	"x\234ca```dh`\001\000\0010\000\212"
  34      60606064 
  34      68600100 
  34      0130008A 
  35              		.text
  36              		.section	.gnu.lto_.lto.551a4adb,"e",%progbits
  37 0000 09000400 		.ascii	"\011\000\004\000\001\000\000\000"
  37      01000000 
  38              		.text
  39              		.section	.gnu.lto__ZL13__si_4467_cfg.0.551a4adb,"e",%progbits
  40 0000 789C4D8F 		.ascii	"x\234M\217?K\304@\020\305\337\376K\366\356\366\316L"
  40      3F4BC440 
  40      10C5DFFE 
  40      4BF6EEF6 
  40      CE4C
  41 0012 EE0E8220 		.ascii	"\356\016\202 l\314\025\026\012i\024+]\013k-\016,\354"
  41      6CCC1516 
  41      0A69142B 
  41      5D0B6B2D 
  41      0E2CEC
  42 0025 2CAD041B 		.ascii	",\255\004\033\301&\202\255ha+(\370%\354D\253\2034\366"
  42      C12682AD 
  42      68612B28 
  42      F825EC44 
  42      AB8334F6 
  43 0039 1696E217 		.ascii	"\026\226\342\027\020D\210\267\211E\246\231\231\337{"
  43      104488B7 
  43      8945A699 
  43      99DF7B
  44 0048 33CC0400 		.ascii	"3\314\004\000n\030\352H9\177\024\300\225\0109\003\233"
  44      6E18EA48 
  44      397F14C0 
  44      95083903 
  44      9B
  45 0059 BD167A48 		.ascii	"\275\026zH\243Z\011\010\034;P\004&\254\"6\037\320\304"
  45      A35A0908 
  45      1C3B5004 
  45      26AC2236 
  45      1FD0C4
  46 006c 65ADF529 		.ascii	"e\255\365)\352\000#,\220\357\006D]\260\262l6\"\242\330"
  46      EA00232C 
  46      90EF0644 
  46      5DB0B26C 
  46      3622A2D8 
  47 0080 004C5795 		.ascii	"\000LW\225\345\276w\036\030\007'\321r$h\205\007\223"
  47      E5BE771E 
  47      180727D1 
  47      72246885 
  47      0793
  48 0092 36E850AC 		.ascii	"6\350P\254\362\272\322\024\313\215\306c\015\004B\365"
  48      F2BAD214 
  48      CB8DC663 
  48      0D0442F5 
  49 00a2 0E35BF13 		.ascii	"\0165\277\023L\221e\346\333\343\204\025\232\0278\261"
  49      4C9165E6 
  49      DBE38415 
  49      9A1738B1 
  50 00b2 F8C49107 		.ascii	"\370\304\221\007\023\265\265\306\357\360\202iv\301B"
  50      13B5B5C6 
  50      EFF08269 
  50      76C142
  51 00c1 B222E7C3 		.ascii	"\262\"\347\303\302\373\327?\274\274I\343q\261h\201\025"
  51      C2FBD73F 
  51      BCBC49E3 
  51      71B16881 
  51      15
  52 00d2 73990DC8 		.ascii	"s\231\015\310vw\257q\314P\005H\\@\226\357\337\366}\232"
  52      7677AF71 
  52      CC500548 
  52      5C4096EF 
  52      DFF67D9A 
  53 00e6 8AD0CF1C 		.ascii	"\212\320\317\034\314\257\261\352\320Iyf#J\015\312\207"
  53      CCAFB1EA 
  53      D0497966 
  53      234A0DCA 
  53      87
  54 00f7 FC3E7D7B 		.ascii	"\374>}{\232}\251\230<0]9\376\025\377\330\203\244\321"
  54      9A7DA998 
  54      3C305D39 
  54      FE15FFD8 
  54      83A4D1
  55 010a 1AAC6959 		.ascii	"\032\254iY\"\331{^\352Q\026bu\320\223\346TD\224\233"
  55      22D97B5E 
  55      EA511662 
  55      75D093E6 
  55      5444949B 
  56 011e F6BF30E4 		.ascii	"\366\2770\3444\266MY\216\316\355\017\376\000\306\237"
  56      34B64D59 
  56      8ECEED0F 
  56      FE00C69F 
  57 012e 385D     		.ascii	"8]"
  58              		.text
  59              		.section	.gnu.lto__Z23get_si4467_config_arrayv.1.551a4adb,"e",%progbits
  60 0000 789CDBC6 		.ascii	"x\234\333\306\300\300\020\007\304\252@\314\310\314\300"
  60      C0C01007 
  60      C4AA40CC 
  60      C8CCC0
  61 000f 38696217 		.ascii	"8ib\027\023CCC\203\003;\023c\343\304\256\343\213\224"
  61      13434343 
  61      83033B13 
  61      63E3C4AE 
  61      E38B94
  62 0022 19B73382 		.ascii	"\031\2673\202\371\214\014\365L\214\365\214\223\231\347"
  62      F98C0CF5 
  62      4C8CF58C 
  62      9399E7
  63 0031 30334E62 		.ascii	"03Nb^\002T\313\002e12*h\036hh\370\321\372\374\301a\241"
  63      5E0254CB 
  63      02653132 
  63      2A681E68 
  63      68F8D1FA 
  64 0049 392B0EB0 		.ascii	"9+\016\260,afb\230\007T\260\225\221q\013#\003\030\260"
  64      2C616662 
  64      980754B0 
  64      9591710B 
  64      230318B0 
  65 005d 31804440 		.ascii	"1\200D@\226\000\361\372K\254\007\032\376\374\357oh\370"
  65      9600F1FA 
  65      4BAC071A 
  65      FEFCEF6F 
  65      68F8
  66 006f 2F388D95 		.ascii	"/8\215\225\211\201\241\237\031dg\003\013c\303\001\006"
  66      8981A19F 
  66      19646703 
  66      0B63C301 
  66      06
  67 0080 8609CC4C 		.ascii	"\206\011\314L\020N#\220\363\211\261I\001j\0153#\003"
  67      104E2390 
  67      F389B149 
  67      016A0D33 
  67      2303
  68 0092 90D5C2C8 		.ascii	"\220\325\302\310\004d\256\000\232\005\344,cdX\302\314"
  68      0464AE00 
  68      9A05E42C 
  68      636458C2 
  68      CC
  69 00a3 C2B89391 		.ascii	"\302\270\223\221q\007#\003D\206q\027\304\306~fF\204"
  69      71072303 
  69      44867117 
  69      C4C67E66 
  69      4684
  70 00b5 910C0C9E 		.ascii	"\221\014\014\236.V1\361\001\251y%E\245\361\351\231%"
  70      2E5631F1 
  70      01A97925 
  70      45A5F1E9 
  70      9925
  71 00c7 19A549F1 		.ascii	"\031\245I\3611\276\211\231\211y\211\361N9\245\251\361"
  71      31BE8999 
  71      897989F1 
  71      4E39A5A9 
  71      F1
  72 00d8 8E9EC1F1 		.ascii	"\216\236\301\361n\231E\271\345\211E\2511>&\306F\272"
  72      6E9945B9 
  72      E58945A9 
  72      313E26C6 
  72      46BA
  73 00ea 7EA9E54E 		.ascii	"~\251\345NE\251\211\331\371\245%\305\272N\371\371%9"
  73      45A989D9 
  73      F9A525C5 
  73      BA4EF9F9 
  73      2539
  74 00fc F98929A9 		.ascii	"\371\211)\251E\014Bzz\372\301E\311\372\305\231&&f\346"
  74      450C427A 
  74      7AFAC145 
  74      C9FAC599 
  74      262666E6 
  75 0110 7AC90505 		.ascii	"z\311\005\005\014\000g\333ZF"
  75      0C0067DB 
  75      5A46
  76              		.text
  77              		.section	.gnu.lto_.symbol_nodes.551a4adb,"e",%progbits
  78 0000 789C5363 		.ascii	"x\234Sc\000\002&\306z\206\006 `a\234p\216\201\241\236"
  78      000226C6 
  78      7A860620 
  78      60619C70 
  78      8E81A19E 
  79 0014 81615743 		.ascii	"\201aWC##\003#H\212\201\225\201\241\301\211\201\201"
  79      23230323 
  79      488A8195 
  79      81A1C189 
  79      8181
  80 0026 990100AC 		.ascii	"\231\001\000\254\375\007\022"
  80      FD0712
  81              		.text
  82              		.section	.gnu.lto_.refs.551a4adb,"e",%progbits
  83 0000 789C6367 		.ascii	"x\234cg```d`bdd`\000\000\000p\000\015"
  83      60606064 
  83      60626464 
  83      60000000 
  83      70000D
  84              		.text
  85              		.section	.gnu.lto_.decls.551a4adb,"e",%progbits
  86 0000 789C7D52 		.ascii	"x\234}R]h\034U\024>\337\275\223\314\354u\353\306eK\212"
  86      5D681C55 
  86      143EDFBD 
  86      93CCEC75 
  86      EBC6654B 
  87 0015 84B008E2 		.ascii	"\204\260\010\342BH\322\354\206F|Z\243DJk\010T_B`\034"
  87      4248D2EC 
  87      86467C5A 
  87      A3444A6B 
  87      08545F42 
  88 002b 3393B898 		.ascii	"3\223\270\230\354\206\351n\253oW\251$\205\004\202\017"
  88      EC86E96E 
  88      AB6F57A9 
  88      24850482 
  88      0F
  89 003c A2B60F51 		.ascii	"\242\266\017Q\372\020P\202\017\376T\353O\272\251um\032"
  89      FA105082 
  89      0FFE54EB 
  89      4FBAA975 
  89      6D1A
  90 004e 30D0878A 		.ascii	"0\320\207\212XP\252l\251\017\025\362 \276\3043\263\273"
  90      5850AA6C 
  90      A90F15F2 
  90      20BEC433 
  90      B3BB
  91 0060 D90DA51E 		.ascii	"\331\015\245\036\346\236s\357\371\371\316w\317\334m"
  91      E69E73EF 
  91      F9F9CE77 
  91      CFDC6D
  92 006f 49F43711 		.ascii	"I\3647\021-\362\332e\341#mSS\300\353J\335^\247\375\362"
  92      2DF2DA65 
  92      E1236D53 
  92      53C0EB4A 
  92      DD5EA7FD 
  93 0084 1E6AFE4D 		.ascii	"\036j\376Mz\260\234\345\2046\266q^\011^e^[-5\377\207"
  93      7AB09CE5 
  93      8436B671 
  93      5E095E65 
  93      5E5B2D35 
  94 009a 7F4E8ADF 		.ascii	"\177N\212\337o\237=w\340\017\220\340\270\341\002\270"
  94      6F9F3D77 
  94      E00F90E0 
  94      B8E102B8 
  95 00aa 798495A2 		.ascii	"y\204\225\242qI\011-\264hw\245PRIWU\320\235\332\221"
  95      7149092D 
  95      B46877A5 
  95      50524957 
  95      55D09DDA 
  96 00bf 594BA462 		.ascii	"YK\244b\312Z\335@\207j\263\204\250\232\256J\375\213"
  96      CA5ADD40 
  96      876AB384 
  96      A89AAE4A 
  96      FD8B
  97 00d1 8FC54A7B 		.ascii	"\217\305J{2\253\015w\361`\325\324by4\221\311\262\256"
  97      32AB0D77 
  97      F160D5D4 
  97      62793491 
  97      C9B2AE
  98 00e4 9A15B85C 		.ascii	"\232\025\270\\5fX\035\274\253\232jG\256,\265\273[b\341"
  98      3566581D 
  98      BCAB9A6A 
  98      47AE2CB5 
  98      BB5B62E1 
  99 00f8 0954A0DC 		.ascii	"\011T\240\334tBk\235\265\254\356XY\226\345\010\221e"
  99      74426B9D 
  99      B5ACEE58 
  99      5996E508 
  99      9165
 100 010a 7DB27650 		.ascii	"}\262vPU\315\030C\244\334d\207\233\214U\320\346\272"
 100      55CD1843 
 100      A4DC6487 
 100      9B8C55D0 
 100      E6BA
 101 011c 2A912226 		.ascii	"*\221\"&\341\246\323Y\241\030\331\260*HKD\323\372\267"
 101      E1A6D359 
 101      A118D9B0 
 101      2A484B44 
 101      D3FAB7
 102 012f BB9D0A2A 		.ascii	"\273\235\012*\322\235L\021\2714\"\030W\3566\004&\367"
 102      D29D4C11 
 102      B9342218 
 102      57EE3604 
 102      26F7
 103 0141 749B4720 		.ascii	"t\233G \245DZ\310cU\223H\210$\2216\254h\024\232M\304"
 103      A5445AC8 
 103      63559348 
 103      88249136 
 103      AC68149A 
 104 0157 3EE68EA5 		.ascii	">\346\216\245\025UM\301\241\204\001-\320\254T\355\341"
 104      15554DC1 
 104      A184012D 
 104      D0AC54ED 
 104      E1
 105 0168 081B3305 		.ascii	"\010\0333\005!\370j\212\202\003\265v\331\363\363\\\353"
 105      21F86A8A 
 105      8203B576 
 105      D9F3F35C 
 105      EB
 106 0179 3F71CF8B 		.ascii	"?q\317\213\226\312\232\245:\030\211F\0034\232P=\332"
 106      96CA9AA5 
 106      3A188946 
 106      03349A50 
 106      3DDA
 107 018b 02DEE400 		.ascii	"\002\336\344\000j\340\2068\215>-\034\353H\201\026\265"
 107      6AE08638 
 107      8D3E2D1C 
 107      EB488116 
 107      B5
 108 019c 96DC03CD 		.ascii	"\226\334\003\315\032\334G\234h\037I\200Z\004\215g\263"
 108      1ADC479C 
 108      681F4980 
 108      5A048D67 
 108      B3
 109 01ad 549EBFA6 		.ascii	"T\236\277\246\376\344\261\351J\014\017/g\011\362Q\222"
 109      FEE4B1E9 
 109      4A0C0F2F 
 109      6709F251 
 109      92
 110 01be 43D4AF43 		.ascii	"C\324\257C\371p\212\360E\275R\276@oK\304!X'\320\021"
 110      F9708AF0 
 110      45BD52BE 
 110      406F4BC4 
 110      215827D0 
 111 01d3 EE8D709F 		.ascii	"\356\215p\237d\335\205]\204\206\344L\000|\375\352\022"
 111      64DD855D 
 111      8486E44C 
 111      007CFDEA 
 111      12
 112 01e4 BF8B75AD 		.ascii	"\277\213u\255\253\272\374\206$dp\230\260\016t\021\276"
 112      ABBAFC86 
 112      24647098 
 112      B00E7411 
 112      BE
 113 01f5 03BE05A7 		.ascii	"\003\276\005\247\354\\\271p\341\241(\247\334\323+e\003"
 113      EC5CB970 
 113      E1A128A7 
 113      DCD32B65 
 113      03
 114 0206 97816F80 		.ascii	"\227\201o\200\257\003\342e\204\344~\271S\2317:\231\306"
 114      AF03E265 
 114      84E47EB9 
 114      5399373A 
 114      99C6
 115 0218 5F5A27D8 		.ascii	"_Z'\330\211K\300WA|\203\357T\010Sn\255\336\270\024y"
 115      894BC057 
 115      417C83EF 
 115      5408536E 
 115      ADDEB814 
 116 022d ECFCBBFA 		.ascii	"\354\374\273\372\237\237\347w\313\346\373\027\265~\213"
 116      9F9FE777 
 116      CBE6FB17 
 116      B57E8B
 117 023c 0BAC2007 		.ascii	"\013\254 \007_\002\027k\243\375\234\013>\003>ev\333"
 117      5F02176B 
 117      A3FD9C0B 
 117      3E033E65 
 117      76DB
 118 024e A85D6349 		.ascii	"\250]cI\206\334\253\207\344\355\272gQ2\340\345\215\265"
 118      86DCAB87 
 118      E4EDBA67 
 118      5132E0E5 
 118      8DB5
 119 0260 D588D201 		.ascii	"\325\210\322\001\251\3653\021\36668]c\210~\374\030\020"
 119      A9F53311 
 119      F636385D 
 119      63887EFC 
 119      1810
 120 0272 FFF583B5 		.ascii	"\377\365\203\2657\3158\347\234\321\013/\005\274\177"
 120      37CD38E7 
 120      9CD10B2F 
 120      05BC7F
 121 0281 00AE0639 		.ascii	"\000\256\0069\233\010\363\350\361\345e}\357\374O\306"
 121      9B08F3E8 
 121      F1E5657D 
 121      EFFC4FC6 
 122 0291 21F6F033 		.ascii	"!\366\3603f\026{)\337\003\371\200\370\302\332G\357\230"
 122      66167B29 
 122      DF03F980 
 122      F8C2DA47 
 122      EF98
 123 02a3 CDCB6F36 		.ascii	"\315\313o6/\277\025P\216:\376\354\251!\257w\266gj\216"
 123      2FBF1550 
 123      8E3AFEEC 
 123      A921AF77 
 123      B6676A8E 
 124 02b7 D464C12F 		.ascii	"\324d\301/z\257\365\316\016R\227=\236\316L{E\373dnp"
 124      7AAFF5CE 
 124      0E52973D 
 124      9ECE4C7B 
 124      45FB646E 
 125 02cc F0C8903D 		.ascii	"\360\310\220=Y\310O\345\246m\307\367\235\327O=\322\327"
 125      59C84FE5 
 125      A66DC7F7 
 125      9DD74F3D 
 125      D2D7
 126 02de D77FC29F 		.ascii	"\327\177\302\237\354\257\305\372&\347\346\324s\243/"
 126      ECAFC5FA 
 126      26E7E6D4 
 126      73A32F
 127 02ed 269FE9E9 		.ascii	"&\237\351\351\031\030\240\316\007T\231\245\\\276\370"
 127      1918A0CE 
 127      075499A5 
 127      5CBEF8
 128 02fc A45D3CFA 		.ascii	"\244]<\372\354S\023\366\230\227/\372%{:W|\245\364\262"
 128      EC5313F6 
 128      98972FFA 
 128      257B3A57 
 128      7CA5F4B2 
 129 0310 3DF1BC93 		.ascii	"=\361\274\223s\362\216=<S\362\354\247\217\236\260Gr"
 129      73F28E3D 
 129      3C53F2EC 
 129      A78F9EB0 
 129      4772
 130 0322 FEEC69C7 		.ascii	"\376\354i\307\367&\216\017f\322\275\243\336\351a\337"
 130      F7268E0F 
 130      66D2BDA3 
 130      DEE961DF 
 131 0332 735E2D94 		.ascii	"s^-\224\212'{\207\013\205\342L\301q=\237\342\367\321"
 131      8A277B87 
 131      0B85E24C 
 131      C1713D9F 
 131      E2F7D1
 132 0345 A0B83D7E 		.ascii	"\240\270=~| cs\177\273F`j\372\300\276\323\177N>E\372"
 132      7C206373 
 132      7FBB4660 
 132      6AFAC0BE 
 132      D37F4E3E 
 133              		.text
 134              		.section	.gnu.lto_.symtab.551a4adb,"e",%progbits
 135 0000 5F5A3233 		.ascii	"_Z23get_si4467_config_arrayv\000"
 135      6765745F 
 135      73693434 
 135      36375F63 
 135      6F6E6669 
 136 001d 00       		.ascii	"\000"
 137 001e 00       		.ascii	"\000"
 138 001f 00       		.ascii	"\000"
 139 0020 00000000 		.ascii	"\000\000\000\000\000\000\000\000"
 139      00000000 
 140 0028 C4000000 		.ascii	"\304\000\000\000"
 141              		.text
 142              		.section	.gnu.lto_.ext_symtab.551a4adb,"e",%progbits
 143 0000 01       		.ascii	"\001"
 144 0001 01       		.ascii	"\001"
 145 0002 00       		.ascii	"\000"
 146              		.text
 147              		.section	.gnu.lto_.opts,"e",%progbits
 148 0000 272D666E 		.ascii	"'-fno-openmp' '-fno-openacc' '-fno-pie' '-fcf-prote"
 148      6F2D6F70 
 148      656E6D70 
 148      2720272D 
 148      666E6F2D 
 149 0033 6374696F 		.ascii	"ction=none' '-mcpu=cortex-m4' '-mthumb' '-mfloat-ab"
 149      6E3D6E6F 
 149      6E652720 
 149      272D6D63 
 149      70753D63 
 150 0066 693D6861 		.ascii	"i=hard' '-mfpu=fpv4-sp-d16' '-mlibarch=armv7e-m+fp'"
 150      72642720 
 150      272D6D66 
 150      70753D66 
 150      7076342D 
 151 0099 20272D6D 		.ascii	" '-march=armv7e-m+fp' '-Os' '-fmessage-length=0' '-"
 151      61726368 
 151      3D61726D 
 151      7637652D 
 151      6D2B6670 
 152 00cc 66736967 		.ascii	"fsigned-char' '-ffunction-sections' '-fdata-section"
 152      6E65642D 
 152      63686172 
 152      2720272D 
 152      6666756E 
 153 00ff 73272027 		.ascii	"s' '-fsingle-precision-constant' '-flto' '-fabi-ver"
 153      2D667369 
 153      6E676C65 
 153      2D707265 
 153      63697369 
 154 0132 73696F6E 		.ascii	"sion=0' '-fno-exceptions' '-Xassembler' '-adhlns=Sr"
 154      3D302720 
 154      272D666E 
 154      6F2D6578 
 154      63657074 
 155 0165 632F7369 		.ascii	"c/si4467.o.lst'\000"
 155      34343637 
 155      2E6F2E6C 
 155      73742700 
 156              		.text
 157              		.comm	__gnu_lto_slim,1,1
 158              		.ident	"GCC: (GNU Arm Embedded Toolchain 10.3-2021.10) 10.3.1 20210824 (release)"
DEFINED SYMBOLS
                            *ABS*:00000000 si4467.cpp
                            *COM*:00000001 __gnu_lto_slim

NO UNDEFINED SYMBOLS
