   1              		.cpu cortex-m4
   2              		.arch armv7e-m
   3              		.fpu fpv4-sp-d16
   4              		.eabi_attribute 27, 1
   5              		.eabi_attribute 28, 1
   6              		.eabi_attribute 20, 1
   7              		.eabi_attribute 21, 1
   8              		.eabi_attribute 23, 3
   9              		.eabi_attribute 24, 1
  10              		.eabi_attribute 25, 1
  11              		.eabi_attribute 26, 1
  12              		.eabi_attribute 30, 4
  13              		.eabi_attribute 34, 1
  14              		.eabi_attribute 18, 4
  15              		.file	"si4463.cpp"
  16              		.section	.gnu.lto_.profile.551a6286,"e",%progbits
  17 0000 789C6362 		.ascii	"x\234cb\000\001\000\000\022\000\003"
  17      00010000 
  17      120003
  18              		.text
  19              		.section	.gnu.lto_.icf.551a6286,"e",%progbits
  20 0000 789CE363 		.ascii	"x\234\343c@\000&\206+;7,fb\334\377\275y\037\027\003"
  20      40002686 
  20      2B3B372C 
  20      6662DCFF 
  20      BD791F17 
  21 0015 002DDE05 		.ascii	"\000-\336\005\365"
  21      F5
  22              		.text
  23              		.section	.gnu.lto_.ipa_sra.551a6286,"e",%progbits
  24 0000 789C6365 		.ascii	"x\234ce@\000F\006\006f\006\000\000q\000\012"
  24      40004606 
  24      06660600 
  24      0071000A 
  25              		.text
  26              		.section	.gnu.lto_.inline.551a6286,"e",%progbits
  27 0000 789C5361 		.ascii	"x\234Sa@\000F\006\006\346\006 `Jad`b`h\0042\353\030"
  27      40004606 
  27      06E60620 
  27      604A6164 
  27      60626068 
  28 0018 18D82042 		.ascii	"\030\330 BL !\006\006\000\231\226\007\201"
  28      4C202106 
  28      06009996 
  28      0781
  29              		.text
  30              		.section	.gnu.lto_.jmpfuncs.551a6286,"e",%progbits
  31 0000 789C6365 		.ascii	"x\234ce@\000F\020\001\000\000k\000\007"
  31      40004610 
  31      0100006B 
  31      0007
  32              		.text
  33              		.section	.gnu.lto_.pureconst.551a6286,"e",%progbits
  34 0000 789C6361 		.ascii	"x\234ca```dh`\001\000\0010\000\212"
  34      60606064 
  34      68600100 
  34      0130008A 
  35              		.text
  36              		.section	.gnu.lto_.lto.551a6286,"e",%progbits
  37 0000 09000400 		.ascii	"\011\000\004\000\001\000\000\000"
  37      01000000 
  38              		.text
  39              		.section	.gnu.lto__ZL13__si_4463_cfg.0.551a6286,"e",%progbits
  40 0000 789C8D93 		.ascii	"x\234\215\223mPTU\030\307\237\373rv\237\335\275\340"
  40      6D505455 
  40      18C79FFB 
  40      72769FDD 
  40      BDE0
  41 0012 1E607313 		.ascii	"\036`s\023\310\273\200\3622\220\344$IR\273\324\360\005"
  41      C8BB80F2 
  41      3290E424 
  41      4952BBD4 
  41      F005
  42 0024 0C9421A5 		.ascii	"\014\224!\245A\230B'\024\304\000#+ \226\\s\242\241\226"
  42      41984227 
  42      14C40023 
  42      2B20965C 
  42      73A2A196 
  43 0038 DC8CA654 		.ascii	"\334\214\246T\230a\022h\034\230\336\201@G&'p\345\245"
  43      98611268 
  43      1C98DE81 
  43      40472627 
  43      70E5A5
  44 004b 821C84A2 		.ascii	"\202\034\204\242M\271\260a\227\017A\031\024\355\335"
  44      4DB9B061 
  44      970F4119 
  44      14EDDD
  45 005a C519FAD6 		.ascii	"\305\031\372\326\371p\356s\177\317\377\336\271\347w"
  45      F970EE73 
  45      7FCFFFDE 
  45      B9E777
  46 0069 EE5101C0 		.ascii	"\356Q\001\3005\036\274\303\304\262\315\034\300\200\006"
  46      351EBCC3 
  46      C4B2CD1C 
  46      C08006
  47 0078 7953691A 		.ascii	"ySi\032\300\304;H>\0143\315'\347lF\327\226\220nm\213"
  47      C0C43B48 
  47      3E0C33CD 
  47      27E76C46 
  47      D796906E 
  48 008e 230AC9C9 		.ascii	"#\012\311\311\002W\366\006u\016\376<\\v\275\366\313"
  48      0257F606 
  48      750EFE3C 
  48      5C76BDF6 
  48      CB
  49 009f 9C2A2474 		.ascii	"\234*$t\356lTxp1\2722j?n\215\016\012D2r\177i\341\356"
  49      EE6C5478 
  49      7031BA32 
  49      6A3F6E8D 
  49      0E0A4432 
  50 00b8 9DB178CB 		.ascii	"\235\261x\313\032\371X\363\241\216j$m51=)3-\350\276"
  50      1AF958F3 
  50      A18E6A24 
  50      6D35313D 
  50      29332DE8 
  51 00cd 391FD17F 		.ascii	"9\037\321\177\316\231\204\004\027\010\037\231\337\200"
  51      CE998404 
  51      17081F99 
  51      DF80
  52 00db EEA27C5B 		.ascii	"\356\242|[\323\235T\027\222\331c$\303\366\3336t=\336"
  52      D39D5417 
  52      92D96324 
  52      C3F6DB36 
  52      743DDE
  53 00ee 57B77421 		.ascii	"W\267t!k\023\222 U^b\302\226\024t\013!\317\017\323\345"
  53      6B139220 
  53      555E62C2 
  53      9614740B 
  53      21CF0FD3 
  54 0103 AD48C6B7 		.ascii	"\255H\306\267w\371'Io\240\273C3\275\342\350nE\362\003"
  54      77F92749 
  54      6FA0BB43 
  54      33BDE2E8 
  54      6E45F203 
  55 0117 8DFE67A2 		.ascii	"\215\376g\242t\024\335\325\307\317?m\3177\"\261U\027"
  55      7414DDD5 
  55      C7CF3F6D 
  55      CF3722B1 
  55      5517
  56 0129 8ED45FC9 		.ascii	"\216\324_\311Dw\314\365\2127S\317\325#\351i;s\217Qe"
  56      4477CCF5 
  56      8A3753CF 
  56      D523E969 
  56      3B738F51 
  57 013e 40D79317 		.ascii	"@\327\223\027\342\264A\033s\221|7U\2318\304\314\243"
  57      E2B4411B 
  57      73917C37 
  57      559938C4 
  57      CCA3
  58 0150 FC707D59 		.ascii	"\374p}Y!\327}\032\245\343\305\315o/\007\236G\371\317"
  58      21D77D1A 
  58      A5E3C5CD 
  58      6F2F079E 
  58      47F9CF
  59 0163 BF87F2D5 		.ascii	"\277\207\362\325\317\335\207\322Nwjy\306\330\020\272"
  59      CFDD87D2 
  59      4E776A79 
  59      C6D810BA 
  60 0173 16E9CDCD 		.ascii	"\026\351\315\315~O\\A\262tqF\375z\337n\224_\215\344"
  60      7E4F5C41 
  60      B2747146 
  60      FD7ADF6E 
  60      945F8DE4 
  61 0187 CDA75BB2 		.ascii	"\315\247[\262QJ\216N*\217\341BPn\177\252!\241m\235\012"
  61      514A8E4E 
  61      2A8FE142 
  61      506E7FAA 
  61      21A16D9D 
  62 019c A7174F25 		.ascii	"\247\027O%\307\315\371\277\207$\372^\373\255\266\004"
  62      C7CDF9BF 
  62      8724FA5E 
  62      FBADB604 
  63 01ac 0B4A4B07 		.ascii	"\013JK\007\365U\307r/\241t\365\323\311A{V/Je\265c\354"
  63      F555C772 
  63      2FA174F5 
  63      D3C9417B 
  63      562F4A65 
  64 01c3 EF934E94 		.ascii	"\357\223N\224\012M:\366\2659\003J\025\225\217\024\325"
  64      0A4D3AF6 
  64      B539034A 
  64      15958F14 
  64      D5
  65 01d4 70C32857 		.ascii	"p\303(W=\223\340\250l\374\011e\347\211\035\343S\373"
  65      3D93E0A8 
  65      6CFC0965 
  65      E7891DE3 
  65      53FB
  66 01e6 4250FAA5 		.ascii	"BP\372\245\274;1,\255\005\345;\203Sy\277\206^E\251\307"
  66      BC3B312C 
  66      AD05E53B 
  66      835379BF 
  66      865E45A9 
  67 01fb 5532FA51 		.ascii	"U2\372Q\272\031\245/\352\304\203E\232L\224\233\202\355"
  67      BA19A52F 
  67      EAC48345 
  67      9A4C949B 
  67      82ED
  68 020d D71A603F 		.ascii	"\327\032`?\312Y\005\271\037\320\345\024\224\276\177"
  68      CA5905B9 
  68      1FD0E514 
  68      94BE7F
  69 021c FF9B777B 		.ascii	"\377\233w{k\325(g\326\331\367\037\035\215A\231\373\352"
  69      6BD52867 
  69      D6D9F71F 
  69      1D8D4199 
  69      FBEA
  70 022e 48C80BBD 		.ascii	"H\310\013\275\251(]\276]\320\225\367\254\011e\311|\262"
  70      A9285DBE 
  70      5DD095F7 
  70      AC0965C9 
  70      7CB2
  71 0240 77EAE562 		.ascii	"w\352\345b\224\372KN\205\036X8\214\362B\024>\370\311"
  71      94FA4B4E 
  71      851E5838 
  71      8CF24214 
  71      3EF8C9
  72 0253 E7B11E2D 		.ascii	"\347\261\036-\332\271u7\366\014\240\234\330x\344\366"
  72      DAB97537 
  72      F60CA09C 
  72      D878E4F6 
  73 0263 4BC31128 		.ascii	"K\303\021(\035\326\265\267\246[>\303\331\316\366\213"
  73      1DD6B5B7 
  73      A65B3EC3 
  73      D9CEF68B 
  74 0273 9B768D3C 		.ascii	"\233v\215<\204\344\354\215\037\315\216\331\"\234\373"
  74      84E4EC8D 
  74      1FCD8ED9 
  74      229CFB
  75 0282 9AB4ED9D 		.ascii	"\232\264\355\235\250\315CR2n\263M\016\330\325l\0150"
  75      A8CD4352 
  75      326EB34D 
  75      0ED8D56C 
  75      0D30
  76 0294 FD7D560C 		.ascii	"\375}V\014\364\375X@(0\220\254\314\234H\250\236\341"
  76      F4FD5840 
  76      283090AC 
  76      CC9C48A8 
  76      9EE1
  77 02a6 4D7A2A0A 		.ascii	"Mz*\012\300\201\232-\005\342I*\021\221\021\276U\260"
  77      C0819A2D 
  77      05E2492A 
  77      119111BE 
  77      55B0
  78 02b8 910164AD 		.ascii	"\221\001d\255\320\241\027f ]\001\021\252\272N\000\366"
  78      D0A11766 
  78      205D0111 
  78      AABA4E00 
  78      F6
  79 02c9 1242001C 		.ascii	"\022B\000\034RS\221\213g\3665*\371mSJ{;\245\324\272"
  79      5253918B 
  79      67F6352A 
  79      F96D534A 
  79      7B3BA5D4 
  80 02de 41048812 		.ascii	"A\004\210\022\232\3035T$)\034\234\360\274\203\212|\232"
  80      9AC33554 
  80      24291C9C 
  80      F0BC838A 
  80      7C9A
  81 02f0 4AA3B7A8 		.ascii	"J\243\267\250\250\310\356r\370)\227,N\255<\267\027\224"
  81      A8C8EE72 
  81      F829972C 
  81      4EAD3CB7 
  81      1794
  82 0302 588E85E7 		.ascii	"X\216\205\347_\024\365\324$\300+\007\202\273\262u\223"
  82      5F14F5D4 
  82      24C02B07 
  82      82BBB275 
  82      93
  83 0313 8363D38B 		.ascii	"\203c\323\213\240\000\201\343\014\363\346U\254\000\243"
  83      A00081E3 
  83      0CF3E655 
  83      AC00A3
  84 0322 AFE7C384 		.ascii	"\257\347\303\204\2061\\\250\216\206\253!\326_\307\013"
  84      86315CA8 
  84      8E86AB21 
  84      D65FC70B 
  85 0332 4739815A 		.ascii	"G9\201Z\020v\350\000\202*\304\277p\353\335U\257\337"
  85      1076E800 
  85      822AC4BF 
  85      70EBDD55 
  85      AFDF
  86 0344 A31F9827 		.ascii	"\243\037\230'\353\003\225\331\263v\006\356\032\360\224"
  86      EB0395D9 
  86      B37606EE 
  86      1AF094
  87 0353 9EEF637D 		.ascii	"\236\357c}\347\316\217\3525\200\016\330\370\200r\247"
  87      E7CE8FEA 
  87      35800ED8 
  87      F88072A7 
  88 0363 A554058C 		.ascii	"\245T\005\214\323\351)\3654@\000`peEd\225\226E\001\202"
  88      D3E929F5 
  88      34400060 
  88      70654564 
  88      95964501 
  89 0378 052CABE7 		.ascii	"\005,\253\347\325\2270\302\232\241\200\210\265@C\003"
  89      D59730C2 
  89      9AA18088 
  89      B5404303 
  90 0388 48BCB742 		.ascii	"H\274\267B\032\300'\3702>\365d\302\247\236\361\252\377"
  90      1AC027F8 
  90      323EF564 
  90      C2A79EF1 
  90      AAFF
  91 039a C3A7DEAA 		.ascii	"\303\247\336\252\250/\021a\006\362\275\352\311\243q"
  91      A82F1161 
  91      06F2BDEA 
  91      C9A371
  92 03a9 EC19B80C 		.ascii	"\354\031\270\014Y\3415\214W=\033h]\253\336`XUo\013\367"
  92      59E1358C 
  92      573D1B68 
  92      5DABDE60 
  92      58556F0B 
  93 03be A7A236E5 		.ascii	"\247\2426\345-(d`E\005\306\377\243\335\331\024\337h"
  93      2D286460 
  93      4505C6FF 
  93      A3DDD914 
  93      DF68
  94 03d0 1AE9EC77 		.ascii	"\032\351\354w\223\000\352\325\256\345\015\313\334*\366"
  94      9300EAD5 
  94      AEE50DCB 
  94      DC2AF6
  95 03df 6AF7F57C 		.ascii	"j\367\365|\030i\030\017X\015\3771\257\247\361\302\332"
  95      1869180F 
  95      580DFF31 
  95      AFA7F1C2 
  95      DA
  96 03f0 F582772B 		.ascii	"\365\202w+\314\202\323\251l\005\374\013\322\246i0"
  96      CC82D3A9 
  96      6C05FC0B 
  96      D2A66930 
  97              		.text
  98              		.section	.gnu.lto__Z23get_si4463_config_arrayv.1.551a6286,"e",%progbits
  99 0000 789CDBC6 		.ascii	"x\234\333\306\300\300\020\007\304\252@\314\310\314\300"
  99      C0C01007 
  99      C4AA40CC 
  99      C8CCC0
 100 000f 38696217 		.ascii	"8ib\027\023CCC\203\003;\023c\343\304\256\363\213\224"
 100      13434343 
 100      83033B13 
 100      63E3C4AE 
 100      F38B94
 101 0022 19B73382 		.ascii	"\031\2673\202\371\214\014\365L\214\365\214\223\231\347"
 101      F98C0CF5 
 101      4C8CF58C 
 101      9399E7
 102 0031 30334E62 		.ascii	"03Nb^\002T\313\002e12*h\036hh\370\321\372\374\303a\241"
 102      5E0254CB 
 102      02653132 
 102      2A681E68 
 102      68F8D1FA 
 103 0049 392B0EB0 		.ascii	"9+\016\260,afb\230\007T\260\225\221q\013#\003\030\260"
 103      2C616662 
 103      980754B0 
 103      9591710B 
 103      230318B0 
 104 005d 31804440 		.ascii	"1\200D@\226\000\361\372K\254\007\032\376\374\357oh8"
 104      9600F1FA 
 104      4BAC071A 
 104      FEFCEF6F 
 104      6838
 105 006f 2EB48C95 		.ascii	".\264\214\225\211\201\241\237\031dg\003\013c\303\001"
 105      8981A19F 
 105      19646703 
 105      0B63C301 
 106 007f 068609CC 		.ascii	"\006\206\011\314L\020N#\220\363\211\261I\001j\0153#"
 106      4C104E23 
 106      90F389B1 
 106      49016A0D 
 106      3323
 107 0091 0390D5C2 		.ascii	"\003\220\325\302\310\004d\256\000\232\005\344,cdX\302"
 107      C80464AE 
 107      009A05E4 
 107      2C636458 
 107      C2
 108 00a2 CCC2B893 		.ascii	"\314\302\270\223\221q\007#\003D\206q\027\304\306~fF"
 108      91710723 
 108      03448671 
 108      17C4C67E 
 108      6646
 109 00b4 84910C0C 		.ascii	"\204\221\014\014\236.V1\361\001\251y%E\245\361\351\231"
 109      9E2E5631 
 109      F101A979 
 109      2545A5F1 
 109      E999
 110 00c6 2519A549 		.ascii	"%\031\245I\3611\276\211\231\211y\211\361N9\245\251\361"
 110      F131BE89 
 110      99897989 
 110      F14E39A5 
 110      A9F1
 111 00d8 8E9EC1F1 		.ascii	"\216\236\301\361n\231E\271\345\211E\2511>&\306F\272"
 111      6E9945B9 
 111      E58945A9 
 111      313E26C6 
 111      46BA
 112 00ea 7EA9E54E 		.ascii	"~\251\345NE\251\211\331\371\245%\305\272N\371\371%9"
 112      45A989D9 
 112      F9A525C5 
 112      BA4EF9F9 
 112      2539
 113 00fc F98929A9 		.ascii	"\371\211)\251E\014Bzz\372\301E\311\372\305\231&&f\306"
 113      450C427A 
 113      7AFAC145 
 113      C9FAC599 
 113      262666C6 
 114 0110 7AC90505 		.ascii	"z\311\005\005\014\000b\030Z3"
 114      0C006218 
 114      5A33
 115              		.text
 116              		.section	.gnu.lto_.symbol_nodes.551a6286,"e",%progbits
 117 0000 789C5363 		.ascii	"x\234Sc\000\002&\306z\206\006 `a\234p\216\201\241\236"
 117      000226C6 
 117      7A860620 
 117      60619C70 
 117      8E81A19E 
 118 0014 81615743 		.ascii	"\201aWC##\003#H\212\201\225\201\241\301\211\201\201"
 118      23230323 
 118      488A8195 
 118      81A1C189 
 118      8181
 119 0026 990100AC 		.ascii	"\231\001\000\254\375\007\022"
 119      FD0712
 120              		.text
 121              		.section	.gnu.lto_.refs.551a6286,"e",%progbits
 122 0000 789C6367 		.ascii	"x\234cg```d`bdd`\000\000\000p\000\015"
 122      60606064 
 122      60626464 
 122      60000000 
 122      70000D
 123              		.text
 124              		.section	.gnu.lto_.decls.551a6286,"e",%progbits
 125 0000 789C7D52 		.ascii	"x\234}R]h\034U\024>\337\275\223\314\354u\353\306eKD"
 125      5D681C55 
 125      143EDFBD 
 125      93CCEC75 
 125      EBC6654B 
 126 0015 42580471 		.ascii	"BX\004q!$1\263\241\025\237\326(\221\322\032\002\325"
 126      212431B3 
 126      A1159FD6 
 126      2891D21A 
 126      02D5
 127 0027 971018C7 		.ascii	"\227\020\030\307\314$.&\273a\272\333\352\333\025*i\241"
 127      CC242E26 
 127      BB61BADB 
 127      EADB152A 
 127      69A1
 128 0039 81E083A8 		.ascii	"\201\340\203\250m!H\037\004\213\370\340O\353o\334\326"
 128      6D21481F 
 128      048BF8E0 
 128      4FEB6FDC 
 128      D6
 129 004a BACD0FB4 		.ascii	"\272\315\017\264\372\242\010\202%\265+\372P%\017\322"
 129      FAA20882 
 129      25B52BFA 
 129      50250FD2 
 130 005a 07E399D9 		.ascii	"\007\343\231\331\335\354\206R\017s\317\271\367\374|"
 130      DDEC8652 
 130      0F73CFB9 
 130      F7FC7C
 131 0069 E7BB67EE 		.ascii	"\347\273g\356\367\222\350/\":\305k\233\205\217t\235"
 131      F792E82F 
 131      223AC56B 
 131      9B858F74 
 131      9D
 132 007a 5A025E97 		.ascii	"Z\002^\227\033v\235v\313\333\250\373\327\350\336r\222"
 132      1B769D76 
 132      CBDBA8FB 
 132      D7E8DE72 
 132      92
 133 008b 133AD826 		.ascii	"\023:\330&y\245xUxm\264\325\374\037\376i)nl\236<\275"
 133      79A57855 
 133      786DB4D5 
 133      FC1FFE69 
 133      296E6C9E 
 134 00a1 E7264870 		.ascii	"\347&Hp\334\360\000\374\270\217\225\242\011I)-\264\350"
 134      DCF000FC 
 134      B88F95A2 
 134      0949292D 
 134      B4E8
 135 00b3 F4A45052 		.ascii	"\364\244PRIOU\321\233\331\2229Kd\022\312z\357\022\272"
 135      494F55D1 
 135      9BD99239 
 135      4B6412CA 
 135      7AEF12BA 
 136 00c7 54872544 		.ascii	"T\207%D\315\364T\346\016\316\213\345\316tN\033\336\251"
 136      CDF454E6 
 136      0ECE8BE5 
 136      CE744E1B 
 136      DEA9
 137 00d9 BD35538B 		.ascii	"\2755S\213\245\261T6\307\272fV\341q\325\270au\361\256"
 137      A5B15436 
 137      C7BA6656 
 137      E171D5B8 
 137      6175F1AE 
 138 00ed 66AA2DB9 		.ascii	"f\252-\271\274\330\351m\210\023\217\242\012\345\331"
 138      BCD8E96D 
 138      88138FA2 
 138      0AE5D9
 139 00fc 29AD75CE 		.ascii	")\255u\316\262z\023\025Y\221\243D\226\365\341\007{U"
 139      B27A1315 
 139      5991A344 
 139      96F5E107 
 139      7B55
 140 010e CD4C3044 		.ascii	"\315L0D\306Kwy\351D\025\035\236\247R\031b\022\236m\347"
 140      C64B7779 
 140      E944151D 
 140      9EA75219 
 140      62129E6D 
 141 0123 846264C3 		.ascii	"\204bd\303\252\302\226\210\333\372\327?\272\025T\254"
 141      AAC29688 
 141      DBFAD73F 
 141      BA1554AC 
 142 0133 379D21F2 		.ascii	"7\235!\362hT0\256\334n\012L\356\351\265\216@F\011[\310"
 142      685430AE 
 142      DC6E0A4C 
 142      EEE9B58E 
 142      4046095B 
 143 0148 83359348 		.ascii	"\2035\223H\2104\2216\254x\034\232M\3149\350\215\333"
 143      88349136 
 143      AC781C9A 
 143      4DCC39E8 
 143      8DDB
 144 015a 8A6AA6E0 		.ascii	"\212j\246\340P\312\200\026hU\252\316h\204\315\231\202"
 144      50CA8016 
 144      6855AACE 
 144      6884CD99 
 144      82
 145 016b 107E7545 		.ascii	"\020~uE\341\201\332\273\354\370y\256\215\237\270\343"
 145      E181DABB 
 145      ECF879AE 
 145      8D9FB8E3 
 146 017b 455B65DD 		.ascii	"E[e\335R\003\214D\263\001\232M\250\021m\003oq\0005q"
 146      52038C44 
 146      B3019A4D 
 146      A8116D03 
 146      6F710035 
 147 0190 239C669F 		.ascii	"#\234f\2376\216\015\244P\213zK\356\201V\015\356\"N\264"
 147      368E0DA4 
 147      508B7A4B 
 147      EE81560D 
 147      EE224EB4 
 148 01a4 8B24406D 		.ascii	"\213$@m\202\346\263Y\254,\254\252\337xl\272\232\300"
 148      82E6B359 
 148      AC2CACAA 
 148      DF786CBA 
 148      9AC0
 149 01b6 FD4B3982 		.ascii	"\375K9\202|\210\344~\032\324\221\274;M\370\264Q)\237"
 149      7C88E47E 
 149      1AD491BC 
 149      3B4DF8B4 
 149      51299F
 150 01c9 A3372492 		.ascii	"\2437$\222\020\254S\350\212\366F\264O\263\356\3016\""
 150      10AC53E8 
 150      8AF646B4 
 150      4FB3EEC1 
 150      3622
 151 01db 43723604 		.ascii	"Cr6\004^\277\262\310\357bE\353\232\256\274&\011Y<FX"
 151      5EBFB2C8 
 151      EF6245EB 
 151      9AAEBC26 
 151      09593C46 
 152 01f0 017A085F 		.ascii	"\001z\010_\003_\201S\266.\237;w_\234Sn\353\345\212\201"
 152      035F8153 
 152      B62E9F3B 
 152      775F9C53 
 152      6EEBE58A 
 153 0205 6F802F81 		.ascii	"o\200/\201/B\342\025D\344~\376\275\272`t3\215?\265N"
 153      2F42E215 
 153      44E47EFE 
 153      BDBA6074 
 153      338D3FB5 
 154 021a B1139F03 		.ascii	"\261\023\237\003\237\205\361K|\247b\224r\361\346\332"
 154      9F85F14B 
 154      7CA76294 
 154      72F1E6DA 
 155 022a ADD8C367 		.ascii	"\255\330\303g\336\322\377\374\264\260}\303|\347\202"
 155      DED2FFFC 
 155      B4B07DC3 
 155      7CE782
 156 0239 D6AF7381 		.ascii	"\326\257s\201\025\346\340\"p\241>\332O\270\340c\340"
 156      15E6E022 
 156      70A13EDA 
 156      4FB8E063 
 156      E0
 157 024a 2366771D 		.ascii	"#fw\035\365k\254\306\"\356\327\326In6\\Wc\214\370\346"
 157      F56BACC6 
 157      22EED7D6 
 157      496E365C 
 157      57638CF8 
 158 025f 995F36A1 		.ascii	"\231_6\241t\310j\345x\214\275MR\253\2141\210\253!\363"
 158      74C86AE5 
 158      788CBD4D 
 158      52AB8C31 
 158      88AB21F3 
 159 0273 7F7F38FB 		.ascii	"\177\1778\373\267Jr\316q}\342\205\220\370w\300\2250"
 159      B74A72CE 
 159      717DE285 
 159      90F877C0 
 159      9530
 160 0285 670D511E 		.ascii	"g\015Q\036=\262\264\244o\237\275f<\310\036~\307Lc'\345"
 160      3DB2B4A4 
 160      6F9FBD66 
 160      3CC81E7E 
 160      C74C6327 
 161 029a 5BA01032 		.ascii	"[\240\0202\177\377\326\371;m\267_k\335~#\344\034w\203"
 161      7FFFD6F9 
 161      3B6DB75F 
 161      6BDD7E23 
 161      E41C7783 
 162 02ae B9A3FBFD 		.ascii	"\271\243\373\375\376\271\276\351yRS\305\240\344\277"
 162      FEB9BEE9 
 162      795253C5 
 162      A0E4BF
 163 02bd D23F374C 		.ascii	"\322?7L=\316\204\235\235\361K\316\221\374\360\360\276"
 163      3DCE849D 
 163      9DF14BCE 
 163      91FCF0F0 
 163      BE
 164 02ce AC33552C 		.ascii	"\2543U,L\347g\0347\010\334W\217>000x8\230\032\254\307"
 164      4CE7671C 
 164      3708DC57 
 164      8F3E3030 
 164      30783898 
 165 02e5 06A6E6E7 		.ascii	"\006\246\346\347\3253c\317\247\237\352\353\033\032\242"
 165      D53363CF 
 165      A79FEAEB 
 165      1B1AA2
 166 02f4 EE7B5499 		.ascii	"\356{T\231\345|\241\364\270S:\360\364\023\223\316\270"
 166      E57CA1F4 
 166      B8533AF0 
 166      F41393CE 
 166      B8
 167 0305 5F280565 		.ascii	"_(\005eg&_z\251\374\2423\371\254\233w\013\25632[\366"
 167      67265F7A 
 167      A9FCA233 
 167      F9AC9B77 
 167      0BAE3332 
 168 031b 9D270F1C 		.ascii	"\235'\017\034vF\363\301\33417\360'\017\015g\355\376"
 168      7646F3C1 
 168      DC3137F0 
 168      270F0D67 
 168      EDFE
 169 032d 31FFD848 		.ascii	"1\377\330H\340\273/\027\313\245#\375#\305bi\266\350"
 169      E0BB2F17 
 169      CBA523FD 
 169      23C56269 
 169      B6E8
 170 033f 7A7E40C9 		.ascii	"z~@\311\273hP\322\23184\224u\270\277S'0=\263g\327\351"
 170      BB6850D2 
 170      99383494 
 170      75B8BF53 
 170      27303DB3 
 171 0356 3F47CE48 		.ascii	"?G\316H\355"
 171      ED
 172              		.text
 173              		.section	.gnu.lto_.symtab.551a6286,"e",%progbits
 174 0000 5F5A3233 		.ascii	"_Z23get_si4463_config_arrayv\000"
 174      6765745F 
 174      73693434 
 174      36335F63 
 174      6F6E6669 
 175 001d 00       		.ascii	"\000"
 176 001e 00       		.ascii	"\000"
 177 001f 00       		.ascii	"\000"
 178 0020 00000000 		.ascii	"\000\000\000\000\000\000\000\000"
 178      00000000 
 179 0028 C4000000 		.ascii	"\304\000\000\000"
 180              		.text
 181              		.section	.gnu.lto_.ext_symtab.551a6286,"e",%progbits
 182 0000 01       		.ascii	"\001"
 183 0001 01       		.ascii	"\001"
 184 0002 00       		.ascii	"\000"
 185              		.text
 186              		.section	.gnu.lto_.opts,"e",%progbits
 187 0000 272D666E 		.ascii	"'-fno-openmp' '-fno-openacc' '-fno-pie' '-fcf-prote"
 187      6F2D6F70 
 187      656E6D70 
 187      2720272D 
 187      666E6F2D 
 188 0033 6374696F 		.ascii	"ction=none' '-mcpu=cortex-m4' '-mthumb' '-mfloat-ab"
 188      6E3D6E6F 
 188      6E652720 
 188      272D6D63 
 188      70753D63 
 189 0066 693D6861 		.ascii	"i=hard' '-mfpu=fpv4-sp-d16' '-mlibarch=armv7e-m+fp'"
 189      72642720 
 189      272D6D66 
 189      70753D66 
 189      7076342D 
 190 0099 20272D6D 		.ascii	" '-march=armv7e-m+fp' '-Os' '-fmessage-length=0' '-"
 190      61726368 
 190      3D61726D 
 190      7637652D 
 190      6D2B6670 
 191 00cc 66736967 		.ascii	"fsigned-char' '-ffunction-sections' '-fdata-section"
 191      6E65642D 
 191      63686172 
 191      2720272D 
 191      6666756E 
 192 00ff 73272027 		.ascii	"s' '-fsingle-precision-constant' '-flto' '-fabi-ver"
 192      2D667369 
 192      6E676C65 
 192      2D707265 
 192      63697369 
 193 0132 73696F6E 		.ascii	"sion=0' '-fno-exceptions' '-Xassembler' '-adhlns=Sr"
 193      3D302720 
 193      272D666E 
 193      6F2D6578 
 193      63657074 
 194 0165 632F7369 		.ascii	"c/si4463.o.lst'\000"
 194      34343633 
 194      2E6F2E6C 
 194      73742700 
 195              		.text
 196              		.comm	__gnu_lto_slim,1,1
 197              		.ident	"GCC: (GNU Arm Embedded Toolchain 10.3-2021.10) 10.3.1 20210824 (release)"
DEFINED SYMBOLS
                            *ABS*:00000000 si4463.cpp
                            *COM*:00000001 __gnu_lto_slim

NO UNDEFINED SYMBOLS
