   1              		.cpu cortex-m4
   2              		.arch armv7e-m
   3              		.fpu fpv4-sp-d16
   4              		.eabi_attribute 27, 1
   5              		.eabi_attribute 28, 1
   6              		.eabi_attribute 20, 1
   7              		.eabi_attribute 21, 1
   8              		.eabi_attribute 23, 3
   9              		.eabi_attribute 24, 1
  10              		.eabi_attribute 25, 1
  11              		.eabi_attribute 26, 1
  12              		.eabi_attribute 30, 4
  13              		.eabi_attribute 34, 1
  14              		.eabi_attribute 18, 4
  15              		.file	"si4460.cpp"
  16              		.section	.gnu.lto_.profile.551a6e6d,"e",%progbits
  17 0000 789C6362 		.ascii	"x\234cb\000\001\000\000\022\000\003"
  17      00010000 
  17      120003
  18              		.text
  19              		.section	.gnu.lto_.icf.551a6e6d,"e",%progbits
  20 0000 789CE363 		.ascii	"x\234\343c@\000&\206+;7,fb\374\333\177\342%\037\003"
  20      40002686 
  20      2B3B372C 
  20      6662FCDB 
  20      7FE2251F 
  21 0015 002EE706 		.ascii	"\000.\347\006?"
  21      3F
  22              		.text
  23              		.section	.gnu.lto_.ipa_sra.551a6e6d,"e",%progbits
  24 0000 789C6365 		.ascii	"x\234ce@\000F\006\006f\006\000\000q\000\012"
  24      40004606 
  24      06660600 
  24      0071000A 
  25              		.text
  26              		.section	.gnu.lto_.inline.551a6e6d,"e",%progbits
  27 0000 789C5361 		.ascii	"x\234Sa@\000F\006\006\346\006 `Jad`b`h\0042\353\030"
  27      40004606 
  27      06E60620 
  27      604A6164 
  27      60626068 
  28 0018 18D82042 		.ascii	"\030\330 BL !\006\006\000\231\226\007\201"
  28      4C202106 
  28      06009996 
  28      0781
  29              		.text
  30              		.section	.gnu.lto_.jmpfuncs.551a6e6d,"e",%progbits
  31 0000 789C6365 		.ascii	"x\234ce@\000F\020\001\000\000k\000\007"
  31      40004610 
  31      0100006B 
  31      0007
  32              		.text
  33              		.section	.gnu.lto_.pureconst.551a6e6d,"e",%progbits
  34 0000 789C6361 		.ascii	"x\234ca```dh`\001\000\0010\000\212"
  34      60606064 
  34      68600100 
  34      0130008A 
  35              		.text
  36              		.section	.gnu.lto_.lto.551a6e6d,"e",%progbits
  37 0000 09000400 		.ascii	"\011\000\004\000\001\000\000\000"
  37      01000000 
  38              		.text
  39              		.section	.gnu.lto__ZL13__si_4460_cfg.0.551a6e6d,"e",%progbits
  40 0000 789C4D8F 		.ascii	"x\234M\217\261J\304@\020\206\377\335\315^6f\243\231"
  40      B14AC440 
  40      1086FFDD 
  40      CD5E3666 
  40      A399
  41 0012 5C02C16A 		.ascii	"\\\002\301js6\026\021\316B\261Q\243\265\010\202\017"
  41      73361611 
  41      CE42B151 
  41      A3B50882 
  41      0F
  42 0023 20F70022 		.ascii	" \367\000\"X\332\254`\357\023\010\012\276\204\235x\325"
  42      58DAAC60 
  42      EF13080A 
  42      BE849D78 
  42      D5
  43 0034 411A1B2B 		.ascii	"A\032\033++K}\000A\204\230M,2\305\300|\337\01433\002"
  43      2B4B7D00 
  43      4184984D 
  43      2C32C5C0 
  43      7CDF0C33 
  44 004a 70CED045 		.ascii	"p\316\320E\301\371\243\000\276\270\317\031\330bn\325"
  44      C1F9A300 
  44      BEB8CF19 
  44      D8626ED5 
  45 005a B8171811 		.ascii	"\270\027\030\0218\016 \011L\234Ib\355\200\"\356u.\242"
  45      380E2009 
  45      4C9C4962 
  45      ED8022EE 
  45      752EA2
  46 006d 38804AB1 		.ascii	"8\200J\261\262\351\252\200H\202\3255\020R\342\3032\325"
  46      B2E9AA80 
  46      4882D535 
  46      1052E2C3 
  46      32D5
  47 007f 34E03125 		.ascii	"4\3401%Z\265\266\252PuS\016\244\030\204\003f\010\"J"
  47      5AB5B6AA 
  47      5075530E 
  47      A4188403 
  47      6608224A 
  48 0093 8272A08D 		.ascii	"\202r\240\215\206\200/\337!\333\303\300$\031\246\277"
  48      86802FDF 
  48      21DBC3C0 
  48      2419A6BF 
  49 00a3 35199533 		.ascii	"5\031\2253\253\270\305\205\211\310\004\023\314\344\336"
  49      ABB8C585 
  49      89C80413 
  49      CCE4DE
  50 00b2 06BFC34B 		.ascii	"\006\277\303KH\306/O\267\257\031\037[\327\274\365\341"
  50      48C62F4F 
  50      B7AF191F 
  50      5BD7BCF5 
  50      E1
  51 00c3 FC0E6519 		.ascii	"\374\016e\031V\333E\353\256:\274\021o\267\2301\333\270"
  51      56DB45EB 
  51      AE3ABC11 
  51      6FB79831 
  51      DBB8
  52 00d5 8E23B87C 		.ascii	"\216#\270|\\\271|\022\305Th\324\017\323\373\342\365"
  52      5CB97C12 
  52      C55468D4 
  52      0FD3FBE2 
  52      F5
  53 00e6 69F12913 		.ascii	"i\361)\023r@/y\331\257\370\307\016\344\275\353\261\242"
  53      72402F79 
  53      D9AFF8C7 
  53      0EE4BDEB 
  53      B1A2
  54 00f8 8987BC7C 		.ascii	"\211\207\274|\336\015i\315G\271\034z\372R\3044\325\303"
  54      DE0D69CD 
  54      47B91C7A 
  54      FA52C434 
  54      D5C3
  55 010a BFA0A952 		.ascii	"\277\240\251R\330\327u\235^\231\037\374\001!p6%"
  55      D8D7759D 
  55      5E991FFC 
  55      01217036 
  55      25
  56              		.text
  57              		.section	.gnu.lto__Z23get_si4460_config_arrayv.1.551a6e6d,"e",%progbits
  58 0000 789CDBC6 		.ascii	"x\234\333\306\300\300\020\007\304\252@\314\310\314\300"
  58      C0C01007 
  58      C4AA40CC 
  58      C8CCC0
  59 000f 38696217 		.ascii	"8ib\027\023CCC\203\003;\023c\343\304\256\363\213\224"
  59      13434343 
  59      83033B13 
  59      63E3C4AE 
  59      F38B94
  60 0022 19B73382 		.ascii	"\031\2673\202\371\214\014\365L\214\365\214\223\231\347"
  60      F98C0CF5 
  60      4C8CF58C 
  60      9399E7
  61 0031 30334E62 		.ascii	"03Nb^\002T\313\002e12*h\036hh\370\321\372\374\303a\241"
  61      5E0254CB 
  61      02653132 
  61      2A681E68 
  61      68F8D1FA 
  62 0049 392B0EB0 		.ascii	"9+\016\260,afb\230\007T\260\225\221q\013#\003\030\260"
  62      2C616662 
  62      980754B0 
  62      9591710B 
  62      230318B0 
  63 005d 31804440 		.ascii	"1\200D@\226\000\361\372K\254\007\032\376\374\357oh8"
  63      9600F1FA 
  63      4BAC071A 
  63      FEFCEF6F 
  63      6838
  64 006f 2EB48C95 		.ascii	".\264\214\225\211\201\241\237\031dg\003\013c\303\001"
  64      8981A19F 
  64      19646703 
  64      0B63C301 
  65 007f 068609CC 		.ascii	"\006\206\011\314L\020N#\220\363\211\261I\001j\0153#"
  65      4C104E23 
  65      90F389B1 
  65      49016A0D 
  65      3323
  66 0091 0390D5C2 		.ascii	"\003\220\325\302\310\004d\256\000\232\005\344,cdX\302"
  66      C80464AE 
  66      009A05E4 
  66      2C636458 
  66      C2
  67 00a2 CCC2B893 		.ascii	"\314\302\270\223\221q\007#\003D\206q\027\304\306~fF"
  67      91710723 
  67      03448671 
  67      17C4C67E 
  67      6646
  68 00b4 84910C0C 		.ascii	"\204\221\014\014\236.V1\361\001\251y%E\245\361\351\231"
  68      9E2E5631 
  68      F101A979 
  68      2545A5F1 
  68      E999
  69 00c6 2519A549 		.ascii	"%\031\245I\3611\276\211\231\211y\211\361N9\245\251\361"
  69      F131BE89 
  69      99897989 
  69      F14E39A5 
  69      A9F1
  70 00d8 8E9EC1F1 		.ascii	"\216\236\301\361n\231E\271\345\211E\2511>&\306F\272"
  70      6E9945B9 
  70      E58945A9 
  70      313E26C6 
  70      46BA
  71 00ea 7EA9E54E 		.ascii	"~\251\345NE\251\211\331\371\245%\305\272N\371\371%9"
  71      45A989D9 
  71      F9A525C5 
  71      BA4EF9F9 
  71      2539
  72 00fc F98929A9 		.ascii	"\371\211)\251E\014Bzz\372\301E\311\372\305\231&&f\006"
  72      450C427A 
  72      7AFAC145 
  72      C9FAC599 
  72      26266606 
  73 0110 7AC90505 		.ascii	"z\311\005\005\014\000b\006Z0"
  73      0C006206 
  73      5A30
  74              		.text
  75              		.section	.gnu.lto_.symbol_nodes.551a6e6d,"e",%progbits
  76 0000 789C5363 		.ascii	"x\234Sc\000\002&\306z\206\006 `a\234p\216\201\241\236"
  76      000226C6 
  76      7A860620 
  76      60619C70 
  76      8E81A19E 
  77 0014 81615743 		.ascii	"\201aWC##\003#H\212\201\225\201\241\301\211\201\201"
  77      23230323 
  77      488A8195 
  77      81A1C189 
  77      8181
  78 0026 990100AC 		.ascii	"\231\001\000\254\375\007\022"
  78      FD0712
  79              		.text
  80              		.section	.gnu.lto_.refs.551a6e6d,"e",%progbits
  81 0000 789C6367 		.ascii	"x\234cg```d`bdd`\000\000\000p\000\015"
  81      60606064 
  81      60626464 
  81      60000000 
  81      70000D
  82              		.text
  83              		.section	.gnu.lto_.decls.551a6e6d,"e",%progbits
  84 0000 789C7D52 		.ascii	"x\234}R]h\034U\024>\337\275\223\235\311\355\266\033"
  84      5D681C55 
  84      143EDFBD 
  84      939DC9ED 
  84      B61B
  85 0012 97AD1109 		.ascii	"\227\255\021\011a\021\304\205\220\244\231\015\255\370"
  85      6111C485 
  85      90A4990D 
  85      ADF8
  86 0020 B4468994 		.ascii	"\264F\211\224\326\020\250\276\204\3008f&q1\331\015\323"
  86      D610A8BE 
  86      84C03866 
  86      267131D9 
  86      0DD3
  87 0032 DD56DF6E 		.ascii	"\335V\337n!\222\026\022\010>i[%H\037|\220\342\203?\365"
  87      21921612 
  87      083E695B 
  87      25481F7C 
  87      90E2833F 
  88 0047 3F6E7F5C 		.ascii	"?n\177\\\233.4o\255>Y\252\254\326\207V\362 E\214g\366"
  88      9B2E346F 
  88      AD3E59AA 
  88      ACD68756 
  88      F220458C 
  89 005d 27BBA1D4 		.ascii	"'\273\241\324\303\234s\357=\367\234\357|\347\314\335"
  89      C39C73EF 
  89      3DF79CEF 
  89      7CE7CCDD 
  90 006d 9044F788 		.ascii	"\220D\367\210h\211u\213\205\217\264A-\001\353\245\306"
  90      6889758B 
  90      858FB441 
  90      2D01EBA5 
  90      C6
  91 007e 7A8D76CA 		.ascii	"z\215v\312\273\250\373\327\351\341r\212\003:x\215\263"
  91      BBA8FBD7 
  91      E9E1728A 
  91      033A788D 
  91      B3
  92 008f 26584BAC 		.ascii	"&XK\254\225\266\234\377\303?#\305\255\333\247\316\354"
  92      95B69CFF 
  92      C33F23C5 
  92      ADDBA7CE 
  92      EC
  93 00a0 FE1524F8 		.ascii	"\376\025$\370\336\360\000\334\330\317F\321\204\244\204"
  93      DEF000DC 
  93      D8CF46D1 
  93      84A484
  94 00af 165A443C 		.ascii	"\026ZD<)\224T\322Se\364\2466e\306\022\251\230\262>\274"
  94      299454D2 
  94      5365F4A6 
  94      3665C612 
  94      A998B23E 
  95 00c4 882ED561 		.ascii	"\210.\325a\011Q5=\225\272\217\217\304j$\231\321\206"
  95      0951353D 
  95      95BA8F8F 
  95      C46A2499 
  95      D186
  96 00d6 B7B4B76A 		.ascii	"\267\264\267jj\2612\226Hg\330V\3152<\316\0327\254.\336"
  96      6AB13296 
  96      4867D856 
  96      CD323CCE 
  96      1A37AC2E 
  97 00eb 554DB529 		.ascii	"UM\265)W\227#^E\234|\012e(\317Nh\2553\226\325\033+\311"
  97      5797235E 
  97      459C7C0A 
  97      6528CF4E 
  97      68AD3396 
  98 0103 921C25B2 		.ascii	"\222\034%\262\254\217\317\357UU3\306\020)/\331\345%"
  98      AC8FCFEF 
  98      555533C6 
  98      10292FD9 
  98      E525
  99 0115 63657478 		.ascii	"cetx\236J\244\210Ix\266\235\021\212\221\015\253\014"
  99      9E4AA488 
  99      4978B69D 
  99      118A910D 
  99      AB0C
 100 0127 5B226AEB 		.ascii	"[\"j\353_\356t+\250\316\336d\212\310\243Q\301\270r\253"
 100      5FEE742B 
 100      A8CEDE64 
 100      8AC8A351 
 100      C1B872AB 
 101 013b 2930B9A6 		.ascii	")0\271\246\327:\002)%l!\017UM\"!\222D\332\260\242Qh"
 101      D73A0229 
 101      256C210F 
 101      554D2221 
 101      9244DAB0 
 102 0152 5E3A9D43 		.ascii	"^:\235C\336\270\255\250j\012\276J\030\320\002\255L\025"
 102      DEB8ADA8 
 102      6A0ABE4A 
 102      18D002AD 
 102      4C15
 103 0164 A98DB039 		.ascii	"\251\215\2609S\020\302\257n(<P{\225m?\317\265\361\023"
 103      5310C2AF 
 103      6E283C50 
 103      7B956D3F 
 103      CFB5F113 
 104 0178 B7BD68CB 		.ascii	"\267\275h\313\254\257\324\000#\321,\200f\021j\334\266"
 104      ACAFD400 
 104      23D12C80 
 104      66116ADC 
 104      B6
 105 0189 81B73880 		.ascii	"\201\2678\200\232\2705\234f\2356\216\015\244\320\212"
 105      9AB8359C 
 105      669D368E 
 105      0DA4D08A 
 106 0199 7A49AE81 		.ascii	"zI\256\201V\016\036 N\264\203$@m\202\346\263Y.-^U\277"
 106      560E1E20 
 106      4EB48324 
 106      406D82E6 
 106      B3592E2D 
 107 01b0 F1D87439 		.ascii	"\361\330t9\206=+\031\202|\234\344\001\032\3245\371`"
 107      863D2B19 
 107      827C9CE4 
 107      011AD435 
 107      F960
 108 01c2 9AF07923 		.ascii	"\232\360y#S\276DoK\304!\330&\320U\333\033\265}\222m"
 108      53BE446F 
 108      4BC421D8 
 108      26D055DB 
 108      1BB57D92 
 109 01d7 0FB6505B 		.ascii	"\017\266P[H\316\206\300\327\256,\363\273X\323\272\252"
 109      48CE86C0 
 109      D7AE2CF3 
 109      BB58D3BA 
 109      AA
 110 01e8 4B272421 		.ascii	"K'$!\215}\2045\240\207\360\035\360-8d\363\322\271s\273"
 110      8D7D8435 
 110      A087F01D 
 110      F02D3864 
 110      F3D2B973 
 111 01fd A21C7257 		.ascii	"\242\034rW\257\226\014|\017|\003|\035\022/\241F\356"
 111      AF960C7C 
 111      0F7C037C 
 111      1D122FA1 
 111      46EE
 112 020f E7DFCB8B 		.ascii	"\347\337\313\213F7\323\370S\353\004;\361\025\360ex\177"
 112      4637D3F8 
 112      53EB043B 
 112      F115F065 
 112      787F
 113 0221 917BCAD7 		.ascii	"\221{\312\327B\226\376\251\334\333\365\304\331w\364"
 113      4296FEA9 
 113      DCDBF5C4 
 113      D977F4
 114 0230 DF3717B7 		.ascii	"\3377\027\267n\231\247/h\375\026'Xa\014\276\000.\324"
 114      6E99A72F 
 114      68FD1627 
 114      58610CBE 
 114      002ED4
 115 0243 47FB1927 		.ascii	"G\373\031'|\012|\302\3546Po\343N\275\217\033\217\312"
 115      7C0A7CC2 
 115      EC36506F 
 115      E34EBD8F 
 115      1B8FCA
 116 0256 DB0DCF1F 		.ascii	"\333\015\317\037\202\001\357/T\316G\224\016I\255-t\262"
 116      8201EF2F 
 116      54CE4794 
 116      0E49AD2D 
 116      74B2
 117 0268 B7C9E92A 		.ascii	"\267\311\351*C\014\342\307\220\370\331\177\377:\275"
 117      430CE2C7 
 117      90F8D97F 
 117      FF3ABD
 118 0277 27CE310B 		.ascii	"'\3161\013\372\344+!\357\037\200+a\314:jq\364\344\312"
 118      FAE42B21 
 118      EF1F802B 
 118      61CC3A6A 
 118      71F4E4CA 
 119 028b 8ABEFBDE 		.ascii	"\212\276\373\336u\3431\366\3603f\026\333!\227\201\\"
 119      75E331F6 
 119      F0336616 
 119      DB219781 
 119      5C
 120 029c 48FCA7D5 		.ascii	"H\374\247\325\367O\304Z\315\257\267\232\257\204\224"
 120      F74FC45A 
 120      CDAFB79A 
 120      AF8494
 121 02ab A36E3077 		.ascii	"\243n0w\354\200\337?\3277=Oj*\037\024\3747\372\347\206"
 121      EC80DF3F 
 121      D7373D4F 
 121      6A2A1F14 
 121      FC37FAE7 
 122 02c0 A9C799B0 		.ascii	"\251\307\231\260\3233~\3019\232\035\036\336\277\317"
 122      D3337EC1 
 122      399A1D1E 
 122      DEBFCF
 123 02cf 99CAE7A6 		.ascii	"\231\312\347\246\2633\216\033\004\356\233\307\036\031"
 123      B3338E1B 
 123      04EE9BC7 
 123      1E19
 124 02dd 18183C12 		.ascii	"\030\030<\022L\015\326\357\006\246\346\347\325\013c"
 124      4C0DD6EF 
 124      06A6E6E7 
 124      D50B63
 125 02ec 2F279FEB 		.ascii	"/'\237\353\353\033\032\242\356\207d\231\305l\256\360"
 125      EB1B1AA2 
 125      EE876499 
 125      C56CAEF0 
 126 02fc B45338F8 		.ascii	"\264S8\370\3743\223\316\270\237+\004Eg&[x\255\370\252"
 126      FC3393CE 
 126      B89F2B04 
 126      4567265B 
 126      78ADF8AA 
 127 0310 33F9A29B 		.ascii	"3\371\242\233us\25632[\364\235g\017\036qF\263\301\334"
 127      7573AE33 
 127      325BF49D 
 127      670F1E71 
 127      46B3C1DC 
 128 0324 7137F027 		.ascii	"q7\360'\017\017\247\355\3761\377\370H\340\273\257\347"
 128      0F0FA7ED 
 128      FE31FFF8 
 128      48E0BBAF 
 128      E7
 129 0335 8B85A3FD 		.ascii	"\213\205\243\375#\371|a6\357z~@\361\007hP\334\2318<"
 129      23F97C61 
 129      36EF7A7E 
 129      40F10768 
 129      50DC9938 
 130 034a 9476B8BE 		.ascii	"\224v\270\276S'0=\263{\307\351?\314\214G\221"
 130      5327303D 
 130      B37BC7E9 
 130      3FCC8C47 
 130      91
 131              		.text
 132              		.section	.gnu.lto_.symtab.551a6e6d,"e",%progbits
 133 0000 5F5A3233 		.ascii	"_Z23get_si4460_config_arrayv\000"
 133      6765745F 
 133      73693434 
 133      36305F63 
 133      6F6E6669 
 134 001d 00       		.ascii	"\000"
 135 001e 00       		.ascii	"\000"
 136 001f 00       		.ascii	"\000"
 137 0020 00000000 		.ascii	"\000\000\000\000\000\000\000\000"
 137      00000000 
 138 0028 C4000000 		.ascii	"\304\000\000\000"
 139              		.text
 140              		.section	.gnu.lto_.ext_symtab.551a6e6d,"e",%progbits
 141 0000 01       		.ascii	"\001"
 142 0001 01       		.ascii	"\001"
 143 0002 00       		.ascii	"\000"
 144              		.text
 145              		.section	.gnu.lto_.opts,"e",%progbits
 146 0000 272D666E 		.ascii	"'-fno-openmp' '-fno-openacc' '-fno-pie' '-fcf-prote"
 146      6F2D6F70 
 146      656E6D70 
 146      2720272D 
 146      666E6F2D 
 147 0033 6374696F 		.ascii	"ction=none' '-mcpu=cortex-m4' '-mthumb' '-mfloat-ab"
 147      6E3D6E6F 
 147      6E652720 
 147      272D6D63 
 147      70753D63 
 148 0066 693D6861 		.ascii	"i=hard' '-mfpu=fpv4-sp-d16' '-mlibarch=armv7e-m+fp'"
 148      72642720 
 148      272D6D66 
 148      70753D66 
 148      7076342D 
 149 0099 20272D6D 		.ascii	" '-march=armv7e-m+fp' '-Os' '-fmessage-length=0' '-"
 149      61726368 
 149      3D61726D 
 149      7637652D 
 149      6D2B6670 
 150 00cc 66736967 		.ascii	"fsigned-char' '-ffunction-sections' '-fdata-section"
 150      6E65642D 
 150      63686172 
 150      2720272D 
 150      6666756E 
 151 00ff 73272027 		.ascii	"s' '-fsingle-precision-constant' '-flto' '-fabi-ver"
 151      2D667369 
 151      6E676C65 
 151      2D707265 
 151      63697369 
 152 0132 73696F6E 		.ascii	"sion=0' '-fno-exceptions' '-Xassembler' '-adhlns=Sr"
 152      3D302720 
 152      272D666E 
 152      6F2D6578 
 152      63657074 
 153 0165 632F7369 		.ascii	"c/si4460.o.lst'\000"
 153      34343630 
 153      2E6F2E6C 
 153      73742700 
 154              		.text
 155              		.comm	__gnu_lto_slim,1,1
 156              		.ident	"GCC: (GNU Arm Embedded Toolchain 10.3-2021.10) 10.3.1 20210824 (release)"
DEFINED SYMBOLS
                            *ABS*:00000000 si4460.cpp
                            *COM*:00000001 __gnu_lto_slim

NO UNDEFINED SYMBOLS
