   1              		.cpu cortex-m4
   2              		.arch armv7e-m
   3              		.fpu fpv4-sp-d16
   4              		.eabi_attribute 27, 1
   5              		.eabi_attribute 28, 1
   6              		.eabi_attribute 20, 1
   7              		.eabi_attribute 21, 1
   8              		.eabi_attribute 23, 3
   9              		.eabi_attribute 24, 1
  10              		.eabi_attribute 25, 1
  11              		.eabi_attribute 26, 1
  12              		.eabi_attribute 30, 4
  13              		.eabi_attribute 34, 1
  14              		.eabi_attribute 18, 4
  15              		.file	"stm32l4xx_it.c"
  16              		.section	.gnu.lto_.profile.551a5b71,"e",%progbits
  17 0000 789C6362 		.ascii	"x\234cb\000\001\000\000\022\000\003"
  17      00010000 
  17      120003
  18              		.text
  19              		.section	.gnu.lto_.icf.551a5b71,"e",%progbits
  20 0000 789C3360 		.ascii	"x\2343`@\000\016\206O\353\217U1n;\276\246\223\227k\357"
  20      40000E86 
  20      4FEB8F55 
  20      316E3BBE 
  20      A693976B 
  21 0015 ECCE40EE 		.ascii	"\354\316@\356\351\255KN\362\361\254\235\374~!\027\357"
  21      E9AD4B4E 
  21      F2F1AC9D 
  21      FC7E2117 
  21      EF
  22 0026 99C3076F 		.ascii	"\231\303\007o\363\362\235\376\334\370\225\203\177\342"
  22      F3F29DFE 
  22      DCF89583 
  22      7FE2
  23 0034 B1E7D7B8 		.ascii	"\261\347\327\270\030\0008e\027Z"
  23      18003865 
  23      175A
  24              		.text
  25              		.section	.gnu.lto_.ipa_sra.551a5b71,"e",%progbits
  26 0000 789C5367 		.ascii	"x\234Sg@\000v\006\006F\006FFF\020\233\221\033\304\346"
  26      40007606 
  26      06460646 
  26      4646109B 
  26      911BC4E6 
  27 0014 0111BC20 		.ascii	"\001\021\274 \202\217\201\221\037D\003!\000\016(\000"
  27      828F8191 
  27      1F440321 
  27      000E2800 
  28 0024 7F       		.ascii	"\177"
  29              		.text
  30              		.section	.gnu.lto_.inline.551a5b71,"e",%progbits
  31 0000 789C4B60 		.ascii	"x\234K`d\200\003\016\006\006\326\206\206\206\005\314"
  31      6480030E 
  31      0606D686 
  31      868605CC 
  32 0010 698C0C4C 		.ascii	"i\214\014L\014\014\215@v\035\003\003\033\220j`Ja\002"
  32      0C0C8D40 
  32      761D0303 
  32      1B906A60 
  32      4A6102
  33 0023 09313071 		.ascii	"\01110q\003\011F \024\001\012n`Jg\004\262\227030\000"
  33      03094620 
  33      14010A6E 
  33      604A6704 
  33      B2973033 
  34 0039 118B2450 		.ascii	"\021\213$Ph\002s\032\003\003/\220\361\200)\025\244\203"
  34      6802731A 
  34      03032F90 
  34      F1802915 
  34      A483
  35 004b 11AC3989 		.ascii	"\021\2549\211\211\201\005\316f`\001\032\301\005\263"
  35      898105CE 
  35      6660011A 
  35      C105B3
  36 005a 8981804D 		.ascii	"\211\201\200M\334\304:\211\207X\205\274\304*\344c`\206"
  36      DCC43A89 
  36      875885BC 
  36      C42AE463 
  36      6086
  37 006c 88E254C8 		.ascii	"\210\342T\310\0176\352\0010\030p\251`\344b\200\223\014"
  37      0F36EA01 
  37      301870A9 
  37      60E46280 
  37      930C
  38 007e 00460A43 		.ascii	"\000F\012CJ"
  38      4A
  39              		.text
  40              		.section	.gnu.lto_.jmpfuncs.551a5b71,"e",%progbits
  41 0000 789C45CE 		.ascii	"x\234E\316\273\015\200@\014\003P;\316I\210\357\310T"
  41      BB0D8040 
  41      0C03503B 
  41      CE4988EF 
  41      C854
  42 0012 2C7033DC 		.ascii	",p3\334 \214\306\341&\221\\\370\271\311\203\272e&\242"
  42      208CC6E1 
  42      26915CF8 
  42      B9C983BA 
  42      6526A2
  43 0025 6B8824F8 		.ascii	"k\210$\370&\377\000\263\361\036\212\265\346\360\034"
  43      26FF00B3 
  43      F11E8AB5 
  43      E6F01C
  44 0034 9EB7E266 		.ascii	"\236\267\342fn\346\275Xf\231\217\3424\247\371\004.?"
  44      6EE6BD58 
  44      66998FE2 
  44      34A7F904 
  44      2E3F
  45 0046 F101964A 		.ascii	"\361\001\226J\020$"
  45      1024
  46              		.text
  47              		.section	.gnu.lto_.pureconst.551a5b71,"e",%progbits
  48 0000 789C9364 		.ascii	"x\234\223d``\340`\230\301\302\270\213\225k\006\013\367"
  48      6060E060 
  48      98C1C2B8 
  48      8B956B06 
  48      0BF7
  49 0012 0C169E19 		.ascii	"\014\026\236\031,\2743X\370\032X\370g\260\000\000E\301"
  49      2CBC3358 
  49      F81A58F8 
  49      67B00000 
  49      45C1
  50 0024 0559     		.ascii	"\005Y"
  51              		.text
  52              		.section	.gnu.lto_.lto.551a5b71,"e",%progbits
  53 0000 09000400 		.ascii	"\011\000\004\000\001\000\000\000"
  53      01000000 
  54              		.text
  55              		.section	.gnu.lto_NMI_Handler.132.551a5b71,"e",%progbits
  56 0000 789CEB67 		.ascii	"x\234\353g``H\002be fdf`\2344\261\213\211\241\241\241"
  56      60604802 
  56      62652066 
  56      6466609C 
  56      34B18B89 
  57 0017 C1819D89 		.ascii	"\301\201\235\211\261qb\027'\343VF0\217\221\241\236\211"
  57      B1716217 
  57      27E35646 
  57      308F91A1 
  57      9E89
  58 0029 B19E7132 		.ascii	"\261\236q2\263&\220\373\243\365\371\205\355\022\015"
  58      B32690FB 
  58      A3F5F985 
  58      ED120D
  59 0038 2B0E302E 		.ascii	"+\0160.af`\230\007\304P\300\006\3431\002\361\372K\254"
  59      61666098 
  59      07C450C0 
  59      06E33102 
  59      F1FA4BAC 
  60 004c 071AFEFC 		.ascii	"\007\032\376\374\357oh\370.\375p\016;P\274\237\031d"
  60      EF6F68F8 
  60      2EFD700E 
  60      3B50BC9F 
  60      1964
  61 005e 74030B63 		.ascii	"t\003\013c\303\001\006\206\011\314L\020N#\220\363\201"
  61      C3010686 
  61      09CC4C10 
  61      4E2390F3 
  61      81
  62 006f B1E5C1EC 		.ascii	"\261\345\301\354\343\214\014-\214LK\230\031\3471\003"
  62      E38C0C2D 
  62      8C4C4B98 
  62      19E73103 
  63 007f F54F625E 		.ascii	"\365Ob^\302\314\304\010\264\201\231\341\023c\323\203"
  63      C2CCC408 
  63      B48199E1 
  63      1363D383 
  64 008f B9EE601B 		.ascii	"\271\356`\033\372\231\031\021F00x\272X\305\304\007\244"
  64      FA991911 
  64      46303078 
  64      BA58C5C4 
  64      07A4
  65 00a1 E6951495 		.ascii	"\346\225\024\225\306\247g\226d\224&\305\307\370&f&\346"
  65      C6A76796 
  65      649426C5 
  65      C7F82666 
  65      26E6
  66 00b3 25C63BE5 		.ascii	"%\306;\345\224\246\306;z\006\307\273e\026\345\226'\026"
  66      94A6C63B 
  66      7A06C7BB 
  66      6516E596 
  66      2716
  67 00c5 A5C6F898 		.ascii	"\245\306\370\230\030\033\351\372\245\226;\025\245&f"
  67      181BE9FA 
  67      A5963B15 
  67      A52666
  68 00d4 E7979614 		.ascii	"\347\227\226\024\353:\345\347\227\344\344'\246\244\026"
  68      EB3AE5E7 
  68      97E4E427 
  68      A6A416
  69 00e3 3188E9E9 		.ascii	"1\210\351\351\351\007\027%\353\027\227\344\032\033\345"
  69      E9071725 
  69      EB1797E4 
  69      1A1BE5
  70 00f2 985454C4 		.ascii	"\230TT\304g\226\350%3\000\000\276FU$"
  70      6796E825 
  70      330000BE 
  70      465524
  71              		.text
  72              		.section	.gnu.lto_prvGetRegistersFromStack.141.551a5b71,"e",%progbits
  73 0000 789C6DD2 		.ascii	"x\234m\322Mh\023A\024\000\340\367\366\355O\014Ez\010"
  73      4D681341 
  73      1400E0F7 
  73      F6ED4F0C 
  73      457A08
  74 0013 D2836840 		.ascii	"\322\203h@\360\347\320\264\264\365\342\311\006)\324"
  74      F0E7D0B4 
  74      B4F5E2C9 
  74      0629D4
  75 0022 3F0AF518 		.ascii	"?\012\365\030X\326d\321\320\264\221\315.\315-\323\326"
  75      58D664D1 
  75      D0B491CD 
  75      2ECD2DD3 
  75      D6
  76 0033 A2C4436C 		.ascii	"\242\304Cl\275x\020\205%\204\334<h\375\303b\264\210"
  76      BD781085 
  76      2584DC3C 
  76      68FDC362 
  76      B488
  77 0045 A8887F48 		.ascii	"\250\210\177H\361d\245\007oV\364\"(\324\231\354\237"
  77      F164A507 
  77      6F56F422 
  77      28D499EC 
  77      9F
  78 0056 875D98C7 		.ascii	"\207]\230\307{\303\274\217y\354\354'\200\032\000\354"
  78      7BC3BC8F 
  78      79ECEC27 
  78      801A00EC 
  79 0066 E30B0970 		.ascii	"\343\013\011py\251.\001c\354\250&\341\334R}\007>\304"
  79      79A92E01 
  79      63ECA826 
  79      E1DC527D 
  79      073EC4
  80 0079 6E855093 		.ascii	"n\205P\223\260\206\327\350\020/\177/~\333X\035\\`\213"
  80      B086D7E8 
  80      102F7F2F 
  80      7EDB581D 
  80      5C608B
  81 008c 7D4DDE7E 		.ascii	"}M\336~\223\257\356w\203p\231\232\204(\373\231\204i"
  81      93AFEE77 
  81      8370999A 
  81      8428FB99 
  81      8469
  82 009e 9E511E0E 		.ascii	"\236Q\036\016t\030{wy\341\022\353\225\233Dx\037y\017"
  82      74187B77 
  82      79E112EB 
  82      959B4478 
  82      1F790F
  83 00b1 DE435C41 		.ascii	"\336C\\A\000\276\301{\325\300\341;p\373\203\322a\177"
  83      00BEC17B 
  83      D5C0E13B 
  83      70FB83D2 
  83      617F
  84 00c3 B71B8C6D 		.ascii	"\267\033\214m\357\371z7\231B~H\226D \021d\021\024\021"
  84      EFF97A37 
  84      99427E48 
  84      96442011 
  84      64111411 
  85 00d7 54113411 		.ascii	"T\0214\021\022\"$\021\037\360\376\006\211\011\230\214"
  85      12222411 
  85      1FF0FE06 
  85      8909988C 
  86 00e7 AC037095 		.ascii	"\254\003p\225$\257\230\343\305w\234\277~e\353V\325%"
  86      24AF98E3 
  86      C5779CBF 
  86      7E65EB56 
  86      D525
  87 00f9 F4AF4808 		.ascii	"\364\257H\010-1a\242I\212KI|\204\342\324\263\037\365"
  87      2D3161A2 
  87      498A4B49 
  87      7C84E2D4 
  87      B31FF5
  88 010c C3FE0115 		.ascii	"\303\376\001\025\305\\\027Q\342i\233\337\260\205\351"
  88      C55C1751 
  88      E2699BDF 
  88      B085E9
  89 011b 2669B88A 		.ascii	"&i\270\212\370\030\201;\236\371k\257KRH\312-q\343\256"
  89      F818813B 
  89      9EF96BAF 
  89      4B5248CA 
  89      2D71E3AE 
  90 012f F724F0F0 		.ascii	"\367$\360\360?\005\003\345\251\257H\236\362\207+\024"
  90      3F0503E5 
  90      A9AF489E 
  90      F2872B14 
  91 013f 2A894859 		.ascii	"*\211HY\213S\244@y\356+\344)k\007]\222C\245'R^\304)"
  91      8B53A440 
  91      79EE2BE4 
  91      296B075D 
  91      9243A527 
  92 0157 14282F7D 		.ascii	"\024(/}E\366\224\365\366N\227\224\220\351\215\230\327"
  92      45F694F5 
  92      F64E9794 
  92      90E98D98 
  92      D7
  93 0168 718C1C30 		.ascii	"q\214\0340o|F\361\230/\355\036\227\324\220IE\314\333"
  93      6F7C46F1 
  93      982FED1E 
  93      97D49049 
  93      45CCDB
  94 017b 38460998 		.ascii	"8F\011\230\367>\243z\314&\237I\013\225\276H\371\030"
  94      F73EA37A 
  94      CC269F49 
  94      0B95BE48 
  94      F918
  95 018d A7A881F2 		.ascii	"\247\250\201\362\311W4\377\317\213\231\022!\263;b\326"
  95      C95734FF 
  95      CF8B9912 
  95      21B33B62 
  95      D6
  96 019e E3182D60 		.ascii	"\343\030-`>\373L\002\266\220m\336y%\336(T\341'\316o"
  96      3EFB4C02 
  96      B6906DDE 
  96      7925DE28 
  96      54E127CE 
  97 01b3 AC1CEF3E 		.ascii	"\254\034\357>\375\006a\364\344\000\306\217\035\311\351"
  97      FD0661F4 
  97      E400C68F 
  97      1DC9E9
  98 01c2 13E68C6D 		.ascii	"\023\346\214m9\372\271\242}\3369\253\347N\031Ec\306"
  98      39FAB9A2 
  98      7DDE39AB 
  98      E74E1945 
  98      63C6
  99 01d4 D0B325C7 		.ascii	"\320\263%\307\324G\307'\365\261\2425=kXf\356\344\310"
  99      D447C727 
  99      F5B1A235 
  99      3D6B5866 
  99      EEE4C8
 100 01e7 F050FF69 		.ascii	"\360P\377is6k\231\306T\331\261+\375\331r\331.\225\215"
 100      73366B99 
 100      C654D9B1 
 100      2BFDD972 
 100      D92E958D 
 101 01fb 8269C1AE 		.ascii	"\202i\301\256Lf`\322\312\017T\354\351\341\241\322H\265"
 101      4C6660D2 
 101      CA0F54EC 
 101      E9E1A1D2 
 101      48B5
 102 020d AA17ED4C 		.ascii	"\252\027\355L\036R\027\234\322\230\341\224\354I\333"
 102      1E52179C 
 102      D298E194 
 102      EC49DB
 103 021c C84F8D16 		.ascii	"\310O\215\026\012\226Y\251h\331\023\023g\322\203\360"
 103      0A9659A9 
 103      68D91313 
 103      67D283F0 
 104 022c 0F189508 		.ascii	"\017\030\225\010\321"
 104      D1
 105              		.text
 106              		.section	.gnu.lto_HardFault_Handler.142.551a5b71,"e",%progbits
 107 0000 789CEB67 		.ascii	"x\234\353g``H\002be fdf`\2344\261\213\211\241\241\241"
 107      60604802 
 107      62652066 
 107      6466609C 
 107      34B18B89 
 108 0017 C1819D89 		.ascii	"\301\201\235\211\261qb\027'\343VF0\217\221\241\236\211"
 108      B1716217 
 108      27E35646 
 108      308F91A1 
 108      9E89
 109 0029 B19E7132 		.ascii	"\261\236q2\263&\220\373\243\365\371\201\313*-\015\255"
 109      B32690FB 
 109      A3F5F981 
 109      CB2A2D0D 
 109      AD
 110 003a 124B9819 		.ascii	"\022K\230\031\030\346\0011\024\260\301x\214@\274\376"
 110      18E60131 
 110      14B0C178 
 110      8C40BCFE 
 111 004a 12EB8186 		.ascii	"\022\353\201\206?\377\373\033\032\336k>\234\303\015"
 111      3FFFFB1B 
 111      1ADE6B3E 
 111      9CC30D
 112 0059 14EF6706 		.ascii	"\024\357g\006\031\335\300\302\330p\200\201a\0023\023"
 112      19DDC0C2 
 112      D8708081 
 112      61023313 
 113 0069 84D308E4 		.ascii	"\204\323\010\344|`ly0\3614#C\013#\323\022f\306y\314"
 113      7C606C79 
 113      30F13423 
 113      430B23D3 
 113      1266C679 
 114 007e 40FD9398 		.ascii	"@\375\223\230\22703\201\270\314\014\237\030\233\036"
 114      97303381 
 114      B8CC0C9F 
 114      189B1E
 115 008d CCF506DB 		.ascii	"\314\365\006\333\320\317\314\2100\202\201\301\323\305"
 115      D0CFCC88 
 115      308281C1 
 115      D3C5
 116 009b 2A263E20 		.ascii	"*&> 5\257\244\2504>=\263$\2434)>\3067131/1\336)\247"
 116      35AFA4A8 
 116      343E3DB3 
 116      24A33429 
 116      3EC63731 
 117 00b6 3435DED1 		.ascii	"45\336\32138\336-\263(\267<\261(5\306\307\304\330H\327"
 117      3338DE2D 
 117      B328B73C 
 117      B12835C6 
 117      C7C4D848 
 118 00cb 2FB5DCA9 		.ascii	"/\265\334\251(51;\277\264\244X\327)?\277$'?1%\265\210"
 118      2835313B 
 118      BFB4A458 
 118      D7293FBF 
 118      24273F31 
 119 00e2 414C4F4F 		.ascii	"ALOO?\270(Y\277\270$\327\330(\307\244\242\">\263D/\231"
 119      3FB82859 
 119      BFB824D7 
 119      D828C7A4 
 119      A2223EB3 
 120 00f9 010099C9 		.ascii	"\001\000\231\311T\375"
 120      54FD
 121              		.text
 122              		.section	.gnu.lto_MemManage_Handler.143.551a5b71,"e",%progbits
 123 0000 789CEB67 		.ascii	"x\234\353g``H\002be fdf`\2344\261\213\211\241\241\241"
 123      60604802 
 123      62652066 
 123      6466609C 
 123      34B18B89 
 124 0017 C1819D89 		.ascii	"\301\201\235\211\261qb\027'\343VF0\217\221\241\236\211"
 124      B1716217 
 124      27E35646 
 124      308F91A1 
 124      9E89
 125 0029 B19E7132 		.ascii	"\261\236q2\263&\220\373\243\365\371\206\333\022\015"
 125      B32690FB 
 125      A3F5F986 
 125      DB120D
 126 0038 2B0E302E 		.ascii	"+\0160.af`\230\007\304P\300\006\3431\002\361\372K\254"
 126      61666098 
 126      07C450C0 
 126      06E33102 
 126      F1FA4BAC 
 127 004c 071AFEFC 		.ascii	"\007\032\376\374\357ohx\256\373\360\0067P\274\237\031"
 127      EF6F6878 
 127      AEFBF006 
 127      3750BC9F 
 127      19
 128 005d 6474030B 		.ascii	"dt\003\013c\303\001\006\206\011\314L\020N#\220\363\201"
 128      63C30106 
 128      8609CC4C 
 128      104E2390 
 128      F381
 129 006f B1E5C1C5 		.ascii	"\261\345\301\305\323\214\014-\214LK\230\031\3471\003"
 129      D38C0C2D 
 129      8C4C4B98 
 129      19E73103 
 130 007f F54F625E 		.ascii	"\365Ob^\302\314\304\310\272\204\231\231\341\023c\323"
 130      C2CCC4C8 
 130      BA849999 
 130      E11363D3 
 131 008f 839BDE60 		.ascii	"\203\233\336`\033\372\231\031\021F00x\272X\305\304\007"
 131      1BFA9919 
 131      11463030 
 131      78BA58C5 
 131      C407
 132 00a1 A4E69514 		.ascii	"\244\346\225\024\225\306\247g\226d\224&\305\307\370"
 132      95C6A767 
 132      96649426 
 132      C5C7F8
 133 00b0 266626E6 		.ascii	"&f&\346%\306;\345\224\246\306;z\006\307\273e\026\345"
 133      25C63BE5 
 133      94A6C63B 
 133      7A06C7BB 
 133      6516E5
 134 00c3 962716A5 		.ascii	"\226'\026\245\306\370\230\030\033\351\372\245\226;\025"
 134      C6F89818 
 134      1BE9FAA5 
 134      963B15
 135 00d2 A52666E7 		.ascii	"\245&f\347\227\226\024\353:\345\347\227\344\344'\246"
 135      979614EB 
 135      3AE5E797 
 135      E4E427A6 
 136 00e2 A4163188 		.ascii	"\244\0261\210\351\351\351\007\027%\353\027\227\344\032"
 136      E9E9E907 
 136      1725EB17 
 136      97E41A
 137 00f1 1BE59854 		.ascii	"\033\345\230TT\304g\226\350%3\000\0002\253U\350"
 137      54C46796 
 137      E8253300 
 137      0032AB55 
 137      E8
 138              		.text
 139              		.section	.gnu.lto_BusFault_Handler.144.551a5b71,"e",%progbits
 140 0000 789CEB67 		.ascii	"x\234\353g``H\002be fdf`\2344\261\213\211\241\241\241"
 140      60604802 
 140      62652066 
 140      6466609C 
 140      34B18B89 
 141 0017 C1819D89 		.ascii	"\301\201\235\211\261qb\027'\343VF0\217\221\241\236\211"
 141      B1716217 
 141      27E35646 
 141      308F91A1 
 141      9E89
 142 0029 B19E7132 		.ascii	"\261\236q2\263&\220\373\243\365\371\204\373\022\015"
 142      B32690FB 
 142      A3F5F984 
 142      FB120D
 143 0038 2B0E302E 		.ascii	"+\0160.af`\230\007\304P\300\006\3431\002\361\372K\254"
 143      61666098 
 143      07C450C0 
 143      06E33102 
 143      F1FA4BAC 
 144 004c 071AFEFC 		.ascii	"\007\032\376\374\357oh\270\256\377p\012\037P\274\237"
 144      EF6F68B8 
 144      AEFF700A 
 144      1F50BC9F 
 145 005c 19647403 		.ascii	"\031dt\003\013c\303\001\006\206\011\314L\020N#\220\363"
 145      0B63C301 
 145      068609CC 
 145      4C104E23 
 145      90F3
 146 006e 81B1E5C1 		.ascii	"\201\261\345\301\337\323\214\014-\214LK\230\031\347"
 146      DFD38C0C 
 146      2D8C4C4B 
 146      9819E7
 147 007d 3103F54F 		.ascii	"1\003\365Ob^\302\314\304\010$\230\031>16=\230\352\007"
 147      625EC2CC 
 147      C4082498 
 147      193E3136 
 147      3D98EA07 
 148 0091 B6A19F99 		.ascii	"\266\241\237\231\021a\004\003\203\247\213UL|@j^IQi|"
 148      11610403 
 148      83A78B55 
 148      4C7C406A 
 148      5E495169 
 149 00a6 7A664946 		.ascii	"zfIFiR|\214obfb^b\274SNij\274\243gp\274[fQnybQj\214"
 149      69527C8C 
 149      6F626662 
 149      5E62BC53 
 149      4E696ABC 
 150 00c7 8F89B191 		.ascii	"\217\211\261\221\256_j\271SQjbv~iI\261\256S~~IN~bJj"
 150      AE5F6AB9 
 150      53516A62 
 150      767E6949 
 150      B1AE537E 
 151 00e2 1183989E 		.ascii	"\021\203\230\236\236~pQ\262~qI\256\261Q\216IEE|f\211"
 151      9E7E7051 
 151      B27E7149 
 151      AEB1518E 
 151      4945457C 
 152 00f8 5E320300 		.ascii	"^2\003\000\332\243Uf"
 152      DAA35566 
 153              		.text
 154              		.section	.gnu.lto_UsageFault_Handler.145.551a5b71,"e",%progbits
 155 0000 789CEB67 		.ascii	"x\234\353g``H\002be fdf`\2344\261\213\211\241\241\241"
 155      60604802 
 155      62652066 
 155      6466609C 
 155      34B18B89 
 156 0017 C1819D89 		.ascii	"\301\201\235\211\261qb\027'\343VF0\217\221\241\236\211"
 156      B1716217 
 156      27E35646 
 156      308F91A1 
 156      9E89
 157 0029 B19E7132 		.ascii	"\261\236q2\263&\220\373\243\365\371\207\217\022\015"
 157      B32690FB 
 157      A3F5F987 
 157      8F120D
 158 0038 2B0E302E 		.ascii	"+\0160.af`\230\007\304P\300\006\3431\002\361\372K\254"
 158      61666098 
 158      07C450C0 
 158      06E33102 
 158      F1FA4BAC 
 159 004c 071AFEFC 		.ascii	"\007\032\376\374\357oh8n\371\360\026\037P\274\237\031"
 159      EF6F6838 
 159      6EF9F016 
 159      1F50BC9F 
 159      19
 160 005d 6474030B 		.ascii	"dt\003\013c\303\001\006\206\011\314L\020N#\220\363\201"
 160      63C30106 
 160      8609CC4C 
 160      104E2390 
 160      F381
 161 006f B1E5C1E5 		.ascii	"\261\345\301\345s\214\014-\214LK\230\031\3471\003\365"
 161      738C0C2D 
 161      8C4C4B98 
 161      19E73103 
 161      F5
 162 0080 4F625EC2 		.ascii	"Ob^\302\314\304\310\262\204\231\231\341\023c\323\203"
 162      CCC4C8B2 
 162      849999E1 
 162      1363D383 
 163 0090 DB7E601B 		.ascii	"\333~`\033\372\231\031\021F00x\272X\305\304\007\244"
 163      FA991911 
 163      46303078 
 163      BA58C5C4 
 163      07A4
 164 00a2 E6951495 		.ascii	"\346\225\024\225\306\247g\226d\224&\305\307\370&f&\346"
 164      C6A76796 
 164      649426C5 
 164      C7F82666 
 164      26E6
 165 00b4 25C63BE5 		.ascii	"%\306;\345\224\246\306;z\006\307\273e\026\345\226'\026"
 165      94A6C63B 
 165      7A06C7BB 
 165      6516E596 
 165      2716
 166 00c6 A5C6F898 		.ascii	"\245\306\370\230\030\033\351\372\245\226;\025\245&f"
 166      181BE9FA 
 166      A5963B15 
 166      A52666
 167 00d5 E7979614 		.ascii	"\347\227\226\024\353:\345\347\227\344\344'\246\244\026"
 167      EB3AE5E7 
 167      97E4E427 
 167      A6A416
 168 00e4 3188E9E9 		.ascii	"1\210\351\351\351\007\027%\353\027\227\344\032\033\345"
 168      E9071725 
 168      EB1797E4 
 168      1A1BE5
 169 00f3 985454C4 		.ascii	"\230TT\304g\226\350%3\000\000z(V8"
 169      6796E825 
 169      3300007A 
 169      285638
 170              		.text
 171              		.section	.gnu.lto_DebugMon_Handler.146.551a5b71,"e",%progbits
 172 0000 789CCB67 		.ascii	"x\234\313g``H\002be fdf`\2344\261\213\211\241\241\241"
 172      60604802 
 172      62652066 
 172      6466609C 
 172      34B18B89 
 173 0017 C1819D89 		.ascii	"\301\201\235\211\261qb\027'\343VF0\217\221\241\236\211"
 173      B1716217 
 173      27E35646 
 173      308F91A1 
 173      9E89
 174 0029 B19E7132 		.ascii	"\261\236q2\263&\220\373\243\365\371\204\337\022\015"
 174      B32690FB 
 174      A3F5F984 
 174      DF120D
 175 0038 2B0E302E 		.ascii	"+\0160.af`\230\007\304P\300\006\3431\002\361\372K\254"
 175      61666098 
 175      07C450C0 
 175      06E33102 
 175      F1FA4BAC 
 176 004c 071AFEFC 		.ascii	"\007\032\376\374\357oh\270n\373\360\022?\023\003C?3"
 176      EF6F68B8 
 176      6EFBF012 
 176      3F130343 
 176      3F33
 177 005e C8E80616 		.ascii	"\310\350\006\026\306\206\003\014\014\023\230\231 \234"
 177      C686030C 
 177      0C139899 
 177      209C
 178 006c 4620E713 		.ascii	"F \347\023c\223\002\330\204~fF\204\022\006\006O\027"
 178      639302D8 
 178      847E6646 
 178      84120606 
 178      4F17
 179 007e AB98F880 		.ascii	"\253\230\370\200\324\274\222\242\322\370\364\314\222"
 179      D4BC92A2 
 179      D2F8F4CC 
 179      92
 180 008b 8CD2A4F8 		.ascii	"\214\322\244\370\030\337\304\314\304\274\304x\247\234"
 180      18DFC4CC 
 180      C4BCC478 
 180      A79C
 181 0099 D2D47847 		.ascii	"\322\324xG\317\340x\267\314\242\334\362\304\242\324"
 181      CFE078B7 
 181      CCA2DCF2 
 181      C4A2D4
 182 00a8 181F1363 		.ascii	"\030\037\023c#]\277\324r\247\242\324\304\354\374\322"
 182      235DBFD4 
 182      72A7A2D4 
 182      C4ECFCD2 
 183 00b8 92625DA7 		.ascii	"\222b]\247\374\374\222\234\374\304\224\324\"\0061=="
 183      FCFC929C 
 183      FCC494D4 
 183      2206313D 
 183      3D
 184 00c9 FDE0A264 		.ascii	"\375\340\242d\375\342\222\\c\243\034\223\212\212\370"
 184      FDE2925C 
 184      63A31C93 
 184      8A8AF8
 185 00d8 CC12BD64 		.ascii	"\314\022\275d\006\000F4L0"
 185      06004634 
 185      4C30
 186              		.text
 187              		.section	.gnu.lto_SysTick_Handler.147.551a5b71,"e",%progbits
 188 0000 789C9BC7 		.ascii	"x\234\233\307\300\300\220\004\304\312@\314\310\314\300"
 188      C0C09004 
 188      C4CA40CC 
 188      C8CCC0
 189 000f 38696217 		.ascii	"8ib\027\023CCC\203\003;\023c\343\304.N\306\255\214`"
 189      13434343 
 189      83033B13 
 189      63E3C42E 
 189      4EC6AD8C 
 190 0024 1E23433D 		.ascii	"\036#C=\023c=\343dfM \367G\353\363\007\023%\033V\034"
 190      13633DE3 
 190      64664D20 
 190      F747EBF3 
 190      0713251B 
 191 003a 605CC2CC 		.ascii	"`\\\302\314\3000\017\210\241\200\015\306c\004\342\365"
 191      C0300F88 
 191      A1800DC6 
 191      6304E2F5 
 192 004a 97580F34 		.ascii	"\227X\0174\374\371\337\337\320\360\337\343\341\005!"
 192      FCF9DFDF 
 192      D0F0DFE3 
 192      E10521
 193 0059 1606867E 		.ascii	"\026\006\206~f\220\321\015,\214\015\007\030\030&03A"
 193      6690D10D 
 193      2C8C0D07 
 193      18182630 
 193      3341
 194 006b 388D40CE 		.ascii	"8\215@\316\007\306\346\007\333/12\26402-af\234\307\014"
 194      07C6E607 
 194      DB2F3132 
 194      B430322D 
 194      61669CC7 
 195 0080 D4BF8499 		.ascii	"\324\277\204\231\011,\274C\010.\312\004\021\375\304"
 195      092CBC43 
 195      082ECA04 
 195      11FDC4
 196 008f D8F4E062 		.ascii	"\330\364\340b\020\330\302~fF\204\211\014\014\236.V1"
 196      10D8C27E 
 196      66468489 
 196      0C0C9E2E 
 196      5631
 197 00a1 F101A979 		.ascii	"\361\001\251y%E\245\361\351\231%\031\245I\3611\276\211"
 197      2545A5F1 
 197      E9992519 
 197      A549F131 
 197      BE89
 198 00b3 99897989 		.ascii	"\231\211y\211\361N9\245\251\361\216\236\301\361n\231"
 198      F14E39A5 
 198      A9F18E9E 
 198      C1F16E99 
 199 00c3 45B9E589 		.ascii	"E\271\345\211E\2511>&\306F\272~\251\345NE\251\211\331"
 199      45A9313E 
 199      26C646BA 
 199      7EA9E54E 
 199      45A989D9 
 200 00d7 F9A525C5 		.ascii	"\371\245%\305\272N\371\371%9\371\211)\251E\014bzz\372"
 200      BA4EF9F9 
 200      2539F989 
 200      29A9450C 
 200      627A7AFA 
 201 00eb C145C9FA 		.ascii	"\301E\311\372\305%\271\306F9&\025\025\361\231%z\311"
 201      C525B9C6 
 201      46392615 
 201      15F19925 
 201      7AC9
 202 00fd 0C0030E1 		.ascii	"\014\0000\341ZP"
 202      5A50
 203              		.text
 204              		.section	.gnu.lto_.symbol_nodes.551a5b71,"e",%progbits
 205 0000 789C75D0 		.ascii	"x\234u\320\331\015\3020\014\306q\177I\332B\001q,\300"
 205      D90DC230 
 205      0CC6717F 
 205      49DA4201 
 205      712CC0
 206 0013 0B9320F6 		.ascii	"\013\223 \366r+Q\356\243\234C0\0023 V\202\246F\021}"
 206      722B51EE 
 206      A39C4330 
 206      02332056 
 206      82A64611 
 207 0028 B09F7ED2 		.ascii	"\260\237~\322?\222\255\274@Df\016\246\254\032\207\362"
 207      3F92ADBC 
 207      4044660E 
 207      A6AC1A87 
 207      F2
 208 0039 4DC444CF 		.ascii	"M\304D\317,\007\371T\305=\030\315\230\207\030\025\240"
 208      2C07F954 
 208      C53D18CD 
 208      98871815 
 208      A0
 209 004a 62EAB100 		.ascii	"b\352\261\000\004K\030\301\012V\260\206\023l\020\011"
 209      044B18C1 
 209      0A56B086 
 209      136C1009 
 210 005a B688053B 		.ascii	"\266\210\005;$5\314\001l\032K\036\177\027\034\301V="
 210      2435CC01 
 210      6C1A4B1E 
 210      7F171CC1 
 210      563D
 211 006c AF043B35 		.ascii	"\257\004;5\236\300\221\032\317\340X\215\027p\242E\\"
 211      9EC0911A 
 211      CFE0588D 
 211      1770A245 
 211      5C
 212 007d C1ADCF6F 		.ascii	"\301\255\317o\306\365\003\362\377\347+\356\340\266\326"
 212      C6F503F2 
 212      FFE72BEE 
 212      E0B6D6
 213 008c 6EE05469 		.ascii	"n\340Ti\226\006\262nb\323\240NP7\250\027\324\037\005"
 213      9606B26E 
 213      62D3A04E 
 213      5037A817 
 213      D41F05
 214 009f 0D4533FA 		.ascii	"\015E3\372\002\327\036ut"
 214      02D71E75 
 214      74
 215              		.text
 216              		.section	.gnu.lto_.refs.551a5b71,"e",%progbits
 217 0000 789C05C1 		.ascii	"x\234\005\301\201\015\000\020\014\000\301\177\212\022"
 217      810D0010 
 217      0C00C17F 
 217      8A12
 218 000e 113BD87F 		.ascii	"\021;\330\177Gw\017H-\005k`tl\211}\341\330\230\007\347"
 218      47770F48 
 218      2D056B60 
 218      746C897D 
 218      E1D89807 
 219 0023 850F0D36 		.ascii	"\205\017\0156\000\251"
 219      00A9
 220              		.text
 221              		.section	.gnu.lto_.decls.551a5b71,"e",%progbits
 222 0000 789CB595 		.ascii	"x\234\265\225kL\024W\024\307\357\271\263\260\303\010"
 222      6B4C1457 
 222      14C7EFB9 
 222      B3B0C308 
 223 0010 420D6A3F 		.ascii	"B\015j?4\206\2324n\332\200\262\230\266\351'|\241T1V"
 223      34869A34 
 223      6EDA80B2 
 223      98B6E927 
 223      7CA15431 
 224 0025 34691B9A 		.ascii	"4i\033\232\315\312La\343\262Kgw\325~\033\265\212\255"
 224      CDCA4C61 
 224      E3B24B67 
 224      77D57E1B 
 224      B58AAD
 225 0038 2F6A3462 		.ascii	"/j4b\305\372HLLjZZ\361\005\255\"*EEE[\024\024\237(."
 225      C5FA484C 
 225      4C6A5A5A 
 225      F105AD22 
 225      2A454545 
 226 0052 A282888A 		.ascii	"\242\202\210\212Z\265\347\336\231\235\335\215X\343\207"
 226      5AB5E7DE 
 226      999DDD8D 
 226      58E387
 227 0061 4EF8CFE3 		.ascii	"N\370\317\343\316\357\177\316\271\367\236\035\250H\310"
 227      CEEF7FCE 
 227      B9F79E1D 
 227      A848C8
 228 0070 2C4AC8A7 		.ascii	",J\310\247\250\347x\304\021BN\241\004T5j?\252\206\350"
 228      A8E778C4 
 228      11424EA1 
 228      0454356A 
 228      3FAA86E8 
 229 0084 C700D49F 		.ascii	"\307\000\324\237\250\343\250&\324YT\013\352<\352\002"
 229      A8E3A826 
 229      D459540B 
 229      EA3CEA02 
 230 0094 EA12AA0D 		.ascii	"\352\022\252\015u\035u\003\205\241\311M\324-\324\035"
 230      751D7503 
 230      85A1C94D 
 230      D42DD41D 
 231 00a4 5437AA07 		.ascii	"T7\252\007\325\213z\200\352#\321\307J \304\202\327B"
 231      D58B7A80 
 231      EA23D1C7 
 231      4A20C482 
 231      D742
 232 00b6 D42323F7 		.ascii	"\324##\367U\343\0355r\267\221\027\217\365\240\347b\276"
 232      55E31D35 
 232      72B79117 
 232      8FF5A0E7 
 232      62BE
 233 00c8 41A864A3 		.ascii	"A\250d\243\346\021\306\034\036\243:\014\026\214\372"
 233      E611C61C 
 233      1EA33A0C 
 233      168CFA
 234 00d7 5FB7B69F 		.ascii	"_\267\266\237^Q[\323Kj\373\345\025\276\263/\361\355"
 234      5E515BD3 
 234      4B6AFBE5 
 234      15BEB32F 
 234      F1ED
 235 00e9 7885AFE5 		.ascii	"x\205\257\345%\276\335\257\360\235\177\211\257\032\364"
 235      25BEDDAF 
 235      F09D7F89 
 235      AF1AF4
 236 00f8 B529349E 		.ascii	"\265)4\236\331\375\205~\270\375\240\367\006\343\236"
 236      D9FD857E 
 236      B8FDA0F7 
 236      06E39E
 237 0107 A0EA8C71 		.ascii	"\240\352\214q6\306\366\237\355\373\365~|\253\004\030"
 237      36C6F69F 
 237      EDFBF57E 
 237      7CAB0418 
 238 0117 01ACC112 		.ascii	"\001\254\301\022\371\035\021(\031\251\361c\301@\002"
 238      F91D1128 
 238      19A9F163 
 238      C14002
 239 0126 BBC088F2 		.ascii	"\273\300\210\3626\003\007\201\005\317\311\220\262^\240"
 239      36030781 
 239      05CFC990 
 239      B25EA0
 240 0135 B70E7734 		.ascii	"\267\016w4$H5\232\326\255\325|\023G\240\012`/\020\330"
 240      2448359A 
 240      D6ADD57C 
 240      1347A00A 
 240      602F10D8 
 241 0149 03186437 		.ascii	"\003\030d7\300N\200J@\370-x\256_\210\360.A[C\335\362"
 241      C04E804A 
 241      40F82D78 
 241      AE5F88F0 
 241      2E415B43 
 242 015f 7A60B6A0 		.ascii	"z`\266\240V;_ \220\001\243\010\354\003\004\320\364\007"
 242      563B5F20 
 242      9001A308 
 242      EC0304D0 
 242      F407
 243 0171 C0EF8050 		.ascii	"\300\357\200P\325?'{b\343y\354M\265\026\250\006#:\201"
 243      D53F277B 
 243      62E379EC 
 243      4DB516A8 
 243      06233A81 
 244 0185 1A3C2170 		.ascii	"\032<!p\352\374\374\032\341:\020\312\026U\006\200\346"
 244      EAFCFC1A 
 244      E13A10CA 
 244      16550680 
 244      E6
 245 0196 F7F12491 		.ascii	"\367\361$\221\317\005\222\254Q\215\306\312\002\225\004"
 245      CF0592AC 
 245      518DC6CA 
 245      029504
 246 01a5 4990A57A 		.ascii	"I\220\245z\030f\353\0252EjK\224\304m\007!I\212\021)"
 246      1866EB15 
 246      32456A4B 
 246      94C46D07 
 246      21498A11 
 247 01ba 0D5A65C9 		.ascii	"\015Ze\311\366\030\266\323M\261)\231\232E^68h\325h\351"
 247      F618B6D3 
 247      4DB12999 
 247      9A455E36 
 247      3868D568 
 248 01cf D4E48C4C 		.ascii	"\324\344\214L<\007\255\365 \243k\232EL\302\273\240U"
 248      3C07ADF5 
 248      20A36B9A 
 248      454CC2BB 
 248      A055
 249 01e1 EA15362D 		.ascii	"\352\0256-\217\225\217\323%#\000\253\227\355\311\270"
 249      8F958FD3 
 249      252300AB 
 249      97EDC9B8 
 250 01f1 3C99A238 		.ascii	"<\231\2428,\261V\250\025\262\260i\305\212\237\007KA"
 250      2CB156A8 
 250      15B2B069 
 250      C58A9F07 
 250      4B41
 251 0203 6B2286B0 		.ascii	"k\"\206\260\311)IrJb=\304\310\262\224l#X\204l\267gR"
 251      C9294972 
 251      4A623DC4 
 251      C8B2946C 
 251      2358846C 
 252 021a 09235BC4 		.ascii	"\011#[\304z\260\013\020o\327\256t\016\225@\212\033\226"
 252      7AB00B10 
 252      6FD7AE74 
 252      0E95408A 
 252      1B96
 253 022c 62234426 		.ascii	"b#D&Y\024\343\012\317C\007X1\247\034~\004\260I\324N"
 253      5914E30A 
 253      CF430758 
 253      31A71C7E 
 253      04B049D4 
 254 0241 85C9412B 		.ascii	"\205\311A+6\013M!D\263\210\361\361\240\341%\3161Y\236"
 254      360B4D21 
 254      44B388F1 
 254      F1A0E125 
 254      CE31599E 
 255 0255 669748D0 		.ascii	"f\227H\320J\361U\262\0054\012a\247\024K \264\323\274"
 255      4AF155B2 
 255      05340A61 
 255      A7144B20 
 255      B4D3BC
 256 0268 9180FDE9 		.ascii	"\221\200\375\351'\302\036Hd\026>\316H\\W\243\355B\243"
 256      27C21E48 
 256      64163ECE 
 256      485C57A3 
 256      ED42A3
 257 027b E6C5B8D7 		.ascii	"\346\305\270\327\001=\016\015%\200P\022b\274\215\010"
 257      013D0E0D 
 257      25805012 
 257      62BC8D08 
 258 028b 1EAEC1A8 		.ascii	"\036\256\301\250#\024'\224'\242F\223\301\331\032)i\244"
 258      23142794 
 258      27A24693 
 258      C1D91A29 
 258      69A4
 259 029d 075E283C 		.ascii	"\007^(<\034\222\230aI\304\304\011o\233\345\265%G\245"
 259      1C929861 
 259      49C4C409 
 259      6F9BE5B5 
 259      2547A5
 260 02b0 765C366D 		.ascii	"v\\6m\333\023+\014,\315$ |\25476\345\215\235\204PI\365"
 260      DB132B0C 
 260      2CCD2420 
 260      7CAC3736 
 260      E58D9D84 
 261 02c7 8A63D250 		.ascii	"\212c\322PdniZ2\024\302a\200C,~\035\206\366\3620]\313"
 261      646E695A 
 261      3214C261 
 261      80432C7E 
 261      1D86F6F2 
 262 02de 97F5C50D 		.ascii	"\227\365\305\015/+\323\372.,\276\266e\344\225=\232\266"
 262      2F2BD3FA 
 262      2E2CBEB6 
 262      65E4953D 
 262      9AB6
 263 02f0 08799131 		.ascii	"\010y\2211p\020`7O\210w\004j\001\016`\353\343\210\320"
 263      70106037 
 263      4F887704 
 263      6A010E60 
 263      EBE388D0 
 264 0304 08CCBBE1 		.ascii	"\010\314\273\341j\323\004\374\014\300\021\275\221K{"
 264      6AD304FC 
 264      0CC011BD 
 264      914B7B
 265 0313 AA7FA3EC 		.ascii	"\252\177\243\354\263\200\235\015^\034h\273\335\333\034"
 265      B3809D0D 
 265      5E1C68BB 
 265      DDDB1C
 266 0322 D74FF606 		.ascii	"\327O\366\006\014vL\367,[\362\353\222\201,}\367\235"
 266      0C764CF7 
 266      2C5BF2EB 
 266      92812C7D 
 266      F79D
 267 0334 852B5764 		.ascii	"\205+Wd6\262\337* \200-\304S\303Qd\353\303\311\233P"
 267      36B2DF2A 
 267      20802DC4 
 267      53C35164 
 267      EBC3C99B 
 268 0349 3778F285 		.ascii	"7x\362\205\255\355\333cX\366\223\354c\321\305\307Z;"
 268      ADEDDB63 
 268      58F693EC 
 268      63D1C5C7 
 268      5A3B
 269 035b 8FAC6615 		.ascii	"\217\254f\025\300)t4\202\320\307G\177\334\271\276[`"
 269      C0297434 
 269      82D0C747 
 269      7FDCB9BE 
 269      5B60
 270 036d A37FE1E8 		.ascii	"\243\177\341\350i\366\233\\\334\334\276\326\302\263"
 270      69F69B5C 
 270      DCDCBED6 
 270      C2B3
 271 037b 966F5D35 		.ascii	"\226o]5\020\223\226bR\234\357\011#\351\337\010\236\010"
 271      10939662 
 271      529CEF09 
 271      23E9DF08 
 271      9E08
 272 038d 277DC6C3 		.ascii	"'}\306\303<(;\272/\201\233\316\037\376j\033\373\321"
 272      3C283BBA 
 272      2F819BCE 
 272      1FFE6A1B 
 272      FBD1
 273 039f 30CB1973 		.ascii	"0\313\031s\211\316\204\015\245\224\031\216\357=p\200"
 273      89CE840D 
 273      A594198E 
 273      EF3D7080 
 274 03af CFADE2D1 		.ascii	"\317\255\342\321\242\022-i\001Z,\314\322lZ\232\303\226"
 274      A2122D69 
 274      015A2CCC 
 274      D26C5A9A 
 274      C396
 275 03c1 CDDC5272 		.ascii	"\315\334Rr\267\242\\\342\226\225%\221\226s\246\345\\"
 275      B7A25CE2 
 275      96952591 
 275      9673A6E5 
 275      5C
 276 03d2 D852C92D 		.ascii	"\330R\311-\327V\256i\210\035^\216\226\226(K\253ii\015"
 276      D756AE69 
 276      881D5E8E 
 276      9696284B 
 276      AB69690D 
 277 03e6 5B0E734B 		.ascii	"[\016sK\331\331u\247\371L*V|\033i\271hZ.F\2548\267\254"
 277      D9D975A7 
 277      F94C2A56 
 277      7C1B69B9 
 277      685A2E46 
 278 03fe EFD95811 		.ascii	"\357\331X\021\317\367v\277\276\267\035\233\327\335O"
 278      CFF776BF 
 278      BEB71D9B 
 278      D7DD4F
 279 040d E8676FAF 		.ascii	"\350go\257\242\363\212\276\267\333\177\334[7`x\031~"
 279      A2F38ABE 
 279      B7DB7FDC 
 279      5B376078 
 279      197E
 280 041f F98255DD 		.ascii	"\371\202U\335\232h\303wp\331Lq\231_\2046\036\276\247"
 280      9A68C377 
 280      70D94C71 
 280      995F8436 
 280      1EBEA7
 281 0432 ADA93481 		.ascii	"\255\2514\201\241}\275kO\034\201r\255\226\262\202\256"
 281      A17DBD6B 
 281      4F1C8172 
 281      AD96B282 
 281      AE
 282 0443 99F4359D 		.ascii	"\231\3645\235\276$\360\357\356w\033WX9\275k\343\363"
 282      BE24F0EF 
 282      EE771B57 
 282      5839BD6B 
 282      E3F3
 283 0455 1DA36A17 		.ascii	"\035\243j\027n\2621\272\335\244\333u\372\210\205\321"
 283      6EB231BA 
 283      DDA4DB75 
 283      FA8885D1 
 284 0465 8B6B6E34 		.ascii	"\213kn4\212\322\345\377\374\270#\326\370\303\232\032"
 284      8AD2E5FF 
 284      FCB823D6 
 284      F8C39A1A 
 285 0475 F19D47A5 		.ascii	"\361\235G\245Z_\351\322\3266\251\\\253\261@\007@\220"
 285      5A5FE9D2 
 285      D636A95C 
 285      ABB14007 
 285      4090
 286 0487 05353FD9 		.ascii	"\0055?\331A\326k\015<\354\365\247\0336\003\343+.,\304"
 286      41D66B0D 
 286      3CECF5A7 
 286      1B3603E3 
 286      2B2E2CC4 
 287 049b 45E47067 		.ascii	"E\344pg\024\334\311\340\223\034\336\262\364a\034g/\232"
 287      14DCC9E0 
 287      931CDEB2 
 287      F4611C67 
 287      2F9A
 288 04ad ECED28F6 		.ascii	"\354\355(\3666cOs\366\344\326\312\325\211\034\276d\302"
 288      36634F73 
 288      F6E4D6CA 
 288      D5891CBE 
 288      64C2
 289 04bf 5D517017 		.ascii	"]Qp\027\203\2338\334\272\240k\201\225\303A\023\276\033"
 289      839B38DC 
 289      BAA06B81 
 289      95C34113 
 289      BE1B
 290 04d1 05DF6570 		.ascii	"\005\337ep\013\207\267\257\352\355\325\313\3500\341"
 290      0B87B7AF 
 290      EAEDD5CB 
 290      E830E1
 291 04e0 7B51F03D 		.ascii	"{Q\360=\006\267r\270l\361\332\247\372\374n\232\360\375"
 291      06B772B8 
 291      6CF1DAA7 
 291      FAFC6E9A 
 291      F0FD
 292 04f2 28F83E83 		.ascii	"(\370>\203/q\270\362\334\236=\002\207;M\370a\024\374"
 292      2F71B8F2 
 292      DC9E3D02 
 292      873B4DF8 
 292      6114FC
 293 0505 50EF89A6 		.ascii	"P\357\211\246\233\317\016\305\204\377\033^\015\003\217"
 293      9BCF0EC5 
 293      84FF1B5E 
 293      0D038F
 294 0514 74A0EAFB 		.ascii	"t\240\352\373\216\335\021\377.;\302\300c\0358\332Z\361"
 294      8EDD11FF 
 294      2E3BC2C0 
 294      631D38DA 
 294      5AF1
 295 0526 440C0375 		.ascii	"D\014\003ua\340\011\333\365\301ii#s\325\374\221>\177"
 295      61E009DB 
 295      F5C16969 
 295      2373D5FC 
 295      913E7F
 296 0539 5186DD3D 		.ascii	"Q\206\335=z\336<\207\313\237\226/N\234:3e\\z:\021\003"
 296      7ADE3C87 
 296      CB9F962F 
 296      4E9C3A33 
 296      655C7A3A 
 297 054f 2E8F3FC3 		.ascii	".\217?\303\356\360[\331\315\207\016\177\274S-\232\363"
 297      EEF05BD9 
 297      CD870E7F 
 297      BC532D9A 
 297      F3
 298 0560 81925AF4 		.ascii	"\201\222Z\364\336\227\305D\312\367\252~e^j\321h2`jN"
 298      DE97C544 
 298      CAF7AA7E 
 298      655E6AD1 
 298      6832606A 
 299 0575 B66392D3 		.ascii	"\266c\222\323#\273\0255{\374Gy\216i\212\307\257\006"
 299      23BB1535 
 299      7BFC4779 
 299      8E698AC7 
 299      AF06
 300 0587 1C052E7F 		.ascii	"\034\005.\177a`\226#/\307\351rz\234\216\261\356\200"
 300      61609623 
 300      2FC7E972 
 300      7A9C8EB1 
 300      EE80
 301 0599 E218939D 		.ascii	"\342\030\223\235\353\310r\251Es\235\252\2227et\206="
 301      EBC872A9 
 301      45739DAA 
 301      92376574 
 301      863D
 302 05ab 75AA3277 		.ascii	"u\2522w\254\2528g{\003~_\352X\257\327\357\366:eE%C\372"
 302      ACAA3867 
 302      7B037E5F 
 302      EA58AFD7 
 302      EFF63A65 
 303 05c3 AD8EBC59 		.ascii	"\255\216\274Y\254\316\231\250\370\247+\005.\237_Q}Y"
 303      ACCE99A8 
 303      F8A72B05 
 303      2E9F5F51 
 303      7D59
 304 05d5 AAB728D7 		.ascii	"\252\267(\327\357\314\237m\011\370\024\371\215INU\316"
 304      EFCC9F6D 
 304      09F814F9 
 304      8D494E55 
 304      CE
 305 05e6 7206DCFE 		.ascii	"r\006\334\376PAV\2177\337\355\365(\242\307\353\362\270"
 305      5041568F 
 305      37DFEDF5 
 305      28A2C7EB 
 305      F2B8
 306 05f8 5D1E25C6 		.ascii	"]\036%\306\343\234\215`\216R\224\203U\025(!0il\300\027"
 306      E39C8D60 
 306      8E529483 
 306      55152821 
 306      30696CC0 
 307 060d E51C34D3 		.ascii	"\345\0344\323\207\257\243\206\222\306+\263\002\0059"
 307      87AFA386 
 307      92C62BB3 
 307      020539
 308 061c 5E4F6820 		.ascii	"^Oh 1\367k\337\014W\376\354\320s\302\004U\365\252\241"
 308      31F76BDF 
 308      0C57FEEC 
 308      D073C204 
 308      55F5AAA1 
 309 0630 A72193C6 		.ascii	"\247!\223\306Lq\344~\226;#{\334dG\366\364O\214a\371"
 309      4C71E47E 
 309      963B237B 
 309      DC6447F6 
 309      F44F8C61 
 310 0645 75D668BC 		.ascii	"u\326h\274\352\232\203\323\314\313\235\221\223a\237"
 310      EA9A83D3 
 310      CCCB9D91 
 310      93619F
 311 0654 C2968105 		.ascii	"\302\226\201\005\325G\363\262=\221\353S\350t;\364]I"
 311      D547F3B2 
 311      3D91EB53 
 311      E8743BF4 
 311      5D49
 312 0666 2B240318 		.ascii	"+$\003\030\206\357Yu_\374\177\0111\023UGQ5\235\252v"
 312      86EF5975 
 312      5FFC7F09 
 312      31135547 
 312      51359DAA 
 313 067b AA66086A 		.ascii	"\252f\010j\272\235\272UZ\234/\024\373\324\177\001e;"
 313      BA9DBA55 
 313      5A9C2F14 
 313      FBD47F01 
 313      653B
 314 068d 68A5     		.ascii	"h\245"
 315              		.text
 316              		.section	.gnu.lto_.symtab.551a5b71,"e",%progbits
 317 0000 4E4D495F 		.ascii	"NMI_Handler\000"
 317      48616E64 
 317      6C657200 
 318 000c 00       		.ascii	"\000"
 319 000d 00       		.ascii	"\000"
 320 000e 00       		.ascii	"\000"
 321 000f 00000000 		.ascii	"\000\000\000\000\000\000\000\000"
 321      00000000 
 322 0017 C7000000 		.ascii	"\307\000\000\000"
 323 001b 70727647 		.ascii	"prvGetRegistersFromStack\000"
 323      65745265 
 323      67697374 
 323      65727346 
 323      726F6D53 
 324 0034 00       		.ascii	"\000"
 325 0035 00       		.ascii	"\000"
 326 0036 00       		.ascii	"\000"
 327 0037 00000000 		.ascii	"\000\000\000\000\000\000\000\000"
 327      00000000 
 328 003f CD000000 		.ascii	"\315\000\000\000"
 329 0043 723000   		.ascii	"r0\000"
 330 0046 00       		.ascii	"\000"
 331 0047 00       		.ascii	"\000"
 332 0048 00       		.ascii	"\000"
 333 0049 00000000 		.ascii	"\000\000\000\000\000\000\000\000"
 333      00000000 
 334 0051 EA000000 		.ascii	"\352\000\000\000"
 335 0055 723100   		.ascii	"r1\000"
 336 0058 00       		.ascii	"\000"
 337 0059 00       		.ascii	"\000"
 338 005a 00       		.ascii	"\000"
 339 005b 00000000 		.ascii	"\000\000\000\000\000\000\000\000"
 339      00000000 
 340 0063 EC000000 		.ascii	"\354\000\000\000"
 341 0067 723200   		.ascii	"r2\000"
 342 006a 00       		.ascii	"\000"
 343 006b 00       		.ascii	"\000"
 344 006c 00       		.ascii	"\000"
 345 006d 00000000 		.ascii	"\000\000\000\000\000\000\000\000"
 345      00000000 
 346 0075 EE000000 		.ascii	"\356\000\000\000"
 347 0079 723300   		.ascii	"r3\000"
 348 007c 00       		.ascii	"\000"
 349 007d 00       		.ascii	"\000"
 350 007e 00       		.ascii	"\000"
 351 007f 00000000 		.ascii	"\000\000\000\000\000\000\000\000"
 351      00000000 
 352 0087 F0000000 		.ascii	"\360\000\000\000"
 353 008b 72313200 		.ascii	"r12\000"
 354 008f 00       		.ascii	"\000"
 355 0090 00       		.ascii	"\000"
 356 0091 00       		.ascii	"\000"
 357 0092 00000000 		.ascii	"\000\000\000\000\000\000\000\000"
 357      00000000 
 358 009a F2000000 		.ascii	"\362\000\000\000"
 359 009e 6C7200   		.ascii	"lr\000"
 360 00a1 00       		.ascii	"\000"
 361 00a2 00       		.ascii	"\000"
 362 00a3 00       		.ascii	"\000"
 363 00a4 00000000 		.ascii	"\000\000\000\000\000\000\000\000"
 363      00000000 
 364 00ac F4000000 		.ascii	"\364\000\000\000"
 365 00b0 706300   		.ascii	"pc\000"
 366 00b3 00       		.ascii	"\000"
 367 00b4 00       		.ascii	"\000"
 368 00b5 00       		.ascii	"\000"
 369 00b6 00000000 		.ascii	"\000\000\000\000\000\000\000\000"
 369      00000000 
 370 00be F6000000 		.ascii	"\366\000\000\000"
 371 00c2 70737200 		.ascii	"psr\000"
 372 00c6 00       		.ascii	"\000"
 373 00c7 00       		.ascii	"\000"
 374 00c8 00       		.ascii	"\000"
 375 00c9 00000000 		.ascii	"\000\000\000\000\000\000\000\000"
 375      00000000 
 376 00d1 F8000000 		.ascii	"\370\000\000\000"
 377 00d5 48617264 		.ascii	"HardFault_Handler\000"
 377      4661756C 
 377      745F4861 
 377      6E646C65 
 377      7200
 378 00e7 00       		.ascii	"\000"
 379 00e8 00       		.ascii	"\000"
 380 00e9 00       		.ascii	"\000"
 381 00ea 00000000 		.ascii	"\000\000\000\000\000\000\000\000"
 381      00000000 
 382 00f2 D5000000 		.ascii	"\325\000\000\000"
 383 00f6 4D656D4D 		.ascii	"MemManage_Handler\000"
 383      616E6167 
 383      655F4861 
 383      6E646C65 
 383      7200
 384 0108 00       		.ascii	"\000"
 385 0109 00       		.ascii	"\000"
 386 010a 00       		.ascii	"\000"
 387 010b 00000000 		.ascii	"\000\000\000\000\000\000\000\000"
 387      00000000 
 388 0113 D7000000 		.ascii	"\327\000\000\000"
 389 0117 42757346 		.ascii	"BusFault_Handler\000"
 389      61756C74 
 389      5F48616E 
 389      646C6572 
 389      00
 390 0128 00       		.ascii	"\000"
 391 0129 00       		.ascii	"\000"
 392 012a 00       		.ascii	"\000"
 393 012b 00000000 		.ascii	"\000\000\000\000\000\000\000\000"
 393      00000000 
 394 0133 D9000000 		.ascii	"\331\000\000\000"
 395 0137 55736167 		.ascii	"UsageFault_Handler\000"
 395      65466175 
 395      6C745F48 
 395      616E646C 
 395      657200
 396 014a 00       		.ascii	"\000"
 397 014b 00       		.ascii	"\000"
 398 014c 00       		.ascii	"\000"
 399 014d 00000000 		.ascii	"\000\000\000\000\000\000\000\000"
 399      00000000 
 400 0155 DB000000 		.ascii	"\333\000\000\000"
 401 0159 44656275 		.ascii	"DebugMon_Handler\000"
 401      674D6F6E 
 401      5F48616E 
 401      646C6572 
 401      00
 402 016a 00       		.ascii	"\000"
 403 016b 00       		.ascii	"\000"
 404 016c 00       		.ascii	"\000"
 405 016d 00000000 		.ascii	"\000\000\000\000\000\000\000\000"
 405      00000000 
 406 0175 DD000000 		.ascii	"\335\000\000\000"
 407 0179 53797354 		.ascii	"SysTick_Handler\000"
 407      69636B5F 
 407      48616E64 
 407      6C657200 
 408 0189 00       		.ascii	"\000"
 409 018a 00       		.ascii	"\000"
 410 018b 00       		.ascii	"\000"
 411 018c 00000000 		.ascii	"\000\000\000\000\000\000\000\000"
 411      00000000 
 412 0194 DF000000 		.ascii	"\337\000\000\000"
 413 0198 4572726F 		.ascii	"Error_Handler\000"
 413      725F4861 
 413      6E646C65 
 413      7200
 414 01a6 00       		.ascii	"\000"
 415 01a7 02       		.ascii	"\002"
 416 01a8 00       		.ascii	"\000"
 417 01a9 00000000 		.ascii	"\000\000\000\000\000\000\000\000"
 417      00000000 
 418 01b1 E3000000 		.ascii	"\343\000\000\000"
 419 01b5 48414C5F 		.ascii	"HAL_SYSTICK_IRQHandler\000"
 419      53595354 
 419      49434B5F 
 419      49525148 
 419      616E646C 
 420 01cc 00       		.ascii	"\000"
 421 01cd 02       		.ascii	"\002"
 422 01ce 00       		.ascii	"\000"
 423 01cf 00000000 		.ascii	"\000\000\000\000\000\000\000\000"
 423      00000000 
 424 01d7 E5000000 		.ascii	"\345\000\000\000"
 425 01db 48414C5F 		.ascii	"HAL_IncTick\000"
 425      496E6354 
 425      69636B00 
 426 01e7 00       		.ascii	"\000"
 427 01e8 02       		.ascii	"\002"
 428 01e9 00       		.ascii	"\000"
 429 01ea 00000000 		.ascii	"\000\000\000\000\000\000\000\000"
 429      00000000 
 430 01f2 E7000000 		.ascii	"\347\000\000\000"
 431              		.text
 432              		.section	.gnu.lto_.ext_symtab.551a5b71,"e",%progbits
 433 0000 01       		.ascii	"\001"
 434 0001 01       		.ascii	"\001"
 435 0002 00       		.ascii	"\000"
 436 0003 01       		.ascii	"\001"
 437 0004 00       		.ascii	"\000"
 438 0005 02       		.ascii	"\002"
 439 0006 01       		.ascii	"\001"
 440 0007 02       		.ascii	"\002"
 441 0008 01       		.ascii	"\001"
 442 0009 02       		.ascii	"\002"
 443 000a 01       		.ascii	"\001"
 444 000b 02       		.ascii	"\002"
 445 000c 01       		.ascii	"\001"
 446 000d 02       		.ascii	"\002"
 447 000e 01       		.ascii	"\001"
 448 000f 02       		.ascii	"\002"
 449 0010 01       		.ascii	"\001"
 450 0011 02       		.ascii	"\002"
 451 0012 01       		.ascii	"\001"
 452 0013 02       		.ascii	"\002"
 453 0014 01       		.ascii	"\001"
 454 0015 01       		.ascii	"\001"
 455 0016 00       		.ascii	"\000"
 456 0017 01       		.ascii	"\001"
 457 0018 00       		.ascii	"\000"
 458 0019 01       		.ascii	"\001"
 459 001a 00       		.ascii	"\000"
 460 001b 01       		.ascii	"\001"
 461 001c 00       		.ascii	"\000"
 462 001d 01       		.ascii	"\001"
 463 001e 00       		.ascii	"\000"
 464 001f 01       		.ascii	"\001"
 465 0020 00       		.ascii	"\000"
 466 0021 01       		.ascii	"\001"
 467 0022 00       		.ascii	"\000"
 468 0023 01       		.ascii	"\001"
 469 0024 00       		.ascii	"\000"
 470 0025 01       		.ascii	"\001"
 471 0026 00       		.ascii	"\000"
 472              		.text
 473              		.section	.gnu.lto_.opts,"e",%progbits
 474 0000 272D666E 		.ascii	"'-fno-openmp' '-fno-openacc' '-fno-pie' '-fcf-prote"
 474      6F2D6F70 
 474      656E6D70 
 474      2720272D 
 474      666E6F2D 
 475 0033 6374696F 		.ascii	"ction=none' '-mcpu=cortex-m4' '-mthumb' '-mfloat-ab"
 475      6E3D6E6F 
 475      6E652720 
 475      272D6D63 
 475      70753D63 
 476 0066 693D6861 		.ascii	"i=hard' '-mfpu=fpv4-sp-d16' '-mlibarch=armv7e-m+fp'"
 476      72642720 
 476      272D6D66 
 476      70753D66 
 476      7076342D 
 477 0099 20272D6D 		.ascii	" '-march=armv7e-m+fp' '-Os' '-fmessage-length=0' '-"
 477      61726368 
 477      3D61726D 
 477      7637652D 
 477      6D2B6670 
 478 00cc 66736967 		.ascii	"fsigned-char' '-ffunction-sections' '-fdata-section"
 478      6E65642D 
 478      63686172 
 478      2720272D 
 478      6666756E 
 479 00ff 73272027 		.ascii	"s' '-fsingle-precision-constant' '-flto' '-Xassembl"
 479      2D667369 
 479      6E676C65 
 479      2D707265 
 479      63697369 
 480 0132 65722720 		.ascii	"er' '-adhlns=Src/stm32l4xx_it.o.lst'\000"
 480      272D6164 
 480      686C6E73 
 480      3D537263 
 480      2F73746D 
 481              		.text
 482              		.comm	__gnu_lto_slim,1,1
 483              		.ident	"GCC: (GNU Arm Embedded Toolchain 10.3-2021.10) 10.3.1 20210824 (release)"
DEFINED SYMBOLS
                            *ABS*:00000000 stm32l4xx_it.c
                            *COM*:00000001 __gnu_lto_slim

NO UNDEFINED SYMBOLS
