   1              		.cpu cortex-m4
   2              		.arch armv7e-m
   3              		.fpu fpv4-sp-d16
   4              		.eabi_attribute 27, 1
   5              		.eabi_attribute 28, 1
   6              		.eabi_attribute 20, 1
   7              		.eabi_attribute 21, 1
   8              		.eabi_attribute 23, 3
   9              		.eabi_attribute 24, 1
  10              		.eabi_attribute 25, 1
  11              		.eabi_attribute 26, 1
  12              		.eabi_attribute 30, 4
  13              		.eabi_attribute 34, 1
  14              		.eabi_attribute 18, 4
  15              		.file	"system_stm32l4xx.c"
  16              		.section	.gnu.lto_.profile.551a4da9,"e",%progbits
  17 0000 789C6362 		.ascii	"x\234cb\000\001\000\000\022\000\003"
  17      00010000 
  17      120003
  18              		.text
  19              		.section	.gnu.lto_.icf.551a4da9,"e",%progbits
  20 0000 789C5365 		.ascii	"x\234Se@\0006\206\2713\326{2>\230wx5+\323\227\333\037"
  20      40003686 
  20      B933D67B 
  20      323E9877 
  20      78352BD3 
  21 0017 6E31331F 		.ascii	"n13\037\273\370w\035\033\313\237\343'{YY\2776\374\350"
  21      BBF8771D 
  21      1BCB9FE3 
  21      277B5959 
  21      BF36FCE8 
  22 002b E4670000 		.ascii	"\344g\000\000]\010\022`"
  22      5D081260 
  23              		.text
  24              		.section	.gnu.lto_.ipa_sra.551a4da9,"e",%progbits
  25 0000 789CE360 		.ascii	"x\234\343`@\000&\006\006FF\006F\006\000\000\317\000"
  25      40002606 
  25      06464606 
  25      46060000 
  25      CF00
  26 0012 0E       		.ascii	"\016"
  27              		.text
  28              		.section	.gnu.lto_.inline.551a4da9,"e",%progbits
  29 0000 789C7367 		.ascii	"x\234sg@\000&\006\006\341\206\206\206\005L\351\214\014"
  29      40002606 
  29      06E18686 
  29      86054CE9 
  29      8C0C
  30 0012 4C0A4056 		.ascii	"L\012@V\003S:\003\003\033\230\221\302\004\222f`d8\310"
  30      03533A03 
  30      031B9891 
  30      C2049266 
  30      606438C8 
  31 0026 F0E9CCCC 		.ascii	"\360\351\314\314n\246\014\240\222\232\30737\177c\006"
  31      6EA60CA0 
  31      929AC733 
  31      377F6306 
  32 0036 29E94452 		.ascii	")\351DR\302\000\000\251)\022w"
  32      C20000A9 
  32      291277
  33              		.text
  34              		.section	.gnu.lto_.jmpfuncs.551a4da9,"e",%progbits
  35 0000 789CE360 		.ascii	"x\234\343`@\000& f\004b\000\000\310\000\014"
  35      40002620 
  35      66046200 
  35      00C8000C 
  36              		.text
  37              		.section	.gnu.lto_.pureconst.551a4da9,"e",%progbits
  38 0000 789C6367 		.ascii	"x\234cg```b\230\305\3028\213\005\000\004\263\001G"
  38      60606062 
  38      98C5C238 
  38      8B050004 
  38      B30147
  39              		.text
  40              		.section	.gnu.lto_.lto.551a4da9,"e",%progbits
  41 0000 09000400 		.ascii	"\011\000\004\000\001\000\000\000"
  41      01000000 
  42              		.text
  43              		.section	.gnu.lto_MSIRangeTable.133.551a4da9,"e",%progbits
  44 0000 789C4DCC 		.ascii	"x\234M\314;\016\001Q\024\306\361\373w\031a$:\261\014"
  44      3B0E0151 
  44      14C6F1FB 
  44      77196124 
  44      3AB10C
  45 0013 8F4AC19A 		.ascii	"\217J\301\232,a\"\012\012\211L)\012\222Y\202a\274\307"
  45      2C61220A 
  45      0A894C29 
  45      0A925982 
  45      61BCC7
  46 0026 7B4AA525 		.ascii	"{J\245%\210h$*\025\0219\327\311)\316\367\313\227SC\251"
  46      8868242A 
  46      151139D7 
  46      C929CEF7 
  46      CB975343 
  47 003b CF7EA7AF 		.ascii	"\317~\247\257q\265\247\025\316\345\221\373\005\260\015"
  47      71B5A715 
  47      CEE591FB 
  47      05B00D
  48 004a 778759E1 		.ascii	"w\207Y\341\264\341{`\013\247\014G\347\244\011\336UK"
  48      B4E17B60 
  48      0BA70C47 
  48      E7A409DE 
  48      554B
  49 005c E78FDD27 		.ascii	"\347\217\335'\302\226\341\366K\011'\204\303fU4n\312"
  49      C296E1F6 
  49      4B092784 
  49      C3665534 
  49      6ECA
  50 006e B782A836 		.ascii	"\267\202\2506\352\347Ec\346C/#\367\240cU\032-\247\356"
  50      EAE74563 
  50      E6432F23 
  50      F7A06355 
  50      1A2DA7EE 
  51 0082 E9184522 		.ascii	"\351\030E\"(q\202#\034`\017;\330\302\006BX\303\012\226"
  51      28718223 
  51      1C600F3B 
  51      D8C20642 
  51      58C30A96 
  52 0096 B0803994 		.ascii	"\260\2009\224\231\301\024\002\230\300\030|\030\241\336"
  52      99C11402 
  52      98C0187C 
  52      18A1DE
  53 00a5 71D85060 		.ascii	"q\330P`"
  54              		.text
  55              		.section	.gnu.lto_SystemInit.134.551a4da9,"e",%progbits
  56 0000 789C8593 		.ascii	"x\234\205\223Oh\023Q\020\306gvv7\361\022\301\223x\252"
  56      4F681351 
  56      10C66776 
  56      7637F112 
  56      C19378AA 
  57 0014 78F2D044 		.ascii	"x\362\320D\332\236<i\020\241\320\026\241\327\300\262"
  57      DA9E3C69 
  57      10A1D016 
  57      A1D7C0B2 
  58 0024 D6558349 		.ascii	"\326U\203I\003\233\015\255\247\276\032\244%\227\264"
  58      039B0DAD 
  58      A7BE1AA4 
  58      2597B4
  59 0033 113CA968 		.ascii	"\021<\251hX\2447\017\342\237\342\277P\212\005)V\252"
  59      58A4370F 
  59      E29FE2BF 
  59      508A0529 
  59      56AA
  60 0045 56504ADB 		.ascii	"VPJ\333\223\267*\275X\255\020\347\355\353\246\251\022"
  60      93B72ABD 
  60      58AD10E7 
  60      EDEBA6A9 
  60      12
  61 0056 B3F03E76 		.ascii	"\263\360>v\340\373f~\373\230\355'\200\213\000p\214\017"
  61      E0FB667E 
  61      FB98ED27 
  61      808B0070 
  61      8C0F
  62 0068 126065BA 		.ascii	"\022`e\272\244\201\020\342TD\303\361\351\322\001|\204"
  62      A48110E2 
  62      5444C3F1 
  62      E9D2017C 
  62      84
  63 0079 418530A6 		.ascii	"A\2050\246\341\030\336\240\343\\n_\377\372n\355\260"
  63      E118DEA0 
  63      E35C6E5F 
  63      FFFA6EED 
  63      B0
  64 008a 98A9A1CF 		.ascii	"\230\251\241\317\361;|v\0373\254\220\317\203e\243&~"
  64      F13B7C76 
  64      1F33AC90 
  64      CF8365A3 
  64      267E
  65 009c D7CB42FC 		.ascii	"\327\313B\374Hl\374\212\035B\360\0115)$E\227bH1\245"
  65      486CFC8A 
  65      1D42F009 
  65      35292445 
  65      97624831 
  66 00b1 44A444A5 		.ascii	"D\244D\245\000\224I\"\010\035E\015`\2124U\214s\261\211"
  66      00944922 
  66      081D450D 
  66      608A3455 
  66      8C73B189 
  67 00c5 73CF7FCE 		.ascii	"s\317\177\316\027\215*\341-\302\012\371\244!4\336\304"
  67      178D2AE1 
  67      2DC20AF9 
  67      A42134DE 
  67      C4
  68 00d6 E7A28871 		.ascii	"\347\242\210qu_2G}\"|\202\370\030\341\304Q\237t|\212"
  68      755F3247 
  68      7D227C82 
  68      F818E1C4 
  68      519F747C 
  69 00eb B703B64D 		.ascii	"\267\003\266M,V&\260JZU\345\220\335\265\210l\375\275"
  69      2C5626B0 
  69      4A5A55E5 
  69      90DDB588 
  69      6CFDBD
  70 00fe 842DD3CF 		.ascii	"\204-\323\317T\232c\001\304\354\302C\252\022\355\216"
  70      549A6301 
  70      C4ECC243 
  70      AA12ED8E 
  71 010e 361A1006 		.ascii	"6\032\020\006\212\273\223Bojc\342K\304\027a\233W\334"
  71      8ABB9342 
  71      6F6A63E2 
  71      4BC41761 
  71      9B57DC
  72 0121 069B2074 		.ascii	"\006\233 tn\242 \360_\202\375\3219\025\345\214tnm/\276"
  72      6EA220F0 
  72      5F82FDD1 
  72      3915E58C 
  72      746E6D2F 
  73 0136 A7D03B43 		.ascii	"\247\320;CM\346{AV\307y\366k\000\262\273\216\352\352"
  73      4DE67B41 
  73      56C779F6 
  73      6B00B2BB 
  73      8EEAEA
  74 0149 66DF4A6A 		.ascii	"f\337Jj\243\345\210\205=\272\233\222\316d\263\242\253"
  74      A3E58885 
  74      3DBA9B92 
  74      CE64B3A2 
  74      AB
  75 015a D7BF7C8A 		.ascii	"\327\277|\212\265#|\023\022\232\212p\251h\374\227p\221"
  75      B5237C13 
  75      129A8A70 
  75      A968FC97 
  75      7091
  76 016c FD14128A 		.ascii	"\375\024\022\212\016\205\370Q\"FZ\316X\372\0131\312"
  76      0E85F851 
  76      22465ACE 
  76      58FA0B31 
  76      CA
  77 017d E610F15B 		.ascii	"\346\020\361[\375`;\304\345\0201\252\020W\332\\\342"
  77      FD603BC4 
  77      E51031AA 
  77      1057DA5C 
  77      E2
  78 018e 07F6EBBC 		.ascii	"\007\366\353\274\317\257Q\371W\367\373\033;\022\372"
  78      CFAF51F9 
  78      57F7FB1B 
  78      3B12FA
  79 019d 57D86FA8 		.ascii	"W\330o\250O\342\275\232\222;\273\205\327\326w\006\202"
  79      4FE2BD9A 
  79      923BBB85 
  79      D7D67706 
  79      82
  80 01ae FFA34CB8 		.ascii	"\377\243L\270\267\330\000\275gN\246\254s\316\260\347"
  80      B7D800BD 
  80      674EA6AC 
  80      73CEB0E7 
  81 01be 16AC4B69 		.ascii	"\026\254Ki\357r\341\274\225\352\267\323\366\260m%3\005"
  81      EF72E1BC 
  81      95EAB7D3 
  81      F6B06D25 
  81      3305
  82 01d0 C73ADD3B 		.ascii	"\307:\335;h\235M\273\331\021\333uR}=\335]\235\003\316"
  82      689D4DBB 
  82      D911DB75 
  82      527D3DDD 
  82      5D9D03CE 
  83 01e4 48D275EC 		.ascii	"H\322u\354+\271\202\227\357L\346r^&g_p\\8\022\217'\006"
  83      2BB98297 
  83      EF4CE672 
  83      5E26675F 
  83      705C3812 
  84 01fb DDA144FE 		.ascii	"\335\241D\376j\336s\262V\336\313vwezFG\343C\360\007"
  84      6ADE73B2 
  84      56DECB76 
  84      77657A46 
  84      47E343F0 
  85 0210 12D121E2 		.ascii	"\022\321!\342"
  86              		.text
  87              		.section	.gnu.lto_SystemCoreClockUpdate.135.551a4da9,"e",%progbits
  88 0000 789C7D56 		.ascii	"x\234}VkLTG\024\236s\347\356{\331E\005\021\264\021\361"
  88      6B4C5447 
  88      149E73E7 
  88      EE7BD945 
  88      0511B411 
  89 0015 D91FA251 		.ascii	"\331\037\242Q\1775ibMcb\3226Ml\372\213d\263\245\033"
  89      7F356962 
  89      4D6362D2 
  89      364D6CFA 
  89      8B64B3A5 
  90 002a 4B0A6296 		.ascii	"K\012b\226\305G\232\324\013\322\225\242Q\026\203\361"
  90      C5479AD4 
  90      0BD295A2 
  90      511683F1 
  91 003a 016A371B 		.ascii	"\001j7\033\0025\361\021\353\253\265\226\252\030k\004"
  91      0235F111 
  91      EBABB596 
  91      AA186B04 
  92 004a 2916B10F 		.ascii	")\026\261\017\253\246\210R\025\255\217*-t{\316\314\275"
  92      ABA68852 
  92      15AD8F2A 
  92      2D747BCE 
  92      CCBD
  93 005c FBD07549 		.ascii	"\373\320uI8w\346\314\367\235s\346\23433\273\301\316"
  93      3877E6CC 
  93      F79D73E6 
  93      9C3333BB 
  93      C1CE
  94 006e D826C658 		.ascii	"\330&\306X\0160\006\231\014\032Bu\012\3234m\241EQ\326"
  94      0E300699 
  94      0C1A4275 
  94      0AD3346D 
  94      A14551D6 
  95 0082 85362870 		.ascii	"\2056(p\032p\226\257\326\204\\\342\313\2411d\027\353"
  95      1A7096AF 
  95      D6845CE2 
  95      CBA13164 
  95      17EB
  96 0094 2A8E0CAC 		.ascii	"*\216\014\254\311\264\253>\014;\016\0158\315\301\220"
  96      C9B4AB3E 
  96      0C3B0E0D 
  96      38CDC190 
  97 00a4 5D7CD7EB 		.ascii	"]|\327\353\337m\306\302vc`\206\335\015\341\277N\016"
  97      DF6DC6C2 
  97      76636086 
  97      DD0DE1BF 
  97      4E0E
  98 00b6 9AA4ED85 		.ascii	"\232\244\355\205\026\013)\016\236\267\211\211UL\272"
  98      160B290E 
  98      9EB78989 
  98      554CBA
  99 00c5 E4C4C69B 		.ascii	"\344\304\306\233\352\303S\330\336\336/\263\315;\220"
  99      EAC353D8 
  99      DEDE2FB3 
  99      CD3B90
 100 00d4 2F063B8D 		.ascii	"/\006;\215\201\035\232\321\320\235\301\305\206!\007"
 100      811D9AD1 
 100      D09DC1C5 
 100      862107
 101 00e3 290EDE97 		.ascii	")\016\336\227\\\247\230\374+'\031\302g\355\035\211s"
 101      5CA798FC 
 101      2B2719C2 
 101      67ED1D89 
 101      73
 102 00f4 091F1B1D 		.ascii	"\011\037\033\035b\342\206\252P\335\265\237\0251\001"
 102      62E286AA 
 102      50DDB59F 
 102      153101
 103 0103 B656E1AA 		.ascii	"\266V\341\252\311l\261\332\354\016g\206\313\015ka\013"
 103      C96CB1DA 
 103      EC0E6786 
 103      CB0D6B61 
 103      0B
 104 0114 7F15D79E 		.ascii	"\177\025\327\236}v\253~K\256\326\332\016\021\316\330"
 104      7D76AB7E 
 104      4BAED6DA 
 104      0E11CED8 
 105 0124 2EFCD7FF 		.ascii	".\374\327\377\23284\360\010\007P\365\221\002\3718\342"
 105      9A3834F0 
 105      080750F5 
 105      9102F938 
 105      E2
 106 0135 CB68657A 		.ascii	"\313hez\273\246=\330\331v\353:h\015\03229\034\005\344"
 106      BBA63DD8 
 106      D976EB3A 
 106      680D1A32 
 106      391C05E4 
 107 0149 C21180C3 		.ascii	"\302\021\200\303`\320y\251\001\355\036=\246i\266|\302"
 107      60D079A9 
 107      01ED1E3D 
 107      A669B67C 
 107      C2
 108 015a 1D4F815B 		.ascii	"\035O\201[\031\303\375\031\303}\223\002\367I\014\327"
 108      19C3FD19 
 108      C37D9302 
 108      F7490CD7 
 109 016a 19C37D9B 		.ascii	"\031\303}\233\002W\0151\340\276\030\360\273\024\300"
 109      02570D31 
 109      E0BE18F0 
 109      BB14C0
 110 0179 0D716053 		.ascii	"\015q`S\014\370\375s@3\203S\000\355\000'\001N\000|\015"
 110      0CF8FD73 
 110      40338353 
 110      00ED0027 
 110      014E007C 
 111 018e 700CF444 		.ascii	"p\014\364D!\300\374\342\342\376\036S\2736\022\335\254"
 111      21C0FCE2 
 111      E2FE1E53 
 111      BB3612DD 
 111      AC
 112 019f 697D4B6E 		.ascii	"i}Kn\034\031?\027X\204\253\012\011NB%a\"a&a!a%a#a'\341"
 112      1C193F17 
 112      5884AB0A 
 112      094E4225 
 112      61226126 
 113 01bc 20E12491 		.ascii	" \341$\221A\302E\302M\"\223\304\030\022cI\214#\221E"
 113      41C245C2 
 113      4D2293C4 
 113      18126349 
 113      8C239145 
 114 01d0 229BC478 		.ascii	"\"\233\304x\0229$&\2400\345\322(\217\304D\206!Nb\030"
 114      12392426 
 114      A030E5D2 
 114      288FC444 
 114      86214E62 
 115 01e5 E4641AE5 		.ascii	"\344d\032\345\223\230B\242\200a\310S\031\006=\215V\247"
 115      939842A2 
 115      8061C853 
 115      19063D8D 
 115      56A7
 116 01f7 93984162 		.ascii	"\223\230Ab&\211Y\014\367TH\333gl3g\367\243\321(\007"
 116      2689590C 
 116      F75448DB 
 116      676C3367 
 116      F7A3D128 
 117 020c AD9DB17A 		.ascii	"\255\235\261z\256\310I\025N\206\340\324\211\343\027"
 117      AEC84915 
 117      4E86E0D4 
 117      89E317
 118 021b 233CCC41 		.ascii	"#<\314A\357\0243\260\330H\333S\253Q\007\265P\213Z#\334"
 118      EF1433B0 
 118      D848DB53 
 118      AB5107B5 
 118      508B5A23 
 119 0230 021D0067 		.ascii	"\002\035\000g\200\315\375BL\255p\026\232E.\207`\335"
 119      80CDFD42 
 119      4CAD7016 
 119      9A452E87 
 119      60DD
 120 0242 D6F5A310 		.ascii	"\326\365\243\020\346JXrU\260\262A\250\271}z<\352\244"
 120      E64A5872 
 120      55B0B241 
 120      A8B97D7A 
 120      3CEAA4
 121 0255 4276663D 		.ascii	"Bvf=\347O\321;\304\275\377t\306\024\346<\235\227\363"
 121      E74FD13B 
 121      C4BDFF74 
 121      C614E63C 
 121      9D97F3
 122 0268 E805A497 		.ascii	"\350\005\244\227\221\340(\242U$\220Q\033z\021\256\237"
 122      91E028A2 
 122      55249051 
 122      1B7A11AE 
 122      9F
 123 0279 A0EB7CD4 		.ascii	"\240\353|\324KOn\341G}\316\317e\362cJ\347\247+\276\233"
 123      4B4F6EE1 
 123      477DCECF 
 123      65F2634A 
 123      E7A72BBE 
 124 028e 91E04D44 		.ascii	"\221\340MD\233\221 \375\250q?\223Q\017\235 |\230\022"
 124      9B9120FD 
 124      A8713F93 
 124      510F9D20 
 124      7C9812
 125 02a1 3359DD3D 		.ascii	"3Y\335=\334w\00639E\317\237]d\262\006\3148l\345\242"
 125      DC770633 
 125      3945CF9F 
 125      5D64B206 
 125      CC386CE5 
 126 02b6 695B408D 		.ascii	"i[@\215p\007\364\000\374\010l^\215\246\335~%\302\235"
 126      7007F400 
 126      FC086C5E 
 126      8DA6DD7E 
 126      25C29D
 127 02c9 7009CD4E 		.ascii	"p\011\315N\224\2361\320\253\375h\304\222.\320^\014T"
 127      949E31D0 
 127      ABFD68C4 
 127      922ED05E 
 127      0C54
 128 02db 31D27E0F 		.ascii	"1\322~\017snE\202\334\273\223\335\203\340\036\013\252"
 128      736E4582 
 128      DCBB93DD 
 128      83E01E0B 
 128      AA
 129 02ec D0C054E4 		.ascii	"\320\300T\344?\250\333[\265\007\222/\210mP%,\321)\270"
 129      3FA8DB5B 
 129      B507922F 
 129      886D5025 
 129      2CD129B8 
 130 0300 02223282 		.ascii	"\002\"2\202\0368\361\271VG\275\236\012\012?\000\203"
 130      1E38F1B9 
 130      5647BD9E 
 130      0A0A3F00 
 130      83
 131 0311 5F12C0E7 		.ascii	"_\022\300\347^\0047\031\305W\343\264\253H\373-\201v"
 131      5E043719 
 131      C557E3B4 
 131      AB48FB2D 
 131      8176
 132 0323 219D8F73 		.ascii	"!\235\217s\010\276\226\000\276\222\016\334\207\340\033"
 132      08BE9600 
 132      BE920EDC 
 132      87E01B
 133 0332 A2ADFE81 		.ascii	"\242\255\376\201\211X\177\276\251q\015\226G=\333\010"
 133      89587FBE 
 133      A9710D96 
 133      473DDB08 
 134 0342 581A73E7 		.ascii	"X\032s\347\366C\003L\224\346.T]\037\356Q(z\254\322\326"
 134      F643034C 
 134      94E62E54 
 134      5D1FEE51 
 134      287AACD2 
 135 0357 E1DF1F9B 		.ascii	"\341\337\037\233\364H3\364\022)8l\305\036k\241\343\316"
 135      F44833F4 
 135      1229386C 
 135      C51E6BA1 
 135      E3CE
 136 0369 A11FE00F 		.ascii	"\241\037\340\017`XIQdK\262\245\320%\2056\204\226\036"
 136      60584951 
 136      644BB2A5 
 136      D0258536 
 136      84961E
 137 037c 3EEB1796 		.ascii	">\353\027\226^\340\017\010>9\300#w\256\333\"\314X\223"
 137      5EE00F08 
 137      3E39C023 
 137      77AEDB22 
 137      CC5893
 138 038f CD6C4733 		.ascii	"\315lG3\327t3\003\251\315\014&\232\211\334\346\302\214"
 138      D7743303 
 138      A9CD0C26 
 138      9A89DCE6 
 138      C28C
 139 03a1 2DD9CC41 		.ascii	"-\331\314A4s\003d\343\014=\306\236\265\245k\234\273"
 139      34730364 
 139      E30C3DC6 
 139      9EB5A56B 
 139      9CBB
 140 03b3 D838DC68 		.ascii	"\3308\334h\234Nl\234\002$\310\222qacx\350+\264aOg\343"
 140      9C4E6C9C 
 140      0224C892 
 140      71616378 
 140      E82BB461 
 141 03ca 7EDCC648 		.ascii	"~\334\306H\260\023\217\210\003\011\320\015\322(v\262"
 141      B0138F88 
 141      0309D00D 
 141      D22876B2 
 142 03da 1355D2A6 		.ascii	"\023U\322\246\205tM\301\233\250\234\212z\251\004\354"
 142      85744DC1 
 142      9BA89C8A 
 142      7AA904EC 
 143 03ea 503CC005 		.ascii	"P<\300\005F\177\016\267\005\265,\345\245\375\371(\241"
 143      467F0EB7 
 143      05B52CE5 
 143      A5FDF928 
 143      A1
 144 03fb 1D065FDA 		.ascii	"\035\006_\332r\034\224xc\374\215\215\361$\201v/\015"
 144      721C9478 
 144      63FC8D8D 
 144      F1248176 
 144      2F0D
 145 040d 8DC769C3 		.ascii	"\215\307i\303H{\006\372-e\357\250\015\025\304\262\334"
 145      487B06FA 
 145      2D65EFA8 
 145      0D15C4B2 
 145      DC
 146 041e 338E0CE2 		.ascii	"3\216\014\342f\216\005\373\272\336\013\363\351r+T[\334"
 146      668E05FB 
 146      BADE0BF3 
 146      E9722B54 
 146      5BDC
 147 0430 9A203892 		.ascii	"\232 8\222\010\277^r\222-\301xJ\214i:\003\313h0\234"
 147      08BF5E72 
 147      922DC178 
 147      4A8C693A 
 147      03CB6830 
 148 0445 498C47C8 		.ascii	"I\214G\310xd\370\270\210\214\031\330\177\0064\243+V"
 148      7864F8B8 
 148      888C19D8 
 148      7F0634A3 
 148      2B56
 149 0457 7451A5FF 		.ascii	"tQ\245\377\372\321oF\272*\215&V\351&\242]H\200\013\361"
 149      FAD16F46 
 149      BA2A8D26 
 149      56E926A2 
 149      5D48800B 
 150 046c 2AB95125 		.ascii	"*\271Q%c\212\012\324\201 ]n3\305\302$\331OQ\27213\323"
 150      638A0AD4 
 150      81205D6E 
 150      33C5C224 
 150      D94F51BA 
 151 0483 79D19404 		.ascii	"y\321\224\004/\275\330\013c\220 o\314\334\230\247\261"
 151      2FBDD80B 
 151      6390206F 
 151      CCDC98A7 
 151      B1
 152 0494 A8862190 		.ascii	"\250\206!\220\275\320\213\241\214C\035<\004\351\225"
 152      BDD08BA1 
 152      8C431D3C 
 152      04E995
 153 04a3 9A6316EA 		.ascii	"\232c\026\352d,\212L@\364\342\247a\236%\302\231EG\344"
 153      642C8A4C 
 153      40F4E2A7 
 153      619E25C2 
 153      994547E4 
 154 04b7 41DDA892 		.ascii	"A\335\250\222\352\204\324(\362\240f\321\0350\011\353"
 154      EA84D428 
 154      F2A066D1 
 154      1D3009EB 
 155 04c7 62DFD7DC 		.ascii	"b\337\327\334\206\006\2479\006\232\3613\303\331\262"
 155      8606A739 
 155      069AF133 
 155      C3D9B2
 156 04d6 9BEE0257 		.ascii	"\233\356\002W\362\231i\274\254\320\265'\356\202\216"
 156      F29969BC 
 156      ACD0B527 
 156      EE828E
 157 04e5 27298F5E 		.ascii	"')\217^PI\274\001\334\270}M\215?%\027:p\027\331\351"
 157      5049BC01 
 157      DCB87D4D 
 157      8D3F2517 
 157      3A7017D9 
 158 04fa 1253ABC4 		.ascii	"\022S\253\304nhL?&\006\337\301\354\304C\222\203*zE\350"
 158      6E684C3F 
 158      2606DFC1 
 158      ECC44392 
 158      832A7A45 
 159 050f D968C3C9 		.ascii	"\331h\303\311\004\275#]\361G\303\325\212&\214G\303\015"
 159      04BD235D 
 159      F147C3D5 
 159      8A268C47 
 159      C30D
 160 0521 F8BB17BB 		.ascii	"\370\273\027\273\230\036\015\364\220\011\033\361\364"
 160      981E0DF4 
 160      90091BF1 
 160      F4
 161 052e E6C837A3 		.ascii	"\346\3107\243zd\375\353a^\210F\304\236\216w\036\306"
 161      7A64FDEB 
 161      615E8846 
 161      C49E8E77 
 161      1EC6
 162 0540 BAE5A6DA 		.ascii	"\272\345\246\332\326&\261-\031\025\006\221\2070$\312"
 162      D626B12D 
 162      19150691 
 162      873024CA 
 163 0550 0C432A42 		.ascii	"\014C*B\275\236\207<\366\020\252\257\037}_\234\216\315"
 163      BD9E873C 
 163      F610AAAF 
 163      1F7D5F9C 
 163      8ECD
 164 0562 1C6442E8 		.ascii	"\034dB\350\347\004cK\336|\255\310\363\256oy\300_\351"
 164      E704634B 
 164      DE7CADC8 
 164      F3AE6F79 
 164      C05FE9
 165 0575 595612F8 		.ascii	"YV\022\370\250\362\003O\321\333\336\022\357r\257gQi"
 165      A8F2034F 
 165      D1DBDE12 
 165      EF72AF67 
 165      5169
 166 0587 A5CFF3C6 		.ascii	"\245\317\363\306\222\245\236\305%\376\262U^\277\257"
 166      92A59EC5 
 166      25FEB255 
 166      5EBFAF
 167 0596 E8AD05F3 		.ascii	"\350\255\005\363\347\315~\307\267j\221\337\347\375\270"
 167      E7CD7EC7 
 167      B76A91DF 
 167      E7FDB8
 168 05a5 BC325031 		.ascii	"\2742P1{Qyy\240\264\334\373\241\317\317\362\012\013"
 168      7B517979 
 168      A0B4DCFB 
 168      A1CFCFF2 
 168      0A0B
 169 05b7 E72CF517 		.ascii	"\347,\365\027\317\251XS\021\360\225y*\002e\363\347\225"
 169      CFA95853 
 169      11F09579 
 169      2A0265F3 
 169      E795
 170 05c9 2E58BDBA 		.ascii	".X\275\272\260\230\251+JK\313l(*\312+\375\305>\232\372"
 170      B098A92B 
 170      4A4BCB6C 
 170      282ACA2B 
 170      FDC53E9A 
 171 05de CD285616 		.ascii	"\315(V\026\227[\313*J\374\336\345\313|<P\266\342\177"
 171      975BCB2A 
 171      4AFCDEE5 
 171      CB7C3C50 
 171      B6E27F
 172 05f1 4BEF9F6D 		.ascii	"K\357\237m"
 173              		.text
 174              		.section	.gnu.lto_.symbol_nodes.551a4da9,"e",%progbits
 175 0000 789C4B60 		.ascii	"x\234K`\000\002\2466\306z\206\006 `a\234p\216\201\241"
 175      0002A636 
 175      C67A8606 
 175      2060619C 
 175      708E81A1 
 176 0014 9E816157 		.ascii	"\236\201aWC##\003#\003X\262\235\261\236\361\375\377"
 176      43232303 
 176      230358B2 
 176      9DB19EF1 
 176      FDFF
 177 0026 FFFF99B1 		.ascii	"\377\377\231\261H\262\266224:\201\030M\214\214\020F"
 177      48B2B632 
 177      32343A81 
 177      184D8C8C 
 177      1046
 178 0038 33231384 		.ascii	"3#\023\204\321\302\310\014f0\000\000\244/\024\324"
 178      D1C2C80C 
 178      66300000 
 178      A42F14D4 
 179              		.text
 180              		.section	.gnu.lto_.refs.551a4da9,"e",%progbits
 181 0000 789C5367 		.ascii	"x\234Sg``\340dd`\342f`d\026\000b! \026\001b= 6```1a"
 181      6060E064 
 181      6460E266 
 181      60641600 
 181      62212016 
 182 001e 60603603 		.ascii	"``6\003\262-\030\030\000\034~\001\224"
 182      B22D1818 
 182      001C7E01 
 182      94
 183              		.text
 184              		.section	.gnu.lto_.decls.551a4da9,"e",%progbits
 185 0000 789CC598 		.ascii	"x\234\305\230{P\025\327\035\307\317\357\234\013\367"
 185      7B5015D7 
 185      1DC7CFEF 
 185      9C0BF7
 186 000f B2A0D088 		.ascii	"\262\240\320\210\2234\223II'N\230\266\212\\l\222\351"
 186      93349349 
 186      49274E98 
 186      B68A5C6C 
 186      92E9
 187 0021 3F152F12 		.ascii	"?\025/\022I\3042\367\232\314\264c\207\022\356Md\"\340"
 187      49C432F7 
 187      9ACCB463 
 187      8712EE4D 
 187      6422E0
 188 0034 20E6F147 		.ascii	" \346\361G\247\213\362\020\303+\246Z\237)y\233\370\""
 188      A78BF210 
 188      C32BA65A 
 188      9F29799B 
 188      F822
 189 0046 26262A1A 		.ascii	"&&*\032\257\370\010\310C\361\211\022\015\217\030\021"
 189      AFF808C8 
 189      43F18912 
 189      0D8F1811 
 190 0056 F1115F41 		.ascii	"\361\021_A\300\320\3379\273\367\354]\026\323i\2473\335"
 190      C0D0DF39 
 190      BBF7EC5D 
 190      16D369A7 
 190      33DD
 191 0068 F1B77BCE 		.ascii	"\361\267{\316\356\347|\177\277\363;\277={\205\216'd"
 191      EEE77C7F 
 191      BFF33BBF 
 191      3D7B858E 
 191      2764
 192 007a 15232409 		.ascii	"\025#$\011\010\031\306\303F\010i%\306A\321v\241}\211"
 192      0819C6C3 
 192      46086925 
 192      C641D176 
 192      A17D89
 193 008d C69F35A3 		.ascii	"\306\2375\243\035A;\207v\201\230\2175\250\201R\3441"
 193      1D413B87 
 193      7681988F 
 193      35A88152 
 193      E431
 194 009f B468B426 		.ascii	"\264h\264&r\357\3435d\355x\235\253\363S\260\237\300"
 194      72EFE335 
 194      64ED789D 
 194      ABF353B0 
 194      9FC0
 195 00b1 C7A395A3 		.ascii	"\307\243\225\243\225\241\205\342\375\011x}\001\355o"
 195      95A185E2 
 195      FD09787D 
 195      01ED6F
 196 00c0 68F3D18A 		.ascii	"h\363\321\212\320~\205\006z\\#\217\277\342\203\237\351"
 196      D07E8506 
 196      7A5C238F 
 196      BFE2839F 
 196      E9
 197 00d1 BAF7E971 		.ascii	"\272\367\351q4\350>\036\"\2066\367\363G\354W\200\026"
 197      34E83E1E 
 197      228636F7 
 197      F347EC57 
 197      8016
 198 00e3 67235A25 		.ascii	"g#Z%\266\253\320\332\261}F\237/\367\235\035\344\037"
 198      B6ABD0DA 
 198      B17D469F 
 198      2FF79D1D 
 198      E41F
 199 00f5 F45CB011 		.ascii	"\364\\\260\021\2710\345\201\321\326\366\002?;\017\204"
 199      B930E581 
 199      D1D6F602 
 199      3F3B0F84 
 200 0105 226FF302 		.ascii	"\"o\363\002@\333\343xR\310\237\030\211V\251JC\275\214"
 200      40DBE378 
 200      52C89F18 
 200      8956A94A 
 200      43BD8C
 201 0118 2A4C615E 		.ascii	"*La^\245\036\036\216\275\311\246:hl\244\342X\277\017"
 201      A51E1E8E 
 201      BDC9A63A 
 201      686CA4E2 
 201      58BF0F
 202 012b A2941007 		.ascii	"\242\224\020\007\245=v\257\022;\000\033iuh\314T\325"
 202      A53D76AF 
 202      123B001B 
 202      697568CC 
 202      54D5
 203 013d E62D1BDF 		.ascii	"\346-\033\337cWi\325\254\350\204\251x\356\261\327\203"
 203      635769D5 
 203      ACE884A9 
 203      78EEB1D7 
 203      83
 204 014e 1747A5D9 		.ascii	"\027G\245\331\034Q\330\352\261+7Yuy\250\267\231.y\014"
 204      1C51D8EA 
 204      B12B3759 
 204      7579A8B7 
 204      992E790C 
 205 0162 EA41F13A 		.ascii	"\352A\361:\243UU\235\352p<\034Y\307\352X2!\016G\315"
 205      A355559D 
 205      EA703C1C 
 205      59C7EA58 
 205      32210E47 
 206 0177 E6F14A8F 		.ascii	"\346\361J\217=\022%b\2751Q\336\230\310z\010\361z\225"
 206      3D122562 
 206      BD3151DE 
 206      98C87A08 
 206      F17A95
 207 018a E8588241 		.ascii	"\350X\202Ax\235\316\251TAe\233\243\036\234\014\"\234"
 207      789DCEA9 
 207      5441659B 
 207      A31E9C0C 
 207      229C
 208 019c 6AE7A5FB 		.ascii	"j\347\245\373\025P\302\036\216\211%\304K\222)\352\262"
 208      1550C21E 
 208      8E8925C4 
 208      4B9229EA 
 208      B2
 209 01ad E1C00176 		.ascii	"\341\300\001v\364\3515\272\000\261\012uR\366L\017\256"
 209      F4E935BA 
 209      00B10A75 
 209      52F64C0F 
 209      AE
 210 01be 29A53184 		.ascii	")\2451\204\2506GD\004\250x\011K\177\306\233\346TH\217"
 210      A8364744 
 210      04A87809 
 210      4B7FC69B 
 210      E654488F 
 211 01d2 9DE2A368 		.ascii	"\235\342\243h\033\250\024\214\221J\250H\2518Dz\201\377"
 211      1BA8148C 
 211      914AA848 
 211      A938447A 
 211      81FF
 212 01e4 D34E8477 		.ascii	"\323N\204wH\260\027q\237\223\230W}1\002w\345Eok\200"
 212      48B01771 
 212      9F939857 
 212      7D310277 
 212      E5456F6B 
 213 01f9 A643030E 		.ascii	"\246C\003\016 \340\204\350O\203\304\215\030\3648\002"
 213      20E084E8 
 213      4F83C48D 
 213      18F43802 
 214 0209 3A013F41 		.ascii	":\001?A1J\006g\253\273\244\301c\300\022\270!I\244,\011"
 214      314A0667 
 214      ABBBA4C1 
 214      63C012B8 
 214      2149A42C 
 215 021e 9AB85636 		.ascii	"\232\270V6\345u%\207\224\3570mj}$\214\255\232J\200="
 215      E5752587 
 215      94EF306D 
 215      6A7D248C 
 215      AD9A4A80 
 216 0233 48D80412 		.ascii	"H\330\004\022\247\212\243\353\027\004\276\320G.cp\037"
 216      A78AA3EB 
 216      1704BED0 
 216      472E6370 
 216      1F
 217 0244 503C4743 		.ascii	"P<GC\024\216,\251\255hT\356G\246OU\243a.\354\004\330"
 217      148E2CA9 
 217      AD6854EE 
 217      47A64F55 
 217      A3612EEC 
 218 025a C19DD6A2 		.ascii	"\301\235\326\242\277\\\241\375\301\345\212\275c\177"
 218      BF5CA1FD 
 218      C1E58ABD 
 218      637F
 219 0268 B972A5DA 		.ascii	"\271r\245\332\377I\361\211w~\337\265]U\213\220wp\006"
 219      FF49F189 
 219      777EDFB5 
 219      5D558B90 
 219      777006
 220 027b 3E07D82E 		.ascii	">\007\330.\204\261E`\033\300g@\330&\340\343v]]\361g"
 220      84B14560 
 220      1BC06740 
 220      D826E0E3 
 220      765D5DF1 
 221 0290 3EAC6655 		.ascii	">\254fUi\211\032\265\010\207\330\370\210\335r\304nc"
 221      69891AB5 
 221      0887D8F8 
 221      88DD72C4 
 221      6E63
 222 02a2 C43ED0E2 		.ascii	"\304>\320\342\232,\342R\231\350\204\213\263M\334\212"
 222      9A2CE252 
 222      99E8848B 
 222      B34DDC8A 
 223 02b2 41C1E327 		.ascii	"A\301\343'\216}\033\242\240\3165\325_\030\206\217\366"
 223      8E7D1BA2 
 223      A0CE35D5 
 223      5F18868F 
 223      F6
 224 02c3 03ECE3B1 		.ascii	"\003\354\343\261\036@\2418\250\003$\037\023%\022)Z\204"
 224      1E40A138 
 224      A803241F 
 224      13251229 
 224      5A84
 225 02d5 B58A40FA 		.ascii	"\265\212@\372\016\\l\032\243\370\365qD\037\206u\211"
 225      0E5C6C1A 
 225      A3F8F571 
 225      441F8675 
 225      89
 226 02e6 CC7680AF 		.ascii	"\314v\200\257\000\016\002b-o\236\030\244\367\241|\241"
 226      000E0262 
 226      2D6F9E18 
 226      A4F7A17C 
 226      A1
 227 02f7 AA565368 		.ascii	"\252VSh\000\330\013\340\347\372\207@\370\340Z7\207\216"
 227      00D80BE0 
 227      E7FA8740 
 227      F8E05A37 
 227      878E
 228 0309 6E6542CB 		.ascii	"neB\313\377SZ\265U\275\215c\015\255\306Q\265\326\274"
 228      FF535AB5 
 228      55BD8D63 
 228      0DADC651 
 228      B5D6BC
 229 031c B5E8129D 		.ascii	"\265\350\022\235\260\266J\275\326|\340\351*\200&\200"
 229      B0B64ABD 
 229      D67CE0E9 
 229      2A802680 
 230 032c 3D3C3992 		.ascii	"=<9\222\305^\016\317\013\206\242.\273\011\354\214\230"
 230      C55E0ECF 
 230      0B86A22E 
 230      BB09EC8C 
 230      98
 231 033d CEA20F56 		.ascii	"\316\242\017V\326\205Oh\303a\015E%cq\034>>,\306\005"
 231      D6854F68 
 231      C3610D45 
 231      2563711C 
 231      3E3E2CC6 
 232 0352 F281BD16 		.ascii	"\362\201\275\026=\241\2218\240c\303\326\037`\264\274"
 232      3DA19138 
 232      A063C3D6 
 232      1F60B4BC 
 233 0362 1D15796B 		.ascii	"\035\025yk\005AFi\251\347\235\207`X\273\020\326+\\6"
 233      05414669 
 233      A9E79D87 
 233      6058BB10 
 233      D62B5C36 
 234 0376 1D2CC7DD 		.ascii	"\035,\307\335\001g\335\243\326\0250\002\0110\231\300"
 234      0167DDA3 
 234      D6153002 
 234      093099C0 
 235 0386 294002BD 		.ascii	")@\002\275\236\0048\301\347\334{\274\370v`\316\177\201"
 235      9E0438C1 
 235      E7DC7BBC 
 235      F87660CE 
 235      7F81
 236 0398 3680E300 		.ascii	"6\200\343\000\307\270\233\323 \\q\241\356\212-\335\221"
 236      C7B89BD3 
 236      205C71A1 
 236      EE8A2DDD 
 236      91
 237 03a9 42C87F6F 		.ascii	"B\310\177o\241\332\367\3676\330\244\320\231Q\205\212"
 237      A1DAF7F7 
 237      36D8A4D0 
 237      9951858A 
 238 03b9 8A8F7547 		.ascii	"\212\217uG<r\035\337\347v`\213)\277\365^\253\332>V\244"
 238      3C721DDF 
 238      E776608B 
 238      29BFF55E 
 238      ABDA3E56 
 239 03ce B3F1C0D3 		.ascii	"\263\361\300\323\223\361>\234\025Y\011\214\306\336\327"
 239      93F13E9C 
 239      1559098C 
 239      C6DED7
 240 03dd 7A56EC88 		.ascii	"zV\354\210\3578Y\276;|\264\254t\210\254|\243e\305!\262"
 240      EF3859BE 
 240      3B7CB4AC 
 240      7488AC7C 
 240      A365C521 
 241 03f2 E2E7FA3B 		.ascii	"\342\347\372;\027\237\3710<x~]\000\235|@7\210A\234\331"
 241      179FF930 
 241      3C787E5D 
 241      009D7C40 
 241      3788419C 
 242 0407 B6A1EB30 		.ascii	"\266\241\3530\015\016}\024\246\275\345\372\246\260G"
 242      0D0E7D14 
 242      A6BDE5FA 
 242      A6B047
 243 0416 DEA014BE 		.ascii	"\336\240\024\276\005\266Z\204\276v\335@\033\343\241"
 243      05B65A84 
 243      BE76DD40 
 243      1BE3A1
 244 0425 D734BDAF 		.ascii	"\3274\275\257\252Q\200O\340;\021|`<\366\316\353\301"
 244      AA51804F 
 244      E03B117C 
 244      603CF6CE 
 244      EBC1
 245 0437 2FD122BB 		.ascii	"/\321\"\273\246\365\242E\200\325\300\326\013\245\236"
 245      A6F5A245 
 245      80D5C0D6 
 245      0BA59E
 246 0446 35AD0723 		.ascii	"5\255\007#F\233\325e1\253}<\277\373:\212\253\025S\241"
 246      469BD565 
 246      31AB7D3C 
 246      BFFB3A8A 
 246      AB1553A1 
 247 045a 5F02E8E5 		.ascii	"_\002\350\345\320\025\020\240\246\334A\330V\241y\347"
 247      D01510A0 
 247      A6DC41D8 
 247      56A179E7 
 248 046a DD814B4C 		.ascii	"\335\201KL\351\370w5\337=t~O\270!\373\375=d\217\020"
 248      E9F87735 
 248      DF3D747E 
 248      4FB821FB 
 248      FD3D648F 
 249 047f F605D59A 		.ascii	"\366\005\325\232\014G\275\331;\270e\324\200o\213\200"
 249      0C47BDD9 
 249      3BB865D4 
 249      806F8B80 
 250 048f 6F71E5CD 		.ascii	"oq\345\315\253\333K\301\024p`M\177\000\001\212\322Z"
 250      ABDB4BC1 
 250      1470604D 
 250      7F00018A 
 250      D25A
 251 04a1 77AAC86E 		.ascii	"w\252\310nr?\022\022>\353\011\333E\011\363\353!\370"
 251      723F1212 
 251      3EEB09DB 
 251      4509F3EB 
 251      21F8
 252 04b3 09DB2F26 		.ascii	"\011\333/&\271\355\312P\315\250\233\313\217\"\216\311"
 252      B9EDCA50 
 252      CDA89BCB 
 252      8F228EC9 
 253 04c3 887C56DB 		.ascii	"\210|V\333\270\336\274A\004Vg\030\004\307u\272\216\366"
 253      B8DEBC41 
 253      04566718 
 253      04C775BA 
 253      8EF6
 254 04d5 5F055318 		.ascii	"_\005S\030#!\341\367IV/\334\026\373/\034q\210\334\336"
 254      2321E1F7 
 254      49562FDC 
 254      16FB2F1C 
 254      7188DCDE 
 255 04e9 7B6F62CD 		.ascii	"{ob\315\030\360Q\2646=\350Xv\026{]z/\206]\320[\017\210"
 255      18F051B4 
 255      363DE858 
 255      76167B5D 
 255      7A2F865D 
 256 0501 7384A808 		.ascii	"s\204\250\010\\\275\313\302\303\367%[\013\224\340\262"
 256      5CBDCBC2 
 256      C3F7255B 
 256      0B94E0B2 
 257 0511 ADA0508E 		.ascii	"\255\240P\216\0376\250\242r'*;\3279\020\311\243\370"
 257      1F36A8A2 
 257      72272A3B 
 257      D73910C9 
 257      A3F8
 258 0523 A9F7FB68 		.ascii	"\251\367\373hCUa\230\024z\203Z\204\330\367\030\325-"
 258      43556198 
 258      147A835A 
 258      84D8F718 
 258      D52D
 259 0535 B43B68C3 		.ascii	"\264;h\303h\205\214\260R\246\305V\006ZX\016V\311\320"
 259      68858CB0 
 259      52A6C556 
 259      065A580E 
 259      56C9D0
 260 0548 E56F36D6 		.ascii	"\345o6\326-+\210|4\370\030\027ht\252\352\3663\253\007"
 260      2D2B887C 
 260      34F81817 
 260      6874AAEA 
 260      F633AB07 
 261 055c CBED6ABD 		.ascii	"\313\355j\275\037`1\205\177P\370\210\312\005\211#<M"
 261      1F603185 
 261      7F50F888 
 261      CA058923 
 261      3C4D
 262 056e 045F949A 		.ascii	"\004_\224\232\265[\360m)\214\200\353\000\327\2003\201"
 262      B55BF06D 
 262      298C80EB 
 262      00D78033 
 262      81
 263 057f 8ABBCA4F 		.ascii	"\212\273\312O\361\004\225jJ+K\004\203:\257\233t\226"
 263      F104956A 
 263      4A2B4B04 
 263      833AAF9B 
 263      7496
 264 0591 524DE83C 		.ascii	"RM\350<B\253u\010\227k\000\202\241;\240A\\\251\314P"
 264      42AB7508 
 264      976B0082 
 264      A13BA041 
 264      5CA9CC50 
 265 05a5 2A3629F9 		.ascii	"*6)\3715o\\h\240\\\012\255\264D\255\005\264\324\220"
 265      356F5C68 
 265      A05C0AAD 
 265      B444AD05 
 265      B4D490
 266 05b8 29352125 		.ascii	")5!%T2\257\033\314\022+\243\307s\267\\B\313MPgP\320"
 266      5432AF1B 
 266      CC122BA3 
 266      C773B75C 
 266      42CB4D50 
 267 05cf 6F194A6B 		.ascii	"o\031JkLP\217\221\242\012\203)41\005FD\303\206\2637"
 267      4C508F91 
 267      A20A8329 
 267      34310546 
 267      44C386B3 
 268 05e4 4DCC3130 		.ascii	"M\31410\322\270\312H\343\2405\215\361D+\036\277\215"
 268      D2B8CA48 
 268      E3A0358D 
 268      F1442B1E 
 268      BF8D
 269 05f6 C06A0AAB 		.ascii	"\300j\012\253\27082XboSXK\341c\012\357Q\250\241\360"
 269      B8383258 
 269      626F5358 
 269      4BE1630A 
 269      EF51A8A1 
 270 060b 21850D14 		.ascii	"!\205\015\024\336\242\360\016\205w)\340k\264\221\302"
 270      DEA2F00E 
 270      857729E0 
 270      6BB491C2 
 271 061b 07143EA1 		.ascii	"\007\024>\241\260\231\302z\012\377\244\260\205\302:"
 271      B099C27A 
 271      0AFFA4B0 
 271      85C23A
 272 062a 0A9B28BC 		.ascii	"\012\233(\274\317\177\244\361\010\207\214\010WX\323"
 272      CF7FA4F1 
 272      08878C08 
 272      5758D3
 273 0639 114FDE46 		.ascii	"\021O\336Ff\011/\230\202\010XF\241R0\201\032.3fZnd\243"
 273      66092F98 
 273      82085846 
 273      A1523081 
 273      1A2E3366 
 274 0651 C8BACC38 		.ascii	"\310\272\3148S\234E\315:\275\362\256\000\364\231*\357"
 274      539C45CD 
 274      3ABDF2AE 
 274      00F4992A 
 274      EF
 275 0662 2218E5B9 		.ascii	"\"\030\345\271R\207\360\207\353]\001\005\266\202!-\""
 275      5287F087 
 275      EB5D0105 
 275      B682212D 
 275      22
 276 0673 CEACD199 		.ascii	"\316\254\321\231~\200\233\202\011\354Z7\214\365\371"
 276      7E809B82 
 276      09EC5A37 
 276      8CF5F9
 277 0682 D198D9DF 		.ascii	"\321\230\331\337\255\271\327\230J#\352E\3265\304\200"
 277      ADB9D798 
 277      4A23EA45 
 277      D635C480 
 278 0692 58377FEF 		.ascii	"X7\177\357h\325\362\273]t\334\310\205\200\255\364\177"
 278      68D5F2BB 
 278      5D74DCC8 
 278      8580ADF4 
 278      7F
 279 06a3 B5147CCB 		.ascii	"\265\024|\313YQ\344\267G\210\037\\\325u6\370\324\010"
 279      5951E4B7 
 279      47881F5C 
 279      D57536F8 
 279      D408
 280 06b5 E633AAEF 		.ascii	"\3463\252\357\177+\265\217X\025\260>\334$\256\241\335"
 280      7F2BB58F 
 280      5815B03E 
 280      DC24AEA1 
 280      DD
 281 06c6 421BD637 		.ascii	"B\033\3267\013\025X\221\215\260J\233\326\355'l\025v"
 281      0B155891 
 281      8DB04A9B 
 281      D6ED276C 
 281      1576
 282 06d8 DF43DB82 		.ascii	"\337C\333\202\266C\277\335\203\277\033\261\333\214v"
 282      B643BFDD 
 282      83BF1BB1 
 282      DB8C76
 283 06e7 0AAD53BF 		.ascii	"\012\255S\277\335F\330E\354^G\033D+\012!\254\034m9\332"
 283      DD46D845 
 283      EC5E471B 
 283      442B0A21 
 283      AC1C6D39 
 284 06fc 3AB40FD1 		.ascii	":\264\017\321j\320v\242\355GkA;\205\326\201v\021\355"
 284      6AD076A2 
 284      ED476B41 
 284      3B85D681 
 284      7611ED
 285 070f 0ADA0DB4 		.ascii	"\012\332\015\264~\264\202P\034\213\266\034m5Zu\250\346"
 285      7EB48250 
 285      1C8BB61C 
 285      6D355A75 
 285      A8E6
 286 0721 62ADBE99 		.ascii	"b\255\276\231\205\261wCq\302i\005\267\227n\030\373\350"
 286      85B17743 
 286      71C26905 
 286      B7976E18 
 286      FBE8
 287 0733 3D8E7123 		.ascii	"=\216q#\372\230\227\376\2557\252kC?\302_\322\245\017"
 287      FA9897FE 
 287      AD37AA6B 
 287      433FC25F 
 287      D2A50F
 288 0746 F0EFC841 		.ascii	"\360\357\310A\012\203F\222\256\006\275\276=\237\316"
 288      0A834692 
 288      AE06BDBE 
 288      3D9FCE
 289 0755 D737C13D 		.ascii	"\3277\301=&\346\313\240}\340c\311\23431q\006\362\221"
 289      26E6CBA0 
 289      7DE063C9 
 289      9C333171 
 289      06F291
 290 0768 44BEB120 		.ascii	"D\276\261 Z\3754J\242\305D\3341J\254^\"\255&\244 (\226"
 290      5AFD344A 
 290      A2C544DC 
 290      314AAC5E 
 290      22AD26A4 
 291 077f C3923964 		.ascii	"\303\2229db\352\265\367\013\347^\323\242!8\355F\023"
 291      62EAB5F7 
 291      0BE75ED3 
 291      A22138ED 
 291      4613
 292 0791 722368DA 		.ascii	"r#h\332\233\244L\273\211\011*\370\213\022\331mBj\215"
 292      9BA44CBB 
 292      89092AF8 
 292      8B12D96D 
 292      426A8D
 293 07a4 37F98A44 		.ascii	"7\371\212D\2760!\237\353\001\363h\316\311h\366\232\230"
 293      BE30219F 
 293      EB01F368 
 293      CEC968F6 
 293      9A98
 294 07b6 C07BCC99 		.ascii	"\300{\314\231/%s\314\304\370\203\"\336(}}mb\202\367"
 294      2F2573CC 
 294      C4F88322 
 294      DE287D7D 
 294      6D6282F7 
 295 07ca E236C934 		.ascii	"\3426\3114X\223"
 295      5893
 296 07d0 A3333B24 		.ascii	"\2433;$s\312\304,5\246\265]\"m&\244,hZ;e\310\270=\215"
 296      73CAC42C 
 296      35A6B55D 
 296      226D26A4 
 296      2C685A3B 
 297 07e9 94D199CD 		.ascii	"\224\321\231\315\2229cM\262\316\364If\207\211\351\011"
 297      9239634D 
 297      B2CEF449 
 297      668789E9 
 297      09
 298 07fa 9AD62519 		.ascii	"\232\326%\031\317N+\243\205\374\215D\374\3262\326\220"
 298      CF4E2BA3 
 298      85FC8D44 
 298      FCD632D6 
 298      90
 299 080b 2689345B 		.ascii	"&\2114[\013P\367tV2u\326\305\012\376\274tR\350\340\322"
 299      0B50F774 
 299      563275D6 
 299      C50AFEBC 
 299      7452E8E0 
 300 0820 83624FFB 		.ascii	"\203bO\373\216\302y\012\303\024\256\341>M\341\026n\354"
 300      8EC2790A 
 300      C314AEE1 
 300      3E4DE116 
 300      6EEC
 301 0832 0C6E50B8 		.ascii	"\014nP\270N\341&\205\245\014\212\031\334\245p\225\302"
 301      4EE12685 
 301      A50C8A19 
 301      DCA57095 
 301      C2
 302 0843 62063D14 		.ascii	"b\006=\024\012\030\374H\341\002\205;\024\377/\012\275"
 302      0A18FC48 
 302      E102853B 
 302      14FF2F0A 
 302      BD
 303 0854 142EE22F 		.ascii	"\024.\342/9\012%\014\272\361\243\315\240\220\301\000"
 303      390A250C 
 303      BAF1A3CD 
 303      A090C100 
 304 0864 852B14FA 		.ascii	"\205+\024\372\361G<\205>\012C\024~\240p\033?\327\014"
 304      F1473C85 
 304      3E0A4314 
 304      7EA0701B 
 304      3FD70C
 305 0877 2EE316CC 		.ascii	".\343\026\314\377\314\303\363\327+\363\267\313Z\245"
 305      FFCCC3F3 
 305      D72BF3B7 
 305      CB5AA5
 306 0886 FAAC76CB 		.ascii	"\372\254v\313Y\035\267\226\227\366\316\034\2222\207"
 306      591DB796 
 306      97F6CE1C 
 306      923287
 307 0895 4DC85050 		.ascii	"M\310PPr6H\231\263\326\012\324r\334,\221&\353\253\247"
 307      72364899 
 307      B3D60AD4 
 307      72DC2C91 
 307      26EBABA7 
 308 08a9 210D1239 		.ascii	"!\015\0229b\365\244!W%\322eB\266\031\213\271G\"G\255"
 308      62F5A421 
 308      5725D265 
 308      42B6198B 
 308      B9472247 
 309 08be 5B85867C 		.ascii	"[\205\206|-\221\375&d_Pf\266H\346\264\265\3225\231]"
 309      2D91FD26 
 309      645F5066 
 309      B648E6B4 
 309      B5D23599 
 310 08d3 12396142 		.ascii	"\0229aB\202\177(\235\226\314W\326\215V\223\271,\221"
 310      827F289D 
 310      96CC57D6 
 310      8D5693B9 
 310      2C91
 311 08e5 EDD6AD42 		.ascii	"\355\326\255BC\332%r\300\032\260\206\324J\344\2445\230"
 311      43DA2572 
 311      C01AB086 
 311      D44AE4A4 
 311      3598
 312 08f7 78C22AEC 		.ascii	"x\302*\354\374\363\370i\331\311\2761\343F\026+\274\316"
 312      FCF3F869 
 312      D9C9BE31 
 312      E346162B 
 312      BCCE
 313 0909 FEBFE58A 		.ascii	"\376\277\345\212\221}[zpI\204\361\341.cr\006\345L\000"
 313      917D5B7A 
 313      704984F1 
 313      E12E6372 
 313      06E54C00 
 314 091d 9FECAE6D 		.ascii	"\237\354\256m\261\031@\223\3617\207\012\015\3309t\370"
 314      B1194093 
 314      F137870A 
 314      0DD83974 
 314      F8
 315 092e 7AA80134 		.ascii	"z\250\0014\030@\245\006\274q\272\251\230\031@\273\001"
 315      1840A506 
 315      BC71BAA9 
 315      981940BB 
 315      01
 316 093f 54F12022 		.ascii	"T\361 \"2\362\262_~\30271\373\327/\314'Jfn^\276\357"
 316      32F2B25F 
 316      7EC23731 
 316      FBD72FCC 
 316      274A666E 
 317 0956 D589D953 		.ascii	"\325\211\331S\210\342ymA\276/;%'+\377\347\223&\305y"
 317      88E2796D 
 317      41BE2F3B 
 317      25272BFF 
 317      E79326C5 
 318 096b F232E316 		.ascii	"\3622\343\026\210;\351\013\362\263\023\234\363\246\274"
 318      883BE90B 
 318      F2B3139C 
 318      F3A6BC
 319 097a FAEAA44C 		.ascii	"\372\352\244L\307S\263\236\215q\305\307\223\224\244"
 319      C753B39E 
 319      8D71C5C7 
 319      9394A4
 320 0989 DFCD494F 		.ascii	"\337\315IO\363\345\344\347-L\1771+\177\356\302\347\323"
 320      F3E5E4E7 
 320      2D4C7F31 
 320      2B7FEEC2 
 320      E7D3
 321 099b E7A46664 		.ascii	"\347\244fde\344d\244O\233\267\320\227\236\230\342IO"
 321      65E464A4 
 321      4F9BB7D0 
 321      979E98E2 
 321      494F
 322 09ad CECACB7E 		.ascii	"\316\312\313~%#\3177g\346\224\004\347\304Y\276W\246"
 322      2523CF37 
 322      67E69404 
 322      E7C459BE 
 322      57A6
 323 09bf E5F9325E 		.ascii	"\345\3712^\312]\230\277`\342\264\334\334\374y\271\031"
 323      CA5D98BF 
 323      60E2B4DC 
 323      DCFC79B9 
 323      19
 324 09d0 5E5F1E79 		.ascii	"^_\036y\360\236\316\310x-$Wn\236\3175/7\363\245g\347"
 324      F09ECEC8 
 324      782D2457 
 324      6E9ECF35 
 324      2F37F3A5 
 325 09e6 7B33F27D 		.ascii	"{3\362}cR=)\356\214\234\027}\2633\236\237\347s,\314"
 325      63523D29 
 325      EE8C9C17 
 325      7DB3339E 
 325      9FE7732C 
 326 09fb CAC94F70 		.ascii	"\312\311Op\246\347G\216\200\355\374\301\223\351\371"
 326      A6E7478E 
 326      80EDFCC1 
 326      93E9F9
 327 0a0a 51F24F79 		.ascii	"Q\362Oy\224\331B\355\216\2601\2113\246\245\345\371\026"
 327      94D942ED 
 327      8EB03189 
 327      33A6A5E5 
 327      F916
 328 0a1c 646AE303 		.ascii	"dj\343\003\217\306$\246\005\335\016sO\367Lw?7=i\262"
 328      8FC624A6 
 328      05DD0E73 
 328      4FF74C77 
 328      3F373D69 
 329 0a31 2DC593E8 		.ascii	"-\305\223\350\266\245\246&\273Yb\222\233%\3415-\331"
 329      B6A5A626 
 329      BB596292 
 329      9B25E135 
 329      2DD9
 330 0a43 6D4B4CF6 		.ascii	"mKL\366\270m\323\222\023\335!\370\010\201$\336\237\301"
 330      B86DD392 
 330      13DD21F8 
 330      088124DE 
 330      9FC1
 331 0a55 4F2E3C85 		.ascii	"O.<\205xf\270<n\346\231\221\306\\.\274\272\334!\211"
 331      7866B83C 
 331      6EE69991 
 331      C65C2EBC 
 331      BADC2189 
 332 0a69 296E97DB 		.ascii	")n\227\333\366\334\354?\270m)\370,\304\225\366lJ\022"
 332      F6DCEC3F 
 332      B86D29F8 
 332      2CC495F6 
 332      6C4A12
 333 0a7c 9E135DEE 		.ascii	"\236\023]\356\324\377$\231IyY/\373\362\026\314qa\032"
 333      D4FF2499 
 333      4979592F 
 333      FBF216CC 
 333      71611A
 334 0a8f 3C735272 		.ascii	"<sRr2\347-\364\372\342p\035}\351\231\331S&\315%\016"
 334      32E72DF4 
 334      FAE2701D 
 334      7DE999D9 
 334      5326CD25 
 335 0aa4 8F6B5AFA 		.ascii	"\217kZ\372\354\327\346\373\230\213\207\230\344r\313"
 335      ECD7E6FB 
 335      988B8798 
 335      E472CB
 336 0ab3 C93C11E2 		.ascii	"\311<\021\342r\245\244\031\375\307\303p\322NO\352\364"
 336      72A5A419 
 336      FDC7C370 
 336      D24E4FEA 
 336      F4
 337 0ac4 596E055B 		.ascii	"Yn\005[\361\242\3454\232\361\222\374m\030f-A\334\344"
 337      F1A2E534 
 337      9AF192FC 
 337      6D18662D 
 337      41DCE4
 338 0ad7 2DA76C69 		.ascii	"-\247li\240\344\246\330\271\"\336qp\021\256\026h\030"
 338      A0E4A6D8 
 338      B922DE71 
 338      7011AE16 
 338      6818
 339 0ae9 5A0976AE 		.ascii	"Z\011v\256\205\267\370\325\251_\343\203U\304 \247\333"
 339      85B7F8D5 
 339      A95FE383 
 339      55C420A7 
 339      DB
 340 0afa 33DBCD03 		.ascii	"3\333\315\003\214\347\015\247l\031B\361\016.\304\357"
 340      8CE70DA7 
 340      6C1942F1 
 340      0E2EC4EF 
 341 0b0a F18633D0 		.ascii	"\361\2063\320\020\224\315\225\342\342\247d~\232\356"
 341      1094CD95 
 341      E2E2A764 
 341      7E9AEE
 342 0b19 7604C684 		.ascii	"v\004\306\204\247\315\234\351IL\211w%?\345\266c\233"
 342      A7CD9CE9 
 342      494C8977 
 342      253FE5B6 
 342      639B
 343 0b2b 5F6DFC14 		.ascii	"_m\374\024\202\253\342rS\\)\227\033W\312\373\337\257"
 343      82ABE272 
 343      535C2997 
 343      1B57CAFB 
 343      DFAF
 344 0b3d 4992EFE5 		.ascii	"I\222\357\345\254L\337\034\317l\374\227\232\340\234"
 344      AC4CDF1C 
 344      CF6CFC97 
 344      9AE09C
 345 0b4c 89C52CD7 		.ascii	"\211\305,\327I/\357\004'\026\370\\\022\356v\271\304"
 345      492FEF04 
 345      2716F85C 
 345      12EE76B9 
 345      C4
 346 0b5d 5225F95E 		.ascii	"R%\371^\370\027\206(\033\252"
 346      F8178628 
 346      1BAA
 347              		.text
 348              		.section	.gnu.lto_.symtab.551a4da9,"e",%progbits
 349 0000 53797374 		.ascii	"SystemInit\000"
 349      656D496E 
 349      697400
 350 000b 00       		.ascii	"\000"
 351 000c 00       		.ascii	"\000"
 352 000d 00       		.ascii	"\000"
 353 000e 00000000 		.ascii	"\000\000\000\000\000\000\000\000"
 353      00000000 
 354 0016 BC000000 		.ascii	"\274\000\000\000"
 355 001a 53797374 		.ascii	"SystemCoreClockUpdate\000"
 355      656D436F 
 355      7265436C 
 355      6F636B55 
 355      70646174 
 356 0030 00       		.ascii	"\000"
 357 0031 00       		.ascii	"\000"
 358 0032 00       		.ascii	"\000"
 359 0033 00000000 		.ascii	"\000\000\000\000\000\000\000\000"
 359      00000000 
 360 003b BE000000 		.ascii	"\276\000\000\000"
 361 003f 4D534952 		.ascii	"MSIRangeTable\000"
 361      616E6765 
 361      5461626C 
 361      6500
 362 004d 00       		.ascii	"\000"
 363 004e 00       		.ascii	"\000"
 364 004f 00       		.ascii	"\000"
 365 0050 00000000 		.ascii	"\000\000\000\000\000\000\000\000"
 365      00000000 
 366 0058 CD000000 		.ascii	"\315\000\000\000"
 367 005c 53797374 		.ascii	"SystemCoreClock\000"
 367      656D436F 
 367      7265436C 
 367      6F636B00 
 368 006c 00       		.ascii	"\000"
 369 006d 00       		.ascii	"\000"
 370 006e 00       		.ascii	"\000"
 371 006f 00000000 		.ascii	"\000\000\000\000\000\000\000\000"
 371      00000000 
 372 0077 D0000000 		.ascii	"\320\000\000\000"
 373 007b 41484250 		.ascii	"AHBPrescTable\000"
 373      72657363 
 373      5461626C 
 373      6500
 374 0089 00       		.ascii	"\000"
 375 008a 00       		.ascii	"\000"
 376 008b 00       		.ascii	"\000"
 377 008c 00000000 		.ascii	"\000\000\000\000\000\000\000\000"
 377      00000000 
 378 0094 DE000000 		.ascii	"\336\000\000\000"
 379 0098 41504250 		.ascii	"APBPrescTable\000"
 379      72657363 
 379      5461626C 
 379      6500
 380 00a6 00       		.ascii	"\000"
 381 00a7 00       		.ascii	"\000"
 382 00a8 00       		.ascii	"\000"
 383 00a9 00000000 		.ascii	"\000\000\000\000\000\000\000\000"
 383      00000000 
 384 00b1 E7000000 		.ascii	"\347\000\000\000"
 385              		.text
 386              		.section	.gnu.lto_.ext_symtab.551a4da9,"e",%progbits
 387 0000 01       		.ascii	"\001"
 388 0001 01       		.ascii	"\001"
 389 0002 00       		.ascii	"\000"
 390 0003 01       		.ascii	"\001"
 391 0004 00       		.ascii	"\000"
 392 0005 02       		.ascii	"\002"
 393 0006 00       		.ascii	"\000"
 394 0007 02       		.ascii	"\002"
 395 0008 00       		.ascii	"\000"
 396 0009 02       		.ascii	"\002"
 397 000a 00       		.ascii	"\000"
 398 000b 02       		.ascii	"\002"
 399 000c 00       		.ascii	"\000"
 400              		.text
 401              		.section	.gnu.lto_.opts,"e",%progbits
 402 0000 272D666E 		.ascii	"'-fno-openmp' '-fno-openacc' '-fno-pie' '-fcf-prote"
 402      6F2D6F70 
 402      656E6D70 
 402      2720272D 
 402      666E6F2D 
 403 0033 6374696F 		.ascii	"ction=none' '-mcpu=cortex-m4' '-mthumb' '-mfloat-ab"
 403      6E3D6E6F 
 403      6E652720 
 403      272D6D63 
 403      70753D63 
 404 0066 693D6861 		.ascii	"i=hard' '-mfpu=fpv4-sp-d16' '-mlibarch=armv7e-m+fp'"
 404      72642720 
 404      272D6D66 
 404      70753D66 
 404      7076342D 
 405 0099 20272D6D 		.ascii	" '-march=armv7e-m+fp' '-Os' '-fmessage-length=0' '-"
 405      61726368 
 405      3D61726D 
 405      7637652D 
 405      6D2B6670 
 406 00cc 66736967 		.ascii	"fsigned-char' '-ffunction-sections' '-fdata-section"
 406      6E65642D 
 406      63686172 
 406      2720272D 
 406      6666756E 
 407 00ff 73272027 		.ascii	"s' '-fsingle-precision-constant' '-flto' '-Xassembl"
 407      2D667369 
 407      6E676C65 
 407      2D707265 
 407      63697369 
 408 0132 65722720 		.ascii	"er' '-adhlns=Src/system_stm32l4xx.o.lst'\000"
 408      272D6164 
 408      686C6E73 
 408      3D537263 
 408      2F737973 
 409              		.text
 410              		.comm	__gnu_lto_slim,1,1
 411              		.ident	"GCC: (GNU Arm Embedded Toolchain 10.3-2021.10) 10.3.1 20210824 (release)"
DEFINED SYMBOLS
                            *ABS*:00000000 system_stm32l4xx.c
                            *COM*:00000001 __gnu_lto_slim

NO UNDEFINED SYMBOLS
