   1              		.cpu cortex-m4
   2              		.arch armv7e-m
   3              		.fpu fpv4-sp-d16
   4              		.eabi_attribute 27, 1
   5              		.eabi_attribute 28, 1
   6              		.eabi_attribute 20, 1
   7              		.eabi_attribute 21, 1
   8              		.eabi_attribute 23, 3
   9              		.eabi_attribute 24, 1
  10              		.eabi_attribute 25, 1
  11              		.eabi_attribute 26, 1
  12              		.eabi_attribute 30, 4
  13              		.eabi_attribute 34, 1
  14              		.eabi_attribute 18, 4
  15              		.file	"stm32l4xx_hal_spi_ex.c"
  16              		.section	.gnu.lto_.profile.551a9f44,"e",%progbits
  17 0000 789C6362 		.ascii	"x\234cb\000\001\000\000\022\000\003"
  17      00010000 
  17      120003
  18              		.text
  19              		.section	.gnu.lto_.icf.551a9f44,"e",%progbits
  20 0000 789CE360 		.ascii	"x\234\343`@\000F\206\343\323\036\256\342d\000\000\015"
  20      40004686 
  20      E3D31EAE 
  20      E2640000 
  20      0D
  21 0011 E802FB   		.ascii	"\350\002\373"
  22              		.text
  23              		.section	.gnu.lto_.ipa_sra.551a9f44,"e",%progbits
  24 0000 789CE364 		.ascii	"x\234\343d@\000F d``af\000\000\000\364\000\023"
  24      40004620 
  24      64606061 
  24      66000000 
  24      F40013
  25              		.text
  26              		.section	.gnu.lto_.inline.551a9f44,"e",%progbits
  27 0000 789C7366 		.ascii	"x\234sf@\000F\006\026\276\266\035][\2312\030\031\031"
  27      40004606 
  27      16BEB61D 
  27      5D5B9932 
  27      181919
  28 0013 18973033 		.ascii	"\030\227030\000\021\213\310\266\343\347:\2312\030\030"
  28      3000118B 
  28      C8B6E3E7 
  28      3A993218 
  28      18
  29 0024 D81A8080 		.ascii	"\330\032\200\200)\205\211\201\211\201\361S\347\276\355"
  29      29858981 
  29      8981F153 
  29      E7BEED
  30 0033 CCC94C0C 		.ascii	"\314\311L\014,p6\003\013\310\010\0008'\020k"
  30      2C703603 
  30      0BC80800 
  30      3827106B 
  31              		.text
  32              		.section	.gnu.lto_.jmpfuncs.551a9f44,"e",%progbits
  33 0000 789CE362 		.ascii	"x\234\343b@\000F\006FF\306\372%\314\214\014\000\006"
  33      40004606 
  33      4646C6FA 
  33      25CC8C0C 
  33      0006
  34 0012 270136   		.ascii	"'\0016"
  35              		.text
  36              		.section	.gnu.lto_.pureconst.551a9f44,"e",%progbits
  37 0000 789C6361 		.ascii	"x\234ca```d\230\305\002\000\001d\000\244"
  37      60606064 
  37      98C50200 
  37      016400A4 
  38              		.text
  39              		.section	.gnu.lto_.lto.551a9f44,"e",%progbits
  40 0000 09000400 		.ascii	"\011\000\004\000\001\000\000\000"
  40      01000000 
  41              		.text
  42              		.section	.gnu.lto_HAL_SPIEx_FlushRxFifo.132.551a9f44,"e",%progbits
  43 0000 789C7D51 		.ascii	"x\234}QOHTa\020\237y\363\355\333Us\351(\321\241KD\220"
  43      4F485461 
  43      109F79F3 
  43      EDDB5573 
  43      E928D1A1 
  44 0017 AEB89DAA 		.ascii	"\256\270\235\252\203\212D\202FaG\341\261\331\313]RW"
  44      838A4482 
  44      466147E1 
  44      B1D9CB5D 
  44      5257
  45 0029 DEEEA687 		.ascii	"\336\356\246\207\300\247\333jl\310\272jBbA\257%\250"
  45      C0A7DB6A 
  45      6CC8BA6A 
  45      426241AF 
  45      25A8
  46 003b A022DAD4 		.ascii	"\240\"\332\324Zm\323\250n\3759\344\245\213D\230\005"
  46      5A6DD3A8 
  46      6EFD39E4 
  46      A58B4498 
  46      05
  47 004c 62416521 		.ascii	"bAe!\325|\357-i\227\036\274\357\233\337\314o\276\371"
  47      D57CEF2D 
  47      69971EBC 
  47      EF9BDFCC 
  47      6FBEF9
  48 005f CD4C5601 		.ascii	"\315LV\001\270\010\000g\370G7\340p:\251\200i\232\325"
  48      B8080067 
  48      F84737E0 
  48      703AA980 
  48      699AD5
  49 0072 6E0547D3 		.ascii	"n\005G\323\311\245\361\273\002g\320v\220\222H\227\260"
  49      C9A5F1BB 
  49      0267D076 
  49      90924897 
  49      B0
  50 0083 B555F4A7 		.ascii	"\265U\364\247\275|W\012\025G=\016Y(\361\364y\205\231"
  50      BD7C570A 
  50      15473D0E 
  50      5928F1F4 
  50      798599
  51 0096 D7A7660E 		.ascii	"\327\247f\016\210D\332\273\360l\216\204\013{\377>\207"
  51      8844DABB 
  51      F06C8E84 
  51      0B7BFF3E 
  51      87
  52 00a7 D0A390CA 		.ascii	"\320\243\220\312\256\036E\000\346\005\222}@\341\033"
  52      AE1E4500 
  52      E605927D 
  52      40E11B
  53 00b6 A1DD79D3 		.ascii	"\241\335y\323\\K,\231\331=V<Q\226\341\310e\002\364c"
  53      5C4B2C99 
  53      D93D563C 
  53      5196E1C8 
  53      6502F463 
  54 00ca A50C4F10 		.ascii	"\245\014O\020\016S\206\020E\301Rp\007[t\016a\027\347"
  54      0E538610 
  54      45C15270 
  54      075B740E 
  54      6117E7
  55 00dd BD5C9F32 		.ascii	"\275\\\2372\315\"\310\020\341$\312\264\373\210Y\004"
  55      CD22C810 
  55      E124CAB4 
  55      FB885904 
  56 00ed E9709269 		.ascii	"\351p\222i\020\345\265\223\271\2537\343\003\245wLO\206"
  56      10E5B593 
  56      B9AB37E3 
  56      03A5774C 
  56      4F86
  57 00ff 044EE3A6 		.ascii	"\004N\343\246\0326o\304\341-2\357\306\325\244w\250\227"
  57      1A366FC4 
  57      E12D32EF 
  57      C6D5A477 
  57      A897
  58 0111 792E7CB8 		.ascii	"y.|\270\371Q\376T\300\034\342\003\224\022\345\340\000"
  58      F951FE54 
  58      C01CE203 
  58      9412E5E0 
  58      00
  59 0122 14C771FB 		.ascii	"\024\307q\373\265+o\256\377N\231\346\213m\213\277T/"
  59      B52B6FAE 
  59      FF4E99E6 
  59      8B6D8BBF 
  59      542F
  60 0134 B20455E1 		.ascii	"\262\004U\341\303M\322\022\362p\001\023U\266\240\030"
  60      C34DD212 
  60      F2700113 
  60      55B6A018 
  61 0144 710A4B24 		.ascii	"q\012K$,\225\001\200\024A\362V\352\002\242\231\227@"
  61      2C950180 
  61      1441F256 
  61      EA02A299 
  61      9740
  62 0156 71402F83 		.ascii	"q@/\203!\242\347s\237\336\221\015V0>\321\377}\374\236"
  62      21A2E773 
  62      9FDE910D 
  62      56303ED1 
  62      FF7DFC9E 
  63 016a 5C8D4525 		.ascii	"\\\215E%\026\271\344H\004\"G\346r?\026\036\273-\302"
  63      16B9E448 
  63      042247E6 
  63      723F161E 
  63      BB2DC2
  64 017d C2A0DC76 		.ascii	"\302\240\334vC\327\344\012\271\025\217\305\223{\204"
  64      43D7E40A 
  64      B9158FC5 
  64      937B84
  65 018c 5079C586 		.ascii	"Py\305\206.\314\343%\273\005N\\M\276G\356\202S%\032"
  65      2ECCE325 
  65      BB054E5C 
  65      4DBE47EE 
  65      8253251A 
  66 01a0 9B7E7BD4 		.ascii	"\233~{\324\242Rv\3002\236\3750\2774X\306\245\234:\302"
  66      A25276C0 
  66      329EFD30 
  66      BF3458C6 
  66      A59C3AC2 
  67 01b4 1E428AD4 		.ascii	"\036B\212\324o\257V?*\\v\210\004\277o\212\202\272\276"
  67      6FAF563F 
  67      2A5C7688 
  67      04BF6F8A 
  67      82BABE
  68 01c7 DCF49BCF 		.ascii	"\334\364\233\317\304\245\012\032\350\037\015E\026\025"
  68      C4A50A1A 
  68      E81F0D45 
  68      1615
  69 01d5 E33C6B70 		.ascii	"\343<kp\240\033\237\260\006t4\344\226\267[D\377\023"
  69      A01B9FB0 
  69      067434E4 
  69      96B75B44 
  69      FF13
  70 01e7 FC94C98A 		.ascii	"\374\224\311\212M\216\217\015|\345\"\202\023d\021\025"
  70      4D8E8F0D 
  70      7CE52282 
  70      13641115 
  71 01f7 CD2D52EA 		.ascii	"\315-R\352\362\374Iv:\036[\347O,\214\007\224\331l'7"
  71      F2FC4976 
  71      3A1E5BE7 
  71      4F2C8C07 
  71      94D96C27 
  72 020c A1AE6483 		.ascii	"\241\256d\203,\331\2651\335/\330W\015\226\334\000\263"
  72      2CD9B531 
  72      DD2FD857 
  72      0D96DC00 
  72      B3
  73 021d 55C90624 		.ascii	"U\311\006$\232\235\\\363\360\204\035\010be2\310=\343"
  73      9A9D5CF3 
  73      F0841D08 
  73      626532C8 
  73      3DE3
  74 022f C68200EA 		.ascii	"\306\202\000\352\353\3665kG\364\216\250\021\323ZC\321"
  74      EBF6356B 
  74      47F48EA8 
  74      11D35A43 
  74      D1
  75 0240 60ECB8D6 		.ascii	"`\354\270\326\334\030\010\005:\002Zm[L\327j\352\233"
  75      DC180805 
  75      3A025A6D 
  75      5B4CD76A 
  75      EA9B
  76 0252 B48321A3 		.ascii	"\264\203!\243\275+`\350\315\015{\375U\345\207\365\256"
  76      BD2B60E8 
  76      CD0D7BFD 
  76      55E587F5 
  76      AE
  77 0263 5A430F9C 		.ascii	"ZC\017\234\012\307\242\221\362\332p8\332\026\016\234"
  77      0AC7A291 
  77      F2DA7038 
  77      DA160E9C 
  78 0273 D00DD85F 		.ascii	"\320\015\330_Q\341\2533B\247u#\342k:\326\350\257j\330"
  78      51E1AB33 
  78      42A77523 
  78      E26B3AD6 
  78      E8AF6AD8 
  79 0287 DBDDAD1D 		.ascii	"\333\335\255\035\252i\320\034\257\257\311h\361E\242"
  79      AA69D01C 
  79      AFAFC968 
  79      F145A2
  80 0296 EDFEAA36 		.ascii	"\355\376\2526\031\010\006\332\264HgH\323\273+Z@\004"
  80      190806DA 
  80      B4486748 
  80      D3BB2B5A 
  80      4004
  81 02a8 D974B584 		.ascii	"\331t\265\204c\035Q5\332\336i\350\255\177\000\370}\034"
  81      631D5135 
  81      DADE69E8 
  81      AD7F00F8 
  81      7D1C
  82 02ba 7E       		.ascii	"~"
  83              		.text
  84              		.section	.gnu.lto_.symbol_nodes.551a9f44,"e",%progbits
  85 0000 789C9367 		.ascii	"x\234\223g\000\002\246\026\306z\206\256u\375S\031\031"
  85      0002A616 
  85      C67A86AE 
  85      75FD5319 
  85      19
  86 0011 279C6360 		.ascii	"'\234c`\250g`\330\325\320\310\310\300\310\000\006\000"
  86      A86760D8 
  86      D5D0C8C8 
  86      C0C80006 
  86      00
  87 0022 8C9A071E 		.ascii	"\214\232\007\036"
  88              		.text
  89              		.section	.gnu.lto_.refs.551a9f44,"e",%progbits
  90 0000 789C6364 		.ascii	"x\234cd\000\002\000\000\012\000\002"
  90      00020000 
  90      0A0002
  91              		.text
  92              		.section	.gnu.lto_.decls.551a9f44,"e",%progbits
  93 0000 789C9D57 		.ascii	"x\234\235W}PSW\026\277\347\336@\302\003\004\013N\367"
  93      7D505357 
  93      16BFE7DE 
  93      40C20304 
  93      0B4EF7
  94 0013 0FC7613B 		.ascii	"\017\307a;\316\312\314\216R\202\323\355t\367\017\004"
  94      CECACC8E 
  94      5282D3ED 
  94      74F70F04 
  95 0023 EA96115C 		.ascii	"\352\226\021\\&\241;\235\035f2)\357Q\262\015\211\023"
  95      26A13B9D 
  95      1D663229 
  95      EF51B20D 
  95      8913
  96 0035 121BF7AF 		.ascii	"\022\033\367\257\007~\261\256\"\342\352R\255\226\252"
  96      077EB1AE 
  96      22E2EA52 
  96      AD96AA
  97 0044 AD286AB5 		.ascii	"\255(j\265V\261~F\020D\253-\272j\333u\265\370\201\215"
  97      56B17E46 
  97      1044AB2D 
  97      BA6ADB75 
  97      B5F8818D 
  98 0058 AD55546A 		.ascii	"\255UTjY\324\262\347\276\367\362^Bv\235\251or\337\275"
  98      59D4B2E7 
  98      BEF7F25E 
  98      42769DA9 
  98      6F72DFBD 
  99 006c EFDEDFF9 		.ascii	"\357\336\337\371\235s\3179\367#\347\306\021\262\231"
  99      9D73CF39 
  99      F723E7C6 
  99      11B299
 100 007b 11D24008 		.ascii	"\021\322@\010\031\305\207b}\006\013\257\317b)\004\242"
 100      19C58762 
 100      7D060BAF 
 100      CF622904 
 100      A2
 101 008c 3CBC9AAD 		.ascii	"<\274\232\255\265\243\237u\010\024\260.\301\261g\260"
 101      B5A39F75 
 101      0814B02E 
 101      C1B167B0 
 102 009c CE8CC860 		.ascii	"\316\214\310`9\214\325\024\215\207s\026`\037\252\"'"
 102      398CD514 
 102      8D877316 
 102      601FAA22 
 102      27
 103 00ad B0FC0EDB 		.ascii	"\260\374\016\333\237=\201\267\231\3013`\302w&d)\355"
 103      9F3D81B7 
 103      99C13360 
 103      C2772664 
 103      29ED
 104 00bf 5F28EF74 		.ascii	"_(\357tF\371\320\024\340\266\246)-\302\222H\216\254"
 104      46F9D014 
 104      E0B6A629 
 104      2DC29248 
 104      8EAC
 105 00d1 3CF59504 		.ascii	"<\365\225\004\016hd\254\224\254etQ\350\233>\213\320"
 105      0E6864AC 
 105      94AC6574 
 105      51E89B3E 
 105      8BD0
 106 00e3 2FCB8372 		.ascii	"/\313\203rhA\022\201=\000\037\003\201C\200\202\007\001"
 106      68411281 
 106      3D001F03 
 106      81438082 
 106      0701
 107 00f5 F6037C02 		.ascii	"\366\003|\002\354\217\2526\013\253 \314A\330\353\204"
 107      EC8FAA36 
 107      0BAB20CC 
 107      41D8EB84 
 108 0105 55A93D13 		.ascii	"U\251=\023\025\375\375\300\376\214\\\351[\372\277oJ"
 108      15FDFDC0 
 108      FE8C5CE9 
 108      5BFABF6F 
 108      4A
 109 0116 9EAC3E19 		.ascii	"\236\254>\031Wdy\370\354\342\035\035\223;\347\313\275"
 109      576479F8 
 109      ECE21D1D 
 109      933BE7CB 
 109      BD
 110 0127 2180C300 		.ascii	"!\200\303\000G\000>\007M\003\201\016\376\312%\210\333"
 110      47003E07 
 110      4D03810E 
 110      FECA2588 
 110      DB
 111 0138 B9BD638E 		.ascii	"\271\275c\216\0069\032\003\011\361\327\036P0[u\314\261"
 111      06391A03 
 111      09F1D71E 
 111      50305B75 
 111      CCB1
 112 014a 184C8ECE 		.ascii	"\030L\216\316\362\241\216\330\027\257Hci\3271]q,\032"
 112      F2A18ED8 
 112      17AF4863 
 112      69D7315D 
 112      712C1A
 113 015d 649F0E39 		.ascii	"d\237\0169\036\003\331k\330\273M\207t\306\333\233K\320"
 113      1E03D96B 
 113      D8BB4D87 
 113      74C6DB9B 
 113      4BD0
 114 016f D10B6439 		.ascii	"\321\013d9d\"\320\003\320\315\373\020\203\316<\011p"
 114      6422D003 
 114      D0CDFB10 
 114      83CE3C09 
 114      70
 115 0180 0AE03380 		.ascii	"\012\3403\200\023\000\275\000\237\002\234\346\261`\027"
 115      1300BD00 
 115      9F029CE6 
 115      B16017
 116 018f 8047E287 		.ascii	"\200G\342\207\320\335\321\204\214\261\262\320\007O\226"
 116      D0DDD184 
 116      8CB1B2D0 
 116      074F96
 117 019e 46C9DD87 		.ascii	"F\311\335\207\2674'\247\204x\014[;Mp\3060\350,h\211"
 117      B73427A7 
 117      84780C5B 
 117      3B4D70C6 
 117      30E82C68 
 118 01b3 D24F9448 		.ascii	"\322O\224He+\037_\022v\025x\307D\030\005\245\342,\035"
 118      652B1F5F 
 118      12761578 
 118      C7441805 
 118      A5E22C1D 
 119 01c7 1B1EF608 		.ascii	"\033\036\366\010\026d\0117\364\343D \017\236G\206\257"
 119      16640937 
 119      F4E34420 
 119      0F9E4786 
 119      AF
 120 01d8 14DD5F02 		.ascii	"\024\335_\002|\001,\254\3406\354_x^\260\364\307\340"
 120      7C012CAC 
 120      E036EC5F 
 120      785EB0F4 
 120      C7E0
 121 01ea E05F1083 		.ascii	"\340_\020\203|\374\004\306KQ\270z\312qknny7i\014\016"
 121      7CFC04C6 
 121      4B51B87A 
 121      CA716B6E 
 121      6E793769 
 122 0200 2E430CB2 		.ascii	".C\014\262\231\022\366\266\202~\377\336\245\306\224"
 122      9912F6B6 
 122      827EFFDE 
 122      A5C694
 123 020f 0C359F43 		.ascii	"\0145\237CJ.\303\025\200\253\034\313\235\271]\001]9"
 123      4A2EC315 
 123      80AB1CCB 
 123      9DB95D01 
 123      5D39
 124 0221 7177B525 		.ascii	"qw\265%\026t\315\000!`\361\312U\347\315\206\317\256"
 124      1674CD00 
 124      2160F1CA 
 124      55E7CD86 
 124      CFAE
 125 0233 1B3E1B88 		.ascii	"\033>\033\210\370\254\217\260#\250\265\007\313)\205"
 125      F8AC8FB0 
 125      23A8B507 
 125      CB2985
 126 0242 74E5AE2F 		.ascii	"t\345\256/.\247\306\222\336\004\370\326 \355\334|nO"
 126      2EA7C692 
 126      DE04F8D6 
 126      20EDDC7C 
 126      6E4F
 127 0254 8241FAAD 		.ascii	"\202A\372\255A\372\035(\200\35376\236O5\021\245\003"
 127      41FA1D28 
 127      80EB3736 
 127      9E4F3511 
 127      A503
 128 0266 BC8A16AA 		.ascii	"\274\212\026\252\004&\035\007?\330V\027\026\236E\356"
 128      04261D07 
 128      3FD85617 
 128      169E45EE 
 129 0276 5BB29C09 		.ascii	"[\262\234\011\325p\033\340{.{\007]rK\225\277\272\344"
 129      D5701BE0 
 129      7B2E7B07 
 129      5D724B95 
 129      BFBAE4
 130 0289 C1BD2805 		.ascii	"\301\275(\005w\014\005\203\021\253{\011\353G\213o(\026"
 130      770C0583 
 130      11AB7B09 
 130      EB478B6F 
 130      2816
 131 029b DFEABE79 		.ascii	"\337\352\276y*U\010=qu+\372\237WdC\204\335V\266\217"
 131      2A55083D 
 131      71752BFA 
 131      9F576443 
 131      84DD56B6 
 132 02b0 5FE1F6C1 		.ascii	"_\341\366\301\224\232\260\021\205\251oh\365C\340\373"
 132      949AB011 
 132      85A96F68 
 132      F543E0FB 
 133 02c0 C42D3954 		.ascii	"\304-9T\237@4\343`\004\020\203L\377\001\030\0066\237"
 133      9F4034E3 
 133      60041083 
 133      4CFF0118 
 133      06369F
 134 02d3 71E88F8B 		.ascii	"q\350\217\213\332\326's\245O\20262\214\247\002?\325"
 134      DAD62773 
 134      A54F8236 
 134      328CA702 
 134      3FD5
 135 02e5 B3AC1738 		.ascii	"\263\254\0278<,w\3261-\372\243\200Y\031\011>\202\206"
 135      3C2C77D6 
 135      312DFAA3 
 135      80591909 
 135      3E8286
 136 02f8 8E6DDA14 		.ascii	"\216m\332\024\225\3422\325'^G\265\211\277\310\336C\316"
 136      95E232D5 
 136      275E47B5 
 136      89BFC8DE 
 136      43CE
 137 030a ED58F631 		.ascii	"\355X\3661\265g\2722\265V\306\272\264\016u\226\331\254"
 137      B567BA32 
 137      B556C6BA 
 137      B40E7596 
 137      D9AC
 138 031c 174167B5 		.ascii	"\027Ag\265\276,\326\217_w\260<\3002\212e\205\211\260"
 138      BE2CD68F 
 138      5F77B03C 
 138      C0328A65 
 138      8589B0
 139 032f 5558D663 		.ascii	"UX\326c\331\212e7\226CX:Mh\356\304\365-k\367+\233\\"
 139      D98A6537 
 139      9643583A 
 139      4D68EEC4 
 139      F52D6BF7 
 140 0346 C6E4C883 		.ascii	"\306\344\310\203f\015\357\2751\270\314\374\016z9\005"
 140      660DEFBD 
 140      31B8CCFC 
 140      0E7A3905 
 141 0356 86005651 		.ascii	"\206\000VQXG\307n\013\010\333\371x\237,')\220\2251\220"
 141      5847C76E 
 141      0B08DBF9 
 141      789F2C27 
 141      29909531 
 142 036b 0E03B26E 		.ascii	"\016\003\262n\376b9]\245Y\036\203YFu\314R\003\263\""
 142      FE62395D 
 142      A5591E83 
 142      594675CC 
 142      5203B322 
 143 037f 06B377EC 		.ascii	"\006\263w\354\016\264\230\302\".\207\030t\347\273\024"
 143      0EB498C2 
 143      222E8718 
 143      74E7BB14 
 144 038f 5A29BC4D 		.ascii	"Z)\274Ma\023\2055\0246Rx\207\302z\012k)|@\341}\012\033"
 144      61138535 
 144      14365278 
 144      87C27A0A 
 144      6B297C40 
 145 03a7 28BCC74F 		.ascii	"(\274\307O6\256d\215\241\244)^\011\356\226\034tS\237"
 145      36AE648D 
 145      A1A4295E 
 145      09EE961C 
 145      74539F
 146 03ba D03F6230 		.ascii	"\320?b09\272\255\267t\304\3528\204F\262\337\320\324"
 146      39BAADB7 
 146      74C4EA38 
 146      8446B2DF 
 146      D0D4
 147 03cc 1283F9AB 		.ascii	"\022\203\371\2531\345\035\006\346o1\230%\324 j0@\315"
 147      31E51D06 
 147      E66F3198 
 147      25D4206A 
 147      3040CD
 148 03df F1FED540 		.ascii	"\361\376\325@#\272A\177\217\017\223\206i7\210\226\306"
 148      23BA417F 
 148      8F0F9386 
 148      69378896 
 148      C6
 149 03f0 6B532D6A 		.ascii	"kS-j30\215\361\201B\"\266=\201'\370\201\225-\333R2\306"
 149      33308DF1 
 149      814222B6 
 149      3D8127F8 
 149      81952DDB 
 150 0407 860436D3 		.ascii	"\206\0046\323\237\033\024vH\341\273\270pW#\304lC\004"
 150      9F1B1476 
 150      48E1BBB8 
 150      705723C4 
 150      6C4304
 151 041a B6527D13 		.ascii	"\266R}\023:\327\337\262J\210\335\245\360\014\211\002"
 151      3AD7DFB2 
 151      4A88DDA5 
 151      F00C8902 
 152 042a 0CB79DBB 		.ascii	"\014\267\235\273\227h\254\245v\303\360m\221\265t]=."
 152      9768ACA5 
 152      76C3F06D 
 152      91B5745D 
 152      3D2E
 153 043c 5A13590F 		.ascii	"Z\023Y\017W\371\334P\363\327\277\234l<j\352\343I8\370"
 153      57F9DC50 
 153      F3D7BF9C 
 153      6C3C6AEA 
 153      E34938F8 
 154 0450 53D7E7A9 		.ascii	"S\327\347\251}2\203\207\000\363)\034\240\372\246U\317"
 154      7D328387 
 154      00F3291C 
 154      A0FAA655 
 154      CF
 155 0461 7DF083EA 		.ascii	"}\360\203\352\314G\327\026\311\351\365)\360\030`A<H"
 155      CC47D716 
 155      C9E9F529 
 155      F0186041 
 155      3C48
 156 0473 F3785B37 		.ascii	"\363x[7\202\352R\340k\200\177\003\007\251\247\305\371"
 156      82EA52E0 
 156      6B807F03 
 156      07A9A7C5 
 156      F9
 157 0484 A8C37BE9 		.ascii	"\250\303{\351\200\312\203\312~\204h\236\007\240*S\316"
 157      80CA83CA 
 157      7E84689E 
 157      07A02A53 
 157      CE
 158 0495 E6856A54 		.ascii	"\346\205jT\360p\376PQ\026\231\334?\215%\266d@7\350Q"
 158      F070FE50 
 158      511699DC 
 158      3F8D25B6 
 158      644037E8 
 159 04aa 3C916AD0 		.ascii	"<\221j\320\340\372\201\345\343\232\352\030\236\007x"
 159      E0FA81E5 
 159      E39AEA18 
 159      9E0778
 160 04b9 C189263A 		.ascii	"\301\211&:\257_\004\006\267v/O\335\211\323\277\010p"
 160      AF5F0406 
 160      B7762F4F 
 160      DD89D3BF 
 160      0870
 161 04cb 61ACD1E7 		.ascii	"a\254\321\347T\232w\014\232obhnD\351j\354VA\230J\367"
 161      549A770C 
 161      9A6F6268 
 161      6E44E96A 
 161      EC564198 
 162 04e1 63407775 		.ascii	"c@wu\243\007G\256\251\230:\012\013c&VO\307\254\371\035"
 162      A30747AE 
 162      A9983A0A 
 162      0B632656 
 162      4FC7ACF9 
 163 04f6 14F014E4 		.ascii	"\024\360\024\344g\323\001%\301\016R8Da?\205]\024vR8"
 163      67D30125 
 163      C10E5238 
 163      44613F85 
 163      5D147652 
 164 050b 8CA21476 		.ascii	"\214\242\024vS\370\204B\210\302\021\012\373(\354\245"
 164      53F88442 
 164      88C2110A 
 164      FB28ECA5 
 165 051b F011850E 		.ascii	"\360\021\205\016\012\037G\226\377m-\275\267Q\330\022"
 165      0A1F4796 
 165      FF6D2DBD 
 165      B751D812 
 166 052b A32F27A2 		.ascii	"\243/'\242np\270\353\017\334\2426\012\015\012\"\262"
 166      6E70B8EB 
 166      0FDCA236 
 166      0A0D0A22 
 166      B2
 167 053c D9184B7B 		.ascii	"\331\030K{\260a@\267\372\247\230\231=0f\266\246{\221"
 167      B06140B7 
 167      FAA79899 
 167      3D3066B6 
 167      A67B91
 168 054f 82190408 		.ascii	"\202\031\004\010\307\273H\015Y\213\026V\304\334\213"
 168      C7BB480D 
 168      598B1656 
 168      C4DC8B
 169 055e F7105F6C 		.ascii	"\367\020_l}\312\342h\037hn\0272\342|q\224>\265/\220"
 169      7DCAE268 
 169      1F686E17 
 169      32E27C71 
 169      943EB52F 
 170 0573 7463F3E3 		.ascii	"tc\363\343#)\306\212\3514\264wQ\005p\346b]\210\341\305"
 170      2329C68A 
 170      E934B477 
 170      510570E6 
 170      625D88E1 
 171 0588 81629F49 		.ascii	"\201b\237I\004<\267^\300\227@\376\304H\246Le\232(2*"
 171      043CB75E 
 171      C09740FE 
 171      C448A64C 
 171      659A2832 
 172 059d 30818942 		.ascii	"0\201\211B/L\312\036b\371\026\232\235&X\332\272 ]H\260"
 172      2F4CCA1E 
 172      62F9169A 
 172      9D2658DA 
 172      BA205D48 
 173 05b2 501A368B 		.ascii	"P\0326\213B\366\010\272\27251+_6\211K'\204\3152m\232"
 173      42F608BA 
 173      BA35312B 
 173      5F36894B 
 173      2784CD32 
 174 05c8 9D99978F 		.ascii	"\235\231\227\217\357\260\271\027D\224*3Y\322\261\025"
 174      EFB0B917 
 174      44942A33 
 174      59D2B115 
 175 05d8 360B43AC 		.ascii	"6\013C\254uY\242x\2326L\301\253\240 Z3q\302\371\026"
 175      7559A278 
 175      9A364CC1 
 175      ABA0205A 
 175      3371C2F9 
 176 05ed CBA4B44E 		.ascii	"\313\244\264N\326\311f\022b\261\354\3341A\010\233\323"
 176      D6C96612 
 176      62B1ECDC 
 176      3141089B 
 176      D3
 177 05fe 90225BCC 		.ascii	"\220\"[\314J\027\263\322z!A\024\205\314l\202F\210Vk"
 177      4A17B3D2 
 177      7A214114 
 177      85CC6C82 
 177      4688566B 
 178 0612 3E1590D9 		.ascii	">\025\220\331d\351\005+\203\024\253|\345\273g\005\020"
 178      64E9052B 
 178      8314AB7C 
 178      E5BB6705 
 178      10
 179 0623 92266565 		.ascii	"\222&ee\023\"\222\231\024y\331h\344\0013\352\024\215"
 179      13229299 
 179      1479D968 
 179      E40133EA 
 179      148D
 180 0635 4F806C81 		.ascii	"O\200l\201Z)\233\0256\343\037!\232E\210l\262\244\244"
 180      5A299B15 
 180      36E31F21 
 180      9A45886C 
 180      B2A4A4
 181 0648 808C5592 		.ascii	"\200\214U\222c\226Xf\025H\330Lq(S9\253\015I!\221\350"
 181      63965866 
 181      1548D84C 
 181      71285339 
 181      AB0D4921 
 182 065e FF65B8FF 		.ascii	"\377e\270\377\010\360\237\372\"\374\203DkQ\3729\022"
 182      08F09FFA 
 182      22FC8344 
 182      6B51FA39 
 182      12
 183 066f FD0AEA5F 		.ascii	"\375\012\352_\241H\257^im\025\240\362\320\210\002\210"
 183      A148AF5E 
 183      696D15A0 
 183      F2D08802 
 183      88
 184 0680 2821DA68 		.ascii	"(!\332h\024\271a\203fG\204'\242'\312F\035\203\263\325"
 184      14B96183 
 184      66478427 
 184      A227CA46 
 184      1D83B3D5 
 185 0694 54D26819 		.ascii	"T\322h\031\2103\334\240$:-\211\232\270\232W\313:\027"
 185      8833DCA0 
 185      243A2D89 
 185      9AB89A57 
 185      CB3A17
 186 06a7 9F146EA0 		.ascii	"\237\024n\240\333\344\266\313w\037&\302\270\246|\002"
 186      DBE4B6CB 
 186      771F26C2 
 186      B8A67C02 
 187 06b7 6C4449E4 		.ascii	"lDI\344\207\243\273\262bwq\314\341\250\273\346\242\217"
 187      87A3BBB2 
 187      627771CC 
 187      E1A8BBE6 
 187      A28F
 188 06c9 56DFA446 		.ascii	"V\337\244FN\0367r\262W\315\311\007\267W|\005\312]\263"
 188      4E1E3772 
 188      B257CDC9 
 188      07B7577C 
 188      05CA5DB3 
 189 06dd 9782F7FF 		.ascii	"\227\202\367\377^\307OR\343\222\335\224\310\005\217"
 189      5EC74F52 
 189      E392DD94 
 189      C8058F
 190 06ec 2F683F9A 		.ascii	"/h?\2326\366:\376)\215F\362kx\377\243\203\240\337VO"
 190      36F63AFE 
 190      298D46F2 
 190      6B78FFA3 
 190      83A0DF56 
 191 0701 197BE869 		.ascii	"\031{\350it\315\011\325\204\326{\027\356\013\317\265"
 191      74CD09D5 
 191      84D67B17 
 191      EE0BCFB5 
 192 0711 B4C8C3AB 		.ascii	"\264\310\303\253\356\367_bm\327\2264\312\255 \343?\027"
 192      EEF75F62 
 192      6DD79634 
 192      CAAD20E3 
 192      3F17
 193 0723 0A3DDA81 		.ascii	"\012=\332\201\204\177tP\240\233\3021\224I\264\275Vh"
 193      847F7450 
 193      A09BC231 
 193      9449B4BD 
 193      5668
 194 0735 2BB4BD34 		.ascii	"+\264\2754mZN\221\3175W\362\325\346\330\313K\363\254"
 194      6D5A4E91 
 194      CF3557F2 
 194      D5E6D8CB 
 194      4BF3AC
 195 0748 25D38341 		.ascii	"%\323\203A\307+3J\034jo\216\335W\231S\353\257\311\263"
 195      C72B334A 
 195      1C6A6F8E 
 195      DD579953 
 195      EBAFC9B3 
 196 075c BAF940B5 		.ascii	"\272\371@\265\323\355\250\235\343rH\301i\225\226\337"
 196      D3EDA89D 
 196      E37248C1 
 196      699596DF 
 197 076c CF7E35AB 		.ascii	"\317~5\25307\227X\002.\217?\317\352\360' c\231\215\026"
 197      30379758 
 197      022E8F3F 
 197      CFEAF027 
 197      2063998D 
 198 0781 D9A8DDC6 		.ascii	"\331\250\335\306\012mV,\271\211\345\212\036\261\350"
 198      0A6D562C 
 198      B989E58A 
 198      1EB1E8
 199 0790 A50A4799 		.ascii	"\245\012G\231\344\361\373\002\2167\\\376\352\300\353"
 199      E4F1FB02 
 199      8E375CFE 
 199      EAC0EB
 200 079f 8E8A52A7 		.ascii	"\216\212R\247\313\351q:\012\334\001\3111\243\330\356"
 200      CBE9713A 
 200      0ADC01C9 
 200      31A3D8EE 
 201 07af 98E9F2D5 		.ascii	"\230\351\362\325\274\345\364I\025\232A\025\205\245\366"
 201      BCE5F449 
 201      159A4115 
 201      85A5F6
 202 07be 627B4591 		.ascii	"b{E\2214\327U)U\330\313+t\003+\212=\225"
 202      34D75529 
 202      55D8CB2B 
 202      74032B8A 
 202      3D95
 203 07d0 EE802845 		.ascii	"\356\200(E,\313\263\006\203\323\252I\262\275\254\330"
 203      2CCBB306 
 203      83D3AA49 
 203      B2BDACD8 
 204 07e0 513E6F8E 		.ascii	"Q>o\216T$U%\330\375N\277\224\311g\302{\225/m\310T\342"
 204      54245525 
 204      D8FD4EBF 
 204      94C967C2 
 204      7B952F6D 
 205 07f7 AD7C338D 		.ascii	"\255|3\215\217\360\206\326\231X-\3268}\301\014\207\243"
 205      8FF086D6 
 205      99582DD6 
 205      387DC10C 
 205      87A3
 206 0809 A87486E3 		.ascii	"\250t\206\343\025\247GtG\360\343\343z\024\260?\230P"
 206      15A74774 
 206      47F0E3E3 
 206      7A14B03F 
 206      9850
 207 081b 1E2CB6DB 		.ascii	"\036,\266\333P\204k\210\001$\330\370\210\031gnw\375"
 207      50846B88 
 207      0124D8F8 
 207      8819676E 
 207      77FD
 208 082d 454AB605 		.ascii	"EJ\266\005_\253\222|\205\336\200\307\2578+\367\005\207"
 208      5FAB927C 
 208      85DE80C7 
 208      AF382BF7 
 208      0587
 209 083f 5F503BF9 		.ascii	"_P;\371\2700\307\026,\010TU\225\371}f>\374\242\303\237"
 209      B830C716 
 209      2C085455 
 209      95F97D66 
 209      3EFCA2C3 
 210 0854 5C6E8808 		.ascii	"\\n\210\010\345Q\310\362\010\322T\354q\371\223PC\211"
 210      E551C8F2 
 210      08D254EC 
 210      71F99350 
 210      4389
 211 0866 E479C35F 		.ascii	"\344y\303_\235\312}\357u\317\363xk\\N\3678\374*t\272"
 211      9DCA7DEF 
 211      75CFF378 
 211      6B5C4EF7 
 211      38FC2A74 
 212 087b 2B036EA7 		.ascii	"+\003n\247\337\345\365$\226\027\227zE\311\202\036\256"
 212      DFE5F524 
 212      9617977A 
 212      45C9821E 
 212      AE
 213 088c F517B8FC 		.ascii	"\365\027\270\374\343\013\234\001\321\206\036)\363I\265"
 213      E30B9C01 
 213      D1861E29 
 213      F349B5
 214 089b 954EB7E4 		.ascii	"\225N\267\344c\263\355vKa\311\254\262jg\255\224\314"
 214      63B3ED76 
 214      4B61C9AC 
 214      B26A67AD 
 214      94CC
 215 08ad 1B5EB7D3 		.ascii	"\033^\267\323\347\362\317\263\0249\375N\256:\251\310"
 215      E7F2CFB3 
 215      1439FD4E 
 215      AE3AA9C8 
 216 08bd E5932A39 		.ascii	"\345\223*9\233I\341B\2012\336p>Md\377W\252\361\240\306"
 216      9B49E142 
 216      8132DE70 
 216      3E4D64FF 
 216      57AAF1A0 
 217 08d2 A71A8635 		.ascii	"\247\032\2065\215\273\227\317Vs\256\245\330S\353wz*"
 217      8DBB97CF 
 217      5673AEA5 
 217      D853EB77 
 217      7A2A
 218 08e4 A5A4977D 		.ascii	"\245\244\227}>/\372H\224\306\307E \305\351\253\231\373"
 218      3E2FFA48 
 218      94C6C745 
 218      20C5E9AB 
 218      99FB
 219 08f6 1B696ACD 		.ascii	"\033ij\315\257\253\346\020\241\322\353\363K\301\251"
 219      AFABE610 
 219      A1D2EBF3 
 219      4BC1A9
 220 0905 35D3C904 		.ascii	"5\323\311\004-#^\016:f\272\003\265\325\266\340LW\225"
 220      2D235E0E 
 220      3A66BA03 
 220      B5D5B6E0 
 220      4C5795
 221 0918 77BCD28B 		.ascii	"w\274\322\2139\022\250\325\344\213\177\316\264J0\003"
 221      3912A8D5 
 221      E48B7FCE 
 221      B44A3003 
 222 0928 A7CE96DE 		.ascii	"\247\316\226\336*\360I\3167\275\001\177\355\324\002"
 222      2AF049CE 
 222      37BD017F 
 222      EDD402
 223 0937 AFD7EFF6 		.ascii	"\257\327\357\366:E\311G~\373\364K\214\374\027\343\015"
 223      3A45C947 
 223      7EFBF44B 
 223      8CFC17E3 
 223      0D
 224 0948 64E6     		.ascii	"d\346"
 225              		.text
 226              		.section	.gnu.lto_.symtab.551a9f44,"e",%progbits
 227 0000 48414C5F 		.ascii	"HAL_SPIEx_FlushRxFifo\000"
 227      53504945 
 227      785F466C 
 227      75736852 
 227      78466966 
 228 0016 00       		.ascii	"\000"
 229 0017 00       		.ascii	"\000"
 230 0018 00       		.ascii	"\000"
 231 0019 00000000 		.ascii	"\000\000\000\000\000\000\000\000"
 231      00000000 
 232 0021 4E010000 		.ascii	"N\001\000\000"
 233              		.text
 234              		.section	.gnu.lto_.ext_symtab.551a9f44,"e",%progbits
 235 0000 01       		.ascii	"\001"
 236 0001 01       		.ascii	"\001"
 237 0002 00       		.ascii	"\000"
 238              		.text
 239              		.section	.gnu.lto_.opts,"e",%progbits
 240 0000 272D666E 		.ascii	"'-fno-openmp' '-fno-openacc' '-fno-pie' '-fcf-prote"
 240      6F2D6F70 
 240      656E6D70 
 240      2720272D 
 240      666E6F2D 
 241 0033 6374696F 		.ascii	"ction=none' '-mcpu=cortex-m4' '-mthumb' '-mfloat-ab"
 241      6E3D6E6F 
 241      6E652720 
 241      272D6D63 
 241      70753D63 
 242 0066 693D6861 		.ascii	"i=hard' '-mfpu=fpv4-sp-d16' '-mlibarch=armv7e-m+fp'"
 242      72642720 
 242      272D6D66 
 242      70753D66 
 242      7076342D 
 243 0099 20272D6D 		.ascii	" '-march=armv7e-m+fp' '-Os' '-fmessage-length=0' '-"
 243      61726368 
 243      3D61726D 
 243      7637652D 
 243      6D2B6670 
 244 00cc 66736967 		.ascii	"fsigned-char' '-ffunction-sections' '-fdata-section"
 244      6E65642D 
 244      63686172 
 244      2720272D 
 244      6666756E 
 245 00ff 73272027 		.ascii	"s' '-fsingle-precision-constant' '-flto' '-Xassembl"
 245      2D667369 
 245      6E676C65 
 245      2D707265 
 245      63697369 
 246 0132 65722720 		.ascii	"er' '-adhlns=Drivers/STM32L4xx_HAL_Driver/Src/stm32"
 246      272D6164 
 246      686C6E73 
 246      3D447269 
 246      76657273 
 247 0165 6C347878 		.ascii	"l4xx_hal_spi_ex.o.lst'\000"
 247      5F68616C 
 247      5F737069 
 247      5F65782E 
 247      6F2E6C73 
 248              		.text
 249              		.comm	__gnu_lto_slim,1,1
 250              		.ident	"GCC: (GNU Arm Embedded Toolchain 10.3-2021.10) 10.3.1 20210824 (release)"
DEFINED SYMBOLS
                            *ABS*:00000000 stm32l4xx_hal_spi_ex.c
                            *COM*:00000001 __gnu_lto_slim

NO UNDEFINED SYMBOLS
