   1              		.cpu cortex-m4
   2              		.arch armv7e-m
   3              		.fpu fpv4-sp-d16
   4              		.eabi_attribute 27, 1
   5              		.eabi_attribute 28, 1
   6              		.eabi_attribute 20, 1
   7              		.eabi_attribute 21, 1
   8              		.eabi_attribute 23, 3
   9              		.eabi_attribute 24, 1
  10              		.eabi_attribute 25, 1
  11              		.eabi_attribute 26, 1
  12              		.eabi_attribute 30, 4
  13              		.eabi_attribute 34, 1
  14              		.eabi_attribute 18, 4
  15              		.file	"stm32l4xx_hal_iwdg.c"
  16              		.section	.gnu.lto_.profile.551a60ec,"e",%progbits
  17 0000 789C6362 		.ascii	"x\234cb\000\001\000\000\022\000\003"
  17      00010000 
  17      120003
  18              		.text
  19              		.section	.gnu.lto_.icf.551a60ec,"e",%progbits
  20 0000 789C1361 		.ascii	"x\234\023a@\000f\206\213K\037\034\346a\\\265\363Y//"
  20      40006686 
  20      8B4B1F1C 
  20      E6615CB5 
  20      F3592F2F 
  21 0014 D396ADE7 		.ascii	"\323\226\255\347\016s3\000\000bO\011("
  21      0E733300 
  21      00624F09 
  21      28
  22              		.text
  23              		.section	.gnu.lto_.ipa_sra.551a60ec,"e",%progbits
  24 0000 789C458B 		.ascii	"x\234E\213\301\015\300 \020\303\342KT1Y\347\35207(\242"
  24      C10DC020 
  24      10C3E24B 
  24      543159E7 
  24      EA303728 
  25 0015 12E0971F 		.ascii	"\022\340\227\037\366\253\213\205\333j\243\320\256\266"
  25      F6AB8B85 
  25      DB6AA3D0 
  25      AEB6
  26 0023 B3650429 		.ascii	"\263e\004)^\031\3741|\221\252\340<\311cM\027 \006["
  26      5E19FC31 
  26      7C91AAE0 
  26      3CC9634D 
  26      1720065B 
  27              		.text
  28              		.section	.gnu.lto_.inline.551a60ec,"e",%progbits
  29 0000 789C6D8F 		.ascii	"x\234m\2171\012\002A\014E\177\222Q\006\264\330Vl\366"
  29      310A0241 
  29      0C457F92 
  29      5106B4D8 
  29      566CF6
  30 0013 289EC043 		.ascii	"(\236\300C\350\256\240\235\027\220\265Y\260[\334Z\004"
  30      E8AEA09D 
  30      1790B559 
  30      B05BDC5A 
  30      04
  31 0024 D90358BB 		.ascii	"\331\003X\273G\360.\332\010\266f\"\3164\246\010\237"
  31      47F02EDA 
  31      08B66622 
  31      CE34A608 
  31      9F
  32 0035 477EF233 		.ascii	"G~\3623!\304\022`\332\277.O\336\220\200:1\022\004C\362"
  32      21C41260 
  32      DABF2E4F 
  32      DE90803A 
  32      31120443 
  33 004a 9F98C1E7 		.ascii	"\237\230\301\347\347wS\363\032\360\217\323\275\227\222"
  33      E77753F3 
  33      1AF08FD3 
  33      BD9792
  34 0059 C1A04A8B 		.ascii	"\301\240J\213\027\014\0275\\\242>Q\237h\226h\246\227"
  34      170C1735 
  34      5CA23E51 
  34      9F689668 
  34      A697
  35 006b 7804EB21 		.ascii	"x\004\353!\022\301_o\355AV\304\330v\342\216\242\315"
  35      12C15F6F 
  35      ED4156C4 
  35      D876E28E 
  35      A2CD
  36 007d B26A0CF7 		.ascii	"\262j\014\367\015\273W\353\016\030\326aE\021R8\333V"
  36      0DBB57EB 
  36      0E18D661 
  36      45115238 
  36      DB56
  37 008f E80D1D18 		.ascii	"\350\015\035\030#$h\346\214\201\341\222(~\345\330\320"
  37      232468E6 
  37      8C81E192 
  37      287EE5D8 
  37      D0
  38 00a0 52DD5574 		.ascii	"R\335Ut\377\377A\353\003p\3256\373"
  38      FFFF41EB 
  38      0370D536 
  38      FB
  39              		.text
  40              		.section	.gnu.lto_.jmpfuncs.551a60ec,"e",%progbits
  41 0000 789C3360 		.ascii	"x\2343`@\000f\006FF\306\372%\314,\014 \006\230\305\304"
  41      40006606 
  41      4646C6FA 
  41      25CC2C0C 
  41      200698C5 
  42 0015 52C7C0C8 		.ascii	"R\307\300\310\300x\200\205\221\001\210\377\003\001?"
  42      C0788085 
  42      910188FF 
  42      03013F
  43 0024 03134C15 		.ascii	"\003\023L\025\000\314\277\011\331"
  43      00CCBF09 
  43      D9
  44              		.text
  45              		.section	.gnu.lto_.pureconst.551a60ec,"e",%progbits
  46 0000 789CE362 		.ascii	"x\234\343b```f\230\305\3028\203\205i\026\013\000\011"
  46      60606066 
  46      98C5C238 
  46      83856916 
  46      0B0009
  47 0013 F001E9   		.ascii	"\360\001\351"
  48              		.text
  49              		.section	.gnu.lto_.lto.551a60ec,"e",%progbits
  50 0000 09000400 		.ascii	"\011\000\004\000\001\000\000\000"
  50      01000000 
  51              		.text
  52              		.section	.gnu.lto_HAL_IWDG_Init.132.551a60ec,"e",%progbits
  53 0000 789C3D8F 		.ascii	"x\234=\217?HcA\020\306gv\366\371\257\26098\256\024,"
  53      3F486341 
  53      10C66776 
  53      F6F9AFB0 
  53      3938AE14 
  54 0015 44D44412 		.ascii	"D\324D\022\021\274J\203\210B\024!\226\201\345\251\017"
  54      11BC4A83 
  54      88421421 
  54      9681E5A9 
  54      0F
  55 0026 F3B868E0 		.ascii	"\363\270h\340\345\305\330e\325h\241\202\306?`!A\342"
  55      E5C5D865 
  55      D568A182 
  55      C63F6021 
  55      41E2
  56 0038 6BB4B132 		.ascii	"k\264\2612\306.`u\325\211\010\307q\034\307\331\250\205"
  56      C62E6075 
  56      D58908C7 
  56      711CC7D9 
  56      A885
  57 004a 2056C771 		.ascii	" V\307q\240\273/b1\31373\277\371\370\266\025\001\326"
  57      A0BB2F62 
  57      31CB3733 
  57      BFF9F8B6 
  57      1501D6
  58 005d 0120A20A 		.ascii	"\001 \242\012\015\300\355\302\032\003)e\177=c\371\302"
  58      0DC0EDC2 
  58      1A032965 
  58      7F3D63F9 
  58      C2
  59 006e 3AC30B3C 		.ascii	":\303\013<*\337}\340\313\205\346__\367;9\341nCm\317"
  59      2ADF7DE0 
  59      CB85E65F 
  59      5FF73B39 
  59      E16E436D 
  60 0083 71B1D0E4 		.ascii	"q\261\320\344+\204\034#\2169\226\333\241\366\252\224"
  60      2B841C23 
  60      8E3996DB 
  60      A1F6AA94 
  61 0093 7F57EE0E 		.ascii	"\177W\356\016\277w\226\226W>y\004P$\3000v+\1778 \334"
  61      BF779696 
  61      573E7904 
  61      5024C030 
  61      762B7F38 
  62 00a9 268F10F9 		.ascii	"&\217\020\371\233b\330\242\024\255\"\264\251\273\253"
  62      9B62D8A2 
  62      14AD22B4 
  62      A9BBAB
  63 00b8 C78A948D 		.ascii	"\307\212\224\215\340\021\3419\352\2632\342\231\312\247"
  63      E011E139 
  63      EAB332E2 
  63      99CAA7
  64 00c7 06EAB8CE 		.ascii	"\006\352\270\316\267\3221U\235^\033U\371\377eS\312\337"
  64      B7D23155 
  64      9D5E1B55 
  64      F9FF6553 
  64      CADF
  65 00d9 1D7F6E9A 		.ascii	"\035\177n\232\353IA\300\325\303\015\304\212\"6\011\312"
  65      EB4941C0 
  65      D5C30DC4 
  65      8A223609 
  65      CA
  66 00ea 1BC7DF00 		.ascii	"\033\307\337\000e\025`\213X\255YT\315\003\346\357/_"
  66      6515608B 
  66      58AD5954 
  66      CD03E6EF 
  66      2F5F
  67 00fc F63EAA9F 		.ascii	"\366>\252\237\225\310\320)H;\202\306\350\344\347m\257"
  67      95C8D029 
  67      483B82C6 
  67      E8E4E76D 
  67      AF
  68 010d 4F3D212F 		.ascii	"O=!/\021\317#\363\310(j@\261\036\325\371\024\257\274"
  68      11CF23F3 
  68      C8286A40 
  68      B11ED5F9 
  68      14AFBC
  69 0120 9B3DE352 		.ascii	"\233=\343R\277Z\351\\\377\220\264\031 \262\342\217\247"
  69      BF5AE95C 
  69      FF90B419 
  69      20B2E28F 
  69      A7
  70 0131 06DF9E13 		.ascii	"\006\337\236\023\327Q\260\362\036\005`d\360s\\\214["
  70      D751B0F2 
  70      1E056064 
  70      F0735C8C 
  70      5B
  71 0142 73AE9311 		.ascii	"s\256\223\0213\266\233\310L\212\370\250i\233s\246\210"
  71      33B69BC8 
  71      4C8AF8A8 
  71      699B73A6 
  71      88
  72 0153 24339618 		.ascii	"$3\226\030\030\211\211!\333\231\315\232\216\025\217"
  72      18898921 
  72      DB99CD9A 
  72      8E158F
  73 0162 F684435D 		.ascii	"\366\204C]cV6\342X\346\227T\306MwER)7\2312\247-\007"
  73      635636E2 
  73      58E69754 
  73      C64D7745 
  73      52293799 
  74 017a FA0281E0 		.ascii	"\372\002\201\340\240c\317[N:\030\233\030\015\207\242"
  74      A063CF5B 
  74      4E3A189B 
  74      180D87A2 
  75 018a 3D0B0B62 		.ascii	"=\013\013bx *j\323`\314\231\012\246\335\331p(\251\027"
  75      78202A6A 
  75      D360CC99 
  75      0AA6DDD9 
  75      7028A917 
  76 019e 093329EC 		.ascii	"\0113)\354\354\364L`\012\214\204\026\257\317\367\224"
  76      ECF44C60 
  76      0A8C8416 
  76      AFCFF794 
  77 01ae 29       		.ascii	")"
  78              		.text
  79              		.section	.gnu.lto_HAL_IWDG_Refresh.133.551a60ec,"e",%progbits
  80 0000 789C558F 		.ascii	"x\234U\217\277K[Q\024\307\317\367\335\227\304\016\322"
  80      BF4B5B51 
  80      14C7CFF7 
  80      DD97C40E 
  80      D2
  81 0011 D5B15345 		.ascii	"\325\261SE\320D\362\262X(\324\020\244B\024!\216\201"
  81      D044F2B2 
  81      5828D410 
  81      A4421421 
  81      8E81
  82 0023 CB531FC9 		.ascii	"\313S\037\311\303h\340\345\245q\313\325\242\203\035"
  82      C368E0E5 
  82      A571CBD5 
  82      A2831D
  83 0032 5275D542 		.ascii	"Ru\325B\303\303\241K\227\372\373\007\301\277@\012\035"
  83      C3C3A14B 
  83      97FAFB07 
  83      C1BF400A 
  83      1D
  84 0043 EAA4939B 		.ascii	"\352\244\223\233\203tP\024\322s_\002\245\303\201s\276"
  84      83745014 
  84      D2735F02 
  84      A5C38173 
  84      BE
  85 0054 E77EBEE7 		.ascii	"\347~\276\347{-\020}\"\242\327\\\020\204\315\215u\203"
  85      7B2D107D 
  85      22A2D75C 
  85      1084CD8D 
  85      7583
  86 0066 9452EF62 		.ascii	"\224R\357b\006\2267\326o\317\177\2308B(\200\352\006"
  86      069637D6 
  86      6FCF7F98 
  86      38422880 
  86      EA06
  87 0078 EAD81203 		.ascii	"\352\330\022\003-\245\036Vo\257\237\006\233\037W\373"
  87      2DA51E56 
  87      6FAF9F06 
  87      9B1F57FB 
  88 0088 0241F485 		.ascii	"\002A\364\205I\013\303\354A\333\002\233\"\020\200\331"
  88      490BC3EC 
  88      41DB029B 
  88      221080D9 
  89 0098 ED0CBCE2 		.ascii	"\355\014\274\342N\254\201\372\231\273|8T\352\005\005"
  89      4EAC81FA 
  89      99BB7C38 
  89      54EA0505 
  90 00a8 42E0001A 		.ascii	"B\340\000\032\333\007\3668\003\013\014GC+\035\205\353"
  90      DB07F638 
  90      030B0C47 
  90      432B1D85 
  90      EB
  91 00b9 FBCF484B 		.ascii	"\373\317HK=\267\033J\265\337\336\\\275\214\200\037\231"
  91      3DB71B4A 
  91      B5DFDE5C 
  91      BD8C801F 
  91      99
  92 00ca 6C7CC8CB 		.ascii	"l|\310\313\206\320!\225\011\325\"\372,\214\316\260\314"
  92      86D02195 
  92      09D522FA 
  92      2C8CCEB0 
  92      CC
  93 00db C31D564E 		.ascii	"\303\035VN\037\377XM\201\356}\001\235iW\377\241'\020"
  93      1FFF584D 
  93      81EE7D01 
  93      9D6957FF 
  93      A12710
  94 00ee 91260BC7 		.ascii	"\221&\013\307\240\341\316h\342\004;\341\305;\\\334\367"
  94      A0E1CE68 
  94      E2043BE1 
  94      C53B5CDC 
  94      F7
  95 00ff 7411F33F 		.ascii	"t\021\363?$\312^8c\344k8\306p\316\010g\320/c\370\366"
  95      24CA5E38 
  95      63E46B38 
  95      C670CE08 
  95      67D02F63 
  96 0115 CBA07BAC 		.ascii	"\313\240{\254\\\377n\364j!L\256\363\341_>\242\361\314"
  96      5CFF6EF4 
  96      6A214CAE 
  96      F3E15F3E 
  96      A2F1CC
  97 0128 9BBC9C72 		.ascii	"\233\274\234r\026}\257*\013\256_\254\316\310\374\204"
  97      167DAF2A 
  97      0BAE5FAC 
  97      CEC8FC84 
  98 0138 EDDA8BB6 		.ascii	"\355\332\213\266L\227\252\216\034\035\317\3111\327["
  98      4C97AA8E 
  98      1C1DCFC9 
  98      31D75B
  99 0147 A8D99E93 		.ascii	"\250\331\236\223\317\246\254\344\320\244SK{\216=_\256"
  99      CFA6ACE4 
  99      D0A4534B 
  99      7B8E3D5F 
  99      AE
 100 0158 FA95A174 		.ascii	"\372\225\241t\271\354\227\312\366\234\343\321H<\236"
 100      B9EC97CA 
 100      F69CE3D1 
 100      483C9E
 101 0167 C878EE07 		.ascii	"\310x\356\007\307\253$r\323\023V2\233ZZ\222\357G\263"
 101      C7AB2472 
 101      D3135632 
 101      9B5A5A92 
 101      EF47B3
 102 017a B2A32672 		.ascii	"\262\243&r\336l\242\342/X\311\222^\024\355\222tks\205"
 102      DE6CA2E2 
 102      2F58C992 
 102      5E14ED92 
 102      746B7385 
 103 018e F82C458A 		.ascii	"\370,E\212\272\371\013\033c\2210"
 103      BAF90B1B 
 103      639130
 104              		.text
 105              		.section	.gnu.lto_HAL_IWDG_Init.part.0.135.551a60ec,"e",%progbits
 106 0000 789C7553 		.ascii	"x\234uS]h\024W\024\276g\316\314\354\314l6-\026K+B\355"
 106      5D681457 
 106      14BE67CE 
 106      CCECCC6C 
 106      362D164B 
 107 0017 83968A49 		.ascii	"\203\226\212I$\221B\245\017\032\244T\210\245\220>\006"
 107      249142A5 
 107      0F1AA454 
 107      88A5903E 
 107      06
 108 0028 86356ECD 		.ascii	"\2065n\315b40\331\030\037\012\216\371Q\210\205\354Z"
 108      623430D9 
 108      181F0A8E 
 108      F9518885 
 108      EC5A
 109 003a 2BD59AA5 		.ascii	"+\325\232\245\235.e\233>HCi7vS\323\215!5\266*\001\211"
 109      9D2E659B 
 109      3E484369 
 109      377653D3 
 109      8D2135B6 
 110 0051 A5D154F3 		.ascii	"\245\321T\363\240\241\325\306\224\320(\221\366\234;"
 110      A0A1D5C6 
 110      94D02891 
 110      F69C3B
 111 0060 BBCD2A6E 		.ascii	"\273\315*nHn\316=\347\373\276\363\335{\356l\326\204"
 111      486ECE3D 
 111      E7FBBEF3 
 111      DD7BEE6C 
 111      D684
 112 0072 F8480891 		.ascii	"\370H\010\221\241?(\023\360I\007\010\327u\267\004\202"
 112      A13F2813 
 112      F0490708 
 112      D775B704 
 112      82
 113 0083 B042FE57 		.ascii	"\260B\376W\340D\242\347\362\231\001\025\316\201L\240"
 113      E044A2E7 
 113      F2990115 
 113      CE814CA0 
 114 0093 D295084E 		.ascii	"\322\225\010N\216\345P\355N\224\177\231\031zCU\341\324"
 114      8EE550ED 
 114      4E947F99 
 114      197A4355 
 114      E1D4
 115 00a5 31EFFEA3 		.ascii	"1\357\376\243\321\200\254kp\342\353g}\015]\351L\034"
 115      D180AC6B 
 115      70E2EB67 
 115      7D0D5DE9 
 115      4C1C
 116 00b7 55882861 		.ascii	"U\210(aG\022\345\222\026P>\216\017\300\361\251\344z"
 116      4712E592 
 116      16503E8E 
 116      0FC0F1A9 
 116      E47A
 117 00c9 F564FC16 		.ascii	"\365d\374\026\374\371\371\315\225\252\301\022\276\276"
 117      FCF9F9CD 
 117      95AAC112 
 117      BEBE
 118 00d7 C9E1CBBE 		.ascii	"\311\341\313\276\200\005\207\022\226\214@\034\014*\250"
 118      80058712 
 118      968C401C 
 118      0C2AA8
 119 00e6 6A7AC030 		.ascii	"jz\3000-8\250\350b\371\347C<\215\360\352\260\353.v\337"
 119      2D38A8E8 
 119      62F9E743 
 119      3C8DF0EA 
 119      B0EB2E76 
 120 00fb FE747283 		.ascii	"\376tr\203\327\331\375B\012\205H\242\200\032\330\310"
 120      D7D9FD42 
 120      0A8548A2 
 120      801AD8C8 
 121 010b 082EC64F 		.ascii	"\010.\306O\245\207\301\317\203\314\3037 \0041\217a\212"
 121      A587C1CF 
 121      83CCC337 
 121      2004318F 
 121      618A
 122 011d 326A3E52 		.ascii	"2j>R`\015Ex\030\270\364\012\361\256\334\315\270\256"
 122      600D4578 
 122      18B8F40A 
 122      F1AEDCCD 
 122      B8AE
 123 012f 29528890 		.ascii	")R\210\220\001\326\374\016\340[bRBp=~\332\035V\013U"
 123      01D6FC0E 
 123      E05B6252 
 123      42703D7E 
 123      DA1D560B 
 124 0144 C8576110 		.ascii	"\310Wa\020\270.\365uiE\206\370\201\224]K\264\271l\367"
 124      B82EF575 
 124      694586F8 
 124      81945D4B 
 124      B4B96CF7 
 125 0158 91F2F821 		.ascii	"\221\362\370!#\205*d\213u}\344\332\274r\327\032Q@\374"
 125      23852A64 
 125      8B757DE4 
 125      DABC72D7 
 125      1A5140FC 
 126 016c AF3DC428 		.ascii	"\257=\304(]\300\017 \317\362=m\371\227\366g&4\327]\372"
 126      5DC00F20 
 126      CFF23D6D 
 126      F997F667 
 126      2634D75D 
 127 0181 B7D775A7 		.ascii	"\267\327u\247\326?\367\"\000\234\005\205\370\032\322"
 127      D63FF722 
 127      009C0585 
 127      F81AD2
 128 0190 A2ABBC68 		.ascii	"\242\253\274hL\3239\012\360bp\225\017\247[\034\0059"
 128      4CD3390A 
 128      F0627095 
 128      0FA75B1C 
 128      0539
 129 01a2 2AE32544 		.ascii	"*\343%DK@\210^\024\375\277\335z\0158\012\312\010E\034"
 129      4B40885E 
 129      14FDBFDD 
 129      7A0D380A 
 129      CA08451C 
 130 01b6 957C740F 		.ascii	"\225|t\017:\262\017\356\016\360\204=T\362\027\210\362"
 130      3AB20FEE 
 130      0EF0843D 
 130      54F21788 
 130      F2
 131 01c7 885F0009 		.ascii	"\210_\000\011\030\036\331\033\006\261\221FH\007\325"
 131      181ED91B 
 131      06B19146 
 131      4807D5
 132 01d6 E047E8E3 		.ascii	"\340G\350\343\233 bn\336\310\343\265e\274I*0B\370\317"
 132      9B20626E 
 132      DEC8E3B5 
 132      65BC492A 
 132      3042F8CF 
 133 01ea 24DE82F3 		.ascii	"$\336\202\363\204\247\336\014\263\340\347\223(\211\327"
 133      84A7DE0C 
 133      B3E0E793 
 133      2889D7
 134 01f9 FE524A12 		.ascii	"\376RJ\022\306\212\011W\373AZ\034\\\310\021\020\237"
 134      C68A0957 
 134      FB415A1C 
 134      5CC81110 
 134      9F
 135 020a 74457B36 		.ascii	"tE{6\226~)\205A\030'\242\"\244\323\364:\276\361\213"
 135      967E2985 
 135      411827A2 
 135      22A4D3F4 
 135      3ABEF18B 
 136 021e 9440DFEA 		.ascii	"\224@\337\352\\\317\243\247vL\257\344.\277\020P\025"
 136      5CCFA3A7 
 136      764CAFE4 
 136      2EBF1050 
 136      15
 137 022f 821AF8F7 		.ascii	"\202\032\370\367\2610A\030\265D\263;\262\331\345\345"
 137      B1304118 
 137      B544B33B 
 137      B2D9E5E5 
 138 023f 667764B3 		.ascii	"fwd\263+\224\320\012\315F\261t\263\011\002\352\334L"
 138      2B94D00A 
 138      CD46B174 
 138      B30902EA 
 138      DC4C
 139 0251 1573D0F9 		.ascii	"\025s\320\371\373\365\213\317x\250u\201\222\302\262"
 139      FBF58BCF 
 139      78A87581 
 139      92C2B2
 140 0260 244BA630 		.ascii	"$K\2460D2q\304\361\334\0373\364\336$\352\237\243!\017"
 140      443271C4 
 140      F1DC1F33 
 140      F4DE24EA 
 140      9FA3210F 
 141 0274 F52750F7 		.ascii	"\365'P\367\2403yx\024=\014P\215D\304,t]\037\331I{\276"
 141      A0337978 
 141      143D0C50 
 141      8D44C42C 
 141      745D1FD9 
 142 028b 3CD5FF6E 		.ascii	"<\325\377nHI\375\273\357\322*\236\272\342\376\224=w"
 142      4849FDBB 
 142      EFD22A9E 
 142      BAE2FE94 
 142      3D77
 143 029d 9F9F5E2F 		.ascii	"\237\237^/j\327R}\027P\276\005\235\016\341\252\205\307"
 143      6AD7527D 
 143      1750BE05 
 143      9D0EE1AA 
 143      85C7
 144 02af B0344F8A 		.ascii	"\2604O\212F\311\371O.\317?;\273\332C\263\350\244\306"
 144      46C9F94F 
 144      2ECF3F3B 
 144      BBDA43B3 
 144      E8A4C6
 145 02c2 6383FC95 		.ascii	"c\203\374\225\220\364\376\330\325\354\310{\204\364G"
 145      90F4FED8 
 145      D5ECC87B 
 145      84F447
 146 02d1 2AF2AE02 		.ascii	"*\362\256\002\231\241\343\253e\323\\\366\301\350\214"
 146      99A1E3AB 
 146      65D35CF6 
 146      C1E88C
 147 02e0 E661B048 		.ascii	"\346a\260H\312zLj\212\244\014\331\264#;[\341aY\251\331"
 147      CA7A4C6A 
 147      8AA40CD9 
 147      B4233B5B 
 147      E16159A9 
 148 02f5 ACE3D9DC 		.ascii	"\254\343\331\334(\232M\005_\3044%\314\202\223U\324\210"
 148      289A4D05 
 148      5FC43425 
 148      CC829355 
 148      D488
 149 0307 14D8C443 		.ascii	"\024\330\304C\260\310\264\236\234~\237\374\030\331\207"
 149      B0C8B49E 
 149      9C7E9FFC 
 149      18D987
 150 0316 E32B7C3F 		.ascii	"\343+|?s=c\203\373\237f&\375<\273\271\351\273\361E\342"
 150      733D6383 
 150      FB9F6626 
 150      FD3CBBB9 
 150      E9BBF145 
 151 032b 682EE52E 		.ascii	"h.\345.\230>q~\361R}\311C\314\024?\354\376\253\212$"
 151      983E717E 
 151      F1527DC9 
 151      43CC143F 
 151      ECFEAB8A 
 152 0340 5B5FF9DF 		.ascii	"[_\371\337\341<tl!\305\220t\025b\214\000ToL/\032\364"
 152      E13C746C 
 152      21C59074 
 152      15628C00 
 152      546F4C2F 
 153 0356 65FA5B61 		.ascii	"e\372[a$\027\232\3406\230\012\215\017$\2175\266o\333"
 153      24179AE0 
 153      36980A8D 
 153      0F248F35 
 153      B66FDB
 154 0369 DC60BF13 		.ascii	"\334`\277\023\331\027s\332\354\335\321XS\333N\273aG"
 154      D91773DA 
 154      ECDDD158 
 154      53DB4EBB 
 154      6147
 155 037b 381ADE17 		.ascii	"8\032\336\027\266k\233\333\"\366\326\355\365\366\233"
 155      B66B9BDB 
 155      22F6D6ED 
 155      F5F69B
 156 038a 51676F7B 		.ascii	"Qgo{\330\2114\324m\252\251\256x;\322^\353D\302{Z\332"
 156      D88934D4 
 156      6DAAA9AE 
 156      783BD25E 
 156      EB44C27B 
 157 03a0 62AD15B5 		.ascii	"b\255\025\265--\261\346\226\360\256\210#^\257\254\254"
 157      2D2DB1E6 
 157      96F0AE88 
 157      235EAFAC 
 157      AC
 158 03b1 DAE644F7 		.ascii	"\332\346D\367G\234\326\252\372ww\324T\327m:p\300~kk"
 158      479CD6AA 
 158      FA7777D4 
 158      54D76D3A 
 158      70C07E6B 
 159 03c6 9DED67AB 		.ascii	"\235\355g\253\352\235\306\252\326\330\336\232\352f."
 159      EA9DC6AA 
 159      D6D8DE9A 
 159      EA662E
 160 03d5 34859BED 		.ascii	"4\205\233\355h\373\256\335\225\215Bk\342\300\214E\033"
 160      68FBAEDD 
 160      958D426B 
 160      E2C08C45 
 160      1B
 161 03e6 F7B4C6C2 		.ascii	"\367\264\306\302N\354?\361\221\340\302"
 161      4EEC3FF1 
 161      91E0C2
 162              		.text
 163              		.section	.gnu.lto_.symbol_nodes.551a60ec,"e",%progbits
 164 0000 789C9BC2 		.ascii	"x\234\233\302\000\004L\355\214\365\014\253n?2c\234p"
 164      00044CED 
 164      8CF50CAB 
 164      6E3F3263 
 164      9C70
 165 0012 8E81A19E 		.ascii	"\216\201\241\236\201agKcc\003\023\003#\003X\266\205"
 165      8161674B 
 165      63630313 
 165      03230358 
 165      B685
 166 0024 B19E715B 		.ascii	"\261\236q[\317\312\363\0140\351]\015\215\2140\311V\306"
 166      CFCAF30C 
 166      30E95D0D 
 166      8D8C30C9 
 166      56C6
 167 0036 7AA60620 		.ascii	"z\246\006 `\301\"\311\330\306X\317\374\037\012\344\301"
 167      60C122C9 
 167      D8C658CF 
 167      FC1F0AE4 
 167      C1
 168 0047 0A181880 		.ascii	"\012\030\030\200jA\262\314\014\314\247\016\275~\314"
 168      6A41B2CC 
 168      0CCCA70E 
 168      BD7ECC
 169 0056 CCB8840D 		.ascii	"\314\270\204\015\310\004[\336\302\306\314\010q\206\023"
 169      C8045BDE 
 169      C2C6CC08 
 169      718613
 170 0065 0300BF69 		.ascii	"\003\000\277i-\000"
 170      2D00
 171              		.text
 172              		.section	.gnu.lto_.refs.551a60ec,"e",%progbits
 173 0000 789C6364 		.ascii	"x\234cd\000\002\000\000\012\000\002"
 173      00020000 
 173      0A0002
 174              		.text
 175              		.section	.gnu.lto_.decls.551a60ec,"e",%progbits
 176 0000 789CB556 		.ascii	"x\234\265VkL\024W\024\276\347\336e\031\306E\250\254"
 176      6B4C1457 
 176      14BEE7DE 
 176      6519C645 
 176      A8AC
 177 0012 F14F6389 		.ascii	"\361Oc\211!\221\244\021d1\255\355/T\"\022\221\220\205"
 177      2191A411 
 177      6431ADED 
 177      2F542212 
 177      919085
 178 0025 86C4D26C 		.ascii	"\206\304\322lVf\224\215\260\230eQ\372o|T\324J%\2441"
 178      5666948D 
 178      B0986551 
 178      FA6F7C54 
 178      D44A25A4 
 179 003a 249A86D8 		.ascii	"$\232\206\330\2304j\025\233\252\330\372X\361\005\024"
 179      98346A15 
 179      9BAAD8FA 
 179      58F10514 
 180 004a 04ACD256 		.ascii	"\004\254\322V*\017_\254\205**\012\276\240\347\316\314"
 180      2A0F5FAC 
 180      852A2A0A 
 180      BEA0E7CE 
 180      CC
 181 005b EE2C0F9B 		.ascii	"\356,\017\233\324\244\023\316\235\231{\277\363\235\357"
 181      D4A413CE 
 181      9D997BBF 
 181      F39DEF
 182 006a 9C7BF60E 		.ascii	"\234{\366\016\247\005B\032)!\022\0202\206\227\211\020"
 182      A705421A 
 182      29211210 
 182      32869789 
 182      10
 183 007b D28E1686 		.ascii	"\322\216\026\206\326\202v\005\255\025\255\015\255\217"
 183      D6827605 
 183      AD15AD0D 
 183      AD8F
 184 0089 6817C73C 		.ascii	"h\027\307<G\033A{\2116J&_\217\220/\034\357\317\320f"
 184      471B417B 
 184      89364A26 
 184      5F8F902F 
 184      1CEFCFD0 
 185 009e A05975FF 		.ascii	"\240Yu\377!\2641\264a\035Gu\236\347Sp\014#\2070\005"
 185      21B431B4 
 185      611D4775 
 185      9EE75370 
 185      0C238730 
 186 00b3 07D7750F 		.ascii	"\007\327u\017\255\031\355\214\316q\013\255\021\015t"
 186      AD19ED8C 
 186      CE710BAD 
 186      110D74
 187 00c2 4D13AF27 		.ascii	"M\023\257'\2700}\012\256V\235o\256\256-\224\267\227"
 187      B8307D0A 
 187      AE569D6F 
 187      AEAE2D94 
 187      B797
 188 00d4 6884AFF1 		.ascii	"h\204\257\361&\206\304\270\203v\023\355\022Z\027Z\023"
 188      2686C4B8 
 188      837613ED 
 188      125A175A 
 188      13
 189 00e5 DA45B4CB 		.ascii	"\332E\264\313h\335h,$\247\251jS\305`\006\230p\264B\254"
 189      68DD682C 
 189      24A7A96A 
 189      53C56006 
 189      9870B442 
 190 00fa FA1CAD8E 		.ascii	"\372\034\255\216\002\243|i.\360}\210R\237\010\013#\211"
 190      02A37C69 
 190      2EF07D88 
 190      529F080B 
 190      2389
 191 010c 8A7AD5BF 		.ascii	"\212z\325\277G\340g\320\010X\032\331\303\350V__\233"
 191      47E067D0 
 191      08581AD9 
 191      C3E8565F 
 191      5F9B
 192 011e 20F628CA 		.ascii	" \366(\312\240\342\333\022A\340\030\300\217@\3404\240"
 192      A0E2DB12 
 192      41E018C0 
 192      8F40E034 
 192      A0
 193 012f E329809F 		.ascii	"\343)\200\237\000N\002\313\",\207\260\\-\246U\215Y\003"
 193      004E02CB 
 193      222C87B0 
 193      5C2DA655 
 193      8D5903
 194 0142 6C25FA5B 		.ascii	"l%\372[\276\337u\370\026\213\213\213\213\211\213\353"
 194      BEDF75F8 
 194      168B8B8B 
 194      8B898BEB 
 195 0152 559491D1 		.ascii	"U\224\221\321\255\376#\342^\244\262\300\031\200:\200"
 195      ADFE23E2 
 195      5EA4B2C0 
 195      19803A80 
 196 0162 06D02909 		.ascii	"\006\320)\011\234\340\3031 \210\253\355\332U\256Dk "
 196      9CE0C331 
 196      2088ABED 
 196      DA55AE44 
 196      6B20
 197 0174 DF3850A2 		.ascii	"\3378P\242\201\271o`.\214\303\034\347C\022\301|\266"
 197      81B96F60 
 197      2E8CC31C 
 197      E74312C1 
 197      7CB6
 198 0186 288ACF44 		.ascii	"(\212\317D\340<@=\237C\014jn\004\270\004\320\004p\021"
 198      E03C403D 
 198      9F430C6A 
 198      6E04B804 
 198      D0047011 
 199 019a E0324F96 		.ascii	"\3402O\226\223\3354\310\316M\012\230\244B\272\015\310"
 199      93DD34C8 
 199      CE4D0A98 
 199      A442BA0D 
 199      C8
 200 01ab D9C9C293 		.ascii	"\331\311\302\223\010\273\000\274b?\334\355\251\2421"
 200      08BB00BC 
 200      623FDCED 
 200      A9A231
 201 01ba 1383C32F 		.ascii	"\023\203\303/\360\246\360\350\263y\344|E\230\305\307"
 201      F0A6F0E8 
 201      B379E47C 
 201      4598C5C7 
 202 01ca AB5C536F 		.ascii	"\253\\So\202f\203\273\005T@g\377\216\223`\000Z\014\300"
 202      826683BB 
 202      05544067 
 202      FF8E9360 
 202      005A0CC0 
 203 01de 150D3070 		.ascii	"\025\0150p\361~s\244\350\373\327}BX\365\251\206n\223"
 203      F17E73A4 
 203      E8FBD77D 
 203      4258F5A9 
 203      866E93
 204 01f1 C1333748 		.ascii	"\30137H\323\006z\313X\324\355\353!\254]\315\246\363"
 204      D3067ACB 
 204      58D4EDEB 
 204      21AC5DCD 
 204      A6F3
 205 0203 8BA35F41 		.ascii	"\213\243_A\214\326\035>\2553\340\032\317C\023\336\262"
 205      8CD61D3E 
 205      AD33E01A 
 205      CF4313DE 
 205      B2
 206 0214 FFC083C8 		.ascii	"\377\300\203\310q\313<\321\020\300\323\013\376\243\324"
 206      71CB3CD1 
 206      10C0D30B 
 206      FEA3D4
 207 0223 0878DD10 		.ascii	"\010x\335\020\336\241E\264\202\002\354\0066a7\332=\264"
 207      DEA145B4 
 207      8202EC06 
 207      366137DA 
 207      3DB4
 208 0235 411E5768 		.ascii	"A\036Wh\376\346\346q36M\234Q\310\253\000\355\334\361"
 208      FEE6E671 
 208      33364D9C 
 208      51C8AB00 
 208      EDDCF1
 209 0248 4FB58C37 		.ascii	"O\265\2147\001\272\000\272y\030d\037\351\332u\177\241"
 209      01BA00BA 
 209      7918641F 
 209      E9DA757F 
 209      A1
 210 0259 D657AD00 		.ascii	"\326W\255\0007\200\203\306\357 \202j\007\352\024%BE"
 210      378083C6 
 210      EF20826A 
 210      07EA1425 
 210      4245
 211 026b FC310981 		.ascii	"\3741\011\201M\305!\017\203\220\316q\220\300\036\337"
 211      4DC5210F 
 211      8390CE71 
 211      90C01EDF 
 212 027b A03CAB03 		.ascii	"\240<\253\003\243\035{\247\305L\224\006=0Y\334\036f"
 212      A31D7BA7 
 212      C54C9406 
 212      3D3059DC 
 212      1E66
 213 028d DE74EAC4 		.ascii	"\336t\352\304\3160\374\005\360*l\377\266jz\345F\206"
 213      CE30FC05 
 213      F02A6CFF 
 213      B66A7AE5 
 213      4686
 214 029f D9C3AF00 		.ascii	"\331\303\257\000\267'\2524(\177\003\255\217o\253\204"
 214      B727AA34 
 214      287F03AD 
 214      8F6FAB84 
 215 02af B700EE70 		.ascii	"\267\000\356p6\\\037\374r\263\2353\364\002\374\2562"
 215      365C1FFC 
 215      72B39D33 
 215      F402FCAE 
 215      32
 216 02c0 04EAA267 		.ascii	"\004\352\242g\301\372U\211u\333+\216\0111\023\371\340"
 216      C1FA5589 
 216      75DB2B8E 
 216      093113F9 
 216      E0
 217 02d1 2E4C6044 		.ascii	".L`D\350\303\035=\035!\335w\317\020\325\2475W{\347F"
 217      E8C31D3D 
 217      1D21DD77 
 217      CF10D5A7 
 217      35577BE7 
 218 02e6 1FBB0B84 		.ascii	"\037\273\013\204\342\253I\002\014\374\001\016\"Y\311"
 218      E2AB4902 
 218      0CFC010E 
 218      2259C9
 219 02f5 8855A10A 		.ascii	"\210U\241\0125K\214\212Ld\222\330\000\263\343\207X\212"
 219      354B8C8A 
 219      4C6492D8 
 219      00B3E387 
 219      588A
 220 0307 40E3A344 		.ascii	"@\343\243D\341\273\363\020-\206\011\224\372\303%1\376"
 220      E1BBF310 
 220      2D860994 
 220      FAC32531 
 220      FE
 221 0318 051CA235 		.ascii	"\005\034\2425\346\330\024\305$\355\234\351\017Whe\246"
 221      E6D814C5 
 221      24ED9CE9 
 221      0F576865 
 221      A6
 222 0329 35390547 		.ascii	"59\005G\177x\003H\350\225e\022\242\361\311\037.\016"
 222      7F780348 
 222      E8956512 
 222      A2F1C91F 
 222      2E0E
 223 033b B19A0AB3 		.ascii	"\261\232\012\263\324B\267\315\305\337\214(\331\254\230"
 223      D442B7CD 
 223      C5DF8C28 
 223      D9AC98
 224 034a 468A20CC 		.ascii	"F\212 \314\216\252g\365l)\236\327B\355\341\231\242?"
 224      8EAA67F5 
 224      6C299ED7 
 224      42EDE199 
 224      A23F
 225 035c 3C0A29E2 		.ascii	"<\012)\342\245\330h)6\252\001\302$I\264\306\023\024"
 225      A5D86829 
 225      36AA01C2 
 225      2449B4C6 
 225      1314
 226 036e 21D96C29 		.ascii	"!\331l)TDf\223\320\0006\006\026\233\322\333?K\0041b"
 226      54446693 
 226      D0003606 
 226      169BD2DB 
 226      3F4B0431 
 227 0383 766C3C7E 		.ascii	"vl<~\205\310R\212\274l,pA8\306\224\214W\200x\221\332"
 227      85C8528A 
 227      BC6C2C70 
 227      4138C694 
 227      8C578078 
 228 0399 285BEEC7 		.ascii	"([\356\307\217\013\245\261Xv\223`\261\200\202\267\010"
 228      8F0BA5B1 
 228      58769360 
 228      B18082B7 
 228      08
 229 03aa C77229CB 		.ascii	"\307r)\313&\022\1778\305%\253\011\024\012\206\247h&"
 229      26127F38 
 229      C525AB09 
 229      140A86A7 
 229      6826
 230 03bc 10388079 		.ascii	"\0208\200y\375\010\360?m \374\205\204FQ\3479\022\353"
 230      FD08F03F 
 230      6D20FC85 
 230      844651E7 
 230      3912EB
 231 03cf 0ADA5725 		.ascii	"\012\332W%0\033\274\351\317\032@\343\241\201\000\020"
 231      301BBCE9 
 231      CF1A40E3 
 231      A1810010 
 232 03df 0842F4D5 		.ascii	"\010B\364\325\020rC\203\256#\300\023\210\023\2421\210"
 232      10724383 
 232      AE23C013 
 232      8813A231 
 232      88
 233 03f0 C16CF590 		.ascii	"\301l\365\2204\324\007&\0117(I\220\226\204$\256\365"
 233      34D40726 
 233      09372849 
 233      90968424 
 233      AEF5
 234 0402 55457D79 		.ascii	"UE}y\223x\017\313\246\214\034\331\023\011\323+S\010"
 234      93780FCB 
 234      A68C1CD9 
 234      1309D32B 
 234      5308
 235 0414 B0DD8CB0 		.ascii	"\260\335\214\260\203\354MG\313\200qr\234\272\375\264"
 235      83EC4D47 
 235      CB807172 
 235      9CBAFDB4 
 236 0424 266AFCD1 		.ascii	"&j\374\321\202\315\033\0028x\246\361j\310Y\366\267\321"
 236      82CD1B02 
 236      3878A6F1 
 236      6AC859F6 
 236      B7D1
 237 0436 B60FB4B6 		.ascii	"\266\017\264\266\035\353k\334\004\374\377\010\234\200"
 237      1DEB6BDC 
 237      04FCFF08 
 237      9C80
 238 0444 62F574A3 		.ascii	"b\365t\243\352\211\303?\205\357\302\030\2507\216<\261"
 238      EA89C33F 
 238      85EFC218 
 238      A8378E3C 
 238      B1
 239 0455 EFE52551 		.ascii	"\357\345%Q@*\377\266\036\214\005\3110\037\275\206\324"
 239      402AFFB6 
 239      1E8C05C9 
 239      301FBD86 
 239      D4
 240 0466 1FCA1380 		.ascii	"\037\312\023\200\307\300N\252\222/o9x.j\002\016\236"
 240      C7C04EAA 
 240      922F6F39 
 240      782E6A02 
 240      0E9E
 241 0478 42281251 		.ascii	"B(\022Q\3276\357;;}\026\312\036P\024+<\003x\0040\310"
 241      D736EF3B 
 241      3B7D16CA 
 241      1E50142B 
 241      3C037804 
 242 048e 75E1FF1A 		.ascii	"u\341\377\032\360P\323\366\250|\270\3154\247\272Z\031"
 242      F050D3F6 
 242      A87CB8CD 
 242      34A7BA5A 
 242      19
 243 049f 39D1D551 		.ascii	"9\321\325Q\035\177\260cPQv\360\006C\020\364\353I\022"
 243      1D7FB063 
 243      505176F0 
 243      064310F4 
 243      EB4912
 244 04b2 7C22701F 		.ascii	"|\"p\037\300\017dNe\265R\271\267\306G\025\205q\314_"
 244      C00F644E 
 244      65B552B9 
 244      B7C64715 
 244      8571CC5F 
 245 04c6 3A0646F8 		.ascii	":\006F\370s\000\305ZM\234\375e\325\343O9ymW9~\2636\241"
 245      7300C55A 
 245      4D9CFD65 
 245      D5E34F39 
 245      796D5739 
 246 04de 1413F779 		.ascii	"\024\023\367y\021\344}ax\364\250\036\327\253F\233hP"
 246      11E47D61 
 246      78F4A81E 
 246      D7AB469B 
 246      6850
 247 04f0 73ABA1F9 		.ascii	"s\253\241\3715\"\213U\311\373w\214n\214\232S\215\273"
 247      35228B55 
 247      C9FB778C 
 247      6E8C9A53 
 247      8DBB
 248 0502 59D757D9 		.ascii	"Y\327W\331n>T\247l\011\343\353\360*H\373\012\364\255"
 248      6E3E54A7 
 248      6C09E3EB 
 248      F02A48FB 
 248      0AF4AD
 249 0515 7F76A8FD 		.ascii	"\177v\250\375\353Hco\206\215\275\031\323\362\1770\272"
 249      EB48636F 
 249      868DBD19 
 249      D3F27F30 
 249      BA
 250 0526 FB093300 		.ascii	"\373\0113\000\257\015\200\302\373\233f\333\027&$$\246"
 250      AF0D80C2 
 250      FB9B66DB 
 250      17262424 
 250      A6
 251 0537 7A5CEB65 		.ascii	"z\\\353eOIbv\316\212d[\306\202\2622\307\262E\031\016"
 251      4F496276 
 251      CE8A645B 
 251      C682B232 
 251      C7B24519 
 252 054c 6D3631DB 		.ascii	"m61\333\223\237X\342-J\266\025\362\205\002g\241\303"
 252      939F58E2 
 252      2D4AB615 
 252      F2850267 
 252      A1C3
 253 055e B5415A93 		.ascii	"\265AZ\223\220/\244e~\022\273$)\211\010\245.\2677\331"
 253      902FA465 
 253      7E12BB24 
 253      298908A5 
 253      2EB737D9 
 254 0572 E6F0327B 		.ascii	"\346\3602{\206\235f\331\351r\273)7=\323.\245~\234\347"
 254      869D66D9 
 254      E972BB29 
 254      373DD32E 
 254      A57E9CE7 
 255 0586 C892DD5E 		.ascii	"\310\222\335^O\251c\215\313[P\272\312\221\267\302\351"
 255      4FA9638D 
 255      CB5B50BA 
 255      CA91B7C2 
 255      E9
 256 0597 72BA9D8E 		.ascii	"r\272\235\216\305\205\245\262cQz\266c\251\313S\264\301"
 256      C585A5B2 
 256      63517AB6 
 256      63A9CB53 
 256      B4C1
 257 05a9 E991F374 		.ascii	"\351\221\363t\011yKVd\247g\347\245\312\353]\371r^vN"
 257      09794B56 
 257      64A767E7 
 257      A5CAEB5D 
 257      F9725E76 
 258 05be 5E50525E 		.ascii	"^PR^\272;\277\260T\222\003Z\222mee\011\005\304\222\236"
 258      BA3BBFB0 
 258      5492035A 
 258      926D6565 
 258      0905C492 
 259 05d3 9B9AE6C8 		.ascii	"\233\232\346\310\371|\235\234*\257\026\322\335%^\247"
 259      F97C9D9C 
 259      2AAF16D2 
 259      DD255EA7 
 260 05e3 3B5F36A5 		.ascii	";_6\245\273]^\263].,vJ\021Y\036\271$\337Y({\314\271"
 260      BB5D5EB3 
 260      5D2E2C76 
 260      4A11591E 
 260      B924DF59 
 261 05fb 2EB754BC 		.ascii	".\267T\274a\325\333\350\232\2524\\\322T\245) \321\252"
 261      61D5DBE8 
 261      9AAA345C 
 261      D254A529 
 261      20D1AA
 262 060e 2A2E4257 		.ascii	"*.BW6C\235X\346tK\205\262>eqz\212\326\177(\317+z\177"
 262      36439D58 
 262      E6744B85 
 262      B23E6571 
 262      7A8AD67F 
 263 0627 F53A22E6 		.ascii	"\365:\"\346\027{\274r\331\274\242\005\304\312\003\004"
 263      177BBC72 
 263      D9BCA205 
 263      C4CA0304 
 264 0637 FD13D639 		.ascii	"\375\023\3269=\336\204\371\221\343&\337\341o\331^\247"
 264      3DDE84F9 
 264      91E326DF 
 264      E16FD95E 
 264      A7
 265 0648 B7B44427 		.ascii	"\267\264D'K\377/9e`\361\346e\312\033\026{d\347\332\342"
 265      4BFF2F39 
 265      6560F1E6 
 265      65CA1B16 
 265      7B64E7DA 
 266 065d 526FC9BC 		.ascii	"Ro\311\274\305\305\305^^+\331C>z\333~ \321A\215vy5\326"
 266      C5C5C55E 
 266      5E2BD943 
 266      3E7ADB7E 
 266      20D1418D 
 267 0675 BC601A9F 		.ascii	"\274`\032\237H\223\2759\256\374\265\237\375\177E\307"
 267      4893BD39 
 267      AEFCB59F 
 267      FD7F45C7 
 268 0685 7AFF0369 		.ascii	"z\377\003i$\230|"
 268      24987C
 269              		.text
 270              		.section	.gnu.lto_.symtab.551a60ec,"e",%progbits
 271 0000 48414C5F 		.ascii	"HAL_IWDG_Init\000"
 271      49574447 
 271      5F496E69 
 271      7400
 272 000e 00       		.ascii	"\000"
 273 000f 00       		.ascii	"\000"
 274 0010 00       		.ascii	"\000"
 275 0011 00000000 		.ascii	"\000\000\000\000\000\000\000\000"
 275      00000000 
 276 0019 F8000000 		.ascii	"\370\000\000\000"
 277 001d 48414C5F 		.ascii	"HAL_IWDG_Refresh\000"
 277      49574447 
 277      5F526566 
 277      72657368 
 277      00
 278 002e 00       		.ascii	"\000"
 279 002f 00       		.ascii	"\000"
 280 0030 00       		.ascii	"\000"
 281 0031 00000000 		.ascii	"\000\000\000\000\000\000\000\000"
 281      00000000 
 282 0039 FB000000 		.ascii	"\373\000\000\000"
 283 003d 48414C5F 		.ascii	"HAL_GetTick\000"
 283      47657454 
 283      69636B00 
 284 0049 00       		.ascii	"\000"
 285 004a 02       		.ascii	"\002"
 286 004b 00       		.ascii	"\000"
 287 004c 00000000 		.ascii	"\000\000\000\000\000\000\000\000"
 287      00000000 
 288 0054 FE000000 		.ascii	"\376\000\000\000"
 289              		.text
 290              		.section	.gnu.lto_.ext_symtab.551a60ec,"e",%progbits
 291 0000 01       		.ascii	"\001"
 292 0001 01       		.ascii	"\001"
 293 0002 00       		.ascii	"\000"
 294 0003 01       		.ascii	"\001"
 295 0004 00       		.ascii	"\000"
 296 0005 01       		.ascii	"\001"
 297 0006 00       		.ascii	"\000"
 298              		.text
 299              		.section	.gnu.lto_.opts,"e",%progbits
 300 0000 272D666E 		.ascii	"'-fno-openmp' '-fno-openacc' '-fno-pie' '-fcf-prote"
 300      6F2D6F70 
 300      656E6D70 
 300      2720272D 
 300      666E6F2D 
 301 0033 6374696F 		.ascii	"ction=none' '-mcpu=cortex-m4' '-mthumb' '-mfloat-ab"
 301      6E3D6E6F 
 301      6E652720 
 301      272D6D63 
 301      70753D63 
 302 0066 693D6861 		.ascii	"i=hard' '-mfpu=fpv4-sp-d16' '-mlibarch=armv7e-m+fp'"
 302      72642720 
 302      272D6D66 
 302      70753D66 
 302      7076342D 
 303 0099 20272D6D 		.ascii	" '-march=armv7e-m+fp' '-Os' '-fmessage-length=0' '-"
 303      61726368 
 303      3D61726D 
 303      7637652D 
 303      6D2B6670 
 304 00cc 66736967 		.ascii	"fsigned-char' '-ffunction-sections' '-fdata-section"
 304      6E65642D 
 304      63686172 
 304      2720272D 
 304      6666756E 
 305 00ff 73272027 		.ascii	"s' '-fsingle-precision-constant' '-flto' '-Xassembl"
 305      2D667369 
 305      6E676C65 
 305      2D707265 
 305      63697369 
 306 0132 65722720 		.ascii	"er' '-adhlns=Drivers/STM32L4xx_HAL_Driver/Src/stm32"
 306      272D6164 
 306      686C6E73 
 306      3D447269 
 306      76657273 
 307 0165 6C347878 		.ascii	"l4xx_hal_iwdg.o.lst'\000"
 307      5F68616C 
 307      5F697764 
 307      672E6F2E 
 307      6C737427 
 308              		.text
 309              		.comm	__gnu_lto_slim,1,1
 310              		.ident	"GCC: (GNU Arm Embedded Toolchain 10.3-2021.10) 10.3.1 20210824 (release)"
DEFINED SYMBOLS
                            *ABS*:00000000 stm32l4xx_hal_iwdg.c
                            *COM*:00000001 __gnu_lto_slim

NO UNDEFINED SYMBOLS
