   1              		.cpu cortex-m4
   2              		.arch armv7e-m
   3              		.fpu fpv4-sp-d16
   4              		.eabi_attribute 27, 1
   5              		.eabi_attribute 28, 1
   6              		.eabi_attribute 20, 1
   7              		.eabi_attribute 21, 1
   8              		.eabi_attribute 23, 3
   9              		.eabi_attribute 24, 1
  10              		.eabi_attribute 25, 1
  11              		.eabi_attribute 26, 1
  12              		.eabi_attribute 30, 4
  13              		.eabi_attribute 34, 1
  14              		.eabi_attribute 18, 4
  15              		.file	"stm32l4xx_hal_flash_ramfunc.c"
  16              		.section	.gnu.lto_.profile.551a5499,"e",%progbits
  17 0000 789C6362 		.ascii	"x\234cb\000\001\000\000\022\000\003"
  17      00010000 
  17      120003
  18              		.text
  19              		.section	.gnu.lto_.icf.551a5499,"e",%progbits
  20 0000 789CE365 		.ascii	"x\234\343e@\000&\206\345\233N\257aa\274\266\346a\030"
  20      40002686 
  20      E59B4EAF 
  20      6161BCB6 
  20      E66118
  21 0013 0300266B 		.ascii	"\003\000&k\005\236"
  21      059E
  22              		.text
  23              		.section	.gnu.lto_.ipa_sra.551a5499,"e",%progbits
  24 0000 789CE360 		.ascii	"x\234\343`@\000&\006\006fF\006f\006\000\000\335\000"
  24      40002606 
  24      06664606 
  24      66060000 
  24      DD00
  25 0012 12       		.ascii	"\022"
  26              		.text
  27              		.section	.gnu.lto_.inline.551a5499,"e",%progbits
  28 0000 789C7363 		.ascii	"x\234sc@\000&\006\006\216\206\206\206\003\314\251\214"
  28      40002606 
  28      068E8686 
  28      8603CCA9 
  28      8C
  29 0011 0C4C5C20 		.ascii	"\014L\\ \026S*\003\003\033\220\321\300\224\302\004\222"
  29      16532A03 
  29      031B90D1 
  29      C094C204 
  29      92
  30 0022 666024A8 		.ascii	"f`$\250\202\001\000c\007\017\362"
  30      82010063 
  30      070FF2
  31              		.text
  32              		.section	.gnu.lto_.jmpfuncs.551a5499,"e",%progbits
  33 0000 789CE360 		.ascii	"x\234\343`@\000& f\004b\000\000\310\000\014"
  33      40002620 
  33      66046200 
  33      00C8000C 
  34              		.text
  35              		.section	.gnu.lto_.pureconst.551a5499,"e",%progbits
  36 0000 789C6367 		.ascii	"x\234cg```b\230\305\3028\213\005\000\004\263\001G"
  36      60606062 
  36      98C5C238 
  36      8B050004 
  36      B30147
  37              		.text
  38              		.section	.gnu.lto_.lto.551a5499,"e",%progbits
  39 0000 09000400 		.ascii	"\011\000\004\000\001\000\000\000"
  39      01000000 
  40              		.text
  41              		.section	.gnu.lto_HAL_FLASHEx_EnableRunPowerDown.130.551a5499,"e",%progbits
  42 0000 789C7D90 		.ascii	"x\234}\220=,CQ\024\307\317y\367\371\032\304j0\260H\014"
  42      3D2C4351 
  42      14C7CF79 
  42      F7F91AC4 
  42      6A30B048 
  43 0015 DA6A3B88 		.ascii	"\332j;\210\211F\204\244DRc\223\233\253^\265\361\332"
  43      894684A4 
  43      44526393 
  43      9BAB5EB5 
  43      F1DA
  44 0027 26B7EF61 		.ascii	"&\267\357as\021!\035|\324$)\211j\254\026\264\011\221"
  44      7311211D 
  44      7CD42429 
  44      896AAC16 
  44      B40991
  45 003a B2584C22 		.ascii	"\262XL\"\2612\210\0151\221\020\356}M0\340&\347\346\376"
  45      B132880D 
  45      319110EE 
  45      7D4D30E0 
  45      26E7E6FE 
  46 004e CF3DBFF3 		.ascii	"\317=\277\363\225D\200e\000h\225\206\0040\273\226\321"
  46      95448065 
  46      00689586 
  46      0430BB96 
  46      D1
  47 005f 4008D15D 		.ascii	"@\010\321]\243\341\354Z\346>\267\257\343\001:\016\204"
  47      A3E1EC5A 
  47      E63EB7AF 
  47      E3013A0E 
  47      84
  48 0070 190D6770 		.ascii	"\031\015gp\235\264\225\205xY\270\177*v\356\314/4\026"
  48      9DB49585 
  48      7859B87F 
  48      2A76EECC 
  48      2F3416
  49 0083 08C09624 		.ascii	"\010\300\226$}\350\001\347T;Z\345\223\266wYU\026o\037"
  49      7DE801E7 
  49      543B5AE5 
  49      93B67759 
  49      55166F1F 
  50 0097 2B429C37 		.ascii	"+B\2347\335\346jd\222\002AM]\000+DU\022:\2122\300*\321"
  50      DDE66A64 
  50      9202414D 
  50      5D002B44 
  50      55123A8A 
  51 00af 2A62568A 		.ascii	"*bV\212\007<{.\335u\344\010fI\201h\010_/Q^\022\272T"
  51      073C7B2E 
  51      DD75E408 
  51      66498168 
  51      085F2F51 
  52 00c7 BBAAA7DA 		.ascii	"\273\252\247\332\002!XD<D\360l;R\307\022n\252\342*Z"
  52      02215844 
  52      3C44F06C 
  52      3B52C712 
  52      6EAAE22A 
  53 00dc C7E2C555 		.ascii	"\307\342\305U\263\223\254\366?\344\350'\362\376\372"
  53      B393ACF6 
  53      3FE4E827 
  53      F2FEFA
  54 00eb 78DDA098 		.ascii	"x\335\240\230\343\272<\301\337\260\026\025v\"\0315\337"
  54      E3BA3CC1 
  54      DFB01615 
  54      76221935 
  54      DF
  55 00fc 03CE6717 		.ascii	"\003\316g\0271O\264|\245Ct\206\221\370S\346o\370\264"
  55      314FB47C 
  55      A5437486 
  55      91F853E6 
  55      6FF8B4
  56 010f 024B0A9E 		.ascii	"\002K\012\236q\356fc\261^\241\316\276\324V\360{+\000"
  56      71EE6663 
  56      B15EA1CE 
  56      BED456F0 
  56      7B2B00
  57 0122 03BD5D61 		.ascii	"\003\275]a:l$-n\323\361\270\025\263Gix\220\305Y\222"
  57      3A6C242D 
  57      6ED3F1B8 
  57      15B34769 
  57      7890C559 
  58 0137 D180691B 		.ascii	"\321\200i\033\264g D\373\342<1\305\270\021\016\372}"
  58      B4672044 
  58      FBE23C31 
  58      C5B8110E 
  58      FA7D
  59 0149 DEF62163 		.ascii	"\336\366!c*\300\0156\221\262\255t{ \225\262\314\024"
  59      2AC00D36 
  59      91B2AD74 
  59      7B2095B2 
  59      CC14
  60 015b 1B333804 		.ascii	"\03338\004\\.w/\217O\032<\355\016\215\014\372\274A\377"
  60      5C2E772F 
  60      8F4F1A3C 
  60      ED0E8D0C 
  60      FABC41FF 
  61 016f F434EDEF 		.ascii	"\3644\355\357\011\322\212\327\035\342\021w\332J\370"
  61      09D28AD7 
  61      1DE21177 
  61      DA4AF8
  62 017e BCA6FA88 		.ascii	"\274\246\372\2101\223FM\226\216Q\316\022Q;\031qE\340"
  62      3193464D 
  62      968E51CE 
  62      12513B19 
  62      7145E0
  63 0191 134397A6 		.ascii	"\023C\227\246\364"
  63      F4
  64              		.text
  65              		.section	.gnu.lto_HAL_FLASHEx_DisableRunPowerDown.131.551a5499,"e",%progbits
  66 0000 789C7D90 		.ascii	"x\234}\220M,\003A\024\307\337\333Y\312A\\]$\\$\016Z"
  66      4D2C0341 
  66      14C7DFDB 
  66      59CA415C 
  66      5D245C24 
  67 0016 5A0771A2 		.ascii	"Z\007q\242\021!)\221\324\261\311d\324\322\306\266\225"
  67      11212991 
  67      D4B1C964 
  67      D4D2C6B6 
  67      95
  68 0027 E92E6EA6 		.ascii	"\351.n\246\032!=\240\2258!Q\215\253\213\257\204P\316"
  68      1A213DA0 
  68      95382151 
  68      8DAB8BAF 
  68      8450CE
  69 003a 0E223EAE 		.ascii	"\016\">\256\234\334\020\221 !\265\263Mp\300$o2\377\231"
  69      9CDC1091 
  69      2021B5B3 
  69      4D70C024 
  69      6F32FF99 
  70 004e F7FBBF37 		.ascii	"\367\373\2777o\024\001\346\000\240\316\012$\200\231"
  70      6F1401E6 
  70      00A0CE0A 
  70      248099
  71 005d 744A0121 		.ascii	"tJ\001!D\233C\301D:u\275\272\245\3426\332\027\010\223"
  71      449B43C1 
  71      443A75BD 
  71      BAA5E236 
  71      DA170893 
  72 0071 0A4EE222 		.ascii	"\012N\342\"\251\317\013\361:}w\266\337\262\236\234\256"
  72      A9CF0BF1 
  72      3A7D77B6 
  72      DFB29E9C 
  72      AE
  73 0082 CA118055 		.ascii	"\312\021\200U\213\364`#\330\253\324\326\322\317\212"
  73      8BF46023 
  73      D8ABD4D6 
  73      D2CF8A
  74 0091 CDF392BC 		.ascii	"\315\363\222\274x/\314\013\361R}{\345\260Lr\004\025"
  74      782FCC0B 
  74      F1527D7B 
  74      E5B04C72 
  74      0415
  75 00a3 B901CC13 		.ascii	"\271\001\314\023YI\250(\362\000\013D)\212\204%\356\361"
  75      5949A828 
  75      F2000B44 
  75      298A8425 
  75      EEF1
  76 00b5 E469EFB9 		.ascii	"\344i\357\271i\231`\206\344\210\202\360u\022\371Y\241"
  76      69996086 
  76      E48882F0 
  76      7512F959 
  76      A1
  77 00c6 5A6A43F6 		.ascii	"ZjC\366T\226#\004w\021w\020\032\327l\251\342\036\256"
  77      54962304 
  77      77117710 
  77      1AD76CA9 
  77      E21EAE
  78 00d9 C8E2325B 		.ascii	"\310\3422[\305\335\323\213\032\333\254\354?d\377'\362"
  78      C5DDD38B 
  78      1ADBACEC 
  78      3F64FF27 
  78      F2
  79 00ea F1F6705D 		.ascii	"\361\366p])\231\203\362,\301\337\260Z\231vh1\362\177"
  79      299983F2 
  79      2CC1DFB0 
  79      5A997668 
  79      31F27F
  80 00fd F7985C9A 		.ascii	"\367\230\\\232\301,Q\262\305\016\021\013G\205\202m\360"
  80      C12C51B2 
  80      C50E110B 
  80      4785826D 
  80      F0
  81 010e 98FA1B3F 		.ascii	"\230\372\033?.\342\026\007O8us9S!a{br.\370=\027\200"
  81      2EE21607 
  81      4F387573 
  81      39532161 
  81      7B62722E 
  82 0126 EE8ED600 		.ascii	"\356\216\326\000\355\323\242\0067\351p\330\010\231\003"
  82      EDD3A206 
  82      37E970D8 
  82      089903
  83 0135 34D0C3C2 		.ascii	"4\320\303\302,\312\250W75\332\336\355\247\235a\036\031"
  83      2CCAA857 
  83      3735DADE 
  83      EDA79D61 
  83      1E19
  84 0147 675C0BF8 		.ascii	"g\\\013\370\232=\356\206^m\334\31356\0223\215x\2037"
  84      9A3DEE86 
  84      5E6DDCCB 
  84      35361233 
  84      8D788337 
  85 015b 1633F418 		.ascii	"\0263\364\030\033\3248x\235NW\007\017\217i<\356\362"
  85      1BD43878 
  85      9D4E5707 
  85      0F8F693C 
  85      EEF2
  86 016d F7F778DC 		.ascii	"\367\367x\334\276\346\211\011\332\325\356\243\305[\227"
  86      BEE68909 
  86      DAD5EEA3 
  86      C55B97
  87 017c 9F075D71 		.ascii	"\237\007]q#\342q\353\362!\304t:\244\263x\210r\026\031"
  87      23E271EB 
  87      F221C474 
  87      3AA4B378 
  87      88721619 
  88 0190 32A34167 		.ascii	"2\243Ag\020>\001\345\256\252\021"
  88      103E01E5 
  88      AEAA11
  89              		.text
  90              		.section	.gnu.lto_.symbol_nodes.551a5499,"e",%progbits
  91 0000 789CF361 		.ascii	"x\234\363a\000\002\246&\306z\206\006 `a\234p\216\201"
  91      0002A626 
  91      C67A8606 
  91      2060619C 
  91      708E81
  92 0013 A19E8161 		.ascii	"\241\236\201aWC#\243^Pb\256[i^2\003#\003XQ3c=#!E\014"
  92      574323A3 
  92      5E5062AE 
  92      5B695E32 
  92      03230358 
  93 002f 00268713 		.ascii	"\000&\207\023I"
  93      49
  94              		.text
  95              		.section	.gnu.lto_.refs.551a5499,"e",%progbits
  96 0000 789C6364 		.ascii	"x\234cd\000\002\000\000\012\000\002"
  96      00020000 
  96      0A0002
  97              		.text
  98              		.section	.gnu.lto_.decls.551a5499,"e",%progbits
  99 0000 789CA594 		.ascii	"x\234\245\224\177lSU\024\307\357y\367\321\276\275T;"
  99      7F6C5355 
  99      14C7EF79 
  99      F7D1BEBD 
  99      543B
 100 0012 6104A364 		.ascii	"a\004\243dVC\262&f+\355\026\215\376a\366\243\235,\014"
 100      5643B226 
 100      662BED16 
 100      8DFE61F6 
 100      A39D2C0C 
 101 0026 685EA746 		.ascii	"h^\247F\323\244\226\2767\327\270\265\244k\331\374\357"
 101      D3A496BE 
 101      37D7B8B5 
 101      A46BD9FC 
 101      EF
 102 0037 21841190 		.ascii	"!\204\021\220H0Qd\004'\374#?D\214\312\020\204\225\242"
 102      48305164 
 102      0427FC23 
 102      3F448CCA 
 102      108495A2 
 103 004b 30419029 		.ascii	"0A\220)*\362C\030?\313\3701\224!\203\361\303s_\337\366"
 103      2AF24318 
 103      3FCBF831 
 103      942183F1 
 103      C3735FDF 
 104 0060 BAD59810 		.ascii	"\272\325\230\020o\336\271\367\335{?\367|\3179\357\266"
 104      6FDEB9F7 
 104      DD7B3FF7 
 104      7CCF39EF 
 104      B6
 105 0071 6BCC8414 		.ascii	"k\314\204\024q\204l$\204\334\307Fq\354!F\303-r\010\355"
 105      71846C24 
 105      84DCC746 
 105      71EC2146 
 105      C32D7208 
 106 0086 1792DB3E 		.ascii	"\027\222\333>\006B\306\341x\020\255\010\355\036\332"
 106      0642C6E1 
 106      7810AD08 
 106      ED1EDA
 107 0095 5DB4E3FA 		.ascii	"]\264\343\372\271~\264\353h\240\373\030\3336<\300\371"
 107      B97EB4EB 
 107      68A0FB18 
 107      DB363CC0 
 107      F9
 108 00a6 7FD36FA7 		.ascii	"\177\323o\247\\\317\261yIz\016\010\207\014/\003\300"
 108      5CCFB179 
 108      497A0E08 
 108      870C2F03 
 108      C0
 109 00b7 9167B013 		.ascii	"\221g\260\023\311k\224\024\250\234\312\231d\312\211"
 109      C96B9414 
 109      A89CCA99 
 109      64CA89
 110 00c6 54A4B2D8 		.ascii	"T\244\262\330\015\205\366\001Z.pv\253(|\262\033\362"
 110      0D85F601 
 110      5A2E7076 
 110      AB287CB2 
 110      1BF2
 111 00d8 C57102C7 		.ascii	"\305q\002\307\245\315\262h\277\015\033\271\016\223\255"
 111      A5CDB268 
 111      BF0D1BB9 
 111      0E93AD
 112 00e7 5CE5E577 		.ascii	"\\\345\345w&\246\315*\267lfAi9\366is7\310x\312\313\013"
 112      26A6CD2A 
 112      B76C6641 
 112      6939F669 
 112      7337C878 
 113 00fe F9F89636 		.ascii	"\371\370\2266\213\003\264c\251I>\300-*\202n\020eW\201"
 113      8B03B463 
 113      A9493EC0 
 113      2D2A826E 
 113      10655781 
 114 0112 AAAAE582 		.ascii	"\252\252\345\202PhM\321\024\255&D\0206o\232(\246\315"
 114      50684DD1 
 114      14AD2644 
 114      10366F9A 
 114      28A6CD
 115 0125 56746197 		.ascii	"Vta\227m\371\262\315\332\015\343dY,\260\023\014Bv\271"
 115      6DF9B2CD 
 115      DA0DE364 
 115      592CB013 
 115      0C4276B9 
 116 0139 CA39113D 		.ascii	"\3129\021=\363B7\270(X\\j\357\245I\"\210y\2056;!2\251"
 116      F34237B8 
 116      28585C6A 
 116      EFA54922 
 116      88798536 
 117 0151 E6D02FBD 		.ascii	"\346\320/\275?\334\300\214\232\2621\005\260\213\234"
 117      3FDCC08C 
 117      9AB23105 
 117      B08B9C
 118 0160 8BA3D3D3 		.ascii	"\213\243\323\323\370\3318\316F\210\312\013\026\013\250"
 118      F8D938CE 
 118      4688CA0B 
 118      160BA8
 119 016f 38E405A6 		.ascii	"8\344\005\246\313^\227H\322f\016\267\012xP90N\212&\255"
 119      CB5E9748 
 119      D2660EB7 
 119      0A785039 
 119      304E8A26 
 120 0184 8C5A03F6 		.ascii	"\214Z\003\366\000{2\035a\023\222\255\242\2553\022\353"
 120      007B321D 
 120      611392AD 
 120      A2AD3312 
 120      EB
 121 0195 0A990F30 		.ascii	"\012\231\0170\274:2\350\357\031 \343\207\033\026\200"
 121      BC3A32E8 
 121      EF1920E3 
 121      871B1680 
 122 01a5 6111A2EF 		.ascii	"a\021\242\357f97b\320\343\030\3663\254\223\025\343\010"
 122      66393762 
 122      D0E318F6 
 122      33AC9315 
 122      E308
 123 01b7 83D9EA92 		.ascii	"\203\331\352\222\\\366\031\310\011\334pIF\334\222\254"
 123      5CF619C8 
 123      09DC7049 
 123      46DC92AC 
 124 01c7 C433D766 		.ascii	"\3043\327fi\252m\237x\036\313\246v[\341\341e\345\004"
 124      69AA6D9F 
 124      781ECBA6 
 124      765BE1E1 
 124      65E504
 125 01da E8636439 		.ascii	"\350cd9\205\361 h=\217}\001\330\220\274\361\321g[y\021"
 125      85F12068 
 125      3D8F7D01 
 125      D890BCF1 
 125      D1675B79 
 126 01ef C16B6A72 		.ascii	"\301kjrA\036n}\015\260\225\251lC\001\007t\202\306\347"
 126      411E6E7D 
 126      0DB095A9 
 126      6C430107 
 126      7482C6E7 
 127 0203 697C37A1 		.ascii	"i|7\241\317\241w\323\320\272wW\233\305\307\001\360\301"
 127      CFA177D3 
 127      D0BA7757 
 127      9BC5C701 
 127      F0C1
 128 0215 93693535 		.ascii	"\223i55\217\022(\205\251\004v\000\354\304\203]\000I"
 128      8F122885 
 128      A9047600 
 128      ECC4835D 
 128      0049
 129 0227 785B553B 		.ascii	"x[U;\312p\212\343\035+\216\250\266j\323\272v\313x<\263"
 129      CA708AE3 
 129      1D2B8EA8 
 129      B66AD3BA 
 129      76CB783C 
 130 023c 40555FC7 		.ascii	"@U_\307%\370\006`;S\333\005\232\"\213\375\203\236\305"
 130      25F80660 
 130      3B53DB05 
 130      9A228BFD 
 130      839EC5
 131 024f 87E1C917 		.ascii	"\207\341\311\027\026\012\270\210\323=;N\317\263\360"
 131      160AB888 
 131      D33D3B4E 
 131      CFB3F0
 132 025e 2CB91410 		.ascii	",\271\024\020:\215\021\351\235\251E\024\227\340[\200"
 132      3A8D11E9 
 132      9DA94514 
 132      97E05B80 
 133 026e DDB8E825 		.ascii	"\335\270\350%\016Uk\251\365\350f\217^\022-pN\013<\037"
 133      0E556BA9 
 133      F5E8668F 
 133      5E122D70 
 133      4E0B3C1F 
 134 0282 FBC9701F 		.ascii	"\373\311p\037\264\201y\350\\3\264G\024\222\030\373\242"
 134      B48179E8 
 134      5C33B447 
 134      149218FB 
 134      A2
 135 0293 5349C8C4 		.ascii	"SI\310\304N\340\007\200\275\000\373\001\366\001m\327"
 135      4EE00780 
 135      BD00FB01 
 135      F6016DD7 
 136 02a3 B8BD0B36 		.ascii	"\270\275\0136\354\262\216\341\340\000d\223H-?\360\305"
 136      ECB28EE1 
 136      E0006493 
 136      482D3FF0 
 136      C5
 137 02b4 7CF324D4 		.ascii	"|\363$\324\277\254\252\005p\020\340{\300[\216\016\177"
 137      BFACAA05 
 137      7010E07B 
 137      C05B8E0E 
 137      7F
 138 02c5 C423512D 		.ascii	"\304#Q-\251\323\253\372\273LO\255X\241\016n\337\177"
 138      A9D3ABFA 
 138      BB4C4FAD 
 138      58A10E6E 
 138      DF7F
 139 02d7 F38CA3B7 		.ascii	"\363\214\243\267\255M=\304\"\006\006\301\026\346\016"
 139      AD4D3DC4 
 139      220606C1 
 139      16E60E
 140 02e6 F9EF70BA 		.ascii	"\371\357p\272\005\355+\200/1\257m\334\177\326\343'\030"
 140      05ED2B80 
 140      2F31AF6D 
 140      DC7FD6E3 
 140      2718
 141 02f8 5B8C9FB5 		.ascii	"[\214\237\265\225\317?\354;\233\307\2646\237\230\337"
 141      95CF3FEC 
 141      3B9BC7B4 
 141      369F98DF 
 142 0308 A6E663F9 		.ascii	"\246\346c\371U\236\251\364\350*\207Q\241gDE+\323T\255"
 142      559EA9F4 
 142      E82A8751 
 142      A1674445 
 142      2BD354AD 
 143 031c B7D3A31C 		.ascii	"\267\323\243\034\233\027i\277+\253\366Fh\257\026\305"
 143      9B1769BF 
 143      2BABF646 
 143      68AF16C5 
 144 032c C2E48543 		.ascii	"\302\344\205C\202xJ\277'D\277&p\014\220\301R\034\005"
 144      82784ABF 
 144      2744BF26 
 144      700C90C1 
 144      521C05
 145 033f F81D681F 		.ascii	"\370\035h\037\227qg\243\3279B\357\350\263G)^\017\272"
 145      977167A3 
 145      D73942EF 
 145      E8B34729 
 145      5E0FBA
 146 0352 846666F9 		.ascii	"\204ff\371t\031\316\336C{\037m5\332Z\264\365\372n\231"
 146      7419CEDE 
 146      437B1F6D 
 146      35DA5AB4 
 146      F5FA6E99 
 147 0366 F6BD3A28 		.ascii	"\366\275:(\335DQu\362\312\305K\272,S\2646!3L\351U\325"
 147      DD445175 
 147      F2CAC54B 
 147      BA2C53B4 
 147      3621334C 
 148 037d C1A3ED43 		.ascii	"\301\243\355C\237\212\2530\020\013\034\007\270\0020"
 148      9F8AAB30 
 148      100B1C07 
 148      B80230
 149 038c 0023F7F6 		.ascii	"\000#\367\366W\3269\011b\233\323K1\375\014sq\024\343"
 149      57D63909 
 149      629BD34B 
 149      31FD0C73 
 149      7114E3
 150 039f 202C018D 		.ascii	" ,\001\215\271d0\347G1g\015?W\014\346\314(\246\327`"
 150      B96430E7 
 150      4731670D 
 150      3F570CE6 
 150      CC28A6D7 
 151 03b4 2E1A4C7A 		.ascii	".\032Lz\024\323i0'\015\246/'\036'\311\374,\222<\201"
 151      14D36930 
 151      270DA62F 
 151      271E27C9 
 151      FC2C923C 
 152 03c9 CB0097D8 		.ascii	"\313\000\227\330\372\200v\315\256\003\364\003\374\005"
 152      FA8076CD 
 152      AE03F403 
 152      FC05
 153 03d7 F037C035 		.ascii	"\3607\3005\200\233\000\177\002\334\000\030\002\030\004"
 153      809B007F 
 153      02DC0018 
 153      021804
 154 03e6 B80D700B 		.ascii	"\270\015p\013\340*\273\364L\343\252\241q:7V=\351>\003"
 154      E02ABBF4 
 154      4CE3AAA1 
 154      713A3756 
 154      3DE93E03 
 155 03fa BA901BAC 		.ascii	"\272\220\033\254\016]6\240s\271\225\321\241A\003:9\012"
 155      0E5D36A0 
 155      73B995D1 
 155      A141033A 
 155      390A
 156 040c FA230BBA 		.ascii	"\372#\013\272m@GFA\277eA\267\014\350D.\224)`\277\301"
 156      6D404746 
 156      41BF6541 
 156      B70CE844 
 156      2E942960 
 157 0422 9CCA5573 		.ascii	"\234\312Us\022\272\222gw\365\370\342\256N~\302\330r"
 157      12BA9267 
 157      77F5F8E2 
 157      AE4E7EC2 
 157      D872
 158 0434 C21D78D0 		.ascii	"\302\035x\320\202\262\377\307\216\265]\242%\311\356"
 158      82B2FFC7 
 158      8EB55DA2 
 158      25C9EE
 159 0443 7D478A87 		.ascii	"}G\212\207\273\206\346=FX\202\261\246\271\317*\305M"
 159      BB86E63D 
 159      465882B1 
 159      A6B9CF2A 
 159      C54D
 160 0455 4FD7CF21 		.ascii	"O\327\317!b(\032\213+\255\305Me\244pZEm\240\272\266"
 160      62281A8B 
 160      2BADC54D 
 160      65A4705A 
 160      456DA0BA 
 161 046a C237CDD3 		.ascii	"\3027\315\323\032\360D\202\263\033\025)\021\361F[\224"
 161      1AF04482 
 161      B31B1529 
 161      11F1465B 
 161      94
 162 047b 983BDA12 		.ascii	"\230;\332\022\341C\015\301X^\211\024l\252NDB\304\334"
 162      E1430DC1 
 162      585E8914 
 162      6CAA4E44 
 162      42C4DC
 163 048e AC84E2E1 		.ascii	"\254\204\342\341h\244\242\244\304\341\216\205\347*\261"
 163      68A4A2A4 
 163      C4E18E85 
 163      E72AB1
 164 049d 6687AF6E 		.ascii	"f\207\257nF\251\253\266\254\2655\300\\eV\035\276X\310"
 164      46A9ABB6 
 164      ACB535C0 
 164      5C65561D 
 164      BE58C8
 165 04b0 D11C6F2A 		.ascii	"\321\034o*u5\262\215\206`c\240\2761\330\334\020\210"
 165      7535B28D 
 165      866063A0 
 165      BE31D8DC 
 165      1088
 166 04c2 059BEAD1 		.ascii	"\005\233\352\321QIHxq\346K\266*\247\223<\302N\371\342"
 166      51494878 
 166      71E64BB6 
 166      2AA7933C 
 166      C24EF9E2 
 167 04d6 C178A2B9 		.ascii	"\301x\242\271\356\2559\212[\251\257q?\357\017x\225H"
 167      EEAD398A 
 167      5BA9AF71 
 167      3FEF0F78 
 167      9548
 168 04e8 3C9608BC 		.ascii	"<\226\010\274\021\2167$f\007\3743\202\341`$\030\250"
 168      118E3724 
 168      6607FC33 
 168      82E16024 
 168      18A8
 169 04fa 6C4C2881 		.ascii	"lL(\201\212\032_\240:\034kj\011\306\024\177mY\251\253"
 169      8A1A5FA0 
 169      3A1C6B6A 
 169      09C6147F 
 169      6D59A9AB 
 170 050e 78A6D252 		.ascii	"x\246\322R\031S\202oF\023\361\346\342\312h4\336\030"
 170      1953826F 
 170      4613F1E6 
 170      E2CA6834 
 170      DE18
 171 0520 0DCA4A8C 		.ascii	"\015\312J\214T\376\3570\311\023\331\365q\207\233\307"
 171      54FEEF30 
 171      C913D9F5 
 171      71879BC7 
 172 0530 16C8F48A 		.ascii	"\026\310\364\212\344uVHB\"\034\211\227\272\002q\301"
 172      E4755648 
 172      42221C89 
 172      97BA0271 
 172      C1
 173 0541 5B25CDF2 		.ascii	"[%\315\362:=\222\376\342\223\370Y\336:)O\362\370<\322"
 173      3A3D92FE 
 173      E293F859 
 173      DE3A294F 
 173      F2F83CD2 
 174 0555 CB1EB793 		.ascii	"\313\036\267\223\367TUI\034>>\311\214;\323=\257J<\353"
 174      F7545549 
 174      1C3E3EC9 
 174      8C3BD33D 
 174      AF4A3CEB 
 175 0569 4C5E371B 		.ascii	"L^7\033hE\225\244\371\254\224\344\007\251\203\236\246"
 175      684595A4 
 175      F9AC94E4 
 175      07A9839E 
 175      A6
 176 057a BF6A86AF 		.ascii	"\277j\206\257\306\347w+s\303!\305\357\253\363\217\244"
 176      C6E7772B 
 176      73C321C5 
 176      EFABF38F 
 176      A4
 177 058b EDAF8984 		.ascii	"\355\257\211\204\032\023\2622\234o\251\253\265\265\244"
 177      1A13B232 
 177      9C6FA9AB 
 177      B5B5A4
 178 059a 813CA4E5 		.ascii	"\201<\244\345\026\320K\377\017\201L\327\375"
 178      16D04BFF 
 178      0F814CD7 
 178      FD
 179              		.text
 180              		.section	.gnu.lto_.symtab.551a5499,"e",%progbits
 181 0000 48414C5F 		.ascii	"HAL_FLASHEx_EnableRunPowerDown\000"
 181      464C4153 
 181      4845785F 
 181      456E6162 
 181      6C655275 
 182 001f 00       		.ascii	"\000"
 183 0020 00       		.ascii	"\000"
 184 0021 00       		.ascii	"\000"
 185 0022 00000000 		.ascii	"\000\000\000\000\000\000\000\000"
 185      00000000 
 186 002a D0000000 		.ascii	"\320\000\000\000"
 187 002e 48414C5F 		.ascii	"HAL_FLASHEx_DisableRunPowerDown\000"
 187      464C4153 
 187      4845785F 
 187      44697361 
 187      626C6552 
 188 004e 00       		.ascii	"\000"
 189 004f 00       		.ascii	"\000"
 190 0050 00       		.ascii	"\000"
 191 0051 00000000 		.ascii	"\000\000\000\000\000\000\000\000"
 191      00000000 
 192 0059 D5000000 		.ascii	"\325\000\000\000"
 193              		.text
 194              		.section	.gnu.lto_.ext_symtab.551a5499,"e",%progbits
 195 0000 01       		.ascii	"\001"
 196 0001 01       		.ascii	"\001"
 197 0002 00       		.ascii	"\000"
 198 0003 01       		.ascii	"\001"
 199 0004 00       		.ascii	"\000"
 200              		.text
 201              		.section	.gnu.lto_.opts,"e",%progbits
 202 0000 272D666E 		.ascii	"'-fno-openmp' '-fno-openacc' '-fno-pie' '-fcf-prote"
 202      6F2D6F70 
 202      656E6D70 
 202      2720272D 
 202      666E6F2D 
 203 0033 6374696F 		.ascii	"ction=none' '-mcpu=cortex-m4' '-mthumb' '-mfloat-ab"
 203      6E3D6E6F 
 203      6E652720 
 203      272D6D63 
 203      70753D63 
 204 0066 693D6861 		.ascii	"i=hard' '-mfpu=fpv4-sp-d16' '-mlibarch=armv7e-m+fp'"
 204      72642720 
 204      272D6D66 
 204      70753D66 
 204      7076342D 
 205 0099 20272D6D 		.ascii	" '-march=armv7e-m+fp' '-Os' '-fmessage-length=0' '-"
 205      61726368 
 205      3D61726D 
 205      7637652D 
 205      6D2B6670 
 206 00cc 66736967 		.ascii	"fsigned-char' '-ffunction-sections' '-fdata-section"
 206      6E65642D 
 206      63686172 
 206      2720272D 
 206      6666756E 
 207 00ff 73272027 		.ascii	"s' '-fsingle-precision-constant' '-flto' '-Xassembl"
 207      2D667369 
 207      6E676C65 
 207      2D707265 
 207      63697369 
 208 0132 65722720 		.ascii	"er' '-adhlns=Drivers/STM32L4xx_HAL_Driver/Src/stm32"
 208      272D6164 
 208      686C6E73 
 208      3D447269 
 208      76657273 
 209 0165 6C347878 		.ascii	"l4xx_hal_flash_ramfunc.o.lst'\000"
 209      5F68616C 
 209      5F666C61 
 209      73685F72 
 209      616D6675 
 210              		.text
 211              		.comm	__gnu_lto_slim,1,1
 212              		.ident	"GCC: (GNU Arm Embedded Toolchain 10.3-2021.10) 10.3.1 20210824 (release)"
DEFINED SYMBOLS
                            *ABS*:00000000 stm32l4xx_hal_flash_ramfunc.c
                            *COM*:00000001 __gnu_lto_slim

NO UNDEFINED SYMBOLS
